{"Record": "1", "System": {"EventID": "22", "Version": "5", "Level": "4", "Task": "22", "Opcode": "0", "Keywords": "0x8000000000000000", "TimeCreated": {"SystemTime": "2022-03-09 20:32:13.917768"}, "EventRecordID": "586435", "Correlation": {"ActivityID": "", "RealatedActivityID": ""}, "Execution": {"ProcessID": "4832", "ThreadID": "6988"}, "Channel": "Microsoft-Windows-Sysmon/Operational", "Computer": "MSI", "Security": {"UserID": "S-1-5-18"}}, "Event Data": {"RuleName": "-", "UtcTime": "2022-03-09 20:33:50.476", "ProcessGuid": "{7590a8e8-0baa-6229-7662-000000003000}", "ProcessId": "25392", "QueryName": "2022-03-09 20:33:50.476", "QueryStatus": "{7590a8e8-0baa-6229-7662-000000003000}", "QueryResults": "25392", "Image": "C:\\Program Files\\Google\\Chrome\\Application\\chrome.exe", "User": "MSI\\Annie"}}
{"Record": "2", "System": {"EventID": "11", "Version": "2", "Level": "4", "Task": "11", "Opcode": "0", "Keywords": "0x8000000000000000", "TimeCreated": {"SystemTime": "2022-03-09 20:32:22.876604"}, "EventRecordID": "586436", "Correlation": {"ActivityID": "", "RealatedActivityID": ""}, "Execution": {"ProcessID": "4832", "ThreadID": "6964"}, "Channel": "Microsoft-Windows-Sysmon/Operational", "Computer": "MSI", "Security": {"UserID": "S-1-5-18"}}, "Event Data": {"RuleName": "Downloads", "UtcTime": "2022-03-09 20:32:22.876", "ProcessGuid": "{7590a8e8-0b7d-6229-5962-000000003000}", "ProcessId": "27016", "Image": "C:\\Program Files\\Microsoft Visual Studio\\2022\\Community\\Common7\\IDE\\devenv.exe", "TargetFilename": "C:\\Users\\Annie\\Downloads\\viz-attackhost-master\\viz-attackhost-master\\gov\\sandia\\atomicHost\\evtx\\2tykvvje.1aj~", "CreationUtcTime": "2022-03-09 20:32:22.874", "User": "MSI\\Annie"}}
{"Record": "4", "System": {"EventID": "11", "Version": "2", "Level": "4", "Task": "11", "Opcode": "0", "Keywords": "0x8000000000000000", "TimeCreated": {"SystemTime": "2022-03-09 20:32:22.885689"}, "EventRecordID": "586438", "Correlation": {"ActivityID": "", "RealatedActivityID": ""}, "Execution": {"ProcessID": "4832", "ThreadID": "6964"}, "Channel": "Microsoft-Windows-Sysmon/Operational", "Computer": "MSI", "Security": {"UserID": "S-1-5-18"}}, "Event Data": {"RuleName": "Downloads", "UtcTime": "2022-03-09 20:32:22.885", "ProcessGuid": "{7590a8e8-0b7d-6229-5962-000000003000}", "ProcessId": "27016", "Image": "C:\\Program Files\\Microsoft Visual Studio\\2022\\Community\\Common7\\IDE\\devenv.exe", "TargetFilename": "C:\\Users\\Annie\\Downloads\\viz-attackhost-master\\viz-attackhost-master\\gov\\sandia\\atomicHost\\evtx\\2tykvvje.1aj~:Zone.Identifier", "CreationUtcTime": "2022-03-08 10:04:58.000", "User": "MSI\\Annie"}}
{"Record": "6", "System": {"EventID": "11", "Version": "2", "Level": "4", "Task": "11", "Opcode": "0", "Keywords": "0x8000000000000000", "TimeCreated": {"SystemTime": "2022-03-09 20:32:22.889107"}, "EventRecordID": "586440", "Correlation": {"ActivityID": "", "RealatedActivityID": ""}, "Execution": {"ProcessID": "4832", "ThreadID": "6964"}, "Channel": "Microsoft-Windows-Sysmon/Operational", "Computer": "MSI", "Security": {"UserID": "S-1-5-18"}}, "Event Data": {"RuleName": "Downloads", "UtcTime": "2022-03-09 20:32:22.888", "ProcessGuid": "{7590a8e8-0b7d-6229-5962-000000003000}", "ProcessId": "27016", "Image": "C:\\Program Files\\Microsoft Visual Studio\\2022\\Community\\Common7\\IDE\\devenv.exe", "TargetFilename": "C:\\Users\\Annie\\Downloads\\viz-attackhost-master\\viz-attackhost-master\\gov\\sandia\\atomicHost\\evtx\\evtxfiles.py~RF7431bc43.TMP", "CreationUtcTime": "2022-03-09 20:32:22.887", "User": "MSI\\Annie"}}
{"Record": "7", "System": {"EventID": "11", "Version": "2", "Level": "4", "Task": "11", "Opcode": "0", "Keywords": "0x8000000000000000", "TimeCreated": {"SystemTime": "2022-03-09 20:32:22.939951"}, "EventRecordID": "586441", "Correlation": {"ActivityID": "", "RealatedActivityID": ""}, "Execution": {"ProcessID": "4832", "ThreadID": "6964"}, "Channel": "Microsoft-Windows-Sysmon/Operational", "Computer": "MSI", "Security": {"UserID": "S-1-5-18"}}, "Event Data": {"RuleName": "Downloads", "UtcTime": "2022-03-09 20:32:22.939", "ProcessGuid": "{7590a8e8-0b7d-6229-5962-000000003000}", "ProcessId": "27016", "Image": "C:\\Program Files\\Microsoft Visual Studio\\2022\\Community\\Common7\\IDE\\devenv.exe", "TargetFilename": "C:\\Users\\Annie\\Downloads\\viz-attackhost-master\\viz-attackhost-master\\.vs\\viz-attackhost-master\\v17\\.suo", "CreationUtcTime": "2022-03-09 20:32:22.938", "User": "MSI\\Annie"}}
{"Record": "8", "System": {"EventID": "1", "Version": "5", "Level": "4", "Task": "1", "Opcode": "0", "Keywords": "0x8000000000000000", "TimeCreated": {"SystemTime": "2022-03-09 20:32:24.287123"}, "EventRecordID": "586442", "Correlation": {"ActivityID": "", "RealatedActivityID": ""}, "Execution": {"ProcessID": "4832", "ThreadID": "6964"}, "Channel": "Microsoft-Windows-Sysmon/Operational", "Computer": "MSI", "Security": {"UserID": "S-1-5-18"}}, "Event Data": {"RuleName": "-", "UtcTime": "2022-03-09 20:32:24.282", "ProcessGuid": "{7590a8e8-0ed8-6229-4463-000000003000}", "ProcessId": "2044", "Image": "C:\\Windows\\System32\\cmd.exe", "FileVersion": "10.0.19041.746 (WinBuild.160101.0800)", "Description": "Windows Command Processor", "Product": "Microsoft&#174; Windows&#174; Operating System", "Company": "Microsoft Corporation", "OriginalFileName": "Cmd.Exe", "CommandLine": "\"C:\\Windows\\system32\\cmd.exe\" /c \"C:\\Users\\Annie\\anaconda3\\python.exe C:\\Users\\Annie\\Downloads\\viz-attackhost-master\\viz-attackhost-master\\app.py\" &amp; pause", "CurrentDirectory": "C:\\Users\\Annie\\Downloads\\viz-attackhost-master\\viz-attackhost-master\\", "User": "MSI\\Annie", "LogonGuid": "{7590a8e8-2479-6225-2b24-731900000000}", "LogonId": "0x000000001973242b", "TerminalSessionId": "8", "IntegrityLevel": "Medium", "Hashes": "MD5=8A2122E8162DBEF04694B9C3E0B6CDEE,SHA256=B99D61D874728EDC0918CA0EB10EAB93D381E7367E377406E65963366C874450,IMPHASH=272245E2988E1E430500B852C4FB5E18", "ParentProcessGuid": "{7590a8e8-0b7d-6229-5962-000000003000}", "ParentProcessId": "27016", "ParentImage": "C:\\Program Files\\Microsoft Visual Studio\\2022\\Community\\Common7\\IDE\\devenv.exe", "ParentCommandLine": "\"C:\\Program Files\\Microsoft Visual Studio\\2022\\Community\\Common7\\IDE\\devenv.exe\" ", "ParentUser": "MSI\\Annie"}}
{"Record": "9", "System": {"EventID": "1", "Version": "5", "Level": "4", "Task": "1", "Opcode": "0", "Keywords": "0x8000000000000000", "TimeCreated": {"SystemTime": "2022-03-09 20:32:24.679955"}, "EventRecordID": "586443", "Correlation": {"ActivityID": "", "RealatedActivityID": ""}, "Execution": {"ProcessID": "4832", "ThreadID": "6964"}, "Channel": "Microsoft-Windows-Sysmon/Operational", "Computer": "MSI", "Security": {"UserID": "S-1-5-18"}}, "Event Data": {"RuleName": "-", "UtcTime": "2022-03-09 20:32:24.675", "ProcessGuid": "{7590a8e8-0ed8-6229-4663-000000003000}", "ProcessId": "11340", "Image": "C:\\Users\\Annie\\anaconda3\\python.exe", "FileVersion": "3.9.7", "Description": "Python", "Product": "Python", "Company": "Python Software Foundation", "OriginalFileName": "python.exe", "CommandLine": "C:\\Users\\Annie\\anaconda3\\python.exe  C:\\Users\\Annie\\Downloads\\viz-attackhost-master\\viz-attackhost-master\\app.py ", "CurrentDirectory": "C:\\Users\\Annie\\Downloads\\viz-attackhost-master\\viz-attackhost-master\\", "User": "MSI\\Annie", "LogonGuid": "{7590a8e8-2479-6225-2b24-731900000000}", "LogonId": "0x000000001973242b", "TerminalSessionId": "8", "IntegrityLevel": "Medium", "Hashes": "MD5=47A897993A91B040CBF92ECBD31D01DD,SHA256=A1685CA0F56367B7CA3E8BF1BCBDD3A326F5E8E20C8743BF3108586F0AAFF384,IMPHASH=4BC0A3ABF3DE8784C2872F64590173E9", "ParentProcessGuid": "{7590a8e8-0ed8-6229-4463-000000003000}", "ParentProcessId": "2044", "ParentImage": "C:\\Windows\\System32\\cmd.exe", "ParentCommandLine": "\"C:\\Windows\\system32\\cmd.exe\" /c \"C:\\Users\\Annie\\anaconda3\\python.exe C:\\Users\\Annie\\Downloads\\viz-attackhost-master\\viz-attackhost-master\\app.py\" &amp; pause", "ParentUser": "MSI\\Annie"}}
{"Record": "10", "System": {"EventID": "1", "Version": "5", "Level": "4", "Task": "1", "Opcode": "0", "Keywords": "0x8000000000000000", "TimeCreated": {"SystemTime": "2022-03-09 20:32:25.302557"}, "EventRecordID": "586444", "Correlation": {"ActivityID": "", "RealatedActivityID": ""}, "Execution": {"ProcessID": "4832", "ThreadID": "6964"}, "Channel": "Microsoft-Windows-Sysmon/Operational", "Computer": "MSI", "Security": {"UserID": "S-1-5-18"}}, "Event Data": {"RuleName": "-", "UtcTime": "2022-03-09 20:32:25.298", "ProcessGuid": "{7590a8e8-0ed9-6229-4763-000000003000}", "ProcessId": "27456", "Image": "C:\\Windows\\System32\\cmd.exe", "FileVersion": "10.0.19041.746 (WinBuild.160101.0800)", "Description": "Windows Command Processor", "Product": "Microsoft&#174; Windows&#174; Operating System", "Company": "Microsoft Corporation", "OriginalFileName": "Cmd.Exe", "CommandLine": "C:\\Windows\\system32\\cmd.exe /c \"ver\"", "CurrentDirectory": "C:\\Users\\Annie\\Downloads\\viz-attackhost-master\\viz-attackhost-master\\", "User": "MSI\\Annie", "LogonGuid": "{7590a8e8-2479-6225-2b24-731900000000}", "LogonId": "0x000000001973242b", "TerminalSessionId": "8", "IntegrityLevel": "Medium", "Hashes": "MD5=8A2122E8162DBEF04694B9C3E0B6CDEE,SHA256=B99D61D874728EDC0918CA0EB10EAB93D381E7367E377406E65963366C874450,IMPHASH=272245E2988E1E430500B852C4FB5E18", "ParentProcessGuid": "{7590a8e8-0ed8-6229-4663-000000003000}", "ParentProcessId": "11340", "ParentImage": "C:\\Users\\Annie\\anaconda3\\python.exe", "ParentCommandLine": "C:\\Users\\Annie\\anaconda3\\python.exe  C:\\Users\\Annie\\Downloads\\viz-attackhost-master\\viz-attackhost-master\\app.py ", "ParentUser": "MSI\\Annie"}}
{"Record": "11", "System": {"EventID": "11", "Version": "2", "Level": "4", "Task": "11", "Opcode": "0", "Keywords": "0x8000000000000000", "TimeCreated": {"SystemTime": "2022-03-09 20:32:26.002213"}, "EventRecordID": "586445", "Correlation": {"ActivityID": "", "RealatedActivityID": ""}, "Execution": {"ProcessID": "4832", "ThreadID": "6964"}, "Channel": "Microsoft-Windows-Sysmon/Operational", "Computer": "MSI", "Security": {"UserID": "S-1-5-18"}}, "Event Data": {"RuleName": "Downloads", "UtcTime": "2022-03-09 20:32:26.001", "ProcessGuid": "{7590a8e8-0ed8-6229-4663-000000003000}", "ProcessId": "11340", "Image": "C:\\Users\\Annie\\anaconda3\\python.exe", "TargetFilename": "C:\\Users\\Annie\\Downloads\\viz-attackhost-master\\viz-attackhost-master\\gov\\sandia\\atomicHost\\ah\\__pycache__", "CreationUtcTime": "2022-03-09 20:32:26.000", "User": "MSI\\Annie"}}
{"Record": "12", "System": {"EventID": "11", "Version": "2", "Level": "4", "Task": "11", "Opcode": "0", "Keywords": "0x8000000000000000", "TimeCreated": {"SystemTime": "2022-03-09 20:32:26.003517"}, "EventRecordID": "586446", "Correlation": {"ActivityID": "", "RealatedActivityID": ""}, "Execution": {"ProcessID": "4832", "ThreadID": "6964"}, "Channel": "Microsoft-Windows-Sysmon/Operational", "Computer": "MSI", "Security": {"UserID": "S-1-5-18"}}, "Event Data": {"RuleName": "Downloads", "UtcTime": "2022-03-09 20:32:26.002", "ProcessGuid": "{7590a8e8-0ed8-6229-4663-000000003000}", "ProcessId": "11340", "Image": "C:\\Users\\Annie\\anaconda3\\python.exe", "TargetFilename": "C:\\Users\\Annie\\Downloads\\viz-attackhost-master\\viz-attackhost-master\\gov\\sandia\\atomicHost\\ah\\__pycache__\\controller.cpython-39.pyc.2414607120496", "CreationUtcTime": "2022-03-09 20:32:26.001", "User": "MSI\\Annie"}}
{"Record": "13", "System": {"EventID": "11", "Version": "2", "Level": "4", "Task": "11", "Opcode": "0", "Keywords": "0x8000000000000000", "TimeCreated": {"SystemTime": "2022-03-09 20:32:26.016804"}, "EventRecordID": "586447", "Correlation": {"ActivityID": "", "RealatedActivityID": ""}, "Execution": {"ProcessID": "4832", "ThreadID": "6964"}, "Channel": "Microsoft-Windows-Sysmon/Operational", "Computer": "MSI", "Security": {"UserID": "S-1-5-18"}}, "Event Data": {"RuleName": "Downloads", "UtcTime": "2022-03-09 20:32:26.015", "ProcessGuid": "{7590a8e8-0ed8-6229-4663-000000003000}", "ProcessId": "11340", "Image": "C:\\Users\\Annie\\anaconda3\\python.exe", "TargetFilename": "C:\\Users\\Annie\\Downloads\\viz-attackhost-master\\viz-attackhost-master\\gov\\sandia\\atomicHost\\ah\\discovery\\__pycache__", "CreationUtcTime": "2022-03-09 20:32:26.015", "User": "MSI\\Annie"}}
{"Record": "14", "System": {"EventID": "11", "Version": "2", "Level": "4", "Task": "11", "Opcode": "0", "Keywords": "0x8000000000000000", "TimeCreated": {"SystemTime": "2022-03-09 20:32:26.018364"}, "EventRecordID": "586448", "Correlation": {"ActivityID": "", "RealatedActivityID": ""}, "Execution": {"ProcessID": "4832", "ThreadID": "6964"}, "Channel": "Microsoft-Windows-Sysmon/Operational", "Computer": "MSI", "Security": {"UserID": "S-1-5-18"}}, "Event Data": {"RuleName": "Downloads", "UtcTime": "2022-03-09 20:32:26.017", "ProcessGuid": "{7590a8e8-0ed8-6229-4663-000000003000}", "ProcessId": "11340", "Image": "C:\\Users\\Annie\\anaconda3\\python.exe", "TargetFilename": "C:\\Users\\Annie\\Downloads\\viz-attackhost-master\\viz-attackhost-master\\gov\\sandia\\atomicHost\\ah\\discovery\\__pycache__\\technique.cpython-39.pyc.2414607120112", "CreationUtcTime": "2022-03-09 20:32:26.016", "User": "MSI\\Annie"}}
{"Record": "15", "System": {"EventID": "11", "Version": "2", "Level": "4", "Task": "11", "Opcode": "0", "Keywords": "0x8000000000000000", "TimeCreated": {"SystemTime": "2022-03-09 20:32:26.046440"}, "EventRecordID": "586449", "Correlation": {"ActivityID": "", "RealatedActivityID": ""}, "Execution": {"ProcessID": "4832", "ThreadID": "6964"}, "Channel": "Microsoft-Windows-Sysmon/Operational", "Computer": "MSI", "Security": {"UserID": "S-1-5-18"}}, "Event Data": {"RuleName": "Downloads", "UtcTime": "2022-03-09 20:32:26.045", "ProcessGuid": "{7590a8e8-0ed8-6229-4663-000000003000}", "ProcessId": "11340", "Image": "C:\\Users\\Annie\\anaconda3\\python.exe", "TargetFilename": "C:\\Users\\Annie\\Downloads\\viz-attackhost-master\\viz-attackhost-master\\gov\\sandia\\atomicHost\\evtx\\__pycache__", "CreationUtcTime": "2022-03-09 20:32:26.045", "User": "MSI\\Annie"}}
{"Record": "16", "System": {"EventID": "11", "Version": "2", "Level": "4", "Task": "11", "Opcode": "0", "Keywords": "0x8000000000000000", "TimeCreated": {"SystemTime": "2022-03-09 20:32:26.048023"}, "EventRecordID": "586450", "Correlation": {"ActivityID": "", "RealatedActivityID": ""}, "Execution": {"ProcessID": "4832", "ThreadID": "6964"}, "Channel": "Microsoft-Windows-Sysmon/Operational", "Computer": "MSI", "Security": {"UserID": "S-1-5-18"}}, "Event Data": {"RuleName": "Downloads", "UtcTime": "2022-03-09 20:32:26.047", "ProcessGuid": "{7590a8e8-0ed8-6229-4663-000000003000}", "ProcessId": "11340", "Image": "C:\\Users\\Annie\\anaconda3\\python.exe", "TargetFilename": "C:\\Users\\Annie\\Downloads\\viz-attackhost-master\\viz-attackhost-master\\gov\\sandia\\atomicHost\\evtx\\__pycache__\\evtxfiles.cpython-39.pyc.2414607121072", "CreationUtcTime": "2022-03-09 20:32:26.046", "User": "MSI\\Annie"}}
{"Record": "17", "System": {"EventID": "11", "Version": "2", "Level": "4", "Task": "11", "Opcode": "0", "Keywords": "0x8000000000000000", "TimeCreated": {"SystemTime": "2022-03-09 20:32:26.059391"}, "EventRecordID": "586451", "Correlation": {"ActivityID": "", "RealatedActivityID": ""}, "Execution": {"ProcessID": "4832", "ThreadID": "6964"}, "Channel": "Microsoft-Windows-Sysmon/Operational", "Computer": "MSI", "Security": {"UserID": "S-1-5-18"}}, "Event Data": {"RuleName": "Downloads", "UtcTime": "2022-03-09 20:32:26.058", "ProcessGuid": "{7590a8e8-0ed8-6229-4663-000000003000}", "ProcessId": "11340", "Image": "C:\\Users\\Annie\\anaconda3\\python.exe", "TargetFilename": "C:\\Users\\Annie\\Downloads\\viz-attackhost-master\\viz-attackhost-master\\gov\\sandia\\atomicHost\\evtx\\__pycache__\\jsonTest.cpython-39.pyc.2414607122032", "CreationUtcTime": "2022-03-09 20:32:26.058", "User": "MSI\\Annie"}}
{"Record": "18", "System": {"EventID": "11", "Version": "2", "Level": "4", "Task": "11", "Opcode": "0", "Keywords": "0x8000000000000000", "TimeCreated": {"SystemTime": "2022-03-09 20:32:26.119690"}, "EventRecordID": "586452", "Correlation": {"ActivityID": "", "RealatedActivityID": ""}, "Execution": {"ProcessID": "4832", "ThreadID": "6964"}, "Channel": "Microsoft-Windows-Sysmon/Operational", "Computer": "MSI", "Security": {"UserID": "S-1-5-18"}}, "Event Data": {"RuleName": "Downloads", "UtcTime": "2022-03-09 20:32:26.119", "ProcessGuid": "{7590a8e8-0ed8-6229-4663-000000003000}", "ProcessId": "11340", "Image": "C:\\Users\\Annie\\anaconda3\\python.exe", "TargetFilename": "C:\\Users\\Annie\\Downloads\\viz-attackhost-master\\viz-attackhost-master\\gov\\sandia\\atomicHost\\util\\__pycache__", "CreationUtcTime": "2022-03-09 20:32:26.117", "User": "MSI\\Annie"}}
{"Record": "19", "System": {"EventID": "11", "Version": "2", "Level": "4", "Task": "11", "Opcode": "0", "Keywords": "0x8000000000000000", "TimeCreated": {"SystemTime": "2022-03-09 20:32:26.121794"}, "EventRecordID": "586453", "Correlation": {"ActivityID": "", "RealatedActivityID": ""}, "Execution": {"ProcessID": "4832", "ThreadID": "6964"}, "Channel": "Microsoft-Windows-Sysmon/Operational", "Computer": "MSI", "Security": {"UserID": "S-1-5-18"}}, "Event Data": {"RuleName": "Downloads", "UtcTime": "2022-03-09 20:32:26.120", "ProcessGuid": "{7590a8e8-0ed8-6229-4663-000000003000}", "ProcessId": "11340", "Image": "C:\\Users\\Annie\\anaconda3\\python.exe", "TargetFilename": "C:\\Users\\Annie\\Downloads\\viz-attackhost-master\\viz-attackhost-master\\gov\\sandia\\atomicHost\\util\\__pycache__\\printing.cpython-39.pyc.2414607967024", "CreationUtcTime": "2022-03-09 20:32:26.119", "User": "MSI\\Annie"}}
{"Record": "20", "System": {"EventID": "11", "Version": "2", "Level": "4", "Task": "11", "Opcode": "0", "Keywords": "0x8000000000000000", "TimeCreated": {"SystemTime": "2022-03-09 20:32:26.139126"}, "EventRecordID": "586454", "Correlation": {"ActivityID": "", "RealatedActivityID": ""}, "Execution": {"ProcessID": "4832", "ThreadID": "6964"}, "Channel": "Microsoft-Windows-Sysmon/Operational", "Computer": "MSI", "Security": {"UserID": "S-1-5-18"}}, "Event Data": {"RuleName": "Downloads", "UtcTime": "2022-03-09 20:32:26.137", "ProcessGuid": "{7590a8e8-0ed8-6229-4663-000000003000}", "ProcessId": "11340", "Image": "C:\\Users\\Annie\\anaconda3\\python.exe", "TargetFilename": "C:\\Users\\Annie\\Downloads\\viz-attackhost-master\\viz-attackhost-master\\gov\\sandia\\usersimulator\\controller\\guicontoller\\__pycache__", "CreationUtcTime": "2022-03-09 20:32:26.136", "User": "MSI\\Annie"}}
{"Record": "21", "System": {"EventID": "11", "Version": "2", "Level": "4", "Task": "11", "Opcode": "0", "Keywords": "0x8000000000000000", "TimeCreated": {"SystemTime": "2022-03-09 20:32:26.140293"}, "EventRecordID": "586455", "Correlation": {"ActivityID": "", "RealatedActivityID": ""}, "Execution": {"ProcessID": "4832", "ThreadID": "6964"}, "Channel": "Microsoft-Windows-Sysmon/Operational", "Computer": "MSI", "Security": {"UserID": "S-1-5-18"}}, "Event Data": {"RuleName": "Downloads", "UtcTime": "2022-03-09 20:32:26.139", "ProcessGuid": "{7590a8e8-0ed8-6229-4663-000000003000}", "ProcessId": "11340", "Image": "C:\\Users\\Annie\\anaconda3\\python.exe", "TargetFilename": "C:\\Users\\Annie\\Downloads\\viz-attackhost-master\\viz-attackhost-master\\gov\\sandia\\usersimulator\\controller\\guicontoller\\__pycache__\\web.cpython-39.pyc.2414607335120", "CreationUtcTime": "2022-03-09 20:32:26.138", "User": "MSI\\Annie"}}
{"Record": "22", "System": {"EventID": "11", "Version": "2", "Level": "4", "Task": "11", "Opcode": "0", "Keywords": "0x8000000000000000", "TimeCreated": {"SystemTime": "2022-03-09 20:32:26.150633"}, "EventRecordID": "586456", "Correlation": {"ActivityID": "", "RealatedActivityID": ""}, "Execution": {"ProcessID": "4832", "ThreadID": "6964"}, "Channel": "Microsoft-Windows-Sysmon/Operational", "Computer": "MSI", "Security": {"UserID": "S-1-5-18"}}, "Event Data": {"RuleName": "Downloads", "UtcTime": "2022-03-09 20:32:26.149", "ProcessGuid": "{7590a8e8-0ed8-6229-4663-000000003000}", "ProcessId": "11340", "Image": "C:\\Users\\Annie\\anaconda3\\python.exe", "TargetFilename": "C:\\Users\\Annie\\Downloads\\viz-attackhost-master\\viz-attackhost-master\\gov\\sandia\\usersimulator\\controller\\guicontoller\\__pycache__\\microsoft.cpython-39.pyc.2414607847472", "CreationUtcTime": "2022-03-09 20:32:26.147", "User": "MSI\\Annie"}}
{"Record": "23", "System": {"EventID": "11", "Version": "2", "Level": "4", "Task": "11", "Opcode": "0", "Keywords": "0x8000000000000000", "TimeCreated": {"SystemTime": "2022-03-09 20:32:26.161810"}, "EventRecordID": "586457", "Correlation": {"ActivityID": "", "RealatedActivityID": ""}, "Execution": {"ProcessID": "4832", "ThreadID": "6964"}, "Channel": "Microsoft-Windows-Sysmon/Operational", "Computer": "MSI", "Security": {"UserID": "S-1-5-18"}}, "Event Data": {"RuleName": "Downloads", "UtcTime": "2022-03-09 20:32:26.161", "ProcessGuid": "{7590a8e8-0ed8-6229-4663-000000003000}", "ProcessId": "11340", "Image": "C:\\Users\\Annie\\anaconda3\\python.exe", "TargetFilename": "C:\\Users\\Annie\\Downloads\\viz-attackhost-master\\viz-attackhost-master\\gov\\sandia\\usersimulator\\controller\\guicontoller\\__pycache__\\mounts.cpython-39.pyc.2414607848512", "CreationUtcTime": "2022-03-09 20:32:26.159", "User": "MSI\\Annie"}}
{"Record": "24", "System": {"EventID": "11", "Version": "2", "Level": "4", "Task": "11", "Opcode": "0", "Keywords": "0x8000000000000000", "TimeCreated": {"SystemTime": "2022-03-09 20:32:26.171394"}, "EventRecordID": "586458", "Correlation": {"ActivityID": "", "RealatedActivityID": ""}, "Execution": {"ProcessID": "4832", "ThreadID": "6964"}, "Channel": "Microsoft-Windows-Sysmon/Operational", "Computer": "MSI", "Security": {"UserID": "S-1-5-18"}}, "Event Data": {"RuleName": "Downloads", "UtcTime": "2022-03-09 20:32:26.170", "ProcessGuid": "{7590a8e8-0ed8-6229-4663-000000003000}", "ProcessId": "11340", "Image": "C:\\Users\\Annie\\anaconda3\\python.exe", "TargetFilename": "C:\\Users\\Annie\\Downloads\\viz-attackhost-master\\viz-attackhost-master\\gov\\sandia\\atomicHost\\etc\\__pycache__", "CreationUtcTime": "2022-03-09 20:32:26.169", "User": "MSI\\Annie"}}
{"Record": "25", "System": {"EventID": "11", "Version": "2", "Level": "4", "Task": "11", "Opcode": "0", "Keywords": "0x8000000000000000", "TimeCreated": {"SystemTime": "2022-03-09 20:32:26.173330"}, "EventRecordID": "586459", "Correlation": {"ActivityID": "", "RealatedActivityID": ""}, "Execution": {"ProcessID": "4832", "ThreadID": "6964"}, "Channel": "Microsoft-Windows-Sysmon/Operational", "Computer": "MSI", "Security": {"UserID": "S-1-5-18"}}, "Event Data": {"RuleName": "Downloads", "UtcTime": "2022-03-09 20:32:26.172", "ProcessGuid": "{7590a8e8-0ed8-6229-4663-000000003000}", "ProcessId": "11340", "Image": "C:\\Users\\Annie\\anaconda3\\python.exe", "TargetFilename": "C:\\Users\\Annie\\Downloads\\viz-attackhost-master\\viz-attackhost-master\\gov\\sandia\\atomicHost\\etc\\__pycache__\\__init__.cpython-39.pyc.2414607967600", "CreationUtcTime": "2022-03-09 20:32:26.171", "User": "MSI\\Annie"}}
{"Record": "26", "System": {"EventID": "11", "Version": "2", "Level": "4", "Task": "11", "Opcode": "0", "Keywords": "0x8000000000000000", "TimeCreated": {"SystemTime": "2022-03-09 20:32:26.184217"}, "EventRecordID": "586460", "Correlation": {"ActivityID": "", "RealatedActivityID": ""}, "Execution": {"ProcessID": "4832", "ThreadID": "6964"}, "Channel": "Microsoft-Windows-Sysmon/Operational", "Computer": "MSI", "Security": {"UserID": "S-1-5-18"}}, "Event Data": {"RuleName": "Downloads", "UtcTime": "2022-03-09 20:32:26.183", "ProcessGuid": "{7590a8e8-0ed8-6229-4663-000000003000}", "ProcessId": "11340", "Image": "C:\\Users\\Annie\\anaconda3\\python.exe", "TargetFilename": "C:\\Users\\Annie\\Downloads\\viz-attackhost-master\\viz-attackhost-master\\gov\\sandia\\atomicHost\\etc\\configuration\\__pycache__", "CreationUtcTime": "2022-03-09 20:32:26.182", "User": "MSI\\Annie"}}
{"Record": "27", "System": {"EventID": "11", "Version": "2", "Level": "4", "Task": "11", "Opcode": "0", "Keywords": "0x8000000000000000", "TimeCreated": {"SystemTime": "2022-03-09 20:32:26.185968"}, "EventRecordID": "586461", "Correlation": {"ActivityID": "", "RealatedActivityID": ""}, "Execution": {"ProcessID": "4832", "ThreadID": "6964"}, "Channel": "Microsoft-Windows-Sysmon/Operational", "Computer": "MSI", "Security": {"UserID": "S-1-5-18"}}, "Event Data": {"RuleName": "Downloads", "UtcTime": "2022-03-09 20:32:26.184", "ProcessGuid": "{7590a8e8-0ed8-6229-4663-000000003000}", "ProcessId": "11340", "Image": "C:\\Users\\Annie\\anaconda3\\python.exe", "TargetFilename": "C:\\Users\\Annie\\Downloads\\viz-attackhost-master\\viz-attackhost-master\\gov\\sandia\\atomicHost\\etc\\configuration\\__pycache__\\__init__.cpython-39.pyc.2414607848512", "CreationUtcTime": "2022-03-09 20:32:26.183", "User": "MSI\\Annie"}}
{"Record": "28", "System": {"EventID": "11", "Version": "2", "Level": "4", "Task": "11", "Opcode": "0", "Keywords": "0x8000000000000000", "TimeCreated": {"SystemTime": "2022-03-09 20:32:26.198063"}, "EventRecordID": "586462", "Correlation": {"ActivityID": "", "RealatedActivityID": ""}, "Execution": {"ProcessID": "4832", "ThreadID": "6964"}, "Channel": "Microsoft-Windows-Sysmon/Operational", "Computer": "MSI", "Security": {"UserID": "S-1-5-18"}}, "Event Data": {"RuleName": "Downloads", "UtcTime": "2022-03-09 20:32:26.197", "ProcessGuid": "{7590a8e8-0ed8-6229-4663-000000003000}", "ProcessId": "11340", "Image": "C:\\Users\\Annie\\anaconda3\\python.exe", "TargetFilename": "C:\\Users\\Annie\\Downloads\\viz-attackhost-master\\viz-attackhost-master\\gov\\sandia\\atomicHost\\etc\\configuration\\__pycache__\\attackHostDirs.cpython-39.pyc.2414607849552", "CreationUtcTime": "2022-03-09 20:32:26.196", "User": "MSI\\Annie"}}
{"Record": "29", "System": {"EventID": "11", "Version": "2", "Level": "4", "Task": "11", "Opcode": "0", "Keywords": "0x8000000000000000", "TimeCreated": {"SystemTime": "2022-03-09 20:32:26.206932"}, "EventRecordID": "586463", "Correlation": {"ActivityID": "", "RealatedActivityID": ""}, "Execution": {"ProcessID": "4832", "ThreadID": "6964"}, "Channel": "Microsoft-Windows-Sysmon/Operational", "Computer": "MSI", "Security": {"UserID": "S-1-5-18"}}, "Event Data": {"RuleName": "Downloads", "UtcTime": "2022-03-09 20:32:26.206", "ProcessGuid": "{7590a8e8-0ed8-6229-4663-000000003000}", "ProcessId": "11340", "Image": "C:\\Users\\Annie\\anaconda3\\python.exe", "TargetFilename": "C:\\Users\\Annie\\Downloads\\viz-attackhost-master\\viz-attackhost-master\\gov\\sandia\\atomicHost\\filesystem\\__pycache__", "CreationUtcTime": "2022-03-09 20:32:26.205", "User": "MSI\\Annie"}}
{"Record": "30", "System": {"EventID": "11", "Version": "2", "Level": "4", "Task": "11", "Opcode": "0", "Keywords": "0x8000000000000000", "TimeCreated": {"SystemTime": "2022-03-09 20:32:26.208479"}, "EventRecordID": "586464", "Correlation": {"ActivityID": "", "RealatedActivityID": ""}, "Execution": {"ProcessID": "4832", "ThreadID": "6964"}, "Channel": "Microsoft-Windows-Sysmon/Operational", "Computer": "MSI", "Security": {"UserID": "S-1-5-18"}}, "Event Data": {"RuleName": "Downloads", "UtcTime": "2022-03-09 20:32:26.207", "ProcessGuid": "{7590a8e8-0ed8-6229-4663-000000003000}", "ProcessId": "11340", "Image": "C:\\Users\\Annie\\anaconda3\\python.exe", "TargetFilename": "C:\\Users\\Annie\\Downloads\\viz-attackhost-master\\viz-attackhost-master\\gov\\sandia\\atomicHost\\filesystem\\__pycache__\\__init__.cpython-39.pyc.2414607967216", "CreationUtcTime": "2022-03-09 20:32:26.207", "User": "MSI\\Annie"}}
{"Record": "31", "System": {"EventID": "11", "Version": "2", "Level": "4", "Task": "11", "Opcode": "0", "Keywords": "0x8000000000000000", "TimeCreated": {"SystemTime": "2022-03-09 20:32:26.213428"}, "EventRecordID": "586465", "Correlation": {"ActivityID": "", "RealatedActivityID": ""}, "Execution": {"ProcessID": "4832", "ThreadID": "6964"}, "Channel": "Microsoft-Windows-Sysmon/Operational", "Computer": "MSI", "Security": {"UserID": "S-1-5-18"}}, "Event Data": {"RuleName": "Downloads", "UtcTime": "2022-03-09 20:32:26.213", "ProcessGuid": "{7590a8e8-0b7d-6229-5962-000000003000}", "ProcessId": "27016", "Image": "C:\\Program Files\\Microsoft Visual Studio\\2022\\Community\\Common7\\IDE\\devenv.exe", "TargetFilename": "C:\\Users\\Annie\\Downloads\\viz-attackhost-master\\viz-attackhost-master\\.vs\\slnx.sqlite-journal", "CreationUtcTime": "2022-03-09 20:32:26.212", "User": "MSI\\Annie"}}
{"Record": "32", "System": {"EventID": "11", "Version": "2", "Level": "4", "Task": "11", "Opcode": "0", "Keywords": "0x8000000000000000", "TimeCreated": {"SystemTime": "2022-03-09 20:32:26.219290"}, "EventRecordID": "586466", "Correlation": {"ActivityID": "", "RealatedActivityID": ""}, "Execution": {"ProcessID": "4832", "ThreadID": "6964"}, "Channel": "Microsoft-Windows-Sysmon/Operational", "Computer": "MSI", "Security": {"UserID": "S-1-5-18"}}, "Event Data": {"RuleName": "Downloads", "UtcTime": "2022-03-09 20:32:26.218", "ProcessGuid": "{7590a8e8-0ed8-6229-4663-000000003000}", "ProcessId": "11340", "Image": "C:\\Users\\Annie\\anaconda3\\python.exe", "TargetFilename": "C:\\Users\\Annie\\Downloads\\viz-attackhost-master\\viz-attackhost-master\\gov\\sandia\\atomicHost\\filesystem\\__pycache__\\directories.cpython-39.pyc.2414607967792", "CreationUtcTime": "2022-03-09 20:32:26.216", "User": "MSI\\Annie"}}
{"Record": "33", "System": {"EventID": "11", "Version": "2", "Level": "4", "Task": "11", "Opcode": "0", "Keywords": "0x8000000000000000", "TimeCreated": {"SystemTime": "2022-03-09 20:32:26.229527"}, "EventRecordID": "586467", "Correlation": {"ActivityID": "", "RealatedActivityID": ""}, "Execution": {"ProcessID": "4832", "ThreadID": "6964"}, "Channel": "Microsoft-Windows-Sysmon/Operational", "Computer": "MSI", "Security": {"UserID": "S-1-5-18"}}, "Event Data": {"RuleName": "Downloads", "UtcTime": "2022-03-09 20:32:26.228", "ProcessGuid": "{7590a8e8-0b7d-6229-5962-000000003000}", "ProcessId": "27016", "Image": "C:\\Program Files\\Microsoft Visual Studio\\2022\\Community\\Common7\\IDE\\devenv.exe", "TargetFilename": "C:\\Users\\Annie\\Downloads\\viz-attackhost-master\\viz-attackhost-master\\.vs\\slnx.sqlite-journal", "CreationUtcTime": "2022-03-09 20:32:26.212", "User": "MSI\\Annie"}}
{"Record": "34", "System": {"EventID": "11", "Version": "2", "Level": "4", "Task": "11", "Opcode": "0", "Keywords": "0x8000000000000000", "TimeCreated": {"SystemTime": "2022-03-09 20:32:26.229738"}, "EventRecordID": "586468", "Correlation": {"ActivityID": "", "RealatedActivityID": ""}, "Execution": {"ProcessID": "4832", "ThreadID": "6964"}, "Channel": "Microsoft-Windows-Sysmon/Operational", "Computer": "MSI", "Security": {"UserID": "S-1-5-18"}}, "Event Data": {"RuleName": "Downloads", "UtcTime": "2022-03-09 20:32:26.229", "ProcessGuid": "{7590a8e8-0ed8-6229-4663-000000003000}", "ProcessId": "11340", "Image": "C:\\Users\\Annie\\anaconda3\\python.exe", "TargetFilename": "C:\\Users\\Annie\\Downloads\\viz-attackhost-master\\viz-attackhost-master\\gov\\sandia\\atomicHost\\filesystem\\conventions\\__pycache__", "CreationUtcTime": "2022-03-09 20:32:26.228", "User": "MSI\\Annie"}}
{"Record": "35", "System": {"EventID": "11", "Version": "2", "Level": "4", "Task": "11", "Opcode": "0", "Keywords": "0x8000000000000000", "TimeCreated": {"SystemTime": "2022-03-09 20:32:26.231552"}, "EventRecordID": "586469", "Correlation": {"ActivityID": "", "RealatedActivityID": ""}, "Execution": {"ProcessID": "4832", "ThreadID": "6964"}, "Channel": "Microsoft-Windows-Sysmon/Operational", "Computer": "MSI", "Security": {"UserID": "S-1-5-18"}}, "Event Data": {"RuleName": "Downloads", "UtcTime": "2022-03-09 20:32:26.231", "ProcessGuid": "{7590a8e8-0ed8-6229-4663-000000003000}", "ProcessId": "11340", "Image": "C:\\Users\\Annie\\anaconda3\\python.exe", "TargetFilename": "C:\\Users\\Annie\\Downloads\\viz-attackhost-master\\viz-attackhost-master\\gov\\sandia\\atomicHost\\filesystem\\conventions\\__pycache__\\__init__.cpython-39.pyc.2414607850176", "CreationUtcTime": "2022-03-09 20:32:26.230", "User": "MSI\\Annie"}}
{"Record": "36", "System": {"EventID": "11", "Version": "2", "Level": "4", "Task": "11", "Opcode": "0", "Keywords": "0x8000000000000000", "TimeCreated": {"SystemTime": "2022-03-09 20:32:26.243160"}, "EventRecordID": "586470", "Correlation": {"ActivityID": "", "RealatedActivityID": ""}, "Execution": {"ProcessID": "4832", "ThreadID": "6964"}, "Channel": "Microsoft-Windows-Sysmon/Operational", "Computer": "MSI", "Security": {"UserID": "S-1-5-18"}}, "Event Data": {"RuleName": "Downloads", "UtcTime": "2022-03-09 20:32:26.242", "ProcessGuid": "{7590a8e8-0b7d-6229-5962-000000003000}", "ProcessId": "27016", "Image": "C:\\Program Files\\Microsoft Visual Studio\\2022\\Community\\Common7\\IDE\\devenv.exe", "TargetFilename": "C:\\Users\\Annie\\Downloads\\viz-attackhost-master\\viz-attackhost-master\\.vs\\slnx.sqlite-journal", "CreationUtcTime": "2022-03-09 20:32:26.212", "User": "MSI\\Annie"}}
{"Record": "37", "System": {"EventID": "11", "Version": "2", "Level": "4", "Task": "11", "Opcode": "0", "Keywords": "0x8000000000000000", "TimeCreated": {"SystemTime": "2022-03-09 20:32:26.243610"}, "EventRecordID": "586471", "Correlation": {"ActivityID": "", "RealatedActivityID": ""}, "Execution": {"ProcessID": "4832", "ThreadID": "6964"}, "Channel": "Microsoft-Windows-Sysmon/Operational", "Computer": "MSI", "Security": {"UserID": "S-1-5-18"}}, "Event Data": {"RuleName": "Downloads", "UtcTime": "2022-03-09 20:32:26.243", "ProcessGuid": "{7590a8e8-0ed8-6229-4663-000000003000}", "ProcessId": "11340", "Image": "C:\\Users\\Annie\\anaconda3\\python.exe", "TargetFilename": "C:\\Users\\Annie\\Downloads\\viz-attackhost-master\\viz-attackhost-master\\gov\\sandia\\atomicHost\\filesystem\\conventions\\__pycache__\\normPaths.cpython-39.pyc.2414607850384", "CreationUtcTime": "2022-03-09 20:32:26.242", "User": "MSI\\Annie"}}
{"Record": "38", "System": {"EventID": "1", "Version": "5", "Level": "4", "Task": "1", "Opcode": "0", "Keywords": "0x8000000000000000", "TimeCreated": {"SystemTime": "2022-03-09 20:32:26.433432"}, "EventRecordID": "586472", "Correlation": {"ActivityID": "", "RealatedActivityID": ""}, "Execution": {"ProcessID": "4832", "ThreadID": "6964"}, "Channel": "Microsoft-Windows-Sysmon/Operational", "Computer": "MSI", "Security": {"UserID": "S-1-5-18"}}, "Event Data": {"RuleName": "-", "UtcTime": "2022-03-09 20:32:26.426", "ProcessGuid": "{7590a8e8-0eda-6229-4863-000000003000}", "ProcessId": "15608", "Image": "C:\\Users\\Annie\\anaconda3\\python.exe", "FileVersion": "3.9.7", "Description": "Python", "Product": "Python", "Company": "Python Software Foundation", "OriginalFileName": "python.exe", "CommandLine": "C:\\Users\\Annie\\anaconda3\\python.exe C:\\Users\\Annie\\Downloads\\viz-attackhost-master\\viz-attackhost-master\\app.py", "CurrentDirectory": "C:\\Users\\Annie\\Downloads\\viz-attackhost-master\\viz-attackhost-master\\", "User": "MSI\\Annie", "LogonGuid": "{7590a8e8-2479-6225-2b24-731900000000}", "LogonId": "0x000000001973242b", "TerminalSessionId": "8", "IntegrityLevel": "Medium", "Hashes": "MD5=47A897993A91B040CBF92ECBD31D01DD,SHA256=A1685CA0F56367B7CA3E8BF1BCBDD3A326F5E8E20C8743BF3108586F0AAFF384,IMPHASH=4BC0A3ABF3DE8784C2872F64590173E9", "ParentProcessGuid": "{7590a8e8-0ed8-6229-4663-000000003000}", "ParentProcessId": "11340", "ParentImage": "C:\\Users\\Annie\\anaconda3\\python.exe", "ParentCommandLine": "C:\\Users\\Annie\\anaconda3\\python.exe  C:\\Users\\Annie\\Downloads\\viz-attackhost-master\\viz-attackhost-master\\app.py ", "ParentUser": "MSI\\Annie"}}
{"Record": "39", "System": {"EventID": "1", "Version": "5", "Level": "4", "Task": "1", "Opcode": "0", "Keywords": "0x8000000000000000", "TimeCreated": {"SystemTime": "2022-03-09 20:32:27.137638"}, "EventRecordID": "586473", "Correlation": {"ActivityID": "", "RealatedActivityID": ""}, "Execution": {"ProcessID": "4832", "ThreadID": "6964"}, "Channel": "Microsoft-Windows-Sysmon/Operational", "Computer": "MSI", "Security": {"UserID": "S-1-5-18"}}, "Event Data": {"RuleName": "-", "UtcTime": "2022-03-09 20:32:27.133", "ProcessGuid": "{7590a8e8-0edb-6229-4963-000000003000}", "ProcessId": "31008", "Image": "C:\\Windows\\System32\\cmd.exe", "FileVersion": "10.0.19041.746 (WinBuild.160101.0800)", "Description": "Windows Command Processor", "Product": "Microsoft&#174; Windows&#174; Operating System", "Company": "Microsoft Corporation", "OriginalFileName": "Cmd.Exe", "CommandLine": "C:\\Windows\\system32\\cmd.exe /c \"ver\"", "CurrentDirectory": "C:\\Users\\Annie\\Downloads\\viz-attackhost-master\\viz-attackhost-master\\", "User": "MSI\\Annie", "LogonGuid": "{7590a8e8-2479-6225-2b24-731900000000}", "LogonId": "0x000000001973242b", "TerminalSessionId": "8", "IntegrityLevel": "Medium", "Hashes": "MD5=8A2122E8162DBEF04694B9C3E0B6CDEE,SHA256=B99D61D874728EDC0918CA0EB10EAB93D381E7367E377406E65963366C874450,IMPHASH=272245E2988E1E430500B852C4FB5E18", "ParentProcessGuid": "{7590a8e8-0eda-6229-4863-000000003000}", "ParentProcessId": "15608", "ParentImage": "C:\\Users\\Annie\\anaconda3\\python.exe", "ParentCommandLine": "C:\\Users\\Annie\\anaconda3\\python.exe C:\\Users\\Annie\\Downloads\\viz-attackhost-master\\viz-attackhost-master\\app.py", "ParentUser": "MSI\\Annie"}}
{"Record": "40", "System": {"EventID": "1", "Version": "5", "Level": "4", "Task": "1", "Opcode": "0", "Keywords": "0x8000000000000000", "TimeCreated": {"SystemTime": "2022-03-09 20:32:31.712120"}, "EventRecordID": "586474", "Correlation": {"ActivityID": "", "RealatedActivityID": ""}, "Execution": {"ProcessID": "4832", "ThreadID": "6964"}, "Channel": "Microsoft-Windows-Sysmon/Operational", "Computer": "MSI", "Security": {"UserID": "S-1-5-18"}}, "Event Data": {"RuleName": "-", "UtcTime": "2022-03-09 20:32:31.707", "ProcessGuid": "{7590a8e8-0edf-6229-4a63-000000003000}", "ProcessId": "26952", "Image": "C:\\Program Files\\Microsoft Office\\root\\Office16\\SDXHelper.exe", "FileVersion": "16.0.14931.20120", "Description": "Microsoft Office SDX Helper", "Product": "Microsoft Office", "Company": "Microsoft Corporation", "OriginalFileName": "SDXHELPER.EXE", "CommandLine": "\"C:\\Program Files\\Microsoft Office\\root\\Office16\\sdxhelper.exe\" /onlogon", "CurrentDirectory": "C:\\Windows\\system32\\", "User": "MSI\\Annie", "LogonGuid": "{7590a8e8-2479-6225-2b24-731900000000}", "LogonId": "0x000000001973242b", "TerminalSessionId": "8", "IntegrityLevel": "Medium", "Hashes": "MD5=7A1620B42C0EF0B93AAD4749E85F0F94,SHA256=BA6ABECBEEA08E891ED946867A8605E37AB98B7D646877BA48C7B3D4585CBDE7,IMPHASH=9327D8E924538FC456C351C431DAEC7C", "ParentProcessGuid": "{7590a8e8-5029-620b-2d00-000000003000}", "ParentProcessId": "2516", "ParentImage": "C:\\Windows\\System32\\svchost.exe", "ParentCommandLine": "C:\\Windows\\system32\\svchost.exe -k netsvcs -p -s Schedule", "ParentUser": "NT AUTHORITY\\SYSTEM"}}
{"Record": "41", "System": {"EventID": "1", "Version": "5", "Level": "4", "Task": "1", "Opcode": "0", "Keywords": "0x8000000000000000", "TimeCreated": {"SystemTime": "2022-03-09 20:32:32.323521"}, "EventRecordID": "586475", "Correlation": {"ActivityID": "", "RealatedActivityID": ""}, "Execution": {"ProcessID": "4832", "ThreadID": "6964"}, "Channel": "Microsoft-Windows-Sysmon/Operational", "Computer": "MSI", "Security": {"UserID": "S-1-5-18"}}, "Event Data": {"RuleName": "-", "UtcTime": "2022-03-09 20:32:32.317", "ProcessGuid": "{7590a8e8-0ee0-6229-4b63-000000003000}", "ProcessId": "12692", "Image": "C:\\Program Files\\WindowsApps\\Microsoft.Office.Desktop_16051.14827.20198.0_x86__8wekyb3d8bbwe\\Office16\\SDXHelper.exe", "FileVersion": "16.0.14827.20198", "Description": "Microsoft Office SDX Helper", "Product": "Microsoft Office", "Company": "Microsoft Corporation", "OriginalFileName": "SDXHELPER.EXE", "CommandLine": "\"C:\\Program Files\\WindowsApps\\Microsoft.Office.Desktop_16051.14827.20198.0_x86__8wekyb3d8bbwe\\Office16\\SDXHelper.exe\" -Embedding", "CurrentDirectory": "C:\\Windows\\system32\\", "User": "MSI\\Annie", "LogonGuid": "{7590a8e8-2479-6225-2b24-731900000000}", "LogonId": "0x000000001973242b", "TerminalSessionId": "8", "IntegrityLevel": "Medium", "Hashes": "MD5=B691C4F7941584461903B4ACA4D57DCA,SHA256=74CA3E6D192BB38F8DE6C1C11FE6B9760DA081EF3831C1283C44CA9A8322FA46,IMPHASH=3A1C674F1C6B746F71263ADDEB077691", "ParentProcessGuid": "{7590a8e8-5029-620b-0f00-000000003000}", "ParentProcessId": "1164", "ParentImage": "C:\\Windows\\System32\\svchost.exe", "ParentCommandLine": "C:\\Windows\\system32\\svchost.exe -k DcomLaunch -p", "ParentUser": "NT AUTHORITY\\SYSTEM"}}
{"Record": "42", "System": {"EventID": "1", "Version": "5", "Level": "4", "Task": "1", "Opcode": "0", "Keywords": "0x8000000000000000", "TimeCreated": {"SystemTime": "2022-03-09 20:32:35.036633"}, "EventRecordID": "586476", "Correlation": {"ActivityID": "", "RealatedActivityID": ""}, "Execution": {"ProcessID": "4832", "ThreadID": "6964"}, "Channel": "Microsoft-Windows-Sysmon/Operational", "Computer": "MSI", "Security": {"UserID": "S-1-5-18"}}, "Event Data": {"RuleName": "-", "UtcTime": "2022-03-09 20:32:34.955", "ProcessGuid": "{7590a8e8-0ee2-6229-4d63-000000003000}", "ProcessId": "6072", "Image": "C:\\Windows\\System32\\smartscreen.exe", "FileVersion": "10.0.19041.1052 (WinBuild.160101.0800)", "Description": "Windows Defender SmartScreen", "Product": "Microsoft&#174; Windows&#174; Operating System", "Company": "Microsoft Corporation", "OriginalFileName": "smartscreen.exe", "CommandLine": "C:\\Windows\\System32\\smartscreen.exe -Embedding", "CurrentDirectory": "C:\\Windows\\system32\\", "User": "MSI\\Annie", "LogonGuid": "{7590a8e8-2479-6225-2b24-731900000000}", "LogonId": "0x000000001973242b", "TerminalSessionId": "8", "IntegrityLevel": "Medium", "Hashes": "MD5=521ED922765BCA8F79BD76188F879311,SHA256=9605680FC164ACB985C031ECA2C8BC4909CF8B749C571DB6DE2B0B2C204C2163,IMPHASH=6DFBF12753AF176E3C203C407493A5B9", "ParentProcessGuid": "{7590a8e8-5029-620b-0f00-000000003000}", "ParentProcessId": "1164", "ParentImage": "C:\\Windows\\System32\\svchost.exe", "ParentCommandLine": "C:\\Windows\\system32\\svchost.exe -k DcomLaunch -p", "ParentUser": "NT AUTHORITY\\SYSTEM"}}
{"Record": "43", "System": {"EventID": "22", "Version": "5", "Level": "4", "Task": "22", "Opcode": "0", "Keywords": "0x8000000000000000", "TimeCreated": {"SystemTime": "2022-03-09 20:32:35.246885"}, "EventRecordID": "586477", "Correlation": {"ActivityID": "", "RealatedActivityID": ""}, "Execution": {"ProcessID": "4832", "ThreadID": "6988"}, "Channel": "Microsoft-Windows-Sysmon/Operational", "Computer": "MSI", "Security": {"UserID": "S-1-5-18"}}, "Event Data": {"RuleName": "-", "UtcTime": "2022-03-09 20:34:11.552", "ProcessGuid": "{7590a8e8-0edf-6229-4a63-000000003000}", "ProcessId": "26952", "QueryName": "2022-03-09 20:34:11.552", "QueryStatus": "{7590a8e8-0edf-6229-4a63-000000003000}", "QueryResults": "26952", "Image": "&lt;unknown process&gt;", "User": "MSI\\Annie"}}
{"Record": "44", "System": {"EventID": "1", "Version": "5", "Level": "4", "Task": "1", "Opcode": "0", "Keywords": "0x8000000000000000", "TimeCreated": {"SystemTime": "2022-03-09 20:32:35.547028"}, "EventRecordID": "586478", "Correlation": {"ActivityID": "", "RealatedActivityID": ""}, "Execution": {"ProcessID": "4832", "ThreadID": "6964"}, "Channel": "Microsoft-Windows-Sysmon/Operational", "Computer": "MSI", "Security": {"UserID": "S-1-5-18"}}, "Event Data": {"RuleName": "-", "UtcTime": "2022-03-09 20:32:35.427", "ProcessGuid": "{7590a8e8-0ee3-6229-4e63-000000003000}", "ProcessId": "23644", "Image": "C:\\Program Files (x86)\\Microsoft\\Edge\\Application\\msedge.exe", "FileVersion": "99.0.1150.36", "Description": "Microsoft Edge", "Product": "Microsoft Edge", "Company": "Microsoft Corporation", "OriginalFileName": "msedge.exe", "CommandLine": "\"C:\\Program Files (x86)\\Microsoft\\Edge\\Application\\msedge.exe\" --profile-directory=Default", "CurrentDirectory": "C:\\Program Files (x86)\\Microsoft\\Edge\\Application\\", "User": "MSI\\Annie", "LogonGuid": "{7590a8e8-2479-6225-2b24-731900000000}", "LogonId": "0x000000001973242b", "TerminalSessionId": "8", "IntegrityLevel": "Medium", "Hashes": "MD5=9C2932757B77876D1AED7A7B1723388D,SHA256=7882F1A15F178BA0BAD44671A15BF547C0FD09D32A27959758CC1F23BEAA7ED4,IMPHASH=61D771CB7F77BBF9FAF14A79750BFB4E", "ParentProcessGuid": "{7590a8e8-247c-6225-e759-000000003000}", "ParentProcessId": "9588", "ParentImage": "C:\\Windows\\explorer.exe", "ParentCommandLine": "C:\\Windows\\Explorer.EXE", "ParentUser": "MSI\\Annie"}}
{"Record": "46", "System": {"EventID": "13", "Version": "2", "Level": "4", "Task": "13", "Opcode": "0", "Keywords": "0x8000000000000000", "TimeCreated": {"SystemTime": "2022-03-09 20:32:35.568811"}, "EventRecordID": "586480", "Correlation": {"ActivityID": "", "RealatedActivityID": ""}, "Execution": {"ProcessID": "4832", "ThreadID": "6964"}, "Channel": "Microsoft-Windows-Sysmon/Operational", "Computer": "MSI", "Security": {"UserID": "S-1-5-18"}}, "Event Data": {"RuleName": "InvDB", "EventType": "SetValue", "UtcTime": "2022-03-09 20:32:35.567", "ProcessGuid": "{7590a8e8-5032-620b-de00-000000003000}", "ProcessId": "10476", "Image": "C:\\Windows\\system32\\svchost.exe", "TargetObject": "HKU\\S-1-5-21-1171994212-2127204841-3399983368-1001\\SOFTWARE\\Microsoft\\Windows NT\\CurrentVersion\\AppCompatFlags\\Compatibility Assistant\\Store\\C:\\Program Files (x86)\\Microsoft\\Edge\\Application\\msedge.exe", "Details": "Binary Data", "User": "NT AUTHORITY\\SYSTEM"}}
{"Record": "47", "System": {"EventID": "1", "Version": "5", "Level": "4", "Task": "1", "Opcode": "0", "Keywords": "0x8000000000000000", "TimeCreated": {"SystemTime": "2022-03-09 20:32:35.719217"}, "EventRecordID": "586481", "Correlation": {"ActivityID": "", "RealatedActivityID": ""}, "Execution": {"ProcessID": "4832", "ThreadID": "6964"}, "Channel": "Microsoft-Windows-Sysmon/Operational", "Computer": "MSI", "Security": {"UserID": "S-1-5-18"}}, "Event Data": {"RuleName": "-", "UtcTime": "2022-03-09 20:32:35.715", "ProcessGuid": "{7590a8e8-0ee3-6229-4f63-000000003000}", "ProcessId": "5152", "Image": "C:\\Program Files (x86)\\Microsoft\\Edge\\Application\\msedge.exe", "FileVersion": "99.0.1150.36", "Description": "Microsoft Edge", "Product": "Microsoft Edge", "Company": "Microsoft Corporation", "OriginalFileName": "msedge.exe", "CommandLine": "\"C:\\Program Files (x86)\\Microsoft\\Edge\\Application\\msedge.exe\" --type=crashpad-handler \"--user-data-dir=C:\\Users\\Annie\\AppData\\Local\\Microsoft\\Edge\\User Data\" /prefetch:7 --monitor-self-annotation=ptype=crashpad-handler \"--database=C:\\Users\\Annie\\AppData\\Local\\Microsoft\\Edge\\User Data\\Crashpad\" \"--metrics-dir=C:\\Users\\Annie\\AppData\\Local\\Microsoft\\Edge\\User Data\" --annotation=IsOfficialBuild=1 --annotation=channel= --annotation=chromium-version=99.0.4844.51 \"--annotation=exe=C:\\Program Files (x86)\\Microsoft\\Edge\\Application\\msedge.exe\" --annotation=plat=Win64 \"--annotation=prod=Microsoft Edge\" --annotation=ver=99.0.1150.36 --initial-client-data=0x114,0x118,0x11c,0xf0,0x120,0x7ffa737cc830,0x7ffa737cc840,0x7ffa737cc850", "CurrentDirectory": "C:\\Program Files (x86)\\Microsoft\\Edge\\Application\\", "User": "MSI\\Annie", "LogonGuid": "{7590a8e8-2479-6225-2b24-731900000000}", "LogonId": "0x000000001973242b", "TerminalSessionId": "8", "IntegrityLevel": "Medium", "Hashes": "MD5=9C2932757B77876D1AED7A7B1723388D,SHA256=7882F1A15F178BA0BAD44671A15BF547C0FD09D32A27959758CC1F23BEAA7ED4,IMPHASH=61D771CB7F77BBF9FAF14A79750BFB4E", "ParentProcessGuid": "{7590a8e8-0ee3-6229-4e63-000000003000}", "ParentProcessId": "23644", "ParentImage": "C:\\Program Files (x86)\\Microsoft\\Edge\\Application\\msedge.exe", "ParentCommandLine": "\"C:\\Program Files (x86)\\Microsoft\\Edge\\Application\\msedge.exe\" --profile-directory=Default", "ParentUser": "MSI\\Annie"}}
{"Record": "48", "System": {"EventID": "22", "Version": "5", "Level": "4", "Task": "22", "Opcode": "0", "Keywords": "0x8000000000000000", "TimeCreated": {"SystemTime": "2022-03-09 20:32:36.259897"}, "EventRecordID": "586482", "Correlation": {"ActivityID": "", "RealatedActivityID": ""}, "Execution": {"ProcessID": "4832", "ThreadID": "6988"}, "Channel": "Microsoft-Windows-Sysmon/Operational", "Computer": "MSI", "Security": {"UserID": "S-1-5-18"}}, "Event Data": {"RuleName": "-", "UtcTime": "2022-03-09 20:34:13.059", "ProcessGuid": "{7590a8e8-0ee0-6229-4b63-000000003000}", "ProcessId": "12692", "QueryName": "2022-03-09 20:34:13.059", "QueryStatus": "{7590a8e8-0ee0-6229-4b63-000000003000}", "QueryResults": "12692", "Image": "C:\\Program Files\\WindowsApps\\Microsoft.Office.Desktop_16051.14827.20198.0_x86__8wekyb3d8bbwe\\Office16\\SDXHelper.exe", "User": "MSI\\Annie"}}
