{"Record": "78", "System": {"EventID": "11", "Version": "2", "Level": "4", "Task": "11", "Opcode": "0", "Keywords": "0x8000000000000000", "TimeCreated": {"SystemTime": "2022-03-09 20:33:20.655729"}, "EventRecordID": "586512", "Correlation": {"ActivityID": "", "RealatedActivityID": ""}, "Execution": {"ProcessID": "4832", "ThreadID": "6964"}, "Channel": "Microsoft-Windows-Sysmon/Operational", "Computer": "MSI", "Security": {"UserID": "S-1-5-18"}}, "Event Data": {"RuleName": "Downloads", "UtcTime": "2022-03-09 20:33:20.653", "ProcessGuid": "{7590a8e8-0eda-6229-4863-000000003000}", "ProcessId": "15608", "Image": "C:\\Users\\Annie\\anaconda3\\python.exe", "TargetFilename": "C:\\Users\\Annie\\Downloads\\viz-attackhost-master\\viz-attackhost-master\\data\\output\\TaggedEvents", "CreationUtcTime": "2022-03-09 20:33:20.653", "User": "MSI\\Annie"}}
{"Record": "79", "System": {"EventID": "11", "Version": "2", "Level": "4", "Task": "11", "Opcode": "0", "Keywords": "0x8000000000000000", "TimeCreated": {"SystemTime": "2022-03-09 20:33:20.660959"}, "EventRecordID": "586513", "Correlation": {"ActivityID": "", "RealatedActivityID": ""}, "Execution": {"ProcessID": "4832", "ThreadID": "6964"}, "Channel": "Microsoft-Windows-Sysmon/Operational", "Computer": "MSI", "Security": {"UserID": "S-1-5-18"}}, "Event Data": {"RuleName": "Downloads", "UtcTime": "2022-03-09 20:33:20.660", "ProcessGuid": "{7590a8e8-0eda-6229-4863-000000003000}", "ProcessId": "15608", "Image": "C:\\Users\\Annie\\anaconda3\\python.exe", "TargetFilename": "C:\\Users\\Annie\\Downloads\\viz-attackhost-master\\viz-attackhost-master\\data\\output\\DetectResults", "CreationUtcTime": "2022-03-09 20:33:20.659", "User": "MSI\\Annie"}}
{"Record": "80", "System": {"EventID": "1", "Version": "5", "Level": "4", "Task": "1", "Opcode": "0", "Keywords": "0x8000000000000000", "TimeCreated": {"SystemTime": "2022-03-09 20:33:20.676634"}, "EventRecordID": "586514", "Correlation": {"ActivityID": "", "RealatedActivityID": ""}, "Execution": {"ProcessID": "4832", "ThreadID": "6964"}, "Channel": "Microsoft-Windows-Sysmon/Operational", "Computer": "MSI", "Security": {"UserID": "S-1-5-18"}}, "Event Data": {"RuleName": "-", "UtcTime": "2022-03-09 20:33:20.672", "ProcessGuid": "{7590a8e8-0f10-6229-6863-000000003000}", "ProcessId": "16960", "Image": "C:\\Windows\\System32\\WindowsPowerShell\\v1.0\\powershell.exe", "FileVersion": "10.0.19041.546 (WinBuild.160101.0800)", "Description": "Windows PowerShell", "Product": "Microsoft&#174; Windows&#174; Operating System", "Company": "Microsoft Corporation", "OriginalFileName": "PowerShell.EXE", "CommandLine": "powershell.exe \"C:/Users/Annie/Downloads/viz-attackhost-master/viz-attackhost-master/powershell/Attack-Script-T1007_01.ps1 C:/Users/Annie/Downloads/viz-attackhost-master/viz-attackhost-master/data/output/AttackResults/Attack-T1007_01-1.out\"", "CurrentDirectory": "C:\\Users\\Annie\\Downloads\\viz-attackhost-master\\viz-attackhost-master\\", "User": "MSI\\Annie", "LogonGuid": "{7590a8e8-2479-6225-2b24-731900000000}", "LogonId": "0x000000001973242b", "TerminalSessionId": "8", "IntegrityLevel": "Medium", "Hashes": "MD5=04029E121A0CFA5991749937DD22A1D9,SHA256=9F914D42706FE215501044ACD85A32D58AAEF1419D404FDDFA5D3B48F66CCD9F,IMPHASH=7C955A0ABC747F57CCC4324480737EF7", "ParentProcessGuid": "{7590a8e8-0eda-6229-4863-000000003000}", "ParentProcessId": "15608", "ParentImage": "C:\\Users\\Annie\\anaconda3\\python.exe", "ParentCommandLine": "C:\\Users\\Annie\\anaconda3\\python.exe C:\\Users\\Annie\\Downloads\\viz-attackhost-master\\viz-attackhost-master\\app.py", "ParentUser": "MSI\\Annie"}}
{"Record": "81", "System": {"EventID": "11", "Version": "2", "Level": "4", "Task": "11", "Opcode": "0", "Keywords": "0x8000000000000000", "TimeCreated": {"SystemTime": "2022-03-09 20:33:20.796333"}, "EventRecordID": "586515", "Correlation": {"ActivityID": "", "RealatedActivityID": ""}, "Execution": {"ProcessID": "4832", "ThreadID": "6964"}, "Channel": "Microsoft-Windows-Sysmon/Operational", "Computer": "MSI", "Security": {"UserID": "S-1-5-18"}}, "Event Data": {"RuleName": "Downloads", "UtcTime": "2022-03-09 20:33:20.795", "ProcessGuid": "{7590a8e8-0b7d-6229-5962-000000003000}", "ProcessId": "27016", "Image": "C:\\Program Files\\Microsoft Visual Studio\\2022\\Community\\Common7\\IDE\\devenv.exe", "TargetFilename": "C:\\Users\\Annie\\Downloads\\viz-attackhost-master\\viz-attackhost-master\\.vs\\slnx.sqlite-journal", "CreationUtcTime": "2022-03-09 20:33:20.794", "User": "MSI\\Annie"}}
{"Record": "82", "System": {"EventID": "11", "Version": "2", "Level": "4", "Task": "11", "Opcode": "0", "Keywords": "0x8000000000000000", "TimeCreated": {"SystemTime": "2022-03-09 20:33:20.986687"}, "EventRecordID": "586516", "Correlation": {"ActivityID": "", "RealatedActivityID": ""}, "Execution": {"ProcessID": "4832", "ThreadID": "6964"}, "Channel": "Microsoft-Windows-Sysmon/Operational", "Computer": "MSI", "Security": {"UserID": "S-1-5-18"}}, "Event Data": {"RuleName": "-", "UtcTime": "2022-03-09 20:33:20.985", "ProcessGuid": "{7590a8e8-0f10-6229-6863-000000003000}", "ProcessId": "16960", "Image": "C:\\Windows\\System32\\WindowsPowerShell\\v1.0\\powershell.exe", "TargetFilename": "C:\\Users\\Annie\\AppData\\Local\\Temp\\__PSScriptPolicyTest_whwgknch.ng5.ps1", "CreationUtcTime": "2022-03-09 20:33:20.985", "User": "MSI\\Annie"}}
{"Record": "83", "System": {"EventID": "11", "Version": "2", "Level": "4", "Task": "11", "Opcode": "0", "Keywords": "0x8000000000000000", "TimeCreated": {"SystemTime": "2022-03-09 20:33:21.933727"}, "EventRecordID": "586517", "Correlation": {"ActivityID": "", "RealatedActivityID": ""}, "Execution": {"ProcessID": "4832", "ThreadID": "6964"}, "Channel": "Microsoft-Windows-Sysmon/Operational", "Computer": "MSI", "Security": {"UserID": "S-1-5-18"}}, "Event Data": {"RuleName": "ProcessHostingdotNETCode", "UtcTime": "2022-03-09 20:33:21.932", "ProcessGuid": "{7590a8e8-0f10-6229-6863-000000003000}", "ProcessId": "16960", "Image": "C:\\Windows\\System32\\WindowsPowerShell\\v1.0\\powershell.exe", "TargetFilename": "C:\\Users\\Annie\\AppData\\Local\\Microsoft\\CLR_v4.0\\UsageLogs\\powershell.exe.log", "CreationUtcTime": "2021-11-30 21:50:43.139", "User": "MSI\\Annie"}}
{"Record": "84", "System": {"EventID": "1", "Version": "5", "Level": "4", "Task": "1", "Opcode": "0", "Keywords": "0x8000000000000000", "TimeCreated": {"SystemTime": "2022-03-09 20:33:22.312489"}, "EventRecordID": "586518", "Correlation": {"ActivityID": "", "RealatedActivityID": ""}, "Execution": {"ProcessID": "4832", "ThreadID": "6964"}, "Channel": "Microsoft-Windows-Sysmon/Operational", "Computer": "MSI", "Security": {"UserID": "S-1-5-18"}}, "Event Data": {"RuleName": "-", "UtcTime": "2022-03-09 20:33:22.306", "ProcessGuid": "{7590a8e8-0f12-6229-6963-000000003000}", "ProcessId": "1992", "Image": "C:\\Program Files (x86)\\Microsoft\\Edge\\Application\\msedge.exe", "FileVersion": "99.0.1150.36", "Description": "Microsoft Edge", "Product": "Microsoft Edge", "Company": "Microsoft Corporation", "OriginalFileName": "msedge.exe", "CommandLine": "\"C:\\Program Files (x86)\\Microsoft\\Edge\\Application\\msedge.exe\" --type=renderer --disable-client-side-phishing-detection --display-capture-permissions-policy-allowed --lang=en-US --device-scale-factor=1.5 --num-raster-threads=4 --enable-main-frame-before-activation --renderer-client-id=21 --launch-time-ticks=1949540500539 --mojo-platform-channel-handle=7384 --field-trial-handle=2196,i,9065231904517789391,12241652457674906924,131072 /prefetch:1", "CurrentDirectory": "C:\\Program Files (x86)\\Microsoft\\Edge\\Application\\99.0.1150.36\\", "User": "MSI\\Annie", "LogonGuid": "{7590a8e8-2479-6225-2b24-731900000000}", "LogonId": "0x000000001973242b", "TerminalSessionId": "8", "IntegrityLevel": "Low", "Hashes": "MD5=9C2932757B77876D1AED7A7B1723388D,SHA256=7882F1A15F178BA0BAD44671A15BF547C0FD09D32A27959758CC1F23BEAA7ED4,IMPHASH=61D771CB7F77BBF9FAF14A79750BFB4E", "ParentProcessGuid": "{7590a8e8-0ee3-6229-4e63-000000003000}", "ParentProcessId": "23644", "ParentImage": "C:\\Program Files (x86)\\Microsoft\\Edge\\Application\\msedge.exe", "ParentCommandLine": "\"C:\\Program Files (x86)\\Microsoft\\Edge\\Application\\msedge.exe\" --profile-directory=Default", "ParentUser": "MSI\\Annie"}}
{"Record": "85", "System": {"EventID": "1", "Version": "5", "Level": "4", "Task": "1", "Opcode": "0", "Keywords": "0x8000000000000000", "TimeCreated": {"SystemTime": "2022-03-09 20:33:22.581541"}, "EventRecordID": "586519", "Correlation": {"ActivityID": "", "RealatedActivityID": ""}, "Execution": {"ProcessID": "4832", "ThreadID": "6964"}, "Channel": "Microsoft-Windows-Sysmon/Operational", "Computer": "MSI", "Security": {"UserID": "S-1-5-18"}}, "Event Data": {"RuleName": "-", "UtcTime": "2022-03-09 20:33:22.576", "ProcessGuid": "{7590a8e8-0f12-6229-6a63-000000003000}", "ProcessId": "16164", "Image": "C:\\Windows\\System32\\LocationNotificationWindows.exe", "FileVersion": "10.0.19041.1 (WinBuild.160101.0800)", "Description": "Location Notification", "Product": "Microsoft&#174; Windows&#174; Operating System", "Company": "Microsoft Corporation", "OriginalFileName": "LocationNotificationWindows.exe", "CommandLine": "C:\\Windows\\System32\\LocationNotificationWindows.exe", "CurrentDirectory": "C:\\Windows\\system32\\", "User": "MSI\\Annie", "LogonGuid": "{7590a8e8-2479-6225-2b24-731900000000}", "LogonId": "0x000000001973242b", "TerminalSessionId": "8", "IntegrityLevel": "Medium", "Hashes": "MD5=9BAD04696E81E4420A99660C8D1388A1,SHA256=A9024C4C0ED03730085FB529828A917F701E3DCA30D3286AE0D41E9FFF33F445,IMPHASH=43770938065E918EAD8F8E36EA492A75", "ParentProcessGuid": "{7590a8e8-5029-620b-2d00-000000003000}", "ParentProcessId": "2516", "ParentImage": "C:\\Windows\\System32\\svchost.exe", "ParentCommandLine": "C:\\Windows\\system32\\svchost.exe -k netsvcs -p -s Schedule", "ParentUser": "NT AUTHORITY\\SYSTEM"}}
{"Record": "86", "System": {"EventID": "22", "Version": "5", "Level": "4", "Task": "22", "Opcode": "0", "Keywords": "0x8000000000000000", "TimeCreated": {"SystemTime": "2022-03-09 20:33:23.680328"}, "EventRecordID": "586520", "Correlation": {"ActivityID": "", "RealatedActivityID": ""}, "Execution": {"ProcessID": "4832", "ThreadID": "6988"}, "Channel": "Microsoft-Windows-Sysmon/Operational", "Computer": "MSI", "Security": {"UserID": "S-1-5-18"}}, "Event Data": {"RuleName": "-", "UtcTime": "2022-03-09 20:35:01.005", "ProcessGuid": "{7590a8e8-9743-620c-6506-000000003000}", "ProcessId": "7576", "QueryName": "2022-03-09 20:35:01.005", "QueryStatus": "{7590a8e8-9743-620c-6506-000000003000}", "QueryResults": "7576", "Image": "C:\\Windows\\System32\\drivers\\RivetNetworks\\Killer\\KNDBWM.exe", "User": "NT AUTHORITY\\SYSTEM"}}
{"Record": "87", "System": {"EventID": "1", "Version": "5", "Level": "4", "Task": "1", "Opcode": "0", "Keywords": "0x8000000000000000", "TimeCreated": {"SystemTime": "2022-03-09 20:33:35.918848"}, "EventRecordID": "586521", "Correlation": {"ActivityID": "", "RealatedActivityID": ""}, "Execution": {"ProcessID": "4832", "ThreadID": "6964"}, "Channel": "Microsoft-Windows-Sysmon/Operational", "Computer": "MSI", "Security": {"UserID": "S-1-5-18"}}, "Event Data": {"RuleName": "-", "UtcTime": "2022-03-09 20:33:35.914", "ProcessGuid": "{7590a8e8-0f1f-6229-6b63-000000003000}", "ProcessId": "27252", "Image": "C:\\Program Files (x86)\\Google\\Update\\GoogleUpdate.exe", "FileVersion": "1.3.36.111", "Description": "Google Installer", "Product": "Google Update", "Company": "Google LLC", "OriginalFileName": "GoogleUpdate.exe", "CommandLine": "\"C:\\Program Files (x86)\\Google\\Update\\GoogleUpdate.exe\" /ua /installsource scheduler", "CurrentDirectory": "C:\\Windows\\system32\\", "User": "NT AUTHORITY\\SYSTEM", "LogonGuid": "{7590a8e8-5028-620b-e703-000000000000}", "LogonId": "0x00000000000003e7", "TerminalSessionId": "0", "IntegrityLevel": "System", "Hashes": "MD5=6BF197B8C7DE4B004C5D6FA415FC7867,SHA256=61A92167587E540275B374890BE8FD0319FE03C4F19CC79A8C2FB6871CF21E73,IMPHASH=7DF1816239C5BC855600D41210406C5B", "ParentProcessGuid": "{7590a8e8-5029-620b-2d00-000000003000}", "ParentProcessId": "2516", "ParentImage": "C:\\Windows\\System32\\svchost.exe", "ParentCommandLine": "C:\\Windows\\system32\\svchost.exe -k netsvcs -p -s Schedule", "ParentUser": "NT AUTHORITY\\SYSTEM"}}
{"Record": "88", "System": {"EventID": "1", "Version": "5", "Level": "4", "Task": "1", "Opcode": "0", "Keywords": "0x8000000000000000", "TimeCreated": {"SystemTime": "2022-03-09 20:33:43.820601"}, "EventRecordID": "586522", "Correlation": {"ActivityID": "", "RealatedActivityID": ""}, "Execution": {"ProcessID": "4832", "ThreadID": "6964"}, "Channel": "Microsoft-Windows-Sysmon/Operational", "Computer": "MSI", "Security": {"UserID": "S-1-5-18"}}, "Event Data": {"RuleName": "-", "UtcTime": "2022-03-09 20:33:43.816", "ProcessGuid": "{7590a8e8-0f27-6229-6c63-000000003000}", "ProcessId": "28024", "Image": "C:\\Windows\\System32\\svchost.exe", "FileVersion": "10.0.19041.546 (WinBuild.160101.0800)", "Description": "Host Process for Windows Services", "Product": "Microsoft&#174; Windows&#174; Operating System", "Company": "Microsoft Corporation", "OriginalFileName": "svchost.exe", "CommandLine": "C:\\Windows\\system32\\svchost.exe -k LocalService -p -s fdPHost", "CurrentDirectory": "C:\\Windows\\system32\\", "User": "NT AUTHORITY\\LOCAL SERVICE", "LogonGuid": "{7590a8e8-5029-620b-e503-000000000000}", "LogonId": "0x00000000000003e5", "TerminalSessionId": "0", "IntegrityLevel": "System", "Hashes": "MD5=F586835082F632DC8D9404D83BC16316,SHA256=643EC58E82E0272C97C2A59F6020970D881AF19C0AD5029DB9C958C13B6558C7,IMPHASH=F9BBD96FAE53B7A31264A703CAFA0666", "ParentProcessGuid": "{7590a8e8-5028-620b-0b00-000000003000}", "ParentProcessId": "1016", "ParentImage": "C:\\Windows\\System32\\services.exe", "ParentCommandLine": "C:\\Windows\\system32\\services.exe", "ParentUser": "NT AUTHORITY\\SYSTEM"}}
