{"Record": "142", "System": {"EventID": "1", "Version": "5", "Level": "4", "Task": "1", "Opcode": "0", "Keywords": "0x8000000000000000", "TimeCreated": {"SystemTime": "2022-03-09 20:37:16.881680"}, "EventRecordID": "586666", "Correlation": {"ActivityID": "", "RealatedActivityID": ""}, "Execution": {"ProcessID": "4832", "ThreadID": "6964"}, "Channel": "Microsoft-Windows-Sysmon/Operational", "Computer": "MSI", "Security": {"UserID": "S-1-5-18"}}, "Event Data": {"RuleName": "-", "UtcTime": "2022-03-09 20:37:16.875", "ProcessGuid": "{7590a8e8-0ffc-6229-d563-000000003000}", "ProcessId": "27012", "Image": "C:\\Windows\\System32\\WindowsPowerShell\\v1.0\\powershell.exe", "FileVersion": "10.0.19041.546 (WinBuild.160101.0800)", "Description": "Windows PowerShell", "Product": "Microsoft&#174; Windows&#174; Operating System", "Company": "Microsoft Corporation", "OriginalFileName": "PowerShell.EXE", "CommandLine": "powershell.exe \"C:/Users/Annie/Downloads/viz-attackhost-master/viz-attackhost-master/powershell/Attack-Script-T1010_1.ps1 C:/Users/Annie/Downloads/viz-attackhost-master/viz-attackhost-master/data/output/AttackResults/Attack-T1010_1-1.out\"", "CurrentDirectory": "C:\\Users\\Annie\\Downloads\\viz-attackhost-master\\viz-attackhost-master\\", "User": "MSI\\Annie", "LogonGuid": "{7590a8e8-2479-6225-2b24-731900000000}", "LogonId": "0x000000001973242b", "TerminalSessionId": "8", "IntegrityLevel": "Medium", "Hashes": "MD5=04029E121A0CFA5991749937DD22A1D9,SHA256=9F914D42706FE215501044ACD85A32D58AAEF1419D404FDDFA5D3B48F66CCD9F,IMPHASH=7C955A0ABC747F57CCC4324480737EF7", "ParentProcessGuid": "{7590a8e8-0ffa-6229-d263-000000003000}", "ParentProcessId": "31572", "ParentImage": "C:\\Users\\Annie\\anaconda3\\python.exe", "ParentCommandLine": "C:\\Users\\Annie\\anaconda3\\python.exe C:\\Users\\Annie\\Downloads\\viz-attackhost-master\\viz-attackhost-master\\app.py", "ParentUser": "MSI\\Annie"}}
{"Record": "143", "System": {"EventID": "5", "Version": "3", "Level": "4", "Task": "5", "Opcode": "0", "Keywords": "0x8000000000000000", "TimeCreated": {"SystemTime": "2022-03-09 20:37:17.039362"}, "EventRecordID": "586667", "Correlation": {"ActivityID": "", "RealatedActivityID": ""}, "Execution": {"ProcessID": "4832", "ThreadID": "6964"}, "Channel": "Microsoft-Windows-Sysmon/Operational", "Computer": "MSI", "Security": {"UserID": "S-1-5-18"}}, "Event Data": {"RuleName": "-", "UtcTime": "2022-03-09 20:37:17.038", "ProcessGuid": "{7590a8e8-0ffa-6229-d263-000000003000}", "ProcessId": "31572", "Image": "C:\\Users\\Annie\\anaconda3\\python.exe", "User": "MSI\\Annie"}}
{"Record": "144", "System": {"EventID": "1", "Version": "5", "Level": "4", "Task": "1", "Opcode": "0", "Keywords": "0x8000000000000000", "TimeCreated": {"SystemTime": "2022-03-09 20:37:17.068602"}, "EventRecordID": "586668", "Correlation": {"ActivityID": "", "RealatedActivityID": ""}, "Execution": {"ProcessID": "4832", "ThreadID": "6964"}, "Channel": "Microsoft-Windows-Sysmon/Operational", "Computer": "MSI", "Security": {"UserID": "S-1-5-18"}}, "Event Data": {"RuleName": "-", "UtcTime": "2022-03-09 20:37:17.062", "ProcessGuid": "{7590a8e8-0ffd-6229-d663-000000003000}", "ProcessId": "31092", "Image": "C:\\Users\\Annie\\anaconda3\\python.exe", "FileVersion": "3.9.7", "Description": "Python", "Product": "Python", "Company": "Python Software Foundation", "OriginalFileName": "python.exe", "CommandLine": "C:\\Users\\Annie\\anaconda3\\python.exe C:\\Users\\Annie\\Downloads\\viz-attackhost-master\\viz-attackhost-master\\app.py", "CurrentDirectory": "C:\\Users\\Annie\\Downloads\\viz-attackhost-master\\viz-attackhost-master\\", "User": "MSI\\Annie", "LogonGuid": "{7590a8e8-2479-6225-2b24-731900000000}", "LogonId": "0x000000001973242b", "TerminalSessionId": "8", "IntegrityLevel": "Medium", "Hashes": "MD5=47A897993A91B040CBF92ECBD31D01DD,SHA256=A1685CA0F56367B7CA3E8BF1BCBDD3A326F5E8E20C8743BF3108586F0AAFF384,IMPHASH=4BC0A3ABF3DE8784C2872F64590173E9", "ParentProcessGuid": "{7590a8e8-0ed8-6229-4663-000000003000}", "ParentProcessId": "11340", "ParentImage": "C:\\Users\\Annie\\anaconda3\\python.exe", "ParentCommandLine": "C:\\Users\\Annie\\anaconda3\\python.exe  C:\\Users\\Annie\\Downloads\\viz-attackhost-master\\viz-attackhost-master\\app.py ", "ParentUser": "MSI\\Annie"}}
{"Record": "145", "System": {"EventID": "11", "Version": "2", "Level": "4", "Task": "11", "Opcode": "0", "Keywords": "0x8000000000000000", "TimeCreated": {"SystemTime": "2022-03-09 20:37:17.228085"}, "EventRecordID": "586669", "Correlation": {"ActivityID": "", "RealatedActivityID": ""}, "Execution": {"ProcessID": "4832", "ThreadID": "6964"}, "Channel": "Microsoft-Windows-Sysmon/Operational", "Computer": "MSI", "Security": {"UserID": "S-1-5-18"}}, "Event Data": {"RuleName": "-", "UtcTime": "2022-03-09 20:37:17.227", "ProcessGuid": "{7590a8e8-0ffc-6229-d563-000000003000}", "ProcessId": "27012", "Image": "C:\\Windows\\System32\\WindowsPowerShell\\v1.0\\powershell.exe", "TargetFilename": "C:\\Users\\Annie\\AppData\\Local\\Temp\\__PSScriptPolicyTest_ugeaelko.bgr.ps1", "CreationUtcTime": "2022-03-09 20:37:17.226", "User": "MSI\\Annie"}}
{"Record": "146", "System": {"EventID": "1", "Version": "5", "Level": "4", "Task": "1", "Opcode": "0", "Keywords": "0x8000000000000000", "TimeCreated": {"SystemTime": "2022-03-09 20:37:17.797798"}, "EventRecordID": "586670", "Correlation": {"ActivityID": "", "RealatedActivityID": ""}, "Execution": {"ProcessID": "4832", "ThreadID": "6964"}, "Channel": "Microsoft-Windows-Sysmon/Operational", "Computer": "MSI", "Security": {"UserID": "S-1-5-18"}}, "Event Data": {"RuleName": "-", "UtcTime": "2022-03-09 20:37:17.793", "ProcessGuid": "{7590a8e8-0ffd-6229-d763-000000003000}", "ProcessId": "29904", "Image": "C:\\Windows\\System32\\cmd.exe", "FileVersion": "10.0.19041.746 (WinBuild.160101.0800)", "Description": "Windows Command Processor", "Product": "Microsoft&#174; Windows&#174; Operating System", "Company": "Microsoft Corporation", "OriginalFileName": "Cmd.Exe", "CommandLine": "C:\\Windows\\system32\\cmd.exe /c \"ver\"", "CurrentDirectory": "C:\\Users\\Annie\\Downloads\\viz-attackhost-master\\viz-attackhost-master\\", "User": "MSI\\Annie", "LogonGuid": "{7590a8e8-2479-6225-2b24-731900000000}", "LogonId": "0x000000001973242b", "TerminalSessionId": "8", "IntegrityLevel": "Medium", "Hashes": "MD5=8A2122E8162DBEF04694B9C3E0B6CDEE,SHA256=B99D61D874728EDC0918CA0EB10EAB93D381E7367E377406E65963366C874450,IMPHASH=272245E2988E1E430500B852C4FB5E18", "ParentProcessGuid": "{7590a8e8-0ffd-6229-d663-000000003000}", "ParentProcessId": "31092", "ParentImage": "C:\\Users\\Annie\\anaconda3\\python.exe", "ParentCommandLine": "C:\\Users\\Annie\\anaconda3\\python.exe C:\\Users\\Annie\\Downloads\\viz-attackhost-master\\viz-attackhost-master\\app.py", "ParentUser": "MSI\\Annie"}}
{"Record": "147", "System": {"EventID": "5", "Version": "3", "Level": "4", "Task": "5", "Opcode": "0", "Keywords": "0x8000000000000000", "TimeCreated": {"SystemTime": "2022-03-09 20:37:19.803579"}, "EventRecordID": "586671", "Correlation": {"ActivityID": "", "RealatedActivityID": ""}, "Execution": {"ProcessID": "4832", "ThreadID": "6964"}, "Channel": "Microsoft-Windows-Sysmon/Operational", "Computer": "MSI", "Security": {"UserID": "S-1-5-18"}}, "Event Data": {"RuleName": "-", "UtcTime": "2022-03-09 20:37:19.802", "ProcessGuid": "{7590a8e8-0ffd-6229-d663-000000003000}", "ProcessId": "31092", "Image": "C:\\Users\\Annie\\anaconda3\\python.exe", "User": "MSI\\Annie"}}
{"Record": "148", "System": {"EventID": "1", "Version": "5", "Level": "4", "Task": "1", "Opcode": "0", "Keywords": "0x8000000000000000", "TimeCreated": {"SystemTime": "2022-03-09 20:37:19.829874"}, "EventRecordID": "586672", "Correlation": {"ActivityID": "", "RealatedActivityID": ""}, "Execution": {"ProcessID": "4832", "ThreadID": "6964"}, "Channel": "Microsoft-Windows-Sysmon/Operational", "Computer": "MSI", "Security": {"UserID": "S-1-5-18"}}, "Event Data": {"RuleName": "-", "UtcTime": "2022-03-09 20:37:19.824", "ProcessGuid": "{7590a8e8-0fff-6229-d863-000000003000}", "ProcessId": "14552", "Image": "C:\\Users\\Annie\\anaconda3\\python.exe", "FileVersion": "3.9.7", "Description": "Python", "Product": "Python", "Company": "Python Software Foundation", "OriginalFileName": "python.exe", "CommandLine": "C:\\Users\\Annie\\anaconda3\\python.exe C:\\Users\\Annie\\Downloads\\viz-attackhost-master\\viz-attackhost-master\\app.py", "CurrentDirectory": "C:\\Users\\Annie\\Downloads\\viz-attackhost-master\\viz-attackhost-master\\", "User": "MSI\\Annie", "LogonGuid": "{7590a8e8-2479-6225-2b24-731900000000}", "LogonId": "0x000000001973242b", "TerminalSessionId": "8", "IntegrityLevel": "Medium", "Hashes": "MD5=47A897993A91B040CBF92ECBD31D01DD,SHA256=A1685CA0F56367B7CA3E8BF1BCBDD3A326F5E8E20C8743BF3108586F0AAFF384,IMPHASH=4BC0A3ABF3DE8784C2872F64590173E9", "ParentProcessGuid": "{7590a8e8-0ed8-6229-4663-000000003000}", "ParentProcessId": "11340", "ParentImage": "C:\\Users\\Annie\\anaconda3\\python.exe", "ParentCommandLine": "C:\\Users\\Annie\\anaconda3\\python.exe  C:\\Users\\Annie\\Downloads\\viz-attackhost-master\\viz-attackhost-master\\app.py ", "ParentUser": "MSI\\Annie"}}
{"Record": "149", "System": {"EventID": "1", "Version": "5", "Level": "4", "Task": "1", "Opcode": "0", "Keywords": "0x8000000000000000", "TimeCreated": {"SystemTime": "2022-03-09 20:37:20.414602"}, "EventRecordID": "586673", "Correlation": {"ActivityID": "", "RealatedActivityID": ""}, "Execution": {"ProcessID": "4832", "ThreadID": "6964"}, "Channel": "Microsoft-Windows-Sysmon/Operational", "Computer": "MSI", "Security": {"UserID": "S-1-5-18"}}, "Event Data": {"RuleName": "-", "UtcTime": "2022-03-09 20:37:20.409", "ProcessGuid": "{7590a8e8-1000-6229-d963-000000003000}", "ProcessId": "15204", "Image": "C:\\Windows\\System32\\cmd.exe", "FileVersion": "10.0.19041.746 (WinBuild.160101.0800)", "Description": "Windows Command Processor", "Product": "Microsoft&#174; Windows&#174; Operating System", "Company": "Microsoft Corporation", "OriginalFileName": "Cmd.Exe", "CommandLine": "C:\\Windows\\system32\\cmd.exe /c \"ver\"", "CurrentDirectory": "C:\\Users\\Annie\\Downloads\\viz-attackhost-master\\viz-attackhost-master\\", "User": "MSI\\Annie", "LogonGuid": "{7590a8e8-2479-6225-2b24-731900000000}", "LogonId": "0x000000001973242b", "TerminalSessionId": "8", "IntegrityLevel": "Medium", "Hashes": "MD5=8A2122E8162DBEF04694B9C3E0B6CDEE,SHA256=B99D61D874728EDC0918CA0EB10EAB93D381E7367E377406E65963366C874450,IMPHASH=272245E2988E1E430500B852C4FB5E18", "ParentProcessGuid": "{7590a8e8-0fff-6229-d863-000000003000}", "ParentProcessId": "14552", "ParentImage": "C:\\Users\\Annie\\anaconda3\\python.exe", "ParentCommandLine": "C:\\Users\\Annie\\anaconda3\\python.exe C:\\Users\\Annie\\Downloads\\viz-attackhost-master\\viz-attackhost-master\\app.py", "ParentUser": "MSI\\Annie"}}
{"Record": "150", "System": {"EventID": "22", "Version": "5", "Level": "4", "Task": "22", "Opcode": "0", "Keywords": "0x8000000000000000", "TimeCreated": {"SystemTime": "2022-03-09 20:37:20.653618"}, "EventRecordID": "586674", "Correlation": {"ActivityID": "", "RealatedActivityID": ""}, "Execution": {"ProcessID": "4832", "ThreadID": "6988"}, "Channel": "Microsoft-Windows-Sysmon/Operational", "Computer": "MSI", "Security": {"UserID": "S-1-5-18"}}, "Event Data": {"RuleName": "-", "UtcTime": "2022-03-09 20:38:58.139", "ProcessGuid": "{7590a8e8-0baa-6229-7662-000000003000}", "ProcessId": "25392", "QueryName": "2022-03-09 20:38:58.139", "QueryStatus": "{7590a8e8-0baa-6229-7662-000000003000}", "QueryResults": "25392", "Image": "C:\\Program Files\\Google\\Chrome\\Application\\chrome.exe", "User": "MSI\\Annie"}}
{"Record": "151", "System": {"EventID": "5", "Version": "3", "Level": "4", "Task": "5", "Opcode": "0", "Keywords": "0x8000000000000000", "TimeCreated": {"SystemTime": "2022-03-09 20:37:22.504009"}, "EventRecordID": "586675", "Correlation": {"ActivityID": "", "RealatedActivityID": ""}, "Execution": {"ProcessID": "4832", "ThreadID": "6964"}, "Channel": "Microsoft-Windows-Sysmon/Operational", "Computer": "MSI", "Security": {"UserID": "S-1-5-18"}}, "Event Data": {"RuleName": "-", "UtcTime": "2022-03-09 20:37:22.503", "ProcessGuid": "{7590a8e8-0fff-6229-d863-000000003000}", "ProcessId": "14552", "Image": "C:\\Users\\Annie\\anaconda3\\python.exe", "User": "MSI\\Annie"}}
{"Record": "152", "System": {"EventID": "1", "Version": "5", "Level": "4", "Task": "1", "Opcode": "0", "Keywords": "0x8000000000000000", "TimeCreated": {"SystemTime": "2022-03-09 20:37:22.525957"}, "EventRecordID": "586676", "Correlation": {"ActivityID": "", "RealatedActivityID": ""}, "Execution": {"ProcessID": "4832", "ThreadID": "6964"}, "Channel": "Microsoft-Windows-Sysmon/Operational", "Computer": "MSI", "Security": {"UserID": "S-1-5-18"}}, "Event Data": {"RuleName": "-", "UtcTime": "2022-03-09 20:37:22.521", "ProcessGuid": "{7590a8e8-1002-6229-da63-000000003000}", "ProcessId": "6984", "Image": "C:\\Users\\Annie\\anaconda3\\python.exe", "FileVersion": "3.9.7", "Description": "Python", "Product": "Python", "Company": "Python Software Foundation", "OriginalFileName": "python.exe", "CommandLine": "C:\\Users\\Annie\\anaconda3\\python.exe C:\\Users\\Annie\\Downloads\\viz-attackhost-master\\viz-attackhost-master\\app.py", "CurrentDirectory": "C:\\Users\\Annie\\Downloads\\viz-attackhost-master\\viz-attackhost-master\\", "User": "MSI\\Annie", "LogonGuid": "{7590a8e8-2479-6225-2b24-731900000000}", "LogonId": "0x000000001973242b", "TerminalSessionId": "8", "IntegrityLevel": "Medium", "Hashes": "MD5=47A897993A91B040CBF92ECBD31D01DD,SHA256=A1685CA0F56367B7CA3E8BF1BCBDD3A326F5E8E20C8743BF3108586F0AAFF384,IMPHASH=4BC0A3ABF3DE8784C2872F64590173E9", "ParentProcessGuid": "{7590a8e8-0ed8-6229-4663-000000003000}", "ParentProcessId": "11340", "ParentImage": "C:\\Users\\Annie\\anaconda3\\python.exe", "ParentCommandLine": "C:\\Users\\Annie\\anaconda3\\python.exe  C:\\Users\\Annie\\Downloads\\viz-attackhost-master\\viz-attackhost-master\\app.py ", "ParentUser": "MSI\\Annie"}}
{"Record": "153", "System": {"EventID": "1", "Version": "5", "Level": "4", "Task": "1", "Opcode": "0", "Keywords": "0x8000000000000000", "TimeCreated": {"SystemTime": "2022-03-09 20:37:23.193951"}, "EventRecordID": "586677", "Correlation": {"ActivityID": "", "RealatedActivityID": ""}, "Execution": {"ProcessID": "4832", "ThreadID": "6964"}, "Channel": "Microsoft-Windows-Sysmon/Operational", "Computer": "MSI", "Security": {"UserID": "S-1-5-18"}}, "Event Data": {"RuleName": "-", "UtcTime": "2022-03-09 20:37:23.189", "ProcessGuid": "{7590a8e8-1003-6229-db63-000000003000}", "ProcessId": "30664", "Image": "C:\\Windows\\System32\\cmd.exe", "FileVersion": "10.0.19041.746 (WinBuild.160101.0800)", "Description": "Windows Command Processor", "Product": "Microsoft&#174; Windows&#174; Operating System", "Company": "Microsoft Corporation", "OriginalFileName": "Cmd.Exe", "CommandLine": "C:\\Windows\\system32\\cmd.exe /c \"ver\"", "CurrentDirectory": "C:\\Users\\Annie\\Downloads\\viz-attackhost-master\\viz-attackhost-master\\", "User": "MSI\\Annie", "LogonGuid": "{7590a8e8-2479-6225-2b24-731900000000}", "LogonId": "0x000000001973242b", "TerminalSessionId": "8", "IntegrityLevel": "Medium", "Hashes": "MD5=8A2122E8162DBEF04694B9C3E0B6CDEE,SHA256=B99D61D874728EDC0918CA0EB10EAB93D381E7367E377406E65963366C874450,IMPHASH=272245E2988E1E430500B852C4FB5E18", "ParentProcessGuid": "{7590a8e8-1002-6229-da63-000000003000}", "ParentProcessId": "6984", "ParentImage": "C:\\Users\\Annie\\anaconda3\\python.exe", "ParentCommandLine": "C:\\Users\\Annie\\anaconda3\\python.exe C:\\Users\\Annie\\Downloads\\viz-attackhost-master\\viz-attackhost-master\\app.py", "ParentUser": "MSI\\Annie"}}
{"Record": "154", "System": {"EventID": "5", "Version": "3", "Level": "4", "Task": "5", "Opcode": "0", "Keywords": "0x8000000000000000", "TimeCreated": {"SystemTime": "2022-03-09 20:37:25.410023"}, "EventRecordID": "586678", "Correlation": {"ActivityID": "", "RealatedActivityID": ""}, "Execution": {"ProcessID": "4832", "ThreadID": "6964"}, "Channel": "Microsoft-Windows-Sysmon/Operational", "Computer": "MSI", "Security": {"UserID": "S-1-5-18"}}, "Event Data": {"RuleName": "-", "UtcTime": "2022-03-09 20:37:25.409", "ProcessGuid": "{7590a8e8-1002-6229-da63-000000003000}", "ProcessId": "6984", "Image": "C:\\Users\\Annie\\anaconda3\\python.exe", "User": "MSI\\Annie"}}
{"Record": "155", "System": {"EventID": "1", "Version": "5", "Level": "4", "Task": "1", "Opcode": "0", "Keywords": "0x8000000000000000", "TimeCreated": {"SystemTime": "2022-03-09 20:37:25.432762"}, "EventRecordID": "586679", "Correlation": {"ActivityID": "", "RealatedActivityID": ""}, "Execution": {"ProcessID": "4832", "ThreadID": "6964"}, "Channel": "Microsoft-Windows-Sysmon/Operational", "Computer": "MSI", "Security": {"UserID": "S-1-5-18"}}, "Event Data": {"RuleName": "-", "UtcTime": "2022-03-09 20:37:25.428", "ProcessGuid": "{7590a8e8-1005-6229-de63-000000003000}", "ProcessId": "17656", "Image": "C:\\Users\\Annie\\anaconda3\\python.exe", "FileVersion": "3.9.7", "Description": "Python", "Product": "Python", "Company": "Python Software Foundation", "OriginalFileName": "python.exe", "CommandLine": "C:\\Users\\Annie\\anaconda3\\python.exe C:\\Users\\Annie\\Downloads\\viz-attackhost-master\\viz-attackhost-master\\app.py", "CurrentDirectory": "C:\\Users\\Annie\\Downloads\\viz-attackhost-master\\viz-attackhost-master\\", "User": "MSI\\Annie", "LogonGuid": "{7590a8e8-2479-6225-2b24-731900000000}", "LogonId": "0x000000001973242b", "TerminalSessionId": "8", "IntegrityLevel": "Medium", "Hashes": "MD5=47A897993A91B040CBF92ECBD31D01DD,SHA256=A1685CA0F56367B7CA3E8BF1BCBDD3A326F5E8E20C8743BF3108586F0AAFF384,IMPHASH=4BC0A3ABF3DE8784C2872F64590173E9", "ParentProcessGuid": "{7590a8e8-0ed8-6229-4663-000000003000}", "ParentProcessId": "11340", "ParentImage": "C:\\Users\\Annie\\anaconda3\\python.exe", "ParentCommandLine": "C:\\Users\\Annie\\anaconda3\\python.exe  C:\\Users\\Annie\\Downloads\\viz-attackhost-master\\viz-attackhost-master\\app.py ", "ParentUser": "MSI\\Annie"}}
{"Record": "156", "System": {"EventID": "1", "Version": "5", "Level": "4", "Task": "1", "Opcode": "0", "Keywords": "0x8000000000000000", "TimeCreated": {"SystemTime": "2022-03-09 20:37:26.040602"}, "EventRecordID": "586680", "Correlation": {"ActivityID": "", "RealatedActivityID": ""}, "Execution": {"ProcessID": "4832", "ThreadID": "6964"}, "Channel": "Microsoft-Windows-Sysmon/Operational", "Computer": "MSI", "Security": {"UserID": "S-1-5-18"}}, "Event Data": {"RuleName": "-", "UtcTime": "2022-03-09 20:37:26.035", "ProcessGuid": "{7590a8e8-1006-6229-df63-000000003000}", "ProcessId": "28184", "Image": "C:\\Windows\\System32\\cmd.exe", "FileVersion": "10.0.19041.746 (WinBuild.160101.0800)", "Description": "Windows Command Processor", "Product": "Microsoft&#174; Windows&#174; Operating System", "Company": "Microsoft Corporation", "OriginalFileName": "Cmd.Exe", "CommandLine": "C:\\Windows\\system32\\cmd.exe /c \"ver\"", "CurrentDirectory": "C:\\Users\\Annie\\Downloads\\viz-attackhost-master\\viz-attackhost-master\\", "User": "MSI\\Annie", "LogonGuid": "{7590a8e8-2479-6225-2b24-731900000000}", "LogonId": "0x000000001973242b", "TerminalSessionId": "8", "IntegrityLevel": "Medium", "Hashes": "MD5=8A2122E8162DBEF04694B9C3E0B6CDEE,SHA256=B99D61D874728EDC0918CA0EB10EAB93D381E7367E377406E65963366C874450,IMPHASH=272245E2988E1E430500B852C4FB5E18", "ParentProcessGuid": "{7590a8e8-1005-6229-de63-000000003000}", "ParentProcessId": "17656", "ParentImage": "C:\\Users\\Annie\\anaconda3\\python.exe", "ParentCommandLine": "C:\\Users\\Annie\\anaconda3\\python.exe C:\\Users\\Annie\\Downloads\\viz-attackhost-master\\viz-attackhost-master\\app.py", "ParentUser": "MSI\\Annie"}}
{"Record": "157", "System": {"EventID": "5", "Version": "3", "Level": "4", "Task": "5", "Opcode": "0", "Keywords": "0x8000000000000000", "TimeCreated": {"SystemTime": "2022-03-09 20:37:28.092096"}, "EventRecordID": "586681", "Correlation": {"ActivityID": "", "RealatedActivityID": ""}, "Execution": {"ProcessID": "4832", "ThreadID": "6964"}, "Channel": "Microsoft-Windows-Sysmon/Operational", "Computer": "MSI", "Security": {"UserID": "S-1-5-18"}}, "Event Data": {"RuleName": "-", "UtcTime": "2022-03-09 20:37:28.091", "ProcessGuid": "{7590a8e8-1005-6229-de63-000000003000}", "ProcessId": "17656", "Image": "C:\\Users\\Annie\\anaconda3\\python.exe", "User": "MSI\\Annie"}}
{"Record": "158", "System": {"EventID": "1", "Version": "5", "Level": "4", "Task": "1", "Opcode": "0", "Keywords": "0x8000000000000000", "TimeCreated": {"SystemTime": "2022-03-09 20:37:28.114025"}, "EventRecordID": "586682", "Correlation": {"ActivityID": "", "RealatedActivityID": ""}, "Execution": {"ProcessID": "4832", "ThreadID": "6964"}, "Channel": "Microsoft-Windows-Sysmon/Operational", "Computer": "MSI", "Security": {"UserID": "S-1-5-18"}}, "Event Data": {"RuleName": "-", "UtcTime": "2022-03-09 20:37:28.109", "ProcessGuid": "{7590a8e8-1008-6229-e063-000000003000}", "ProcessId": "28872", "Image": "C:\\Users\\Annie\\anaconda3\\python.exe", "FileVersion": "3.9.7", "Description": "Python", "Product": "Python", "Company": "Python Software Foundation", "OriginalFileName": "python.exe", "CommandLine": "C:\\Users\\Annie\\anaconda3\\python.exe C:\\Users\\Annie\\Downloads\\viz-attackhost-master\\viz-attackhost-master\\app.py", "CurrentDirectory": "C:\\Users\\Annie\\Downloads\\viz-attackhost-master\\viz-attackhost-master\\", "User": "MSI\\Annie", "LogonGuid": "{7590a8e8-2479-6225-2b24-731900000000}", "LogonId": "0x000000001973242b", "TerminalSessionId": "8", "IntegrityLevel": "Medium", "Hashes": "MD5=47A897993A91B040CBF92ECBD31D01DD,SHA256=A1685CA0F56367B7CA3E8BF1BCBDD3A326F5E8E20C8743BF3108586F0AAFF384,IMPHASH=4BC0A3ABF3DE8784C2872F64590173E9", "ParentProcessGuid": "{7590a8e8-0ed8-6229-4663-000000003000}", "ParentProcessId": "11340", "ParentImage": "C:\\Users\\Annie\\anaconda3\\python.exe", "ParentCommandLine": "C:\\Users\\Annie\\anaconda3\\python.exe  C:\\Users\\Annie\\Downloads\\viz-attackhost-master\\viz-attackhost-master\\app.py ", "ParentUser": "MSI\\Annie"}}
{"Record": "159", "System": {"EventID": "1", "Version": "5", "Level": "4", "Task": "1", "Opcode": "0", "Keywords": "0x8000000000000000", "TimeCreated": {"SystemTime": "2022-03-09 20:37:28.716143"}, "EventRecordID": "586683", "Correlation": {"ActivityID": "", "RealatedActivityID": ""}, "Execution": {"ProcessID": "4832", "ThreadID": "6964"}, "Channel": "Microsoft-Windows-Sysmon/Operational", "Computer": "MSI", "Security": {"UserID": "S-1-5-18"}}, "Event Data": {"RuleName": "-", "UtcTime": "2022-03-09 20:37:28.711", "ProcessGuid": "{7590a8e8-1008-6229-e163-000000003000}", "ProcessId": "9196", "Image": "C:\\Windows\\System32\\cmd.exe", "FileVersion": "10.0.19041.746 (WinBuild.160101.0800)", "Description": "Windows Command Processor", "Product": "Microsoft&#174; Windows&#174; Operating System", "Company": "Microsoft Corporation", "OriginalFileName": "Cmd.Exe", "CommandLine": "C:\\Windows\\system32\\cmd.exe /c \"ver\"", "CurrentDirectory": "C:\\Users\\Annie\\Downloads\\viz-attackhost-master\\viz-attackhost-master\\", "User": "MSI\\Annie", "LogonGuid": "{7590a8e8-2479-6225-2b24-731900000000}", "LogonId": "0x000000001973242b", "TerminalSessionId": "8", "IntegrityLevel": "Medium", "Hashes": "MD5=8A2122E8162DBEF04694B9C3E0B6CDEE,SHA256=B99D61D874728EDC0918CA0EB10EAB93D381E7367E377406E65963366C874450,IMPHASH=272245E2988E1E430500B852C4FB5E18", "ParentProcessGuid": "{7590a8e8-1008-6229-e063-000000003000}", "ParentProcessId": "28872", "ParentImage": "C:\\Users\\Annie\\anaconda3\\python.exe", "ParentCommandLine": "C:\\Users\\Annie\\anaconda3\\python.exe C:\\Users\\Annie\\Downloads\\viz-attackhost-master\\viz-attackhost-master\\app.py", "ParentUser": "MSI\\Annie"}}
{"Record": "160", "System": {"EventID": "5", "Version": "3", "Level": "4", "Task": "5", "Opcode": "0", "Keywords": "0x8000000000000000", "TimeCreated": {"SystemTime": "2022-03-09 20:37:29.891115"}, "EventRecordID": "586684", "Correlation": {"ActivityID": "", "RealatedActivityID": ""}, "Execution": {"ProcessID": "4832", "ThreadID": "6964"}, "Channel": "Microsoft-Windows-Sysmon/Operational", "Computer": "MSI", "Security": {"UserID": "S-1-5-18"}}, "Event Data": {"RuleName": "-", "UtcTime": "2022-03-09 20:37:29.890", "ProcessGuid": "{7590a8e8-1008-6229-e063-000000003000}", "ProcessId": "28872", "Image": "C:\\Users\\Annie\\anaconda3\\python.exe", "User": "MSI\\Annie"}}
{"Record": "161", "System": {"EventID": "5", "Version": "3", "Level": "4", "Task": "5", "Opcode": "0", "Keywords": "0x8000000000000000", "TimeCreated": {"SystemTime": "2022-03-09 20:37:30.009506"}, "EventRecordID": "586685", "Correlation": {"ActivityID": "", "RealatedActivityID": ""}, "Execution": {"ProcessID": "4832", "ThreadID": "6964"}, "Channel": "Microsoft-Windows-Sysmon/Operational", "Computer": "MSI", "Security": {"UserID": "S-1-5-18"}}, "Event Data": {"RuleName": "-", "UtcTime": "2022-03-09 20:37:30.008", "ProcessGuid": "{7590a8e8-0ed8-6229-4663-000000003000}", "ProcessId": "11340", "Image": "C:\\Users\\Annie\\anaconda3\\python.exe", "User": "MSI\\Annie"}}
{"Record": "162", "System": {"EventID": "1", "Version": "5", "Level": "4", "Task": "1", "Opcode": "0", "Keywords": "0x8000000000000000", "TimeCreated": {"SystemTime": "2022-03-09 20:37:40.705557"}, "EventRecordID": "586686", "Correlation": {"ActivityID": "", "RealatedActivityID": ""}, "Execution": {"ProcessID": "4832", "ThreadID": "6964"}, "Channel": "Microsoft-Windows-Sysmon/Operational", "Computer": "MSI", "Security": {"UserID": "S-1-5-18"}}, "Event Data": {"RuleName": "-", "UtcTime": "2022-03-09 20:37:40.701", "ProcessGuid": "{7590a8e8-1014-6229-e263-000000003000}", "ProcessId": "24680", "Image": "C:\\Program Files (x86)\\Microsoft\\Edge\\Application\\msedge.exe", "FileVersion": "99.0.1150.36", "Description": "Microsoft Edge", "Product": "Microsoft Edge", "Company": "Microsoft Corporation", "OriginalFileName": "msedge.exe", "CommandLine": "\"C:\\Program Files (x86)\\Microsoft\\Edge\\Application\\msedge.exe\" --type=renderer --disable-client-side-phishing-detection --display-capture-permissions-policy-allowed --lang=en-US --device-scale-factor=1.5 --num-raster-threads=4 --enable-main-frame-before-activation --renderer-client-id=50 --launch-time-ticks=1949798896699 --mojo-platform-channel-handle=8544 --field-trial-handle=2196,i,9065231904517789391,12241652457674906924,131072 /prefetch:1", "CurrentDirectory": "C:\\Program Files (x86)\\Microsoft\\Edge\\Application\\99.0.1150.36\\", "User": "MSI\\Annie", "LogonGuid": "{7590a8e8-2479-6225-2b24-731900000000}", "LogonId": "0x000000001973242b", "TerminalSessionId": "8", "IntegrityLevel": "Low", "Hashes": "MD5=9C2932757B77876D1AED7A7B1723388D,SHA256=7882F1A15F178BA0BAD44671A15BF547C0FD09D32A27959758CC1F23BEAA7ED4,IMPHASH=61D771CB7F77BBF9FAF14A79750BFB4E", "ParentProcessGuid": "{7590a8e8-0ee3-6229-4e63-000000003000}", "ParentProcessId": "23644", "ParentImage": "C:\\Program Files (x86)\\Microsoft\\Edge\\Application\\msedge.exe", "ParentCommandLine": "\"C:\\Program Files (x86)\\Microsoft\\Edge\\Application\\msedge.exe\" --profile-directory=Default", "ParentUser": "MSI\\Annie"}}
{"Record": "163", "System": {"EventID": "22", "Version": "5", "Level": "4", "Task": "22", "Opcode": "0", "Keywords": "0x8000000000000000", "TimeCreated": {"SystemTime": "2022-03-09 20:37:41.478798"}, "EventRecordID": "586687", "Correlation": {"ActivityID": "", "RealatedActivityID": ""}, "Execution": {"ProcessID": "4832", "ThreadID": "6988"}, "Channel": "Microsoft-Windows-Sysmon/Operational", "Computer": "MSI", "Security": {"UserID": "S-1-5-18"}}, "Event Data": {"RuleName": "-", "UtcTime": "2022-03-09 20:39:18.019", "ProcessGuid": "{7590a8e8-0baa-6229-7662-000000003000}", "ProcessId": "25392", "QueryName": "2022-03-09 20:39:18.019", "QueryStatus": "{7590a8e8-0baa-6229-7662-000000003000}", "QueryResults": "25392", "Image": "C:\\Program Files\\Google\\Chrome\\Application\\chrome.exe", "User": "MSI\\Annie"}}
{"Record": "164", "System": {"EventID": "13", "Version": "2", "Level": "4", "Task": "13", "Opcode": "0", "Keywords": "0x8000000000000000", "TimeCreated": {"SystemTime": "2022-03-09 20:37:49.435917"}, "EventRecordID": "586688", "Correlation": {"ActivityID": "", "RealatedActivityID": ""}, "Execution": {"ProcessID": "4832", "ThreadID": "6964"}, "Channel": "Microsoft-Windows-Sysmon/Operational", "Computer": "MSI", "Security": {"UserID": "S-1-5-18"}}, "Event Data": {"RuleName": "InvDB", "EventType": "SetValue", "UtcTime": "2022-03-09 20:37:49.434", "ProcessGuid": "{7590a8e8-5032-620b-de00-000000003000}", "ProcessId": "10476", "Image": "C:\\Windows\\system32\\svchost.exe", "TargetObject": "HKU\\S-1-5-21-1171994212-2127204841-3399983368-1001\\SOFTWARE\\Microsoft\\Windows NT\\CurrentVersion\\AppCompatFlags\\Compatibility Assistant\\Store\\C:\\Program Files (x86)\\Microsoft\\Edge\\Application\\msedge.exe", "Details": "Binary Data", "User": "NT AUTHORITY\\SYSTEM"}}
{"Record": "165", "System": {"EventID": "22", "Version": "5", "Level": "4", "Task": "22", "Opcode": "0", "Keywords": "0x8000000000000000", "TimeCreated": {"SystemTime": "2022-03-09 20:37:53.148718"}, "EventRecordID": "586689", "Correlation": {"ActivityID": "", "RealatedActivityID": ""}, "Execution": {"ProcessID": "4832", "ThreadID": "6988"}, "Channel": "Microsoft-Windows-Sysmon/Operational", "Computer": "MSI", "Security": {"UserID": "S-1-5-18"}}, "Event Data": {"RuleName": "-", "UtcTime": "2022-03-09 20:39:29.707", "ProcessGuid": "{7590a8e8-0baa-6229-7662-000000003000}", "ProcessId": "25392", "QueryName": "2022-03-09 20:39:29.707", "QueryStatus": "{7590a8e8-0baa-6229-7662-000000003000}", "QueryResults": "25392", "Image": "C:\\Program Files\\Google\\Chrome\\Application\\chrome.exe", "User": "MSI\\Annie"}}
{"Record": "166", "System": {"EventID": "22", "Version": "5", "Level": "4", "Task": "22", "Opcode": "0", "Keywords": "0x8000000000000000", "TimeCreated": {"SystemTime": "2022-03-09 20:38:01.897356"}, "EventRecordID": "586690", "Correlation": {"ActivityID": "", "RealatedActivityID": ""}, "Execution": {"ProcessID": "4832", "ThreadID": "6988"}, "Channel": "Microsoft-Windows-Sysmon/Operational", "Computer": "MSI", "Security": {"UserID": "S-1-5-18"}}, "Event Data": {"RuleName": "-", "UtcTime": "2022-03-09 20:39:38.441", "ProcessGuid": "{7590a8e8-0baa-6229-7662-000000003000}", "ProcessId": "25392", "QueryName": "2022-03-09 20:39:38.441", "QueryStatus": "{7590a8e8-0baa-6229-7662-000000003000}", "QueryResults": "25392", "Image": "C:\\Program Files\\Google\\Chrome\\Application\\chrome.exe", "User": "MSI\\Annie"}}
{"Record": "167", "System": {"EventID": "22", "Version": "5", "Level": "4", "Task": "22", "Opcode": "0", "Keywords": "0x8000000000000000", "TimeCreated": {"SystemTime": "2022-03-09 20:38:01.897501"}, "EventRecordID": "586691", "Correlation": {"ActivityID": "", "RealatedActivityID": ""}, "Execution": {"ProcessID": "4832", "ThreadID": "6988"}, "Channel": "Microsoft-Windows-Sysmon/Operational", "Computer": "MSI", "Security": {"UserID": "S-1-5-18"}}, "Event Data": {"RuleName": "-", "UtcTime": "2022-03-09 20:39:38.469", "ProcessGuid": "{7590a8e8-0baa-6229-7662-000000003000}", "ProcessId": "25392", "QueryName": "2022-03-09 20:39:38.469", "QueryStatus": "{7590a8e8-0baa-6229-7662-000000003000}", "QueryResults": "25392", "Image": "C:\\Program Files\\Google\\Chrome\\Application\\chrome.exe", "User": "MSI\\Annie"}}
{"Record": "168", "System": {"EventID": "1", "Version": "5", "Level": "4", "Task": "1", "Opcode": "0", "Keywords": "0x8000000000000000", "TimeCreated": {"SystemTime": "2022-03-09 20:38:12.689312"}, "EventRecordID": "586692", "Correlation": {"ActivityID": "", "RealatedActivityID": ""}, "Execution": {"ProcessID": "4832", "ThreadID": "6964"}, "Channel": "Microsoft-Windows-Sysmon/Operational", "Computer": "MSI", "Security": {"UserID": "S-1-5-18"}}, "Event Data": {"RuleName": "-", "UtcTime": "2022-03-09 20:38:12.684", "ProcessGuid": "{7590a8e8-1034-6229-e863-000000003000}", "ProcessId": "21980", "Image": "C:\\Windows\\System32\\cmd.exe", "FileVersion": "10.0.19041.746 (WinBuild.160101.0800)", "Description": "Windows Command Processor", "Product": "Microsoft&#174; Windows&#174; Operating System", "Company": "Microsoft Corporation", "OriginalFileName": "Cmd.Exe", "CommandLine": "\"C:\\Windows\\system32\\cmd.exe\" /c \"C:\\Users\\Annie\\anaconda3\\python.exe C:\\Users\\Annie\\Downloads\\viz-attackhost-master\\viz-attackhost-master\\app.py\" &amp; pause", "CurrentDirectory": "C:\\Users\\Annie\\Downloads\\viz-attackhost-master\\viz-attackhost-master\\", "User": "MSI\\Annie", "LogonGuid": "{7590a8e8-2479-6225-2b24-731900000000}", "LogonId": "0x000000001973242b", "TerminalSessionId": "8", "IntegrityLevel": "Medium", "Hashes": "MD5=8A2122E8162DBEF04694B9C3E0B6CDEE,SHA256=B99D61D874728EDC0918CA0EB10EAB93D381E7367E377406E65963366C874450,IMPHASH=272245E2988E1E430500B852C4FB5E18", "ParentProcessGuid": "{7590a8e8-0b7d-6229-5962-000000003000}", "ParentProcessId": "27016", "ParentImage": "C:\\Program Files\\Microsoft Visual Studio\\2022\\Community\\Common7\\IDE\\devenv.exe", "ParentCommandLine": "\"C:\\Program Files\\Microsoft Visual Studio\\2022\\Community\\Common7\\IDE\\devenv.exe\" ", "ParentUser": "MSI\\Annie"}}
{"Record": "169", "System": {"EventID": "1", "Version": "5", "Level": "4", "Task": "1", "Opcode": "0", "Keywords": "0x8000000000000000", "TimeCreated": {"SystemTime": "2022-03-09 20:38:13.031435"}, "EventRecordID": "586693", "Correlation": {"ActivityID": "", "RealatedActivityID": ""}, "Execution": {"ProcessID": "4832", "ThreadID": "6964"}, "Channel": "Microsoft-Windows-Sysmon/Operational", "Computer": "MSI", "Security": {"UserID": "S-1-5-18"}}, "Event Data": {"RuleName": "-", "UtcTime": "2022-03-09 20:38:13.026", "ProcessGuid": "{7590a8e8-1035-6229-eb63-000000003000}", "ProcessId": "28248", "Image": "C:\\Users\\Annie\\anaconda3\\python.exe", "FileVersion": "3.9.7", "Description": "Python", "Product": "Python", "Company": "Python Software Foundation", "OriginalFileName": "python.exe", "CommandLine": "C:\\Users\\Annie\\anaconda3\\python.exe  C:\\Users\\Annie\\Downloads\\viz-attackhost-master\\viz-attackhost-master\\app.py ", "CurrentDirectory": "C:\\Users\\Annie\\Downloads\\viz-attackhost-master\\viz-attackhost-master\\", "User": "MSI\\Annie", "LogonGuid": "{7590a8e8-2479-6225-2b24-731900000000}", "LogonId": "0x000000001973242b", "TerminalSessionId": "8", "IntegrityLevel": "Medium", "Hashes": "MD5=47A897993A91B040CBF92ECBD31D01DD,SHA256=A1685CA0F56367B7CA3E8BF1BCBDD3A326F5E8E20C8743BF3108586F0AAFF384,IMPHASH=4BC0A3ABF3DE8784C2872F64590173E9", "ParentProcessGuid": "{7590a8e8-1034-6229-e863-000000003000}", "ParentProcessId": "21980", "ParentImage": "C:\\Windows\\System32\\cmd.exe", "ParentCommandLine": "\"C:\\Windows\\system32\\cmd.exe\" /c \"C:\\Users\\Annie\\anaconda3\\python.exe C:\\Users\\Annie\\Downloads\\viz-attackhost-master\\viz-attackhost-master\\app.py\" &amp; pause", "ParentUser": "MSI\\Annie"}}
{"Record": "170", "System": {"EventID": "1", "Version": "5", "Level": "4", "Task": "1", "Opcode": "0", "Keywords": "0x8000000000000000", "TimeCreated": {"SystemTime": "2022-03-09 20:38:13.588997"}, "EventRecordID": "586694", "Correlation": {"ActivityID": "", "RealatedActivityID": ""}, "Execution": {"ProcessID": "4832", "ThreadID": "6964"}, "Channel": "Microsoft-Windows-Sysmon/Operational", "Computer": "MSI", "Security": {"UserID": "S-1-5-18"}}, "Event Data": {"RuleName": "-", "UtcTime": "2022-03-09 20:38:13.583", "ProcessGuid": "{7590a8e8-1035-6229-ec63-000000003000}", "ProcessId": "31668", "Image": "C:\\Windows\\System32\\cmd.exe", "FileVersion": "10.0.19041.746 (WinBuild.160101.0800)", "Description": "Windows Command Processor", "Product": "Microsoft&#174; Windows&#174; Operating System", "Company": "Microsoft Corporation", "OriginalFileName": "Cmd.Exe", "CommandLine": "C:\\Windows\\system32\\cmd.exe /c \"ver\"", "CurrentDirectory": "C:\\Users\\Annie\\Downloads\\viz-attackhost-master\\viz-attackhost-master\\", "User": "MSI\\Annie", "LogonGuid": "{7590a8e8-2479-6225-2b24-731900000000}", "LogonId": "0x000000001973242b", "TerminalSessionId": "8", "IntegrityLevel": "Medium", "Hashes": "MD5=8A2122E8162DBEF04694B9C3E0B6CDEE,SHA256=B99D61D874728EDC0918CA0EB10EAB93D381E7367E377406E65963366C874450,IMPHASH=272245E2988E1E430500B852C4FB5E18", "ParentProcessGuid": "{7590a8e8-1035-6229-eb63-000000003000}", "ParentProcessId": "28248", "ParentImage": "C:\\Users\\Annie\\anaconda3\\python.exe", "ParentCommandLine": "C:\\Users\\Annie\\anaconda3\\python.exe  C:\\Users\\Annie\\Downloads\\viz-attackhost-master\\viz-attackhost-master\\app.py ", "ParentUser": "MSI\\Annie"}}
{"Record": "171", "System": {"EventID": "1", "Version": "5", "Level": "4", "Task": "1", "Opcode": "0", "Keywords": "0x8000000000000000", "TimeCreated": {"SystemTime": "2022-03-09 20:38:14.297421"}, "EventRecordID": "586695", "Correlation": {"ActivityID": "", "RealatedActivityID": ""}, "Execution": {"ProcessID": "4832", "ThreadID": "6964"}, "Channel": "Microsoft-Windows-Sysmon/Operational", "Computer": "MSI", "Security": {"UserID": "S-1-5-18"}}, "Event Data": {"RuleName": "-", "UtcTime": "2022-03-09 20:38:14.293", "ProcessGuid": "{7590a8e8-1036-6229-ed63-000000003000}", "ProcessId": "25896", "Image": "C:\\Users\\Annie\\anaconda3\\python.exe", "FileVersion": "3.9.7", "Description": "Python", "Product": "Python", "Company": "Python Software Foundation", "OriginalFileName": "python.exe", "CommandLine": "C:\\Users\\Annie\\anaconda3\\python.exe C:\\Users\\Annie\\Downloads\\viz-attackhost-master\\viz-attackhost-master\\app.py", "CurrentDirectory": "C:\\Users\\Annie\\Downloads\\viz-attackhost-master\\viz-attackhost-master\\", "User": "MSI\\Annie", "LogonGuid": "{7590a8e8-2479-6225-2b24-731900000000}", "LogonId": "0x000000001973242b", "TerminalSessionId": "8", "IntegrityLevel": "Medium", "Hashes": "MD5=47A897993A91B040CBF92ECBD31D01DD,SHA256=A1685CA0F56367B7CA3E8BF1BCBDD3A326F5E8E20C8743BF3108586F0AAFF384,IMPHASH=4BC0A3ABF3DE8784C2872F64590173E9", "ParentProcessGuid": "{7590a8e8-1035-6229-eb63-000000003000}", "ParentProcessId": "28248", "ParentImage": "C:\\Users\\Annie\\anaconda3\\python.exe", "ParentCommandLine": "C:\\Users\\Annie\\anaconda3\\python.exe  C:\\Users\\Annie\\Downloads\\viz-attackhost-master\\viz-attackhost-master\\app.py ", "ParentUser": "MSI\\Annie"}}
{"Record": "172", "System": {"EventID": "1", "Version": "5", "Level": "4", "Task": "1", "Opcode": "0", "Keywords": "0x8000000000000000", "TimeCreated": {"SystemTime": "2022-03-09 20:38:14.833012"}, "EventRecordID": "586696", "Correlation": {"ActivityID": "", "RealatedActivityID": ""}, "Execution": {"ProcessID": "4832", "ThreadID": "6964"}, "Channel": "Microsoft-Windows-Sysmon/Operational", "Computer": "MSI", "Security": {"UserID": "S-1-5-18"}}, "Event Data": {"RuleName": "-", "UtcTime": "2022-03-09 20:38:14.828", "ProcessGuid": "{7590a8e8-1036-6229-ee63-000000003000}", "ProcessId": "6164", "Image": "C:\\Windows\\System32\\cmd.exe", "FileVersion": "10.0.19041.746 (WinBuild.160101.0800)", "Description": "Windows Command Processor", "Product": "Microsoft&#174; Windows&#174; Operating System", "Company": "Microsoft Corporation", "OriginalFileName": "Cmd.Exe", "CommandLine": "C:\\Windows\\system32\\cmd.exe /c \"ver\"", "CurrentDirectory": "C:\\Users\\Annie\\Downloads\\viz-attackhost-master\\viz-attackhost-master\\", "User": "MSI\\Annie", "LogonGuid": "{7590a8e8-2479-6225-2b24-731900000000}", "LogonId": "0x000000001973242b", "TerminalSessionId": "8", "IntegrityLevel": "Medium", "Hashes": "MD5=8A2122E8162DBEF04694B9C3E0B6CDEE,SHA256=B99D61D874728EDC0918CA0EB10EAB93D381E7367E377406E65963366C874450,IMPHASH=272245E2988E1E430500B852C4FB5E18", "ParentProcessGuid": "{7590a8e8-1036-6229-ed63-000000003000}", "ParentProcessId": "25896", "ParentImage": "C:\\Users\\Annie\\anaconda3\\python.exe", "ParentCommandLine": "C:\\Users\\Annie\\anaconda3\\python.exe C:\\Users\\Annie\\Downloads\\viz-attackhost-master\\viz-attackhost-master\\app.py", "ParentUser": "MSI\\Annie"}}
{"Record": "173", "System": {"EventID": "22", "Version": "5", "Level": "4", "Task": "22", "Opcode": "0", "Keywords": "0x8000000000000000", "TimeCreated": {"SystemTime": "2022-03-09 20:38:24.740734"}, "EventRecordID": "586697", "Correlation": {"ActivityID": "", "RealatedActivityID": ""}, "Execution": {"ProcessID": "4832", "ThreadID": "6988"}, "Channel": "Microsoft-Windows-Sysmon/Operational", "Computer": "MSI", "Security": {"UserID": "S-1-5-18"}}, "Event Data": {"RuleName": "-", "UtcTime": "2022-03-09 20:40:01.393", "ProcessGuid": "{7590a8e8-0baa-6229-7662-000000003000}", "ProcessId": "25392", "QueryName": "2022-03-09 20:40:01.393", "QueryStatus": "{7590a8e8-0baa-6229-7662-000000003000}", "QueryResults": "25392", "Image": "C:\\Program Files\\Google\\Chrome\\Application\\chrome.exe", "User": "MSI\\Annie"}}
{"Record": "174", "System": {"EventID": "1", "Version": "5", "Level": "4", "Task": "1", "Opcode": "0", "Keywords": "0x8000000000000000", "TimeCreated": {"SystemTime": "2022-03-09 20:38:33.259727"}, "EventRecordID": "586698", "Correlation": {"ActivityID": "", "RealatedActivityID": ""}, "Execution": {"ProcessID": "4832", "ThreadID": "6964"}, "Channel": "Microsoft-Windows-Sysmon/Operational", "Computer": "MSI", "Security": {"UserID": "S-1-5-18"}}, "Event Data": {"RuleName": "-", "UtcTime": "2022-03-09 20:38:33.254", "ProcessGuid": "{7590a8e8-1049-6229-f163-000000003000}", "ProcessId": "15716", "Image": "C:\\Windows\\System32\\WindowsPowerShell\\v1.0\\powershell.exe", "FileVersion": "10.0.19041.546 (WinBuild.160101.0800)", "Description": "Windows PowerShell", "Product": "Microsoft&#174; Windows&#174; Operating System", "Company": "Microsoft Corporation", "OriginalFileName": "PowerShell.EXE", "CommandLine": "powershell.exe \"C:/Users/Annie/Downloads/viz-attackhost-master/viz-attackhost-master/powershell/Attack-Script-T1010_1.ps1 C:/Users/Annie/Downloads/viz-attackhost-master/viz-attackhost-master/data/output/AttackResults/Attack-T1010_1-1.out\"", "CurrentDirectory": "C:\\Users\\Annie\\Downloads\\viz-attackhost-master\\viz-attackhost-master\\", "User": "MSI\\Annie", "LogonGuid": "{7590a8e8-2479-6225-2b24-731900000000}", "LogonId": "0x000000001973242b", "TerminalSessionId": "8", "IntegrityLevel": "Medium", "Hashes": "MD5=04029E121A0CFA5991749937DD22A1D9,SHA256=9F914D42706FE215501044ACD85A32D58AAEF1419D404FDDFA5D3B48F66CCD9F,IMPHASH=7C955A0ABC747F57CCC4324480737EF7", "ParentProcessGuid": "{7590a8e8-1036-6229-ed63-000000003000}", "ParentProcessId": "25896", "ParentImage": "C:\\Users\\Annie\\anaconda3\\python.exe", "ParentCommandLine": "C:\\Users\\Annie\\anaconda3\\python.exe C:\\Users\\Annie\\Downloads\\viz-attackhost-master\\viz-attackhost-master\\app.py", "ParentUser": "MSI\\Annie"}}
{"Record": "175", "System": {"EventID": "11", "Version": "2", "Level": "4", "Task": "11", "Opcode": "0", "Keywords": "0x8000000000000000", "TimeCreated": {"SystemTime": "2022-03-09 20:38:33.429045"}, "EventRecordID": "586699", "Correlation": {"ActivityID": "", "RealatedActivityID": ""}, "Execution": {"ProcessID": "4832", "ThreadID": "6964"}, "Channel": "Microsoft-Windows-Sysmon/Operational", "Computer": "MSI", "Security": {"UserID": "S-1-5-18"}}, "Event Data": {"RuleName": "-", "UtcTime": "2022-03-09 20:38:33.428", "ProcessGuid": "{7590a8e8-1049-6229-f163-000000003000}", "ProcessId": "15716", "Image": "C:\\Windows\\System32\\WindowsPowerShell\\v1.0\\powershell.exe", "TargetFilename": "C:\\Users\\Annie\\AppData\\Local\\Temp\\__PSScriptPolicyTest_ahigjoqh.sqn.ps1", "CreationUtcTime": "2022-03-09 20:38:33.428", "User": "MSI\\Annie"}}
{"Record": "176", "System": {"EventID": "22", "Version": "5", "Level": "4", "Task": "22", "Opcode": "0", "Keywords": "0x8000000000000000", "TimeCreated": {"SystemTime": "2022-03-09 20:38:42.243849"}, "EventRecordID": "586700", "Correlation": {"ActivityID": "", "RealatedActivityID": ""}, "Execution": {"ProcessID": "4832", "ThreadID": "6988"}, "Channel": "Microsoft-Windows-Sysmon/Operational", "Computer": "MSI", "Security": {"UserID": "S-1-5-18"}}, "Event Data": {"RuleName": "-", "UtcTime": "2022-03-09 20:40:17.792", "ProcessGuid": "{7590a8e8-0baa-6229-7662-000000003000}", "ProcessId": "25392", "QueryName": "2022-03-09 20:40:17.792", "QueryStatus": "{7590a8e8-0baa-6229-7662-000000003000}", "QueryResults": "25392", "Image": "C:\\Program Files\\Google\\Chrome\\Application\\chrome.exe", "User": "MSI\\Annie"}}
{"Record": "177", "System": {"EventID": "22", "Version": "5", "Level": "4", "Task": "22", "Opcode": "0", "Keywords": "0x8000000000000000", "TimeCreated": {"SystemTime": "2022-03-09 20:38:59.786444"}, "EventRecordID": "586701", "Correlation": {"ActivityID": "", "RealatedActivityID": ""}, "Execution": {"ProcessID": "4832", "ThreadID": "6988"}, "Channel": "Microsoft-Windows-Sysmon/Operational", "Computer": "MSI", "Security": {"UserID": "S-1-5-18"}}, "Event Data": {"RuleName": "-", "UtcTime": "2022-03-09 20:40:36.338", "ProcessGuid": "{7590a8e8-0baa-6229-7662-000000003000}", "ProcessId": "25392", "QueryName": "2022-03-09 20:40:36.338", "QueryStatus": "{7590a8e8-0baa-6229-7662-000000003000}", "QueryResults": "25392", "Image": "C:\\Program Files\\Google\\Chrome\\Application\\chrome.exe", "User": "MSI\\Annie"}}
{"Record": "178", "System": {"EventID": "11", "Version": "2", "Level": "4", "Task": "11", "Opcode": "0", "Keywords": "0x8000000000000000", "TimeCreated": {"SystemTime": "2022-03-09 20:39:10.354342"}, "EventRecordID": "586702", "Correlation": {"ActivityID": "", "RealatedActivityID": ""}, "Execution": {"ProcessID": "4832", "ThreadID": "6964"}, "Channel": "Microsoft-Windows-Sysmon/Operational", "Computer": "MSI", "Security": {"UserID": "S-1-5-18"}}, "Event Data": {"RuleName": "Downloads", "UtcTime": "2022-03-09 20:39:10.352", "ProcessGuid": "{7590a8e8-1049-6229-f163-000000003000}", "ProcessId": "15716", "Image": "C:\\Windows\\System32\\WindowsPowerShell\\v1.0\\powershell.exe", "TargetFilename": "C:\\Users\\Annie\\Downloads\\viz-attackhost-master\\viz-attackhost-master\\data\\output\\AttackResults\\Attack-T1010_1-1.out", "CreationUtcTime": "2022-03-09 20:39:10.352", "User": "MSI\\Annie"}}
{"Record": "179", "System": {"EventID": "1", "Version": "5", "Level": "4", "Task": "1", "Opcode": "0", "Keywords": "0x8000000000000000", "TimeCreated": {"SystemTime": "2022-03-09 20:39:10.377266"}, "EventRecordID": "586703", "Correlation": {"ActivityID": "", "RealatedActivityID": ""}, "Execution": {"ProcessID": "4832", "ThreadID": "6964"}, "Channel": "Microsoft-Windows-Sysmon/Operational", "Computer": "MSI", "Security": {"UserID": "S-1-5-18"}}, "Event Data": {"RuleName": "-", "UtcTime": "2022-03-09 20:39:10.373", "ProcessGuid": "{7590a8e8-106e-6229-f463-000000003000}", "ProcessId": "4496", "Image": "C:\\Windows\\System32\\cmd.exe", "FileVersion": "10.0.19041.746 (WinBuild.160101.0800)", "Description": "Windows Command Processor", "Product": "Microsoft&#174; Windows&#174; Operating System", "Company": "Microsoft Corporation", "OriginalFileName": "Cmd.Exe", "CommandLine": "\"C:\\Windows\\system32\\cmd.exe\" /c ", "CurrentDirectory": "C:\\Users\\Annie\\Downloads\\viz-attackhost-master\\viz-attackhost-master\\", "User": "MSI\\Annie", "LogonGuid": "{7590a8e8-2479-6225-2b24-731900000000}", "LogonId": "0x000000001973242b", "TerminalSessionId": "8", "IntegrityLevel": "Medium", "Hashes": "MD5=8A2122E8162DBEF04694B9C3E0B6CDEE,SHA256=B99D61D874728EDC0918CA0EB10EAB93D381E7367E377406E65963366C874450,IMPHASH=272245E2988E1E430500B852C4FB5E18", "ParentProcessGuid": "{7590a8e8-1049-6229-f163-000000003000}", "ParentProcessId": "15716", "ParentImage": "C:\\Windows\\System32\\WindowsPowerShell\\v1.0\\powershell.exe", "ParentCommandLine": "powershell.exe \"C:/Users/Annie/Downloads/viz-attackhost-master/viz-attackhost-master/powershell/Attack-Script-T1010_1.ps1 C:/Users/Annie/Downloads/viz-attackhost-master/viz-attackhost-master/data/output/AttackResults/Attack-T1010_1-1.out\"", "ParentUser": "MSI\\Annie"}}
{"Record": "180", "System": {"EventID": "11", "Version": "2", "Level": "4", "Task": "11", "Opcode": "0", "Keywords": "0x8000000000000000", "TimeCreated": {"SystemTime": "2022-03-09 20:39:10.464649"}, "EventRecordID": "586704", "Correlation": {"ActivityID": "", "RealatedActivityID": ""}, "Execution": {"ProcessID": "4832", "ThreadID": "6964"}, "Channel": "Microsoft-Windows-Sysmon/Operational", "Computer": "MSI", "Security": {"UserID": "S-1-5-18"}}, "Event Data": {"RuleName": "Downloads", "UtcTime": "2022-03-09 20:39:10.463", "ProcessGuid": "{7590a8e8-0b7d-6229-5962-000000003000}", "ProcessId": "27016", "Image": "C:\\Program Files\\Microsoft Visual Studio\\2022\\Community\\Common7\\IDE\\devenv.exe", "TargetFilename": "C:\\Users\\Annie\\Downloads\\viz-attackhost-master\\viz-attackhost-master\\.vs\\slnx.sqlite-journal", "CreationUtcTime": "2022-03-09 20:39:10.462", "User": "MSI\\Annie"}}
{"Record": "181", "System": {"EventID": "11", "Version": "2", "Level": "4", "Task": "11", "Opcode": "0", "Keywords": "0x8000000000000000", "TimeCreated": {"SystemTime": "2022-03-09 20:39:10.479443"}, "EventRecordID": "586705", "Correlation": {"ActivityID": "", "RealatedActivityID": ""}, "Execution": {"ProcessID": "4832", "ThreadID": "6964"}, "Channel": "Microsoft-Windows-Sysmon/Operational", "Computer": "MSI", "Security": {"UserID": "S-1-5-18"}}, "Event Data": {"RuleName": "Downloads", "UtcTime": "2022-03-09 20:39:10.478", "ProcessGuid": "{7590a8e8-0b7d-6229-5962-000000003000}", "ProcessId": "27016", "Image": "C:\\Program Files\\Microsoft Visual Studio\\2022\\Community\\Common7\\IDE\\devenv.exe", "TargetFilename": "C:\\Users\\Annie\\Downloads\\viz-attackhost-master\\viz-attackhost-master\\.vs\\slnx.sqlite-journal", "CreationUtcTime": "2022-03-09 20:39:10.462", "User": "MSI\\Annie"}}
