{"Record": "1", "System": {"EventID": "22", "Version": "5", "Level": "4", "Task": "22", "Opcode": "0", "Keywords": "0x8000000000000000", "TimeCreated": {"SystemTime": "2022-03-09 20:40:25.630571"}, "EventRecordID": "586709", "Correlation": {"ActivityID": "", "RealatedActivityID": ""}, "Execution": {"ProcessID": "4832", "ThreadID": "6988"}, "Channel": "Microsoft-Windows-Sysmon/Operational", "Computer": "MSI", "Security": {"UserID": "S-1-5-18"}}, "Event Data": {"RuleName": "-", "UtcTime": "2022-03-09 20:42:02.512", "ProcessGuid": "{7590a8e8-0baa-6229-7662-000000003000}", "ProcessId": "25392", "QueryName": "2022-03-09 20:42:02.512", "QueryStatus": "{7590a8e8-0baa-6229-7662-000000003000}", "QueryResults": "25392", "Image": "C:\\Program Files\\Google\\Chrome\\Application\\chrome.exe", "User": "MSI\\Annie"}}
{"Record": "2", "System": {"EventID": "22", "Version": "5", "Level": "4", "Task": "22", "Opcode": "0", "Keywords": "0x8000000000000000", "TimeCreated": {"SystemTime": "2022-03-09 20:40:25.630869"}, "EventRecordID": "586710", "Correlation": {"ActivityID": "", "RealatedActivityID": ""}, "Execution": {"ProcessID": "4832", "ThreadID": "6988"}, "Channel": "Microsoft-Windows-Sysmon/Operational", "Computer": "MSI", "Security": {"UserID": "S-1-5-18"}}, "Event Data": {"RuleName": "-", "UtcTime": "2022-03-09 20:42:02.576", "ProcessGuid": "{7590a8e8-0baa-6229-7662-000000003000}", "ProcessId": "25392", "QueryName": "2022-03-09 20:42:02.576", "QueryStatus": "{7590a8e8-0baa-6229-7662-000000003000}", "QueryResults": "25392", "Image": "C:\\Program Files\\Google\\Chrome\\Application\\chrome.exe", "User": "MSI\\Annie"}}
{"Record": "3", "System": {"EventID": "22", "Version": "5", "Level": "4", "Task": "22", "Opcode": "0", "Keywords": "0x8000000000000000", "TimeCreated": {"SystemTime": "2022-03-09 20:40:38.969381"}, "EventRecordID": "586711", "Correlation": {"ActivityID": "", "RealatedActivityID": ""}, "Execution": {"ProcessID": "4832", "ThreadID": "6988"}, "Channel": "Microsoft-Windows-Sysmon/Operational", "Computer": "MSI", "Security": {"UserID": "S-1-5-18"}}, "Event Data": {"RuleName": "-", "UtcTime": "2022-03-09 20:42:15.564", "ProcessGuid": "{7590a8e8-0baa-6229-7662-000000003000}", "ProcessId": "25392", "QueryName": "2022-03-09 20:42:15.564", "QueryStatus": "{7590a8e8-0baa-6229-7662-000000003000}", "QueryResults": "25392", "Image": "C:\\Program Files\\Google\\Chrome\\Application\\chrome.exe", "User": "MSI\\Annie"}}
{"Record": "4", "System": {"EventID": "1", "Version": "5", "Level": "4", "Task": "1", "Opcode": "0", "Keywords": "0x8000000000000000", "TimeCreated": {"SystemTime": "2022-03-09 20:40:44.699781"}, "EventRecordID": "586712", "Correlation": {"ActivityID": "", "RealatedActivityID": ""}, "Execution": {"ProcessID": "4832", "ThreadID": "6964"}, "Channel": "Microsoft-Windows-Sysmon/Operational", "Computer": "MSI", "Security": {"UserID": "S-1-5-18"}}, "Event Data": {"RuleName": "-", "UtcTime": "2022-03-09 20:40:44.694", "ProcessGuid": "{7590a8e8-10cc-6229-fa63-000000003000}", "ProcessId": "20464", "Image": "C:\\Windows\\System32\\WindowsPowerShell\\v1.0\\powershell.exe", "FileVersion": "10.0.19041.546 (WinBuild.160101.0800)", "Description": "Windows PowerShell", "Product": "Microsoft&#174; Windows&#174; Operating System", "Company": "Microsoft Corporation", "OriginalFileName": "PowerShell.EXE", "CommandLine": "powershell.exe \"C:/Users/Annie/Downloads/viz-attackhost-master/viz-attackhost-master/powershell/Attack-Script-T1012_1.ps1 C:/Users/Annie/Downloads/viz-attackhost-master/viz-attackhost-master/data/output/AttackResults/Attack-T1012_1-1.out\"", "CurrentDirectory": "C:\\Users\\Annie\\Downloads\\viz-attackhost-master\\viz-attackhost-master\\", "User": "MSI\\Annie", "LogonGuid": "{7590a8e8-2479-6225-2b24-731900000000}", "LogonId": "0x000000001973242b", "TerminalSessionId": "8", "IntegrityLevel": "Medium", "Hashes": "MD5=04029E121A0CFA5991749937DD22A1D9,SHA256=9F914D42706FE215501044ACD85A32D58AAEF1419D404FDDFA5D3B48F66CCD9F,IMPHASH=7C955A0ABC747F57CCC4324480737EF7", "ParentProcessGuid": "{7590a8e8-1036-6229-ed63-000000003000}", "ParentProcessId": "25896", "ParentImage": "C:\\Users\\Annie\\anaconda3\\python.exe", "ParentCommandLine": "C:\\Users\\Annie\\anaconda3\\python.exe C:\\Users\\Annie\\Downloads\\viz-attackhost-master\\viz-attackhost-master\\app.py", "ParentUser": "MSI\\Annie"}}
{"Record": "5", "System": {"EventID": "11", "Version": "2", "Level": "4", "Task": "11", "Opcode": "0", "Keywords": "0x8000000000000000", "TimeCreated": {"SystemTime": "2022-03-09 20:40:44.745169"}, "EventRecordID": "586713", "Correlation": {"ActivityID": "", "RealatedActivityID": ""}, "Execution": {"ProcessID": "4832", "ThreadID": "6964"}, "Channel": "Microsoft-Windows-Sysmon/Operational", "Computer": "MSI", "Security": {"UserID": "S-1-5-18"}}, "Event Data": {"RuleName": "Downloads", "UtcTime": "2022-03-09 20:40:44.744", "ProcessGuid": "{7590a8e8-0b7d-6229-5962-000000003000}", "ProcessId": "27016", "Image": "C:\\Program Files\\Microsoft Visual Studio\\2022\\Community\\Common7\\IDE\\devenv.exe", "TargetFilename": "C:\\Users\\Annie\\Downloads\\viz-attackhost-master\\viz-attackhost-master\\.vs\\slnx.sqlite-journal", "CreationUtcTime": "2022-03-09 20:40:44.743", "User": "MSI\\Annie"}}
{"Record": "6", "System": {"EventID": "11", "Version": "2", "Level": "4", "Task": "11", "Opcode": "0", "Keywords": "0x8000000000000000", "TimeCreated": {"SystemTime": "2022-03-09 20:40:44.894939"}, "EventRecordID": "586714", "Correlation": {"ActivityID": "", "RealatedActivityID": ""}, "Execution": {"ProcessID": "4832", "ThreadID": "6964"}, "Channel": "Microsoft-Windows-Sysmon/Operational", "Computer": "MSI", "Security": {"UserID": "S-1-5-18"}}, "Event Data": {"RuleName": "-", "UtcTime": "2022-03-09 20:40:44.893", "ProcessGuid": "{7590a8e8-10cc-6229-fa63-000000003000}", "ProcessId": "20464", "Image": "C:\\Windows\\System32\\WindowsPowerShell\\v1.0\\powershell.exe", "TargetFilename": "C:\\Users\\Annie\\AppData\\Local\\Temp\\__PSScriptPolicyTest_acqblnnf.eej.ps1", "CreationUtcTime": "2022-03-09 20:40:44.893", "User": "MSI\\Annie"}}
{"Record": "7", "System": {"EventID": "11", "Version": "2", "Level": "4", "Task": "11", "Opcode": "0", "Keywords": "0x8000000000000000", "TimeCreated": {"SystemTime": "2022-03-09 20:40:59.233788"}, "EventRecordID": "586715", "Correlation": {"ActivityID": "", "RealatedActivityID": ""}, "Execution": {"ProcessID": "4832", "ThreadID": "6964"}, "Channel": "Microsoft-Windows-Sysmon/Operational", "Computer": "MSI", "Security": {"UserID": "S-1-5-18"}}, "Event Data": {"RuleName": "Downloads", "UtcTime": "2022-03-09 20:40:59.232", "ProcessGuid": "{7590a8e8-10cc-6229-fa63-000000003000}", "ProcessId": "20464", "Image": "C:\\Windows\\System32\\WindowsPowerShell\\v1.0\\powershell.exe", "TargetFilename": "C:\\Users\\Annie\\Downloads\\viz-attackhost-master\\viz-attackhost-master\\data\\output\\AttackResults\\Attack-T1012_1-1.out", "CreationUtcTime": "2022-03-09 20:40:59.231", "User": "MSI\\Annie"}}
{"Record": "8", "System": {"EventID": "1", "Version": "5", "Level": "4", "Task": "1", "Opcode": "0", "Keywords": "0x8000000000000000", "TimeCreated": {"SystemTime": "2022-03-09 20:40:59.260942"}, "EventRecordID": "586716", "Correlation": {"ActivityID": "", "RealatedActivityID": ""}, "Execution": {"ProcessID": "4832", "ThreadID": "6964"}, "Channel": "Microsoft-Windows-Sysmon/Operational", "Computer": "MSI", "Security": {"UserID": "S-1-5-18"}}, "Event Data": {"RuleName": "-", "UtcTime": "2022-03-09 20:40:59.256", "ProcessGuid": "{7590a8e8-10db-6229-fb63-000000003000}", "ProcessId": "11912", "Image": "C:\\Windows\\System32\\cmd.exe", "FileVersion": "10.0.19041.746 (WinBuild.160101.0800)", "Description": "Windows Command Processor", "Product": "Microsoft&#174; Windows&#174; Operating System", "Company": "Microsoft Corporation", "OriginalFileName": "Cmd.Exe", "CommandLine": "\"C:\\Windows\\system32\\cmd.exe\" /c \"reg query HKLM\\Software\\Microsoft\\Windows\\CurrentVersion\\RunServicesOnce\"", "CurrentDirectory": "C:\\Users\\Annie\\Downloads\\viz-attackhost-master\\viz-attackhost-master\\", "User": "MSI\\Annie", "LogonGuid": "{7590a8e8-2479-6225-2b24-731900000000}", "LogonId": "0x000000001973242b", "TerminalSessionId": "8", "IntegrityLevel": "Medium", "Hashes": "MD5=8A2122E8162DBEF04694B9C3E0B6CDEE,SHA256=B99D61D874728EDC0918CA0EB10EAB93D381E7367E377406E65963366C874450,IMPHASH=272245E2988E1E430500B852C4FB5E18", "ParentProcessGuid": "{7590a8e8-10cc-6229-fa63-000000003000}", "ParentProcessId": "20464", "ParentImage": "C:\\Windows\\System32\\WindowsPowerShell\\v1.0\\powershell.exe", "ParentCommandLine": "powershell.exe \"C:/Users/Annie/Downloads/viz-attackhost-master/viz-attackhost-master/powershell/Attack-Script-T1012_1.ps1 C:/Users/Annie/Downloads/viz-attackhost-master/viz-attackhost-master/data/output/AttackResults/Attack-T1012_1-1.out\"", "ParentUser": "MSI\\Annie"}}
{"Record": "9", "System": {"EventID": "1", "Version": "5", "Level": "4", "Task": "1", "Opcode": "0", "Keywords": "0x8000000000000000", "TimeCreated": {"SystemTime": "2022-03-09 20:40:59.297688"}, "EventRecordID": "586717", "Correlation": {"ActivityID": "", "RealatedActivityID": ""}, "Execution": {"ProcessID": "4832", "ThreadID": "6964"}, "Channel": "Microsoft-Windows-Sysmon/Operational", "Computer": "MSI", "Security": {"UserID": "S-1-5-18"}}, "Event Data": {"RuleName": "-", "UtcTime": "2022-03-09 20:40:59.290", "ProcessGuid": "{7590a8e8-10db-6229-fc63-000000003000}", "ProcessId": "2300", "Image": "C:\\Windows\\System32\\reg.exe", "FileVersion": "10.0.19041.1 (WinBuild.160101.0800)", "Description": "Registry Console Tool", "Product": "Microsoft&#174; Windows&#174; Operating System", "Company": "Microsoft Corporation", "OriginalFileName": "reg.exe", "CommandLine": "reg  query HKLM\\Software\\Microsoft\\Windows\\CurrentVersion\\RunServicesOnce", "CurrentDirectory": "C:\\Users\\Annie\\Downloads\\viz-attackhost-master\\viz-attackhost-master\\", "User": "MSI\\Annie", "LogonGuid": "{7590a8e8-2479-6225-2b24-731900000000}", "LogonId": "0x000000001973242b", "TerminalSessionId": "8", "IntegrityLevel": "Medium", "Hashes": "MD5=227F63E1D9008B36BDBCC4B397780BE4,SHA256=C0E25B1F9B22DE445298C1E96DDFCEAD265CA030FA6626F61A4A4786CC4A3B7D,IMPHASH=BE482BE427FE212CFEF2CDA0E61F19AC", "ParentProcessGuid": "{7590a8e8-10db-6229-fb63-000000003000}", "ParentProcessId": "11912", "ParentImage": "C:\\Windows\\System32\\cmd.exe", "ParentCommandLine": "\"C:\\Windows\\system32\\cmd.exe\" /c \"reg query HKLM\\Software\\Microsoft\\Windows\\CurrentVersion\\RunServicesOnce\"", "ParentUser": "MSI\\Annie"}}
{"Record": "10", "System": {"EventID": "1", "Version": "5", "Level": "4", "Task": "1", "Opcode": "0", "Keywords": "0x8000000000000000", "TimeCreated": {"SystemTime": "2022-03-09 20:40:59.345465"}, "EventRecordID": "586718", "Correlation": {"ActivityID": "", "RealatedActivityID": ""}, "Execution": {"ProcessID": "4832", "ThreadID": "6964"}, "Channel": "Microsoft-Windows-Sysmon/Operational", "Computer": "MSI", "Security": {"UserID": "S-1-5-18"}}, "Event Data": {"RuleName": "-", "UtcTime": "2022-03-09 20:40:59.340", "ProcessGuid": "{7590a8e8-10db-6229-fd63-000000003000}", "ProcessId": "17760", "Image": "C:\\Windows\\System32\\cmd.exe", "FileVersion": "10.0.19041.746 (WinBuild.160101.0800)", "Description": "Windows Command Processor", "Product": "Microsoft&#174; Windows&#174; Operating System", "Company": "Microsoft Corporation", "OriginalFileName": "Cmd.Exe", "CommandLine": "\"C:\\Windows\\system32\\cmd.exe\" /c \"reg query HKLM\\Software\\Microsoft\\Windows\\CurrentVersion\\RunServices\"", "CurrentDirectory": "C:\\Users\\Annie\\Downloads\\viz-attackhost-master\\viz-attackhost-master\\", "User": "MSI\\Annie", "LogonGuid": "{7590a8e8-2479-6225-2b24-731900000000}", "LogonId": "0x000000001973242b", "TerminalSessionId": "8", "IntegrityLevel": "Medium", "Hashes": "MD5=8A2122E8162DBEF04694B9C3E0B6CDEE,SHA256=B99D61D874728EDC0918CA0EB10EAB93D381E7367E377406E65963366C874450,IMPHASH=272245E2988E1E430500B852C4FB5E18", "ParentProcessGuid": "{7590a8e8-10cc-6229-fa63-000000003000}", "ParentProcessId": "20464", "ParentImage": "C:\\Windows\\System32\\WindowsPowerShell\\v1.0\\powershell.exe", "ParentCommandLine": "powershell.exe \"C:/Users/Annie/Downloads/viz-attackhost-master/viz-attackhost-master/powershell/Attack-Script-T1012_1.ps1 C:/Users/Annie/Downloads/viz-attackhost-master/viz-attackhost-master/data/output/AttackResults/Attack-T1012_1-1.out\"", "ParentUser": "MSI\\Annie"}}
{"Record": "11", "System": {"EventID": "11", "Version": "2", "Level": "4", "Task": "11", "Opcode": "0", "Keywords": "0x8000000000000000", "TimeCreated": {"SystemTime": "2022-03-09 20:40:59.353134"}, "EventRecordID": "586719", "Correlation": {"ActivityID": "", "RealatedActivityID": ""}, "Execution": {"ProcessID": "4832", "ThreadID": "6964"}, "Channel": "Microsoft-Windows-Sysmon/Operational", "Computer": "MSI", "Security": {"UserID": "S-1-5-18"}}, "Event Data": {"RuleName": "Downloads", "UtcTime": "2022-03-09 20:40:59.352", "ProcessGuid": "{7590a8e8-0b7d-6229-5962-000000003000}", "ProcessId": "27016", "Image": "C:\\Program Files\\Microsoft Visual Studio\\2022\\Community\\Common7\\IDE\\devenv.exe", "TargetFilename": "C:\\Users\\Annie\\Downloads\\viz-attackhost-master\\viz-attackhost-master\\.vs\\slnx.sqlite-journal", "CreationUtcTime": "2022-03-09 20:40:59.351", "User": "MSI\\Annie"}}
{"Record": "12", "System": {"EventID": "11", "Version": "2", "Level": "4", "Task": "11", "Opcode": "0", "Keywords": "0x8000000000000000", "TimeCreated": {"SystemTime": "2022-03-09 20:40:59.368357"}, "EventRecordID": "586720", "Correlation": {"ActivityID": "", "RealatedActivityID": ""}, "Execution": {"ProcessID": "4832", "ThreadID": "6964"}, "Channel": "Microsoft-Windows-Sysmon/Operational", "Computer": "MSI", "Security": {"UserID": "S-1-5-18"}}, "Event Data": {"RuleName": "Downloads", "UtcTime": "2022-03-09 20:40:59.367", "ProcessGuid": "{7590a8e8-0b7d-6229-5962-000000003000}", "ProcessId": "27016", "Image": "C:\\Program Files\\Microsoft Visual Studio\\2022\\Community\\Common7\\IDE\\devenv.exe", "TargetFilename": "C:\\Users\\Annie\\Downloads\\viz-attackhost-master\\viz-attackhost-master\\.vs\\slnx.sqlite-journal", "CreationUtcTime": "2022-03-09 20:40:59.351", "User": "MSI\\Annie"}}
{"Record": "13", "System": {"EventID": "1", "Version": "5", "Level": "4", "Task": "1", "Opcode": "0", "Keywords": "0x8000000000000000", "TimeCreated": {"SystemTime": "2022-03-09 20:40:59.379049"}, "EventRecordID": "586721", "Correlation": {"ActivityID": "", "RealatedActivityID": ""}, "Execution": {"ProcessID": "4832", "ThreadID": "6964"}, "Channel": "Microsoft-Windows-Sysmon/Operational", "Computer": "MSI", "Security": {"UserID": "S-1-5-18"}}, "Event Data": {"RuleName": "-", "UtcTime": "2022-03-09 20:40:59.373", "ProcessGuid": "{7590a8e8-10db-6229-fe63-000000003000}", "ProcessId": "10152", "Image": "C:\\Windows\\System32\\reg.exe", "FileVersion": "10.0.19041.1 (WinBuild.160101.0800)", "Description": "Registry Console Tool", "Product": "Microsoft&#174; Windows&#174; Operating System", "Company": "Microsoft Corporation", "OriginalFileName": "reg.exe", "CommandLine": "reg  query HKLM\\Software\\Microsoft\\Windows\\CurrentVersion\\RunServices", "CurrentDirectory": "C:\\Users\\Annie\\Downloads\\viz-attackhost-master\\viz-attackhost-master\\", "User": "MSI\\Annie", "LogonGuid": "{7590a8e8-2479-6225-2b24-731900000000}", "LogonId": "0x000000001973242b", "TerminalSessionId": "8", "IntegrityLevel": "Medium", "Hashes": "MD5=227F63E1D9008B36BDBCC4B397780BE4,SHA256=C0E25B1F9B22DE445298C1E96DDFCEAD265CA030FA6626F61A4A4786CC4A3B7D,IMPHASH=BE482BE427FE212CFEF2CDA0E61F19AC", "ParentProcessGuid": "{7590a8e8-10db-6229-fd63-000000003000}", "ParentProcessId": "17760", "ParentImage": "C:\\Windows\\System32\\cmd.exe", "ParentCommandLine": "\"C:\\Windows\\system32\\cmd.exe\" /c \"reg query HKLM\\Software\\Microsoft\\Windows\\CurrentVersion\\RunServices\"", "ParentUser": "MSI\\Annie"}}
{"Record": "14", "System": {"EventID": "11", "Version": "2", "Level": "4", "Task": "11", "Opcode": "0", "Keywords": "0x8000000000000000", "TimeCreated": {"SystemTime": "2022-03-09 20:40:59.382463"}, "EventRecordID": "586722", "Correlation": {"ActivityID": "", "RealatedActivityID": ""}, "Execution": {"ProcessID": "4832", "ThreadID": "6964"}, "Channel": "Microsoft-Windows-Sysmon/Operational", "Computer": "MSI", "Security": {"UserID": "S-1-5-18"}}, "Event Data": {"RuleName": "Downloads", "UtcTime": "2022-03-09 20:40:59.381", "ProcessGuid": "{7590a8e8-0b7d-6229-5962-000000003000}", "ProcessId": "27016", "Image": "C:\\Program Files\\Microsoft Visual Studio\\2022\\Community\\Common7\\IDE\\devenv.exe", "TargetFilename": "C:\\Users\\Annie\\Downloads\\viz-attackhost-master\\viz-attackhost-master\\.vs\\slnx.sqlite-journal", "CreationUtcTime": "2022-03-09 20:40:59.351", "User": "MSI\\Annie"}}
{"Record": "15", "System": {"EventID": "11", "Version": "2", "Level": "4", "Task": "11", "Opcode": "0", "Keywords": "0x8000000000000000", "TimeCreated": {"SystemTime": "2022-03-09 20:40:59.394749"}, "EventRecordID": "586723", "Correlation": {"ActivityID": "", "RealatedActivityID": ""}, "Execution": {"ProcessID": "4832", "ThreadID": "6964"}, "Channel": "Microsoft-Windows-Sysmon/Operational", "Computer": "MSI", "Security": {"UserID": "S-1-5-18"}}, "Event Data": {"RuleName": "Downloads", "UtcTime": "2022-03-09 20:40:59.394", "ProcessGuid": "{7590a8e8-0b7d-6229-5962-000000003000}", "ProcessId": "27016", "Image": "C:\\Program Files\\Microsoft Visual Studio\\2022\\Community\\Common7\\IDE\\devenv.exe", "TargetFilename": "C:\\Users\\Annie\\Downloads\\viz-attackhost-master\\viz-attackhost-master\\.vs\\slnx.sqlite-journal", "CreationUtcTime": "2022-03-09 20:40:59.351", "User": "MSI\\Annie"}}
{"Record": "16", "System": {"EventID": "1", "Version": "5", "Level": "4", "Task": "1", "Opcode": "0", "Keywords": "0x8000000000000000", "TimeCreated": {"SystemTime": "2022-03-09 20:40:59.424395"}, "EventRecordID": "586724", "Correlation": {"ActivityID": "", "RealatedActivityID": ""}, "Execution": {"ProcessID": "4832", "ThreadID": "6964"}, "Channel": "Microsoft-Windows-Sysmon/Operational", "Computer": "MSI", "Security": {"UserID": "S-1-5-18"}}, "Event Data": {"RuleName": "-", "UtcTime": "2022-03-09 20:40:59.419", "ProcessGuid": "{7590a8e8-10db-6229-ff63-000000003000}", "ProcessId": "9780", "Image": "C:\\Windows\\System32\\cmd.exe", "FileVersion": "10.0.19041.746 (WinBuild.160101.0800)", "Description": "Windows Command Processor", "Product": "Microsoft&#174; Windows&#174; Operating System", "Company": "Microsoft Corporation", "OriginalFileName": "Cmd.Exe", "CommandLine": "\"C:\\Windows\\system32\\cmd.exe\" /c \"reg query HKLM\\SOFTWARE\\Microsoft\\Windows\\CurrentVersion\\ShellServiceObjectDelayLoad\"", "CurrentDirectory": "C:\\Users\\Annie\\Downloads\\viz-attackhost-master\\viz-attackhost-master\\", "User": "MSI\\Annie", "LogonGuid": "{7590a8e8-2479-6225-2b24-731900000000}", "LogonId": "0x000000001973242b", "TerminalSessionId": "8", "IntegrityLevel": "Medium", "Hashes": "MD5=8A2122E8162DBEF04694B9C3E0B6CDEE,SHA256=B99D61D874728EDC0918CA0EB10EAB93D381E7367E377406E65963366C874450,IMPHASH=272245E2988E1E430500B852C4FB5E18", "ParentProcessGuid": "{7590a8e8-10cc-6229-fa63-000000003000}", "ParentProcessId": "20464", "ParentImage": "C:\\Windows\\System32\\WindowsPowerShell\\v1.0\\powershell.exe", "ParentCommandLine": "powershell.exe \"C:/Users/Annie/Downloads/viz-attackhost-master/viz-attackhost-master/powershell/Attack-Script-T1012_1.ps1 C:/Users/Annie/Downloads/viz-attackhost-master/viz-attackhost-master/data/output/AttackResults/Attack-T1012_1-1.out\"", "ParentUser": "MSI\\Annie"}}
{"Record": "17", "System": {"EventID": "1", "Version": "5", "Level": "4", "Task": "1", "Opcode": "0", "Keywords": "0x8000000000000000", "TimeCreated": {"SystemTime": "2022-03-09 20:40:59.452272"}, "EventRecordID": "586725", "Correlation": {"ActivityID": "", "RealatedActivityID": ""}, "Execution": {"ProcessID": "4832", "ThreadID": "6964"}, "Channel": "Microsoft-Windows-Sysmon/Operational", "Computer": "MSI", "Security": {"UserID": "S-1-5-18"}}, "Event Data": {"RuleName": "-", "UtcTime": "2022-03-09 20:40:59.448", "ProcessGuid": "{7590a8e8-10db-6229-0064-000000003000}", "ProcessId": "15384", "Image": "C:\\Windows\\System32\\reg.exe", "FileVersion": "10.0.19041.1 (WinBuild.160101.0800)", "Description": "Registry Console Tool", "Product": "Microsoft&#174; Windows&#174; Operating System", "Company": "Microsoft Corporation", "OriginalFileName": "reg.exe", "CommandLine": "reg  query HKLM\\SOFTWARE\\Microsoft\\Windows\\CurrentVersion\\ShellServiceObjectDelayLoad", "CurrentDirectory": "C:\\Users\\Annie\\Downloads\\viz-attackhost-master\\viz-attackhost-master\\", "User": "MSI\\Annie", "LogonGuid": "{7590a8e8-2479-6225-2b24-731900000000}", "LogonId": "0x000000001973242b", "TerminalSessionId": "8", "IntegrityLevel": "Medium", "Hashes": "MD5=227F63E1D9008B36BDBCC4B397780BE4,SHA256=C0E25B1F9B22DE445298C1E96DDFCEAD265CA030FA6626F61A4A4786CC4A3B7D,IMPHASH=BE482BE427FE212CFEF2CDA0E61F19AC", "ParentProcessGuid": "{7590a8e8-10db-6229-ff63-000000003000}", "ParentProcessId": "9780", "ParentImage": "C:\\Windows\\System32\\cmd.exe", "ParentCommandLine": "\"C:\\Windows\\system32\\cmd.exe\" /c \"reg query HKLM\\SOFTWARE\\Microsoft\\Windows\\CurrentVersion\\ShellServiceObjectDelayLoad\"", "ParentUser": "MSI\\Annie"}}
{"Record": "18", "System": {"EventID": "1", "Version": "5", "Level": "4", "Task": "1", "Opcode": "0", "Keywords": "0x8000000000000000", "TimeCreated": {"SystemTime": "2022-03-09 20:40:59.494415"}, "EventRecordID": "586726", "Correlation": {"ActivityID": "", "RealatedActivityID": ""}, "Execution": {"ProcessID": "4832", "ThreadID": "6964"}, "Channel": "Microsoft-Windows-Sysmon/Operational", "Computer": "MSI", "Security": {"UserID": "S-1-5-18"}}, "Event Data": {"RuleName": "-", "UtcTime": "2022-03-09 20:40:59.489", "ProcessGuid": "{7590a8e8-10db-6229-0164-000000003000}", "ProcessId": "5364", "Image": "C:\\Windows\\System32\\cmd.exe", "FileVersion": "10.0.19041.746 (WinBuild.160101.0800)", "Description": "Windows Command Processor", "Product": "Microsoft&#174; Windows&#174; Operating System", "Company": "Microsoft Corporation", "OriginalFileName": "Cmd.Exe", "CommandLine": "\"C:\\Windows\\system32\\cmd.exe\" /c \"reg query HKLM\\Software\\Microsoft\\Windows\\CurrentVersion\\RunOnce\"", "CurrentDirectory": "C:\\Users\\Annie\\Downloads\\viz-attackhost-master\\viz-attackhost-master\\", "User": "MSI\\Annie", "LogonGuid": "{7590a8e8-2479-6225-2b24-731900000000}", "LogonId": "0x000000001973242b", "TerminalSessionId": "8", "IntegrityLevel": "Medium", "Hashes": "MD5=8A2122E8162DBEF04694B9C3E0B6CDEE,SHA256=B99D61D874728EDC0918CA0EB10EAB93D381E7367E377406E65963366C874450,IMPHASH=272245E2988E1E430500B852C4FB5E18", "ParentProcessGuid": "{7590a8e8-10cc-6229-fa63-000000003000}", "ParentProcessId": "20464", "ParentImage": "C:\\Windows\\System32\\WindowsPowerShell\\v1.0\\powershell.exe", "ParentCommandLine": "powershell.exe \"C:/Users/Annie/Downloads/viz-attackhost-master/viz-attackhost-master/powershell/Attack-Script-T1012_1.ps1 C:/Users/Annie/Downloads/viz-attackhost-master/viz-attackhost-master/data/output/AttackResults/Attack-T1012_1-1.out\"", "ParentUser": "MSI\\Annie"}}
{"Record": "19", "System": {"EventID": "1", "Version": "5", "Level": "4", "Task": "1", "Opcode": "0", "Keywords": "0x8000000000000000", "TimeCreated": {"SystemTime": "2022-03-09 20:40:59.525263"}, "EventRecordID": "586727", "Correlation": {"ActivityID": "", "RealatedActivityID": ""}, "Execution": {"ProcessID": "4832", "ThreadID": "6964"}, "Channel": "Microsoft-Windows-Sysmon/Operational", "Computer": "MSI", "Security": {"UserID": "S-1-5-18"}}, "Event Data": {"RuleName": "-", "UtcTime": "2022-03-09 20:40:59.521", "ProcessGuid": "{7590a8e8-10db-6229-0264-000000003000}", "ProcessId": "28192", "Image": "C:\\Windows\\System32\\reg.exe", "FileVersion": "10.0.19041.1 (WinBuild.160101.0800)", "Description": "Registry Console Tool", "Product": "Microsoft&#174; Windows&#174; Operating System", "Company": "Microsoft Corporation", "OriginalFileName": "reg.exe", "CommandLine": "reg  query HKLM\\Software\\Microsoft\\Windows\\CurrentVersion\\RunOnce", "CurrentDirectory": "C:\\Users\\Annie\\Downloads\\viz-attackhost-master\\viz-attackhost-master\\", "User": "MSI\\Annie", "LogonGuid": "{7590a8e8-2479-6225-2b24-731900000000}", "LogonId": "0x000000001973242b", "TerminalSessionId": "8", "IntegrityLevel": "Medium", "Hashes": "MD5=227F63E1D9008B36BDBCC4B397780BE4,SHA256=C0E25B1F9B22DE445298C1E96DDFCEAD265CA030FA6626F61A4A4786CC4A3B7D,IMPHASH=BE482BE427FE212CFEF2CDA0E61F19AC", "ParentProcessGuid": "{7590a8e8-10db-6229-0164-000000003000}", "ParentProcessId": "5364", "ParentImage": "C:\\Windows\\System32\\cmd.exe", "ParentCommandLine": "\"C:\\Windows\\system32\\cmd.exe\" /c \"reg query HKLM\\Software\\Microsoft\\Windows\\CurrentVersion\\RunOnce\"", "ParentUser": "MSI\\Annie"}}
{"Record": "20", "System": {"EventID": "1", "Version": "5", "Level": "4", "Task": "1", "Opcode": "0", "Keywords": "0x8000000000000000", "TimeCreated": {"SystemTime": "2022-03-09 20:40:59.565079"}, "EventRecordID": "586728", "Correlation": {"ActivityID": "", "RealatedActivityID": ""}, "Execution": {"ProcessID": "4832", "ThreadID": "6964"}, "Channel": "Microsoft-Windows-Sysmon/Operational", "Computer": "MSI", "Security": {"UserID": "S-1-5-18"}}, "Event Data": {"RuleName": "-", "UtcTime": "2022-03-09 20:40:59.558", "ProcessGuid": "{7590a8e8-10db-6229-0364-000000003000}", "ProcessId": "9096", "Image": "C:\\Windows\\System32\\cmd.exe", "FileVersion": "10.0.19041.746 (WinBuild.160101.0800)", "Description": "Windows Command Processor", "Product": "Microsoft&#174; Windows&#174; Operating System", "Company": "Microsoft Corporation", "OriginalFileName": "Cmd.Exe", "CommandLine": "\"C:\\Windows\\system32\\cmd.exe\" /c \"reg query HKLM\\Software\\Microsoft\\Windows\\CurrentVersion\\RunOnceEx\"", "CurrentDirectory": "C:\\Users\\Annie\\Downloads\\viz-attackhost-master\\viz-attackhost-master\\", "User": "MSI\\Annie", "LogonGuid": "{7590a8e8-2479-6225-2b24-731900000000}", "LogonId": "0x000000001973242b", "TerminalSessionId": "8", "IntegrityLevel": "Medium", "Hashes": "MD5=8A2122E8162DBEF04694B9C3E0B6CDEE,SHA256=B99D61D874728EDC0918CA0EB10EAB93D381E7367E377406E65963366C874450,IMPHASH=272245E2988E1E430500B852C4FB5E18", "ParentProcessGuid": "{7590a8e8-10cc-6229-fa63-000000003000}", "ParentProcessId": "20464", "ParentImage": "C:\\Windows\\System32\\WindowsPowerShell\\v1.0\\powershell.exe", "ParentCommandLine": "powershell.exe \"C:/Users/Annie/Downloads/viz-attackhost-master/viz-attackhost-master/powershell/Attack-Script-T1012_1.ps1 C:/Users/Annie/Downloads/viz-attackhost-master/viz-attackhost-master/data/output/AttackResults/Attack-T1012_1-1.out\"", "ParentUser": "MSI\\Annie"}}
{"Record": "21", "System": {"EventID": "1", "Version": "5", "Level": "4", "Task": "1", "Opcode": "0", "Keywords": "0x8000000000000000", "TimeCreated": {"SystemTime": "2022-03-09 20:40:59.594278"}, "EventRecordID": "586729", "Correlation": {"ActivityID": "", "RealatedActivityID": ""}, "Execution": {"ProcessID": "4832", "ThreadID": "6964"}, "Channel": "Microsoft-Windows-Sysmon/Operational", "Computer": "MSI", "Security": {"UserID": "S-1-5-18"}}, "Event Data": {"RuleName": "-", "UtcTime": "2022-03-09 20:40:59.590", "ProcessGuid": "{7590a8e8-10db-6229-0464-000000003000}", "ProcessId": "24720", "Image": "C:\\Windows\\System32\\reg.exe", "FileVersion": "10.0.19041.1 (WinBuild.160101.0800)", "Description": "Registry Console Tool", "Product": "Microsoft&#174; Windows&#174; Operating System", "Company": "Microsoft Corporation", "OriginalFileName": "reg.exe", "CommandLine": "reg  query HKLM\\Software\\Microsoft\\Windows\\CurrentVersion\\RunOnceEx", "CurrentDirectory": "C:\\Users\\Annie\\Downloads\\viz-attackhost-master\\viz-attackhost-master\\", "User": "MSI\\Annie", "LogonGuid": "{7590a8e8-2479-6225-2b24-731900000000}", "LogonId": "0x000000001973242b", "TerminalSessionId": "8", "IntegrityLevel": "Medium", "Hashes": "MD5=227F63E1D9008B36BDBCC4B397780BE4,SHA256=C0E25B1F9B22DE445298C1E96DDFCEAD265CA030FA6626F61A4A4786CC4A3B7D,IMPHASH=BE482BE427FE212CFEF2CDA0E61F19AC", "ParentProcessGuid": "{7590a8e8-10db-6229-0364-000000003000}", "ParentProcessId": "9096", "ParentImage": "C:\\Windows\\System32\\cmd.exe", "ParentCommandLine": "\"C:\\Windows\\system32\\cmd.exe\" /c \"reg query HKLM\\Software\\Microsoft\\Windows\\CurrentVersion\\RunOnceEx\"", "ParentUser": "MSI\\Annie"}}
{"Record": "22", "System": {"EventID": "1", "Version": "5", "Level": "4", "Task": "1", "Opcode": "0", "Keywords": "0x8000000000000000", "TimeCreated": {"SystemTime": "2022-03-09 20:40:59.639627"}, "EventRecordID": "586730", "Correlation": {"ActivityID": "", "RealatedActivityID": ""}, "Execution": {"ProcessID": "4832", "ThreadID": "6964"}, "Channel": "Microsoft-Windows-Sysmon/Operational", "Computer": "MSI", "Security": {"UserID": "S-1-5-18"}}, "Event Data": {"RuleName": "-", "UtcTime": "2022-03-09 20:40:59.634", "ProcessGuid": "{7590a8e8-10db-6229-0564-000000003000}", "ProcessId": "14104", "Image": "C:\\Windows\\System32\\cmd.exe", "FileVersion": "10.0.19041.746 (WinBuild.160101.0800)", "Description": "Windows Command Processor", "Product": "Microsoft&#174; Windows&#174; Operating System", "Company": "Microsoft Corporation", "OriginalFileName": "Cmd.Exe", "CommandLine": "\"C:\\Windows\\system32\\cmd.exe\" /c \"reg query HKLM\\Software\\Microsoft\\Windows\\CurrentVersion\\Run\"", "CurrentDirectory": "C:\\Users\\Annie\\Downloads\\viz-attackhost-master\\viz-attackhost-master\\", "User": "MSI\\Annie", "LogonGuid": "{7590a8e8-2479-6225-2b24-731900000000}", "LogonId": "0x000000001973242b", "TerminalSessionId": "8", "IntegrityLevel": "Medium", "Hashes": "MD5=8A2122E8162DBEF04694B9C3E0B6CDEE,SHA256=B99D61D874728EDC0918CA0EB10EAB93D381E7367E377406E65963366C874450,IMPHASH=272245E2988E1E430500B852C4FB5E18", "ParentProcessGuid": "{7590a8e8-10cc-6229-fa63-000000003000}", "ParentProcessId": "20464", "ParentImage": "C:\\Windows\\System32\\WindowsPowerShell\\v1.0\\powershell.exe", "ParentCommandLine": "powershell.exe \"C:/Users/Annie/Downloads/viz-attackhost-master/viz-attackhost-master/powershell/Attack-Script-T1012_1.ps1 C:/Users/Annie/Downloads/viz-attackhost-master/viz-attackhost-master/data/output/AttackResults/Attack-T1012_1-1.out\"", "ParentUser": "MSI\\Annie"}}
{"Record": "23", "System": {"EventID": "1", "Version": "5", "Level": "4", "Task": "1", "Opcode": "0", "Keywords": "0x8000000000000000", "TimeCreated": {"SystemTime": "2022-03-09 20:40:59.669937"}, "EventRecordID": "586731", "Correlation": {"ActivityID": "", "RealatedActivityID": ""}, "Execution": {"ProcessID": "4832", "ThreadID": "6964"}, "Channel": "Microsoft-Windows-Sysmon/Operational", "Computer": "MSI", "Security": {"UserID": "S-1-5-18"}}, "Event Data": {"RuleName": "-", "UtcTime": "2022-03-09 20:40:59.665", "ProcessGuid": "{7590a8e8-10db-6229-0664-000000003000}", "ProcessId": "28008", "Image": "C:\\Windows\\System32\\reg.exe", "FileVersion": "10.0.19041.1 (WinBuild.160101.0800)", "Description": "Registry Console Tool", "Product": "Microsoft&#174; Windows&#174; Operating System", "Company": "Microsoft Corporation", "OriginalFileName": "reg.exe", "CommandLine": "reg  query HKLM\\Software\\Microsoft\\Windows\\CurrentVersion\\Run", "CurrentDirectory": "C:\\Users\\Annie\\Downloads\\viz-attackhost-master\\viz-attackhost-master\\", "User": "MSI\\Annie", "LogonGuid": "{7590a8e8-2479-6225-2b24-731900000000}", "LogonId": "0x000000001973242b", "TerminalSessionId": "8", "IntegrityLevel": "Medium", "Hashes": "MD5=227F63E1D9008B36BDBCC4B397780BE4,SHA256=C0E25B1F9B22DE445298C1E96DDFCEAD265CA030FA6626F61A4A4786CC4A3B7D,IMPHASH=BE482BE427FE212CFEF2CDA0E61F19AC", "ParentProcessGuid": "{7590a8e8-10db-6229-0564-000000003000}", "ParentProcessId": "14104", "ParentImage": "C:\\Windows\\System32\\cmd.exe", "ParentCommandLine": "\"C:\\Windows\\system32\\cmd.exe\" /c \"reg query HKLM\\Software\\Microsoft\\Windows\\CurrentVersion\\Run\"", "ParentUser": "MSI\\Annie"}}
{"Record": "24", "System": {"EventID": "1", "Version": "5", "Level": "4", "Task": "1", "Opcode": "0", "Keywords": "0x8000000000000000", "TimeCreated": {"SystemTime": "2022-03-09 20:40:59.720335"}, "EventRecordID": "586732", "Correlation": {"ActivityID": "", "RealatedActivityID": ""}, "Execution": {"ProcessID": "4832", "ThreadID": "6964"}, "Channel": "Microsoft-Windows-Sysmon/Operational", "Computer": "MSI", "Security": {"UserID": "S-1-5-18"}}, "Event Data": {"RuleName": "-", "UtcTime": "2022-03-09 20:40:59.714", "ProcessGuid": "{7590a8e8-10db-6229-0764-000000003000}", "ProcessId": "28684", "Image": "C:\\Windows\\System32\\cmd.exe", "FileVersion": "10.0.19041.746 (WinBuild.160101.0800)", "Description": "Windows Command Processor", "Product": "Microsoft&#174; Windows&#174; Operating System", "Company": "Microsoft Corporation", "OriginalFileName": "Cmd.Exe", "CommandLine": "\"C:\\Windows\\system32\\cmd.exe\" /c \"reg query HKCU\\Software\\Microsoft\\Windows\\CurrentVersion\\RunOnce\"", "CurrentDirectory": "C:\\Users\\Annie\\Downloads\\viz-attackhost-master\\viz-attackhost-master\\", "User": "MSI\\Annie", "LogonGuid": "{7590a8e8-2479-6225-2b24-731900000000}", "LogonId": "0x000000001973242b", "TerminalSessionId": "8", "IntegrityLevel": "Medium", "Hashes": "MD5=8A2122E8162DBEF04694B9C3E0B6CDEE,SHA256=B99D61D874728EDC0918CA0EB10EAB93D381E7367E377406E65963366C874450,IMPHASH=272245E2988E1E430500B852C4FB5E18", "ParentProcessGuid": "{7590a8e8-10cc-6229-fa63-000000003000}", "ParentProcessId": "20464", "ParentImage": "C:\\Windows\\System32\\WindowsPowerShell\\v1.0\\powershell.exe", "ParentCommandLine": "powershell.exe \"C:/Users/Annie/Downloads/viz-attackhost-master/viz-attackhost-master/powershell/Attack-Script-T1012_1.ps1 C:/Users/Annie/Downloads/viz-attackhost-master/viz-attackhost-master/data/output/AttackResults/Attack-T1012_1-1.out\"", "ParentUser": "MSI\\Annie"}}
{"Record": "25", "System": {"EventID": "1", "Version": "5", "Level": "4", "Task": "1", "Opcode": "0", "Keywords": "0x8000000000000000", "TimeCreated": {"SystemTime": "2022-03-09 20:40:59.747437"}, "EventRecordID": "586733", "Correlation": {"ActivityID": "", "RealatedActivityID": ""}, "Execution": {"ProcessID": "4832", "ThreadID": "6964"}, "Channel": "Microsoft-Windows-Sysmon/Operational", "Computer": "MSI", "Security": {"UserID": "S-1-5-18"}}, "Event Data": {"RuleName": "-", "UtcTime": "2022-03-09 20:40:59.743", "ProcessGuid": "{7590a8e8-10db-6229-0864-000000003000}", "ProcessId": "17440", "Image": "C:\\Windows\\System32\\reg.exe", "FileVersion": "10.0.19041.1 (WinBuild.160101.0800)", "Description": "Registry Console Tool", "Product": "Microsoft&#174; Windows&#174; Operating System", "Company": "Microsoft Corporation", "OriginalFileName": "reg.exe", "CommandLine": "reg  query HKCU\\Software\\Microsoft\\Windows\\CurrentVersion\\RunOnce", "CurrentDirectory": "C:\\Users\\Annie\\Downloads\\viz-attackhost-master\\viz-attackhost-master\\", "User": "MSI\\Annie", "LogonGuid": "{7590a8e8-2479-6225-2b24-731900000000}", "LogonId": "0x000000001973242b", "TerminalSessionId": "8", "IntegrityLevel": "Medium", "Hashes": "MD5=227F63E1D9008B36BDBCC4B397780BE4,SHA256=C0E25B1F9B22DE445298C1E96DDFCEAD265CA030FA6626F61A4A4786CC4A3B7D,IMPHASH=BE482BE427FE212CFEF2CDA0E61F19AC", "ParentProcessGuid": "{7590a8e8-10db-6229-0764-000000003000}", "ParentProcessId": "28684", "ParentImage": "C:\\Windows\\System32\\cmd.exe", "ParentCommandLine": "\"C:\\Windows\\system32\\cmd.exe\" /c \"reg query HKCU\\Software\\Microsoft\\Windows\\CurrentVersion\\RunOnce\"", "ParentUser": "MSI\\Annie"}}
{"Record": "26", "System": {"EventID": "1", "Version": "5", "Level": "4", "Task": "1", "Opcode": "0", "Keywords": "0x8000000000000000", "TimeCreated": {"SystemTime": "2022-03-09 20:40:59.789024"}, "EventRecordID": "586734", "Correlation": {"ActivityID": "", "RealatedActivityID": ""}, "Execution": {"ProcessID": "4832", "ThreadID": "6964"}, "Channel": "Microsoft-Windows-Sysmon/Operational", "Computer": "MSI", "Security": {"UserID": "S-1-5-18"}}, "Event Data": {"RuleName": "-", "UtcTime": "2022-03-09 20:40:59.785", "ProcessGuid": "{7590a8e8-10db-6229-0964-000000003000}", "ProcessId": "6072", "Image": "C:\\Windows\\System32\\cmd.exe", "FileVersion": "10.0.19041.746 (WinBuild.160101.0800)", "Description": "Windows Command Processor", "Product": "Microsoft&#174; Windows&#174; Operating System", "Company": "Microsoft Corporation", "OriginalFileName": "Cmd.Exe", "CommandLine": "\"C:\\Windows\\system32\\cmd.exe\" /c \"reg query HKLM\\Software\\Microsoft\\Windows\\CurrentVersion\\Policies\\Explorer\\Run\"", "CurrentDirectory": "C:\\Users\\Annie\\Downloads\\viz-attackhost-master\\viz-attackhost-master\\", "User": "MSI\\Annie", "LogonGuid": "{7590a8e8-2479-6225-2b24-731900000000}", "LogonId": "0x000000001973242b", "TerminalSessionId": "8", "IntegrityLevel": "Medium", "Hashes": "MD5=8A2122E8162DBEF04694B9C3E0B6CDEE,SHA256=B99D61D874728EDC0918CA0EB10EAB93D381E7367E377406E65963366C874450,IMPHASH=272245E2988E1E430500B852C4FB5E18", "ParentProcessGuid": "{7590a8e8-10cc-6229-fa63-000000003000}", "ParentProcessId": "20464", "ParentImage": "C:\\Windows\\System32\\WindowsPowerShell\\v1.0\\powershell.exe", "ParentCommandLine": "powershell.exe \"C:/Users/Annie/Downloads/viz-attackhost-master/viz-attackhost-master/powershell/Attack-Script-T1012_1.ps1 C:/Users/Annie/Downloads/viz-attackhost-master/viz-attackhost-master/data/output/AttackResults/Attack-T1012_1-1.out\"", "ParentUser": "MSI\\Annie"}}
{"Record": "27", "System": {"EventID": "1", "Version": "5", "Level": "4", "Task": "1", "Opcode": "0", "Keywords": "0x8000000000000000", "TimeCreated": {"SystemTime": "2022-03-09 20:40:59.819288"}, "EventRecordID": "586735", "Correlation": {"ActivityID": "", "RealatedActivityID": ""}, "Execution": {"ProcessID": "4832", "ThreadID": "6964"}, "Channel": "Microsoft-Windows-Sysmon/Operational", "Computer": "MSI", "Security": {"UserID": "S-1-5-18"}}, "Event Data": {"RuleName": "-", "UtcTime": "2022-03-09 20:40:59.814", "ProcessGuid": "{7590a8e8-10db-6229-0a64-000000003000}", "ProcessId": "27932", "Image": "C:\\Windows\\System32\\reg.exe", "FileVersion": "10.0.19041.1 (WinBuild.160101.0800)", "Description": "Registry Console Tool", "Product": "Microsoft&#174; Windows&#174; Operating System", "Company": "Microsoft Corporation", "OriginalFileName": "reg.exe", "CommandLine": "reg  query HKLM\\Software\\Microsoft\\Windows\\CurrentVersion\\Policies\\Explorer\\Run", "CurrentDirectory": "C:\\Users\\Annie\\Downloads\\viz-attackhost-master\\viz-attackhost-master\\", "User": "MSI\\Annie", "LogonGuid": "{7590a8e8-2479-6225-2b24-731900000000}", "LogonId": "0x000000001973242b", "TerminalSessionId": "8", "IntegrityLevel": "Medium", "Hashes": "MD5=227F63E1D9008B36BDBCC4B397780BE4,SHA256=C0E25B1F9B22DE445298C1E96DDFCEAD265CA030FA6626F61A4A4786CC4A3B7D,IMPHASH=BE482BE427FE212CFEF2CDA0E61F19AC", "ParentProcessGuid": "{7590a8e8-10db-6229-0964-000000003000}", "ParentProcessId": "6072", "ParentImage": "C:\\Windows\\System32\\cmd.exe", "ParentCommandLine": "\"C:\\Windows\\system32\\cmd.exe\" /c \"reg query HKLM\\Software\\Microsoft\\Windows\\CurrentVersion\\Policies\\Explorer\\Run\"", "ParentUser": "MSI\\Annie"}}
{"Record": "28", "System": {"EventID": "1", "Version": "5", "Level": "4", "Task": "1", "Opcode": "0", "Keywords": "0x8000000000000000", "TimeCreated": {"SystemTime": "2022-03-09 20:40:59.858791"}, "EventRecordID": "586736", "Correlation": {"ActivityID": "", "RealatedActivityID": ""}, "Execution": {"ProcessID": "4832", "ThreadID": "6964"}, "Channel": "Microsoft-Windows-Sysmon/Operational", "Computer": "MSI", "Security": {"UserID": "S-1-5-18"}}, "Event Data": {"RuleName": "-", "UtcTime": "2022-03-09 20:40:59.854", "ProcessGuid": "{7590a8e8-10db-6229-0b64-000000003000}", "ProcessId": "9600", "Image": "C:\\Windows\\System32\\cmd.exe", "FileVersion": "10.0.19041.746 (WinBuild.160101.0800)", "Description": "Windows Command Processor", "Product": "Microsoft&#174; Windows&#174; Operating System", "Company": "Microsoft Corporation", "OriginalFileName": "Cmd.Exe", "CommandLine": "\"C:\\Windows\\system32\\cmd.exe\" /c \"reg query HKLM\\Software\\Microsoft\\Windows\\CurrentVersion\\Run\"", "CurrentDirectory": "C:\\Users\\Annie\\Downloads\\viz-attackhost-master\\viz-attackhost-master\\", "User": "MSI\\Annie", "LogonGuid": "{7590a8e8-2479-6225-2b24-731900000000}", "LogonId": "0x000000001973242b", "TerminalSessionId": "8", "IntegrityLevel": "Medium", "Hashes": "MD5=8A2122E8162DBEF04694B9C3E0B6CDEE,SHA256=B99D61D874728EDC0918CA0EB10EAB93D381E7367E377406E65963366C874450,IMPHASH=272245E2988E1E430500B852C4FB5E18", "ParentProcessGuid": "{7590a8e8-10cc-6229-fa63-000000003000}", "ParentProcessId": "20464", "ParentImage": "C:\\Windows\\System32\\WindowsPowerShell\\v1.0\\powershell.exe", "ParentCommandLine": "powershell.exe \"C:/Users/Annie/Downloads/viz-attackhost-master/viz-attackhost-master/powershell/Attack-Script-T1012_1.ps1 C:/Users/Annie/Downloads/viz-attackhost-master/viz-attackhost-master/data/output/AttackResults/Attack-T1012_1-1.out\"", "ParentUser": "MSI\\Annie"}}
{"Record": "29", "System": {"EventID": "1", "Version": "5", "Level": "4", "Task": "1", "Opcode": "0", "Keywords": "0x8000000000000000", "TimeCreated": {"SystemTime": "2022-03-09 20:40:59.892424"}, "EventRecordID": "586737", "Correlation": {"ActivityID": "", "RealatedActivityID": ""}, "Execution": {"ProcessID": "4832", "ThreadID": "6964"}, "Channel": "Microsoft-Windows-Sysmon/Operational", "Computer": "MSI", "Security": {"UserID": "S-1-5-18"}}, "Event Data": {"RuleName": "-", "UtcTime": "2022-03-09 20:40:59.887", "ProcessGuid": "{7590a8e8-10db-6229-0c64-000000003000}", "ProcessId": "25540", "Image": "C:\\Windows\\System32\\reg.exe", "FileVersion": "10.0.19041.1 (WinBuild.160101.0800)", "Description": "Registry Console Tool", "Product": "Microsoft&#174; Windows&#174; Operating System", "Company": "Microsoft Corporation", "OriginalFileName": "reg.exe", "CommandLine": "reg  query HKLM\\Software\\Microsoft\\Windows\\CurrentVersion\\Run", "CurrentDirectory": "C:\\Users\\Annie\\Downloads\\viz-attackhost-master\\viz-attackhost-master\\", "User": "MSI\\Annie", "LogonGuid": "{7590a8e8-2479-6225-2b24-731900000000}", "LogonId": "0x000000001973242b", "TerminalSessionId": "8", "IntegrityLevel": "Medium", "Hashes": "MD5=227F63E1D9008B36BDBCC4B397780BE4,SHA256=C0E25B1F9B22DE445298C1E96DDFCEAD265CA030FA6626F61A4A4786CC4A3B7D,IMPHASH=BE482BE427FE212CFEF2CDA0E61F19AC", "ParentProcessGuid": "{7590a8e8-10db-6229-0b64-000000003000}", "ParentProcessId": "9600", "ParentImage": "C:\\Windows\\System32\\cmd.exe", "ParentCommandLine": "\"C:\\Windows\\system32\\cmd.exe\" /c \"reg query HKLM\\Software\\Microsoft\\Windows\\CurrentVersion\\Run\"", "ParentUser": "MSI\\Annie"}}
{"Record": "30", "System": {"EventID": "22", "Version": "5", "Level": "4", "Task": "22", "Opcode": "0", "Keywords": "0x8000000000000000", "TimeCreated": {"SystemTime": "2022-03-09 20:41:50.673153"}, "EventRecordID": "586738", "Correlation": {"ActivityID": "", "RealatedActivityID": ""}, "Execution": {"ProcessID": "4832", "ThreadID": "6988"}, "Channel": "Microsoft-Windows-Sysmon/Operational", "Computer": "MSI", "Security": {"UserID": "S-1-5-18"}}, "Event Data": {"RuleName": "-", "UtcTime": "2022-03-09 20:43:27.236", "ProcessGuid": "{7590a8e8-0baa-6229-7662-000000003000}", "ProcessId": "25392", "QueryName": "2022-03-09 20:43:27.236", "QueryStatus": "{7590a8e8-0baa-6229-7662-000000003000}", "QueryResults": "25392", "Image": "C:\\Program Files\\Google\\Chrome\\Application\\chrome.exe", "User": "MSI\\Annie"}}
{"Record": "31", "System": {"EventID": "22", "Version": "5", "Level": "4", "Task": "22", "Opcode": "0", "Keywords": "0x8000000000000000", "TimeCreated": {"SystemTime": "2022-03-09 20:41:50.673336"}, "EventRecordID": "586739", "Correlation": {"ActivityID": "", "RealatedActivityID": ""}, "Execution": {"ProcessID": "4832", "ThreadID": "6988"}, "Channel": "Microsoft-Windows-Sysmon/Operational", "Computer": "MSI", "Security": {"UserID": "S-1-5-18"}}, "Event Data": {"RuleName": "-", "UtcTime": "2022-03-09 20:43:27.236", "ProcessGuid": "{7590a8e8-0baa-6229-7662-000000003000}", "ProcessId": "25392", "QueryName": "2022-03-09 20:43:27.236", "QueryStatus": "{7590a8e8-0baa-6229-7662-000000003000}", "QueryResults": "25392", "Image": "C:\\Program Files\\Google\\Chrome\\Application\\chrome.exe", "User": "MSI\\Annie"}}
{"Record": "32", "System": {"EventID": "22", "Version": "5", "Level": "4", "Task": "22", "Opcode": "0", "Keywords": "0x8000000000000000", "TimeCreated": {"SystemTime": "2022-03-09 20:41:50.673496"}, "EventRecordID": "586740", "Correlation": {"ActivityID": "", "RealatedActivityID": ""}, "Execution": {"ProcessID": "4832", "ThreadID": "6988"}, "Channel": "Microsoft-Windows-Sysmon/Operational", "Computer": "MSI", "Security": {"UserID": "S-1-5-18"}}, "Event Data": {"RuleName": "-", "UtcTime": "2022-03-09 20:43:27.236", "ProcessGuid": "{7590a8e8-0baa-6229-7662-000000003000}", "ProcessId": "25392", "QueryName": "2022-03-09 20:43:27.236", "QueryStatus": "{7590a8e8-0baa-6229-7662-000000003000}", "QueryResults": "25392", "Image": "C:\\Program Files\\Google\\Chrome\\Application\\chrome.exe", "User": "MSI\\Annie"}}
{"Record": "33", "System": {"EventID": "22", "Version": "5", "Level": "4", "Task": "22", "Opcode": "0", "Keywords": "0x8000000000000000", "TimeCreated": {"SystemTime": "2022-03-09 20:41:50.673651"}, "EventRecordID": "586741", "Correlation": {"ActivityID": "", "RealatedActivityID": ""}, "Execution": {"ProcessID": "4832", "ThreadID": "6988"}, "Channel": "Microsoft-Windows-Sysmon/Operational", "Computer": "MSI", "Security": {"UserID": "S-1-5-18"}}, "Event Data": {"RuleName": "-", "UtcTime": "2022-03-09 20:43:28.072", "ProcessGuid": "{7590a8e8-0baa-6229-7662-000000003000}", "ProcessId": "25392", "QueryName": "2022-03-09 20:43:28.072", "QueryStatus": "{7590a8e8-0baa-6229-7662-000000003000}", "QueryResults": "25392", "Image": "C:\\Program Files\\Google\\Chrome\\Application\\chrome.exe", "User": "MSI\\Annie"}}
