{"Record": "108", "System": {"EventID": "1", "Version": "5", "Level": "4", "Task": "1", "Opcode": "0", "Keywords": "0x8000000000000000", "TimeCreated": {"SystemTime": "2022-03-09 20:36:55.325632"}, "EventRecordID": "586632", "Correlation": {"ActivityID": "", "RealatedActivityID": ""}, "Execution": {"ProcessID": "4832", "ThreadID": "6964"}, "Channel": "Microsoft-Windows-Sysmon/Operational", "Computer": "MSI", "Security": {"UserID": "S-1-5-18"}}, "Event Data": {"RuleName": "-", "UtcTime": "2022-03-09 20:36:55.319", "ProcessGuid": "{7590a8e8-0fe7-6229-be63-000000003000}", "ProcessId": "23116", "Image": "C:\\Program Files (x86)\\Microsoft\\Edge\\Application\\msedge.exe", "FileVersion": "99.0.1150.36", "Description": "Microsoft Edge", "Product": "Microsoft Edge", "Company": "Microsoft Corporation", "OriginalFileName": "msedge.exe", "CommandLine": "\"C:\\Program Files (x86)\\Microsoft\\Edge\\Application\\msedge.exe\" --type=utility --utility-sub-type=entity_extraction_service.mojom.PageScreenshotProcessor --lang=en-US --service-sandbox-type=entity_extraction --mojo-platform-channel-handle=1932 --field-trial-handle=2196,i,9065231904517789391,12241652457674906924,131072 /prefetch:8", "CurrentDirectory": "C:\\Program Files (x86)\\Microsoft\\Edge\\Application\\99.0.1150.36\\", "User": "MSI\\Annie", "LogonGuid": "{7590a8e8-2479-6225-2b24-731900000000}", "LogonId": "0x000000001973242b", "TerminalSessionId": "8", "IntegrityLevel": "Low", "Hashes": "MD5=9C2932757B77876D1AED7A7B1723388D,SHA256=7882F1A15F178BA0BAD44671A15BF547C0FD09D32A27959758CC1F23BEAA7ED4,IMPHASH=61D771CB7F77BBF9FAF14A79750BFB4E", "ParentProcessGuid": "{7590a8e8-0ee3-6229-4e63-000000003000}", "ParentProcessId": "23644", "ParentImage": "C:\\Program Files (x86)\\Microsoft\\Edge\\Application\\msedge.exe", "ParentCommandLine": "\"C:\\Program Files (x86)\\Microsoft\\Edge\\Application\\msedge.exe\" --profile-directory=Default", "ParentUser": "MSI\\Annie"}}
{"Record": "109", "System": {"EventID": "1", "Version": "5", "Level": "4", "Task": "1", "Opcode": "0", "Keywords": "0x8000000000000000", "TimeCreated": {"SystemTime": "2022-03-09 20:36:55.634048"}, "EventRecordID": "586633", "Correlation": {"ActivityID": "", "RealatedActivityID": ""}, "Execution": {"ProcessID": "4832", "ThreadID": "6964"}, "Channel": "Microsoft-Windows-Sysmon/Operational", "Computer": "MSI", "Security": {"UserID": "S-1-5-18"}}, "Event Data": {"RuleName": "-", "UtcTime": "2022-03-09 20:36:55.627", "ProcessGuid": "{7590a8e8-0fe7-6229-bf63-000000003000}", "ProcessId": "29872", "Image": "C:\\Program Files (x86)\\Microsoft\\Edge\\Application\\msedge.exe", "FileVersion": "99.0.1150.36", "Description": "Microsoft Edge", "Product": "Microsoft Edge", "Company": "Microsoft Corporation", "OriginalFileName": "msedge.exe", "CommandLine": "\"C:\\Program Files (x86)\\Microsoft\\Edge\\Application\\msedge.exe\" --type=utility --utility-sub-type=data_decoder.mojom.DataDecoderService --lang=en-US --service-sandbox-type=service --mojo-platform-channel-handle=9096 --field-trial-handle=2196,i,9065231904517789391,12241652457674906924,131072 /prefetch:8", "CurrentDirectory": "C:\\Program Files (x86)\\Microsoft\\Edge\\Application\\99.0.1150.36\\", "User": "MSI\\Annie", "LogonGuid": "{7590a8e8-2479-6225-2b24-731900000000}", "LogonId": "0x000000001973242b", "TerminalSessionId": "8", "IntegrityLevel": "Low", "Hashes": "MD5=9C2932757B77876D1AED7A7B1723388D,SHA256=7882F1A15F178BA0BAD44671A15BF547C0FD09D32A27959758CC1F23BEAA7ED4,IMPHASH=61D771CB7F77BBF9FAF14A79750BFB4E", "ParentProcessGuid": "{7590a8e8-0ee3-6229-4e63-000000003000}", "ParentProcessId": "23644", "ParentImage": "C:\\Program Files (x86)\\Microsoft\\Edge\\Application\\msedge.exe", "ParentCommandLine": "\"C:\\Program Files (x86)\\Microsoft\\Edge\\Application\\msedge.exe\" --profile-directory=Default", "ParentUser": "MSI\\Annie"}}
{"Record": "110", "System": {"EventID": "1", "Version": "5", "Level": "4", "Task": "1", "Opcode": "0", "Keywords": "0x8000000000000000", "TimeCreated": {"SystemTime": "2022-03-09 20:36:55.655931"}, "EventRecordID": "586634", "Correlation": {"ActivityID": "", "RealatedActivityID": ""}, "Execution": {"ProcessID": "4832", "ThreadID": "6964"}, "Channel": "Microsoft-Windows-Sysmon/Operational", "Computer": "MSI", "Security": {"UserID": "S-1-5-18"}}, "Event Data": {"RuleName": "-", "UtcTime": "2022-03-09 20:36:55.650", "ProcessGuid": "{7590a8e8-0fe7-6229-c063-000000003000}", "ProcessId": "27212", "Image": "C:\\Program Files (x86)\\Microsoft\\Edge\\Application\\msedge.exe", "FileVersion": "99.0.1150.36", "Description": "Microsoft Edge", "Product": "Microsoft Edge", "Company": "Microsoft Corporation", "OriginalFileName": "msedge.exe", "CommandLine": "\"C:\\Program Files (x86)\\Microsoft\\Edge\\Application\\msedge.exe\" --type=utility --utility-sub-type=data_decoder.mojom.DataDecoderService --lang=en-US --service-sandbox-type=service --mojo-platform-channel-handle=8400 --field-trial-handle=2196,i,9065231904517789391,12241652457674906924,131072 /prefetch:8", "CurrentDirectory": "C:\\Program Files (x86)\\Microsoft\\Edge\\Application\\99.0.1150.36\\", "User": "MSI\\Annie", "LogonGuid": "{7590a8e8-2479-6225-2b24-731900000000}", "LogonId": "0x000000001973242b", "TerminalSessionId": "8", "IntegrityLevel": "Low", "Hashes": "MD5=9C2932757B77876D1AED7A7B1723388D,SHA256=7882F1A15F178BA0BAD44671A15BF547C0FD09D32A27959758CC1F23BEAA7ED4,IMPHASH=61D771CB7F77BBF9FAF14A79750BFB4E", "ParentProcessGuid": "{7590a8e8-0ee3-6229-4e63-000000003000}", "ParentProcessId": "23644", "ParentImage": "C:\\Program Files (x86)\\Microsoft\\Edge\\Application\\msedge.exe", "ParentCommandLine": "\"C:\\Program Files (x86)\\Microsoft\\Edge\\Application\\msedge.exe\" --profile-directory=Default", "ParentUser": "MSI\\Annie"}}
{"Record": "111", "System": {"EventID": "5", "Version": "3", "Level": "4", "Task": "5", "Opcode": "0", "Keywords": "0x8000000000000000", "TimeCreated": {"SystemTime": "2022-03-09 20:36:55.901711"}, "EventRecordID": "586635", "Correlation": {"ActivityID": "", "RealatedActivityID": ""}, "Execution": {"ProcessID": "4832", "ThreadID": "6964"}, "Channel": "Microsoft-Windows-Sysmon/Operational", "Computer": "MSI", "Security": {"UserID": "S-1-5-18"}}, "Event Data": {"RuleName": "-", "UtcTime": "2022-03-09 20:36:55.900", "ProcessGuid": "{7590a8e8-0fe6-6229-bc63-000000003000}", "ProcessId": "344", "Image": "C:\\Users\\Annie\\anaconda3\\python.exe", "User": "MSI\\Annie"}}
{"Record": "112", "System": {"EventID": "1", "Version": "5", "Level": "4", "Task": "1", "Opcode": "0", "Keywords": "0x8000000000000000", "TimeCreated": {"SystemTime": "2022-03-09 20:36:55.932993"}, "EventRecordID": "586636", "Correlation": {"ActivityID": "", "RealatedActivityID": ""}, "Execution": {"ProcessID": "4832", "ThreadID": "6964"}, "Channel": "Microsoft-Windows-Sysmon/Operational", "Computer": "MSI", "Security": {"UserID": "S-1-5-18"}}, "Event Data": {"RuleName": "-", "UtcTime": "2022-03-09 20:36:55.925", "ProcessGuid": "{7590a8e8-0fe7-6229-c163-000000003000}", "ProcessId": "9068", "Image": "C:\\Users\\Annie\\anaconda3\\python.exe", "FileVersion": "3.9.7", "Description": "Python", "Product": "Python", "Company": "Python Software Foundation", "OriginalFileName": "python.exe", "CommandLine": "C:\\Users\\Annie\\anaconda3\\python.exe C:\\Users\\Annie\\Downloads\\viz-attackhost-master\\viz-attackhost-master\\app.py", "CurrentDirectory": "C:\\Users\\Annie\\Downloads\\viz-attackhost-master\\viz-attackhost-master\\", "User": "MSI\\Annie", "LogonGuid": "{7590a8e8-2479-6225-2b24-731900000000}", "LogonId": "0x000000001973242b", "TerminalSessionId": "8", "IntegrityLevel": "Medium", "Hashes": "MD5=47A897993A91B040CBF92ECBD31D01DD,SHA256=A1685CA0F56367B7CA3E8BF1BCBDD3A326F5E8E20C8743BF3108586F0AAFF384,IMPHASH=4BC0A3ABF3DE8784C2872F64590173E9", "ParentProcessGuid": "{7590a8e8-0ed8-6229-4663-000000003000}", "ParentProcessId": "11340", "ParentImage": "C:\\Users\\Annie\\anaconda3\\python.exe", "ParentCommandLine": "C:\\Users\\Annie\\anaconda3\\python.exe  C:\\Users\\Annie\\Downloads\\viz-attackhost-master\\viz-attackhost-master\\app.py ", "ParentUser": "MSI\\Annie"}}
{"Record": "113", "System": {"EventID": "1", "Version": "5", "Level": "4", "Task": "1", "Opcode": "0", "Keywords": "0x8000000000000000", "TimeCreated": {"SystemTime": "2022-03-09 20:36:56.608438"}, "EventRecordID": "586637", "Correlation": {"ActivityID": "", "RealatedActivityID": ""}, "Execution": {"ProcessID": "4832", "ThreadID": "6964"}, "Channel": "Microsoft-Windows-Sysmon/Operational", "Computer": "MSI", "Security": {"UserID": "S-1-5-18"}}, "Event Data": {"RuleName": "-", "UtcTime": "2022-03-09 20:36:56.602", "ProcessGuid": "{7590a8e8-0fe8-6229-c263-000000003000}", "ProcessId": "13736", "Image": "C:\\Windows\\System32\\cmd.exe", "FileVersion": "10.0.19041.746 (WinBuild.160101.0800)", "Description": "Windows Command Processor", "Product": "Microsoft&#174; Windows&#174; Operating System", "Company": "Microsoft Corporation", "OriginalFileName": "Cmd.Exe", "CommandLine": "C:\\Windows\\system32\\cmd.exe /c \"ver\"", "CurrentDirectory": "C:\\Users\\Annie\\Downloads\\viz-attackhost-master\\viz-attackhost-master\\", "User": "MSI\\Annie", "LogonGuid": "{7590a8e8-2479-6225-2b24-731900000000}", "LogonId": "0x000000001973242b", "TerminalSessionId": "8", "IntegrityLevel": "Medium", "Hashes": "MD5=8A2122E8162DBEF04694B9C3E0B6CDEE,SHA256=B99D61D874728EDC0918CA0EB10EAB93D381E7367E377406E65963366C874450,IMPHASH=272245E2988E1E430500B852C4FB5E18", "ParentProcessGuid": "{7590a8e8-0fe7-6229-c163-000000003000}", "ParentProcessId": "9068", "ParentImage": "C:\\Users\\Annie\\anaconda3\\python.exe", "ParentCommandLine": "C:\\Users\\Annie\\anaconda3\\python.exe C:\\Users\\Annie\\Downloads\\viz-attackhost-master\\viz-attackhost-master\\app.py", "ParentUser": "MSI\\Annie"}}
{"Record": "114", "System": {"EventID": "5", "Version": "3", "Level": "4", "Task": "5", "Opcode": "0", "Keywords": "0x8000000000000000", "TimeCreated": {"SystemTime": "2022-03-09 20:36:58.842062"}, "EventRecordID": "586638", "Correlation": {"ActivityID": "", "RealatedActivityID": ""}, "Execution": {"ProcessID": "4832", "ThreadID": "6964"}, "Channel": "Microsoft-Windows-Sysmon/Operational", "Computer": "MSI", "Security": {"UserID": "S-1-5-18"}}, "Event Data": {"RuleName": "-", "UtcTime": "2022-03-09 20:36:58.840", "ProcessGuid": "{7590a8e8-0fe7-6229-c163-000000003000}", "ProcessId": "9068", "Image": "C:\\Users\\Annie\\anaconda3\\python.exe", "User": "MSI\\Annie"}}
{"Record": "115", "System": {"EventID": "1", "Version": "5", "Level": "4", "Task": "1", "Opcode": "0", "Keywords": "0x8000000000000000", "TimeCreated": {"SystemTime": "2022-03-09 20:36:58.869600"}, "EventRecordID": "586639", "Correlation": {"ActivityID": "", "RealatedActivityID": ""}, "Execution": {"ProcessID": "4832", "ThreadID": "6964"}, "Channel": "Microsoft-Windows-Sysmon/Operational", "Computer": "MSI", "Security": {"UserID": "S-1-5-18"}}, "Event Data": {"RuleName": "-", "UtcTime": "2022-03-09 20:36:58.864", "ProcessGuid": "{7590a8e8-0fea-6229-c363-000000003000}", "ProcessId": "31300", "Image": "C:\\Users\\Annie\\anaconda3\\python.exe", "FileVersion": "3.9.7", "Description": "Python", "Product": "Python", "Company": "Python Software Foundation", "OriginalFileName": "python.exe", "CommandLine": "C:\\Users\\Annie\\anaconda3\\python.exe C:\\Users\\Annie\\Downloads\\viz-attackhost-master\\viz-attackhost-master\\app.py", "CurrentDirectory": "C:\\Users\\Annie\\Downloads\\viz-attackhost-master\\viz-attackhost-master\\", "User": "MSI\\Annie", "LogonGuid": "{7590a8e8-2479-6225-2b24-731900000000}", "LogonId": "0x000000001973242b", "TerminalSessionId": "8", "IntegrityLevel": "Medium", "Hashes": "MD5=47A897993A91B040CBF92ECBD31D01DD,SHA256=A1685CA0F56367B7CA3E8BF1BCBDD3A326F5E8E20C8743BF3108586F0AAFF384,IMPHASH=4BC0A3ABF3DE8784C2872F64590173E9", "ParentProcessGuid": "{7590a8e8-0ed8-6229-4663-000000003000}", "ParentProcessId": "11340", "ParentImage": "C:\\Users\\Annie\\anaconda3\\python.exe", "ParentCommandLine": "C:\\Users\\Annie\\anaconda3\\python.exe  C:\\Users\\Annie\\Downloads\\viz-attackhost-master\\viz-attackhost-master\\app.py ", "ParentUser": "MSI\\Annie"}}
{"Record": "116", "System": {"EventID": "1", "Version": "5", "Level": "4", "Task": "1", "Opcode": "0", "Keywords": "0x8000000000000000", "TimeCreated": {"SystemTime": "2022-03-09 20:36:59.500637"}, "EventRecordID": "586640", "Correlation": {"ActivityID": "", "RealatedActivityID": ""}, "Execution": {"ProcessID": "4832", "ThreadID": "6964"}, "Channel": "Microsoft-Windows-Sysmon/Operational", "Computer": "MSI", "Security": {"UserID": "S-1-5-18"}}, "Event Data": {"RuleName": "-", "UtcTime": "2022-03-09 20:36:59.495", "ProcessGuid": "{7590a8e8-0feb-6229-c463-000000003000}", "ProcessId": "8132", "Image": "C:\\Windows\\System32\\cmd.exe", "FileVersion": "10.0.19041.746 (WinBuild.160101.0800)", "Description": "Windows Command Processor", "Product": "Microsoft&#174; Windows&#174; Operating System", "Company": "Microsoft Corporation", "OriginalFileName": "Cmd.Exe", "CommandLine": "C:\\Windows\\system32\\cmd.exe /c \"ver\"", "CurrentDirectory": "C:\\Users\\Annie\\Downloads\\viz-attackhost-master\\viz-attackhost-master\\", "User": "MSI\\Annie", "LogonGuid": "{7590a8e8-2479-6225-2b24-731900000000}", "LogonId": "0x000000001973242b", "TerminalSessionId": "8", "IntegrityLevel": "Medium", "Hashes": "MD5=8A2122E8162DBEF04694B9C3E0B6CDEE,SHA256=B99D61D874728EDC0918CA0EB10EAB93D381E7367E377406E65963366C874450,IMPHASH=272245E2988E1E430500B852C4FB5E18", "ParentProcessGuid": "{7590a8e8-0fea-6229-c363-000000003000}", "ParentProcessId": "31300", "ParentImage": "C:\\Users\\Annie\\anaconda3\\python.exe", "ParentCommandLine": "C:\\Users\\Annie\\anaconda3\\python.exe C:\\Users\\Annie\\Downloads\\viz-attackhost-master\\viz-attackhost-master\\app.py", "ParentUser": "MSI\\Annie"}}
{"Record": "117", "System": {"EventID": "5", "Version": "3", "Level": "4", "Task": "5", "Opcode": "0", "Keywords": "0x8000000000000000", "TimeCreated": {"SystemTime": "2022-03-09 20:37:01.805676"}, "EventRecordID": "586641", "Correlation": {"ActivityID": "", "RealatedActivityID": ""}, "Execution": {"ProcessID": "4832", "ThreadID": "6964"}, "Channel": "Microsoft-Windows-Sysmon/Operational", "Computer": "MSI", "Security": {"UserID": "S-1-5-18"}}, "Event Data": {"RuleName": "-", "UtcTime": "2022-03-09 20:37:01.804", "ProcessGuid": "{7590a8e8-0fea-6229-c363-000000003000}", "ProcessId": "31300", "Image": "C:\\Users\\Annie\\anaconda3\\python.exe", "User": "MSI\\Annie"}}
{"Record": "118", "System": {"EventID": "1", "Version": "5", "Level": "4", "Task": "1", "Opcode": "0", "Keywords": "0x8000000000000000", "TimeCreated": {"SystemTime": "2022-03-09 20:37:01.835539"}, "EventRecordID": "586642", "Correlation": {"ActivityID": "", "RealatedActivityID": ""}, "Execution": {"ProcessID": "4832", "ThreadID": "6964"}, "Channel": "Microsoft-Windows-Sysmon/Operational", "Computer": "MSI", "Security": {"UserID": "S-1-5-18"}}, "Event Data": {"RuleName": "-", "UtcTime": "2022-03-09 20:37:01.829", "ProcessGuid": "{7590a8e8-0fed-6229-c563-000000003000}", "ProcessId": "11644", "Image": "C:\\Users\\Annie\\anaconda3\\python.exe", "FileVersion": "3.9.7", "Description": "Python", "Product": "Python", "Company": "Python Software Foundation", "OriginalFileName": "python.exe", "CommandLine": "C:\\Users\\Annie\\anaconda3\\python.exe C:\\Users\\Annie\\Downloads\\viz-attackhost-master\\viz-attackhost-master\\app.py", "CurrentDirectory": "C:\\Users\\Annie\\Downloads\\viz-attackhost-master\\viz-attackhost-master\\", "User": "MSI\\Annie", "LogonGuid": "{7590a8e8-2479-6225-2b24-731900000000}", "LogonId": "0x000000001973242b", "TerminalSessionId": "8", "IntegrityLevel": "Medium", "Hashes": "MD5=47A897993A91B040CBF92ECBD31D01DD,SHA256=A1685CA0F56367B7CA3E8BF1BCBDD3A326F5E8E20C8743BF3108586F0AAFF384,IMPHASH=4BC0A3ABF3DE8784C2872F64590173E9", "ParentProcessGuid": "{7590a8e8-0ed8-6229-4663-000000003000}", "ParentProcessId": "11340", "ParentImage": "C:\\Users\\Annie\\anaconda3\\python.exe", "ParentCommandLine": "C:\\Users\\Annie\\anaconda3\\python.exe  C:\\Users\\Annie\\Downloads\\viz-attackhost-master\\viz-attackhost-master\\app.py ", "ParentUser": "MSI\\Annie"}}
{"Record": "119", "System": {"EventID": "22", "Version": "5", "Level": "4", "Task": "22", "Opcode": "0", "Keywords": "0x8000000000000000", "TimeCreated": {"SystemTime": "2022-03-09 20:37:02.026880"}, "EventRecordID": "586643", "Correlation": {"ActivityID": "", "RealatedActivityID": ""}, "Execution": {"ProcessID": "4832", "ThreadID": "6988"}, "Channel": "Microsoft-Windows-Sysmon/Operational", "Computer": "MSI", "Security": {"UserID": "S-1-5-18"}}, "Event Data": {"RuleName": "-", "UtcTime": "2022-03-09 20:38:38.591", "ProcessGuid": "{7590a8e8-0ee6-6229-5163-000000003000}", "ProcessId": "7660", "QueryName": "2022-03-09 20:38:38.591", "QueryStatus": "{7590a8e8-0ee6-6229-5163-000000003000}", "QueryResults": "7660", "Image": "C:\\Program Files (x86)\\Microsoft\\Edge\\Application\\msedge.exe", "User": "MSI\\Annie"}}
{"Record": "120", "System": {"EventID": "1", "Version": "5", "Level": "4", "Task": "1", "Opcode": "0", "Keywords": "0x8000000000000000", "TimeCreated": {"SystemTime": "2022-03-09 20:37:02.482334"}, "EventRecordID": "586644", "Correlation": {"ActivityID": "", "RealatedActivityID": ""}, "Execution": {"ProcessID": "4832", "ThreadID": "6964"}, "Channel": "Microsoft-Windows-Sysmon/Operational", "Computer": "MSI", "Security": {"UserID": "S-1-5-18"}}, "Event Data": {"RuleName": "-", "UtcTime": "2022-03-09 20:37:02.477", "ProcessGuid": "{7590a8e8-0fee-6229-c663-000000003000}", "ProcessId": "24916", "Image": "C:\\Windows\\System32\\cmd.exe", "FileVersion": "10.0.19041.746 (WinBuild.160101.0800)", "Description": "Windows Command Processor", "Product": "Microsoft&#174; Windows&#174; Operating System", "Company": "Microsoft Corporation", "OriginalFileName": "Cmd.Exe", "CommandLine": "C:\\Windows\\system32\\cmd.exe /c \"ver\"", "CurrentDirectory": "C:\\Users\\Annie\\Downloads\\viz-attackhost-master\\viz-attackhost-master\\", "User": "MSI\\Annie", "LogonGuid": "{7590a8e8-2479-6225-2b24-731900000000}", "LogonId": "0x000000001973242b", "TerminalSessionId": "8", "IntegrityLevel": "Medium", "Hashes": "MD5=8A2122E8162DBEF04694B9C3E0B6CDEE,SHA256=B99D61D874728EDC0918CA0EB10EAB93D381E7367E377406E65963366C874450,IMPHASH=272245E2988E1E430500B852C4FB5E18", "ParentProcessGuid": "{7590a8e8-0fed-6229-c563-000000003000}", "ParentProcessId": "11644", "ParentImage": "C:\\Users\\Annie\\anaconda3\\python.exe", "ParentCommandLine": "C:\\Users\\Annie\\anaconda3\\python.exe C:\\Users\\Annie\\Downloads\\viz-attackhost-master\\viz-attackhost-master\\app.py", "ParentUser": "MSI\\Annie"}}
{"Record": "121", "System": {"EventID": "1", "Version": "5", "Level": "4", "Task": "1", "Opcode": "0", "Keywords": "0x8000000000000000", "TimeCreated": {"SystemTime": "2022-03-09 20:37:04.543571"}, "EventRecordID": "586645", "Correlation": {"ActivityID": "", "RealatedActivityID": ""}, "Execution": {"ProcessID": "4832", "ThreadID": "6964"}, "Channel": "Microsoft-Windows-Sysmon/Operational", "Computer": "MSI", "Security": {"UserID": "S-1-5-18"}}, "Event Data": {"RuleName": "-", "UtcTime": "2022-03-09 20:37:04.537", "ProcessGuid": "{7590a8e8-0ff0-6229-c763-000000003000}", "ProcessId": "17608", "Image": "C:\\Windows\\System32\\WindowsPowerShell\\v1.0\\powershell.exe", "FileVersion": "10.0.19041.546 (WinBuild.160101.0800)", "Description": "Windows PowerShell", "Product": "Microsoft&#174; Windows&#174; Operating System", "Company": "Microsoft Corporation", "OriginalFileName": "PowerShell.EXE", "CommandLine": "powershell.exe \"C:/Users/Annie/Downloads/viz-attackhost-master/viz-attackhost-master/powershell/Attack-Script-T1010_1.ps1 C:/Users/Annie/Downloads/viz-attackhost-master/viz-attackhost-master/data/output/AttackResults/Attack-T1010_1-1.out\"", "CurrentDirectory": "C:\\Users\\Annie\\Downloads\\viz-attackhost-master\\viz-attackhost-master\\", "User": "MSI\\Annie", "LogonGuid": "{7590a8e8-2479-6225-2b24-731900000000}", "LogonId": "0x000000001973242b", "TerminalSessionId": "8", "IntegrityLevel": "Medium", "Hashes": "MD5=04029E121A0CFA5991749937DD22A1D9,SHA256=9F914D42706FE215501044ACD85A32D58AAEF1419D404FDDFA5D3B48F66CCD9F,IMPHASH=7C955A0ABC747F57CCC4324480737EF7", "ParentProcessGuid": "{7590a8e8-0fed-6229-c563-000000003000}", "ParentProcessId": "11644", "ParentImage": "C:\\Users\\Annie\\anaconda3\\python.exe", "ParentCommandLine": "C:\\Users\\Annie\\anaconda3\\python.exe C:\\Users\\Annie\\Downloads\\viz-attackhost-master\\viz-attackhost-master\\app.py", "ParentUser": "MSI\\Annie"}}
{"Record": "122", "System": {"EventID": "11", "Version": "2", "Level": "4", "Task": "11", "Opcode": "0", "Keywords": "0x8000000000000000", "TimeCreated": {"SystemTime": "2022-03-09 20:37:04.845303"}, "EventRecordID": "586646", "Correlation": {"ActivityID": "", "RealatedActivityID": ""}, "Execution": {"ProcessID": "4832", "ThreadID": "6964"}, "Channel": "Microsoft-Windows-Sysmon/Operational", "Computer": "MSI", "Security": {"UserID": "S-1-5-18"}}, "Event Data": {"RuleName": "-", "UtcTime": "2022-03-09 20:37:04.844", "ProcessGuid": "{7590a8e8-0ff0-6229-c763-000000003000}", "ProcessId": "17608", "Image": "C:\\Windows\\System32\\WindowsPowerShell\\v1.0\\powershell.exe", "TargetFilename": "C:\\Users\\Annie\\AppData\\Local\\Temp\\__PSScriptPolicyTest_5tfegfpv.yxo.ps1", "CreationUtcTime": "2022-03-09 20:37:04.843", "User": "MSI\\Annie"}}
{"Record": "123", "System": {"EventID": "5", "Version": "3", "Level": "4", "Task": "5", "Opcode": "0", "Keywords": "0x8000000000000000", "TimeCreated": {"SystemTime": "2022-03-09 20:37:05.724033"}, "EventRecordID": "586647", "Correlation": {"ActivityID": "", "RealatedActivityID": ""}, "Execution": {"ProcessID": "4832", "ThreadID": "6964"}, "Channel": "Microsoft-Windows-Sysmon/Operational", "Computer": "MSI", "Security": {"UserID": "S-1-5-18"}}, "Event Data": {"RuleName": "-", "UtcTime": "2022-03-09 20:37:05.723", "ProcessGuid": "{7590a8e8-0fed-6229-c563-000000003000}", "ProcessId": "11644", "Image": "C:\\Users\\Annie\\anaconda3\\python.exe", "User": "MSI\\Annie"}}
{"Record": "124", "System": {"EventID": "1", "Version": "5", "Level": "4", "Task": "1", "Opcode": "0", "Keywords": "0x8000000000000000", "TimeCreated": {"SystemTime": "2022-03-09 20:37:05.747540"}, "EventRecordID": "586648", "Correlation": {"ActivityID": "", "RealatedActivityID": ""}, "Execution": {"ProcessID": "4832", "ThreadID": "6964"}, "Channel": "Microsoft-Windows-Sysmon/Operational", "Computer": "MSI", "Security": {"UserID": "S-1-5-18"}}, "Event Data": {"RuleName": "-", "UtcTime": "2022-03-09 20:37:05.743", "ProcessGuid": "{7590a8e8-0ff1-6229-c863-000000003000}", "ProcessId": "13804", "Image": "C:\\Users\\Annie\\anaconda3\\python.exe", "FileVersion": "3.9.7", "Description": "Python", "Product": "Python", "Company": "Python Software Foundation", "OriginalFileName": "python.exe", "CommandLine": "C:\\Users\\Annie\\anaconda3\\python.exe C:\\Users\\Annie\\Downloads\\viz-attackhost-master\\viz-attackhost-master\\app.py", "CurrentDirectory": "C:\\Users\\Annie\\Downloads\\viz-attackhost-master\\viz-attackhost-master\\", "User": "MSI\\Annie", "LogonGuid": "{7590a8e8-2479-6225-2b24-731900000000}", "LogonId": "0x000000001973242b", "TerminalSessionId": "8", "IntegrityLevel": "Medium", "Hashes": "MD5=47A897993A91B040CBF92ECBD31D01DD,SHA256=A1685CA0F56367B7CA3E8BF1BCBDD3A326F5E8E20C8743BF3108586F0AAFF384,IMPHASH=4BC0A3ABF3DE8784C2872F64590173E9", "ParentProcessGuid": "{7590a8e8-0ed8-6229-4663-000000003000}", "ParentProcessId": "11340", "ParentImage": "C:\\Users\\Annie\\anaconda3\\python.exe", "ParentCommandLine": "C:\\Users\\Annie\\anaconda3\\python.exe  C:\\Users\\Annie\\Downloads\\viz-attackhost-master\\viz-attackhost-master\\app.py ", "ParentUser": "MSI\\Annie"}}
{"Record": "125", "System": {"EventID": "1", "Version": "5", "Level": "4", "Task": "1", "Opcode": "0", "Keywords": "0x8000000000000000", "TimeCreated": {"SystemTime": "2022-03-09 20:37:06.331770"}, "EventRecordID": "586649", "Correlation": {"ActivityID": "", "RealatedActivityID": ""}, "Execution": {"ProcessID": "4832", "ThreadID": "6964"}, "Channel": "Microsoft-Windows-Sysmon/Operational", "Computer": "MSI", "Security": {"UserID": "S-1-5-18"}}, "Event Data": {"RuleName": "-", "UtcTime": "2022-03-09 20:37:06.326", "ProcessGuid": "{7590a8e8-0ff2-6229-c963-000000003000}", "ProcessId": "29332", "Image": "C:\\Windows\\System32\\cmd.exe", "FileVersion": "10.0.19041.746 (WinBuild.160101.0800)", "Description": "Windows Command Processor", "Product": "Microsoft&#174; Windows&#174; Operating System", "Company": "Microsoft Corporation", "OriginalFileName": "Cmd.Exe", "CommandLine": "C:\\Windows\\system32\\cmd.exe /c \"ver\"", "CurrentDirectory": "C:\\Users\\Annie\\Downloads\\viz-attackhost-master\\viz-attackhost-master\\", "User": "MSI\\Annie", "LogonGuid": "{7590a8e8-2479-6225-2b24-731900000000}", "LogonId": "0x000000001973242b", "TerminalSessionId": "8", "IntegrityLevel": "Medium", "Hashes": "MD5=8A2122E8162DBEF04694B9C3E0B6CDEE,SHA256=B99D61D874728EDC0918CA0EB10EAB93D381E7367E377406E65963366C874450,IMPHASH=272245E2988E1E430500B852C4FB5E18", "ParentProcessGuid": "{7590a8e8-0ff1-6229-c863-000000003000}", "ParentProcessId": "13804", "ParentImage": "C:\\Users\\Annie\\anaconda3\\python.exe", "ParentCommandLine": "C:\\Users\\Annie\\anaconda3\\python.exe C:\\Users\\Annie\\Downloads\\viz-attackhost-master\\viz-attackhost-master\\app.py", "ParentUser": "MSI\\Annie"}}
{"Record": "126", "System": {"EventID": "1", "Version": "5", "Level": "4", "Task": "1", "Opcode": "0", "Keywords": "0x8000000000000000", "TimeCreated": {"SystemTime": "2022-03-09 20:37:07.761189"}, "EventRecordID": "586650", "Correlation": {"ActivityID": "", "RealatedActivityID": ""}, "Execution": {"ProcessID": "4832", "ThreadID": "6964"}, "Channel": "Microsoft-Windows-Sysmon/Operational", "Computer": "MSI", "Security": {"UserID": "S-1-5-18"}}, "Event Data": {"RuleName": "-", "UtcTime": "2022-03-09 20:37:07.756", "ProcessGuid": "{7590a8e8-0ff3-6229-ca63-000000003000}", "ProcessId": "13404", "Image": "C:\\Windows\\System32\\WindowsPowerShell\\v1.0\\powershell.exe", "FileVersion": "10.0.19041.546 (WinBuild.160101.0800)", "Description": "Windows PowerShell", "Product": "Microsoft&#174; Windows&#174; Operating System", "Company": "Microsoft Corporation", "OriginalFileName": "PowerShell.EXE", "CommandLine": "powershell.exe \"C:/Users/Annie/Downloads/viz-attackhost-master/viz-attackhost-master/powershell/Attack-Script-T1010_1.ps1 C:/Users/Annie/Downloads/viz-attackhost-master/viz-attackhost-master/data/output/AttackResults/Attack-T1010_1-1.out\"", "CurrentDirectory": "C:\\Users\\Annie\\Downloads\\viz-attackhost-master\\viz-attackhost-master\\", "User": "MSI\\Annie", "LogonGuid": "{7590a8e8-2479-6225-2b24-731900000000}", "LogonId": "0x000000001973242b", "TerminalSessionId": "8", "IntegrityLevel": "Medium", "Hashes": "MD5=04029E121A0CFA5991749937DD22A1D9,SHA256=9F914D42706FE215501044ACD85A32D58AAEF1419D404FDDFA5D3B48F66CCD9F,IMPHASH=7C955A0ABC747F57CCC4324480737EF7", "ParentProcessGuid": "{7590a8e8-0ff1-6229-c863-000000003000}", "ParentProcessId": "13804", "ParentImage": "C:\\Users\\Annie\\anaconda3\\python.exe", "ParentCommandLine": "C:\\Users\\Annie\\anaconda3\\python.exe C:\\Users\\Annie\\Downloads\\viz-attackhost-master\\viz-attackhost-master\\app.py", "ParentUser": "MSI\\Annie"}}
{"Record": "127", "System": {"EventID": "11", "Version": "2", "Level": "4", "Task": "11", "Opcode": "0", "Keywords": "0x8000000000000000", "TimeCreated": {"SystemTime": "2022-03-09 20:37:08.339582"}, "EventRecordID": "586651", "Correlation": {"ActivityID": "", "RealatedActivityID": ""}, "Execution": {"ProcessID": "4832", "ThreadID": "6964"}, "Channel": "Microsoft-Windows-Sysmon/Operational", "Computer": "MSI", "Security": {"UserID": "S-1-5-18"}}, "Event Data": {"RuleName": "-", "UtcTime": "2022-03-09 20:37:08.338", "ProcessGuid": "{7590a8e8-0ff3-6229-ca63-000000003000}", "ProcessId": "13404", "Image": "C:\\Windows\\System32\\WindowsPowerShell\\v1.0\\powershell.exe", "TargetFilename": "C:\\Users\\Annie\\AppData\\Local\\Temp\\__PSScriptPolicyTest_mm1xkk0z.g4c.ps1", "CreationUtcTime": "2022-03-09 20:37:08.337", "User": "MSI\\Annie"}}
{"Record": "128", "System": {"EventID": "5", "Version": "3", "Level": "4", "Task": "5", "Opcode": "0", "Keywords": "0x8000000000000000", "TimeCreated": {"SystemTime": "2022-03-09 20:37:08.482555"}, "EventRecordID": "586652", "Correlation": {"ActivityID": "", "RealatedActivityID": ""}, "Execution": {"ProcessID": "4832", "ThreadID": "6964"}, "Channel": "Microsoft-Windows-Sysmon/Operational", "Computer": "MSI", "Security": {"UserID": "S-1-5-18"}}, "Event Data": {"RuleName": "-", "UtcTime": "2022-03-09 20:37:08.482", "ProcessGuid": "{7590a8e8-0ff1-6229-c863-000000003000}", "ProcessId": "13804", "Image": "C:\\Users\\Annie\\anaconda3\\python.exe", "User": "MSI\\Annie"}}
{"Record": "129", "System": {"EventID": "1", "Version": "5", "Level": "4", "Task": "1", "Opcode": "0", "Keywords": "0x8000000000000000", "TimeCreated": {"SystemTime": "2022-03-09 20:37:08.502712"}, "EventRecordID": "586653", "Correlation": {"ActivityID": "", "RealatedActivityID": ""}, "Execution": {"ProcessID": "4832", "ThreadID": "6964"}, "Channel": "Microsoft-Windows-Sysmon/Operational", "Computer": "MSI", "Security": {"UserID": "S-1-5-18"}}, "Event Data": {"RuleName": "-", "UtcTime": "2022-03-09 20:37:08.497", "ProcessGuid": "{7590a8e8-0ff4-6229-cb63-000000003000}", "ProcessId": "476", "Image": "C:\\Program Files (x86)\\Microsoft\\Edge\\Application\\msedge.exe", "FileVersion": "99.0.1150.36", "Description": "Microsoft Edge", "Product": "Microsoft Edge", "Company": "Microsoft Corporation", "OriginalFileName": "msedge.exe", "CommandLine": "\"C:\\Program Files (x86)\\Microsoft\\Edge\\Application\\msedge.exe\" --type=renderer --disable-client-side-phishing-detection --display-capture-permissions-policy-allowed --lang=en-US --device-scale-factor=1.5 --num-raster-threads=4 --enable-main-frame-before-activation --renderer-client-id=47 --launch-time-ticks=1949766691633 --mojo-platform-channel-handle=3668 --field-trial-handle=2196,i,9065231904517789391,12241652457674906924,131072 /prefetch:1", "CurrentDirectory": "C:\\Program Files (x86)\\Microsoft\\Edge\\Application\\99.0.1150.36\\", "User": "MSI\\Annie", "LogonGuid": "{7590a8e8-2479-6225-2b24-731900000000}", "LogonId": "0x000000001973242b", "TerminalSessionId": "8", "IntegrityLevel": "Low", "Hashes": "MD5=9C2932757B77876D1AED7A7B1723388D,SHA256=7882F1A15F178BA0BAD44671A15BF547C0FD09D32A27959758CC1F23BEAA7ED4,IMPHASH=61D771CB7F77BBF9FAF14A79750BFB4E", "ParentProcessGuid": "{7590a8e8-0ee3-6229-4e63-000000003000}", "ParentProcessId": "23644", "ParentImage": "C:\\Program Files (x86)\\Microsoft\\Edge\\Application\\msedge.exe", "ParentCommandLine": "\"C:\\Program Files (x86)\\Microsoft\\Edge\\Application\\msedge.exe\" --profile-directory=Default", "ParentUser": "MSI\\Annie"}}
{"Record": "130", "System": {"EventID": "1", "Version": "5", "Level": "4", "Task": "1", "Opcode": "0", "Keywords": "0x8000000000000000", "TimeCreated": {"SystemTime": "2022-03-09 20:37:08.509417"}, "EventRecordID": "586654", "Correlation": {"ActivityID": "", "RealatedActivityID": ""}, "Execution": {"ProcessID": "4832", "ThreadID": "6964"}, "Channel": "Microsoft-Windows-Sysmon/Operational", "Computer": "MSI", "Security": {"UserID": "S-1-5-18"}}, "Event Data": {"RuleName": "-", "UtcTime": "2022-03-09 20:37:08.505", "ProcessGuid": "{7590a8e8-0ff4-6229-cc63-000000003000}", "ProcessId": "18980", "Image": "C:\\Users\\Annie\\anaconda3\\python.exe", "FileVersion": "3.9.7", "Description": "Python", "Product": "Python", "Company": "Python Software Foundation", "OriginalFileName": "python.exe", "CommandLine": "C:\\Users\\Annie\\anaconda3\\python.exe C:\\Users\\Annie\\Downloads\\viz-attackhost-master\\viz-attackhost-master\\app.py", "CurrentDirectory": "C:\\Users\\Annie\\Downloads\\viz-attackhost-master\\viz-attackhost-master\\", "User": "MSI\\Annie", "LogonGuid": "{7590a8e8-2479-6225-2b24-731900000000}", "LogonId": "0x000000001973242b", "TerminalSessionId": "8", "IntegrityLevel": "Medium", "Hashes": "MD5=47A897993A91B040CBF92ECBD31D01DD,SHA256=A1685CA0F56367B7CA3E8BF1BCBDD3A326F5E8E20C8743BF3108586F0AAFF384,IMPHASH=4BC0A3ABF3DE8784C2872F64590173E9", "ParentProcessGuid": "{7590a8e8-0ed8-6229-4663-000000003000}", "ParentProcessId": "11340", "ParentImage": "C:\\Users\\Annie\\anaconda3\\python.exe", "ParentCommandLine": "C:\\Users\\Annie\\anaconda3\\python.exe  C:\\Users\\Annie\\Downloads\\viz-attackhost-master\\viz-attackhost-master\\app.py ", "ParentUser": "MSI\\Annie"}}
{"Record": "131", "System": {"EventID": "1", "Version": "5", "Level": "4", "Task": "1", "Opcode": "0", "Keywords": "0x8000000000000000", "TimeCreated": {"SystemTime": "2022-03-09 20:37:09.271919"}, "EventRecordID": "586655", "Correlation": {"ActivityID": "", "RealatedActivityID": ""}, "Execution": {"ProcessID": "4832", "ThreadID": "6964"}, "Channel": "Microsoft-Windows-Sysmon/Operational", "Computer": "MSI", "Security": {"UserID": "S-1-5-18"}}, "Event Data": {"RuleName": "-", "UtcTime": "2022-03-09 20:37:09.267", "ProcessGuid": "{7590a8e8-0ff5-6229-cd63-000000003000}", "ProcessId": "15368", "Image": "C:\\Windows\\System32\\cmd.exe", "FileVersion": "10.0.19041.746 (WinBuild.160101.0800)", "Description": "Windows Command Processor", "Product": "Microsoft&#174; Windows&#174; Operating System", "Company": "Microsoft Corporation", "OriginalFileName": "Cmd.Exe", "CommandLine": "C:\\Windows\\system32\\cmd.exe /c \"ver\"", "CurrentDirectory": "C:\\Users\\Annie\\Downloads\\viz-attackhost-master\\viz-attackhost-master\\", "User": "MSI\\Annie", "LogonGuid": "{7590a8e8-2479-6225-2b24-731900000000}", "LogonId": "0x000000001973242b", "TerminalSessionId": "8", "IntegrityLevel": "Medium", "Hashes": "MD5=8A2122E8162DBEF04694B9C3E0B6CDEE,SHA256=B99D61D874728EDC0918CA0EB10EAB93D381E7367E377406E65963366C874450,IMPHASH=272245E2988E1E430500B852C4FB5E18", "ParentProcessGuid": "{7590a8e8-0ff4-6229-cc63-000000003000}", "ParentProcessId": "18980", "ParentImage": "C:\\Users\\Annie\\anaconda3\\python.exe", "ParentCommandLine": "C:\\Users\\Annie\\anaconda3\\python.exe C:\\Users\\Annie\\Downloads\\viz-attackhost-master\\viz-attackhost-master\\app.py", "ParentUser": "MSI\\Annie"}}
{"Record": "132", "System": {"EventID": "1", "Version": "5", "Level": "4", "Task": "1", "Opcode": "0", "Keywords": "0x8000000000000000", "TimeCreated": {"SystemTime": "2022-03-09 20:37:09.688740"}, "EventRecordID": "586656", "Correlation": {"ActivityID": "", "RealatedActivityID": ""}, "Execution": {"ProcessID": "4832", "ThreadID": "6964"}, "Channel": "Microsoft-Windows-Sysmon/Operational", "Computer": "MSI", "Security": {"UserID": "S-1-5-18"}}, "Event Data": {"RuleName": "-", "UtcTime": "2022-03-09 20:37:09.683", "ProcessGuid": "{7590a8e8-0ff5-6229-ce63-000000003000}", "ProcessId": "16556", "Image": "C:\\Program Files (x86)\\Microsoft\\Edge\\Application\\msedge.exe", "FileVersion": "99.0.1150.36", "Description": "Microsoft Edge", "Product": "Microsoft Edge", "Company": "Microsoft Corporation", "OriginalFileName": "msedge.exe", "CommandLine": "\"C:\\Program Files (x86)\\Microsoft\\Edge\\Application\\msedge.exe\" --type=renderer --disable-client-side-phishing-detection --display-capture-permissions-policy-allowed --lang=en-US --device-scale-factor=1.5 --num-raster-threads=4 --enable-main-frame-before-activation --renderer-client-id=48 --launch-time-ticks=1949767875857 --mojo-platform-channel-handle=9160 --field-trial-handle=2196,i,9065231904517789391,12241652457674906924,131072 /prefetch:1", "CurrentDirectory": "C:\\Program Files (x86)\\Microsoft\\Edge\\Application\\99.0.1150.36\\", "User": "MSI\\Annie", "LogonGuid": "{7590a8e8-2479-6225-2b24-731900000000}", "LogonId": "0x000000001973242b", "TerminalSessionId": "8", "IntegrityLevel": "Low", "Hashes": "MD5=9C2932757B77876D1AED7A7B1723388D,SHA256=7882F1A15F178BA0BAD44671A15BF547C0FD09D32A27959758CC1F23BEAA7ED4,IMPHASH=61D771CB7F77BBF9FAF14A79750BFB4E", "ParentProcessGuid": "{7590a8e8-0ee3-6229-4e63-000000003000}", "ParentProcessId": "23644", "ParentImage": "C:\\Program Files (x86)\\Microsoft\\Edge\\Application\\msedge.exe", "ParentCommandLine": "\"C:\\Program Files (x86)\\Microsoft\\Edge\\Application\\msedge.exe\" --profile-directory=Default", "ParentUser": "MSI\\Annie"}}
{"Record": "133", "System": {"EventID": "1", "Version": "5", "Level": "4", "Task": "1", "Opcode": "0", "Keywords": "0x8000000000000000", "TimeCreated": {"SystemTime": "2022-03-09 20:37:10.270964"}, "EventRecordID": "586657", "Correlation": {"ActivityID": "", "RealatedActivityID": ""}, "Execution": {"ProcessID": "4832", "ThreadID": "6964"}, "Channel": "Microsoft-Windows-Sysmon/Operational", "Computer": "MSI", "Security": {"UserID": "S-1-5-18"}}, "Event Data": {"RuleName": "-", "UtcTime": "2022-03-09 20:37:10.266", "ProcessGuid": "{7590a8e8-0ff6-6229-cf63-000000003000}", "ProcessId": "12624", "Image": "C:\\Windows\\System32\\WindowsPowerShell\\v1.0\\powershell.exe", "FileVersion": "10.0.19041.546 (WinBuild.160101.0800)", "Description": "Windows PowerShell", "Product": "Microsoft&#174; Windows&#174; Operating System", "Company": "Microsoft Corporation", "OriginalFileName": "PowerShell.EXE", "CommandLine": "powershell.exe \"C:/Users/Annie/Downloads/viz-attackhost-master/viz-attackhost-master/powershell/Attack-Script-T1010_1.ps1 C:/Users/Annie/Downloads/viz-attackhost-master/viz-attackhost-master/data/output/AttackResults/Attack-T1010_1-1.out\"", "CurrentDirectory": "C:\\Users\\Annie\\Downloads\\viz-attackhost-master\\viz-attackhost-master\\", "User": "MSI\\Annie", "LogonGuid": "{7590a8e8-2479-6225-2b24-731900000000}", "LogonId": "0x000000001973242b", "TerminalSessionId": "8", "IntegrityLevel": "Medium", "Hashes": "MD5=04029E121A0CFA5991749937DD22A1D9,SHA256=9F914D42706FE215501044ACD85A32D58AAEF1419D404FDDFA5D3B48F66CCD9F,IMPHASH=7C955A0ABC747F57CCC4324480737EF7", "ParentProcessGuid": "{7590a8e8-0ff4-6229-cc63-000000003000}", "ParentProcessId": "18980", "ParentImage": "C:\\Users\\Annie\\anaconda3\\python.exe", "ParentCommandLine": "C:\\Users\\Annie\\anaconda3\\python.exe C:\\Users\\Annie\\Downloads\\viz-attackhost-master\\viz-attackhost-master\\app.py", "ParentUser": "MSI\\Annie"}}
{"Record": "134", "System": {"EventID": "11", "Version": "2", "Level": "4", "Task": "11", "Opcode": "0", "Keywords": "0x8000000000000000", "TimeCreated": {"SystemTime": "2022-03-09 20:37:10.587845"}, "EventRecordID": "586658", "Correlation": {"ActivityID": "", "RealatedActivityID": ""}, "Execution": {"ProcessID": "4832", "ThreadID": "6964"}, "Channel": "Microsoft-Windows-Sysmon/Operational", "Computer": "MSI", "Security": {"UserID": "S-1-5-18"}}, "Event Data": {"RuleName": "-", "UtcTime": "2022-03-09 20:37:10.587", "ProcessGuid": "{7590a8e8-0ff6-6229-cf63-000000003000}", "ProcessId": "12624", "Image": "C:\\Windows\\System32\\WindowsPowerShell\\v1.0\\powershell.exe", "TargetFilename": "C:\\Users\\Annie\\AppData\\Local\\Temp\\__PSScriptPolicyTest_cam3yamc.tpo.ps1", "CreationUtcTime": "2022-03-09 20:37:10.586", "User": "MSI\\Annie"}}
{"Record": "135", "System": {"EventID": "5", "Version": "3", "Level": "4", "Task": "5", "Opcode": "0", "Keywords": "0x8000000000000000", "TimeCreated": {"SystemTime": "2022-03-09 20:37:11.423071"}, "EventRecordID": "586659", "Correlation": {"ActivityID": "", "RealatedActivityID": ""}, "Execution": {"ProcessID": "4832", "ThreadID": "6964"}, "Channel": "Microsoft-Windows-Sysmon/Operational", "Computer": "MSI", "Security": {"UserID": "S-1-5-18"}}, "Event Data": {"RuleName": "-", "UtcTime": "2022-03-09 20:37:11.422", "ProcessGuid": "{7590a8e8-0ff4-6229-cc63-000000003000}", "ProcessId": "18980", "Image": "C:\\Users\\Annie\\anaconda3\\python.exe", "User": "MSI\\Annie"}}
{"Record": "136", "System": {"EventID": "1", "Version": "5", "Level": "4", "Task": "1", "Opcode": "0", "Keywords": "0x8000000000000000", "TimeCreated": {"SystemTime": "2022-03-09 20:37:11.454281"}, "EventRecordID": "586660", "Correlation": {"ActivityID": "", "RealatedActivityID": ""}, "Execution": {"ProcessID": "4832", "ThreadID": "6964"}, "Channel": "Microsoft-Windows-Sysmon/Operational", "Computer": "MSI", "Security": {"UserID": "S-1-5-18"}}, "Event Data": {"RuleName": "-", "UtcTime": "2022-03-09 20:37:11.450", "ProcessGuid": "{7590a8e8-0ff7-6229-d063-000000003000}", "ProcessId": "26976", "Image": "C:\\Users\\Annie\\anaconda3\\python.exe", "FileVersion": "3.9.7", "Description": "Python", "Product": "Python", "Company": "Python Software Foundation", "OriginalFileName": "python.exe", "CommandLine": "C:\\Users\\Annie\\anaconda3\\python.exe C:\\Users\\Annie\\Downloads\\viz-attackhost-master\\viz-attackhost-master\\app.py", "CurrentDirectory": "C:\\Users\\Annie\\Downloads\\viz-attackhost-master\\viz-attackhost-master\\", "User": "MSI\\Annie", "LogonGuid": "{7590a8e8-2479-6225-2b24-731900000000}", "LogonId": "0x000000001973242b", "TerminalSessionId": "8", "IntegrityLevel": "Medium", "Hashes": "MD5=47A897993A91B040CBF92ECBD31D01DD,SHA256=A1685CA0F56367B7CA3E8BF1BCBDD3A326F5E8E20C8743BF3108586F0AAFF384,IMPHASH=4BC0A3ABF3DE8784C2872F64590173E9", "ParentProcessGuid": "{7590a8e8-0ed8-6229-4663-000000003000}", "ParentProcessId": "11340", "ParentImage": "C:\\Users\\Annie\\anaconda3\\python.exe", "ParentCommandLine": "C:\\Users\\Annie\\anaconda3\\python.exe  C:\\Users\\Annie\\Downloads\\viz-attackhost-master\\viz-attackhost-master\\app.py ", "ParentUser": "MSI\\Annie"}}
{"Record": "137", "System": {"EventID": "1", "Version": "5", "Level": "4", "Task": "1", "Opcode": "0", "Keywords": "0x8000000000000000", "TimeCreated": {"SystemTime": "2022-03-09 20:37:12.153315"}, "EventRecordID": "586661", "Correlation": {"ActivityID": "", "RealatedActivityID": ""}, "Execution": {"ProcessID": "4832", "ThreadID": "6964"}, "Channel": "Microsoft-Windows-Sysmon/Operational", "Computer": "MSI", "Security": {"UserID": "S-1-5-18"}}, "Event Data": {"RuleName": "-", "UtcTime": "2022-03-09 20:37:12.148", "ProcessGuid": "{7590a8e8-0ff8-6229-d163-000000003000}", "ProcessId": "1996", "Image": "C:\\Windows\\System32\\cmd.exe", "FileVersion": "10.0.19041.746 (WinBuild.160101.0800)", "Description": "Windows Command Processor", "Product": "Microsoft&#174; Windows&#174; Operating System", "Company": "Microsoft Corporation", "OriginalFileName": "Cmd.Exe", "CommandLine": "C:\\Windows\\system32\\cmd.exe /c \"ver\"", "CurrentDirectory": "C:\\Users\\Annie\\Downloads\\viz-attackhost-master\\viz-attackhost-master\\", "User": "MSI\\Annie", "LogonGuid": "{7590a8e8-2479-6225-2b24-731900000000}", "LogonId": "0x000000001973242b", "TerminalSessionId": "8", "IntegrityLevel": "Medium", "Hashes": "MD5=8A2122E8162DBEF04694B9C3E0B6CDEE,SHA256=B99D61D874728EDC0918CA0EB10EAB93D381E7367E377406E65963366C874450,IMPHASH=272245E2988E1E430500B852C4FB5E18", "ParentProcessGuid": "{7590a8e8-0ff7-6229-d063-000000003000}", "ParentProcessId": "26976", "ParentImage": "C:\\Users\\Annie\\anaconda3\\python.exe", "ParentCommandLine": "C:\\Users\\Annie\\anaconda3\\python.exe C:\\Users\\Annie\\Downloads\\viz-attackhost-master\\viz-attackhost-master\\app.py", "ParentUser": "MSI\\Annie"}}
{"Record": "138", "System": {"EventID": "5", "Version": "3", "Level": "4", "Task": "5", "Opcode": "0", "Keywords": "0x8000000000000000", "TimeCreated": {"SystemTime": "2022-03-09 20:37:14.234341"}, "EventRecordID": "586662", "Correlation": {"ActivityID": "", "RealatedActivityID": ""}, "Execution": {"ProcessID": "4832", "ThreadID": "6964"}, "Channel": "Microsoft-Windows-Sysmon/Operational", "Computer": "MSI", "Security": {"UserID": "S-1-5-18"}}, "Event Data": {"RuleName": "-", "UtcTime": "2022-03-09 20:37:14.232", "ProcessGuid": "{7590a8e8-0ff7-6229-d063-000000003000}", "ProcessId": "26976", "Image": "C:\\Users\\Annie\\anaconda3\\python.exe", "User": "MSI\\Annie"}}
{"Record": "139", "System": {"EventID": "1", "Version": "5", "Level": "4", "Task": "1", "Opcode": "0", "Keywords": "0x8000000000000000", "TimeCreated": {"SystemTime": "2022-03-09 20:37:14.256840"}, "EventRecordID": "586663", "Correlation": {"ActivityID": "", "RealatedActivityID": ""}, "Execution": {"ProcessID": "4832", "ThreadID": "6964"}, "Channel": "Microsoft-Windows-Sysmon/Operational", "Computer": "MSI", "Security": {"UserID": "S-1-5-18"}}, "Event Data": {"RuleName": "-", "UtcTime": "2022-03-09 20:37:14.252", "ProcessGuid": "{7590a8e8-0ffa-6229-d263-000000003000}", "ProcessId": "31572", "Image": "C:\\Users\\Annie\\anaconda3\\python.exe", "FileVersion": "3.9.7", "Description": "Python", "Product": "Python", "Company": "Python Software Foundation", "OriginalFileName": "python.exe", "CommandLine": "C:\\Users\\Annie\\anaconda3\\python.exe C:\\Users\\Annie\\Downloads\\viz-attackhost-master\\viz-attackhost-master\\app.py", "CurrentDirectory": "C:\\Users\\Annie\\Downloads\\viz-attackhost-master\\viz-attackhost-master\\", "User": "MSI\\Annie", "LogonGuid": "{7590a8e8-2479-6225-2b24-731900000000}", "LogonId": "0x000000001973242b", "TerminalSessionId": "8", "IntegrityLevel": "Medium", "Hashes": "MD5=47A897993A91B040CBF92ECBD31D01DD,SHA256=A1685CA0F56367B7CA3E8BF1BCBDD3A326F5E8E20C8743BF3108586F0AAFF384,IMPHASH=4BC0A3ABF3DE8784C2872F64590173E9", "ParentProcessGuid": "{7590a8e8-0ed8-6229-4663-000000003000}", "ParentProcessId": "11340", "ParentImage": "C:\\Users\\Annie\\anaconda3\\python.exe", "ParentCommandLine": "C:\\Users\\Annie\\anaconda3\\python.exe  C:\\Users\\Annie\\Downloads\\viz-attackhost-master\\viz-attackhost-master\\app.py ", "ParentUser": "MSI\\Annie"}}
{"Record": "140", "System": {"EventID": "1", "Version": "5", "Level": "4", "Task": "1", "Opcode": "0", "Keywords": "0x8000000000000000", "TimeCreated": {"SystemTime": "2022-03-09 20:37:14.860371"}, "EventRecordID": "586664", "Correlation": {"ActivityID": "", "RealatedActivityID": ""}, "Execution": {"ProcessID": "4832", "ThreadID": "6964"}, "Channel": "Microsoft-Windows-Sysmon/Operational", "Computer": "MSI", "Security": {"UserID": "S-1-5-18"}}, "Event Data": {"RuleName": "-", "UtcTime": "2022-03-09 20:37:14.855", "ProcessGuid": "{7590a8e8-0ffa-6229-d363-000000003000}", "ProcessId": "10964", "Image": "C:\\Windows\\System32\\cmd.exe", "FileVersion": "10.0.19041.746 (WinBuild.160101.0800)", "Description": "Windows Command Processor", "Product": "Microsoft&#174; Windows&#174; Operating System", "Company": "Microsoft Corporation", "OriginalFileName": "Cmd.Exe", "CommandLine": "C:\\Windows\\system32\\cmd.exe /c \"ver\"", "CurrentDirectory": "C:\\Users\\Annie\\Downloads\\viz-attackhost-master\\viz-attackhost-master\\", "User": "MSI\\Annie", "LogonGuid": "{7590a8e8-2479-6225-2b24-731900000000}", "LogonId": "0x000000001973242b", "TerminalSessionId": "8", "IntegrityLevel": "Medium", "Hashes": "MD5=8A2122E8162DBEF04694B9C3E0B6CDEE,SHA256=B99D61D874728EDC0918CA0EB10EAB93D381E7367E377406E65963366C874450,IMPHASH=272245E2988E1E430500B852C4FB5E18", "ParentProcessGuid": "{7590a8e8-0ffa-6229-d263-000000003000}", "ParentProcessId": "31572", "ParentImage": "C:\\Users\\Annie\\anaconda3\\python.exe", "ParentCommandLine": "C:\\Users\\Annie\\anaconda3\\python.exe C:\\Users\\Annie\\Downloads\\viz-attackhost-master\\viz-attackhost-master\\app.py", "ParentUser": "MSI\\Annie"}}
{"Record": "141", "System": {"EventID": "1", "Version": "5", "Level": "4", "Task": "1", "Opcode": "0", "Keywords": "0x8000000000000000", "TimeCreated": {"SystemTime": "2022-03-09 20:37:16.459164"}, "EventRecordID": "586665", "Correlation": {"ActivityID": "", "RealatedActivityID": ""}, "Execution": {"ProcessID": "4832", "ThreadID": "6964"}, "Channel": "Microsoft-Windows-Sysmon/Operational", "Computer": "MSI", "Security": {"UserID": "S-1-5-18"}}, "Event Data": {"RuleName": "-", "UtcTime": "2022-03-09 20:37:16.454", "ProcessGuid": "{7590a8e8-0ffc-6229-d463-000000003000}", "ProcessId": "29824", "Image": "C:\\Program Files (x86)\\Microsoft\\Edge\\Application\\msedge.exe", "FileVersion": "99.0.1150.36", "Description": "Microsoft Edge", "Product": "Microsoft Edge", "Company": "Microsoft Corporation", "OriginalFileName": "msedge.exe", "CommandLine": "\"C:\\Program Files (x86)\\Microsoft\\Edge\\Application\\msedge.exe\" --type=renderer --disable-client-side-phishing-detection --display-capture-permissions-policy-allowed --lang=en-US --device-scale-factor=1.5 --num-raster-threads=4 --enable-main-frame-before-activation --renderer-client-id=49 --launch-time-ticks=1949774645355 --mojo-platform-channel-handle=6920 --field-trial-handle=2196,i,9065231904517789391,12241652457674906924,131072 /prefetch:1", "CurrentDirectory": "C:\\Program Files (x86)\\Microsoft\\Edge\\Application\\99.0.1150.36\\", "User": "MSI\\Annie", "LogonGuid": "{7590a8e8-2479-6225-2b24-731900000000}", "LogonId": "0x000000001973242b", "TerminalSessionId": "8", "IntegrityLevel": "Low", "Hashes": "MD5=9C2932757B77876D1AED7A7B1723388D,SHA256=7882F1A15F178BA0BAD44671A15BF547C0FD09D32A27959758CC1F23BEAA7ED4,IMPHASH=61D771CB7F77BBF9FAF14A79750BFB4E", "ParentProcessGuid": "{7590a8e8-0ee3-6229-4e63-000000003000}", "ParentProcessId": "23644", "ParentImage": "C:\\Program Files (x86)\\Microsoft\\Edge\\Application\\msedge.exe", "ParentCommandLine": "\"C:\\Program Files (x86)\\Microsoft\\Edge\\Application\\msedge.exe\" --profile-directory=Default", "ParentUser": "MSI\\Annie"}}
