{"Record": "32", "System": {"EventID": "11", "Version": "2", "Level": "4", "Task": "11", "Opcode": "0", "Keywords": "0x8000000000000000", "TimeCreated": {"SystemTime": "2022-03-09 21:14:52.494263"}, "EventRecordID": "587294", "Correlation": {"ActivityID": "", "RealatedActivityID": ""}, "Execution": {"ProcessID": "4832", "ThreadID": "6964"}, "Channel": "Microsoft-Windows-Sysmon/Operational", "Computer": "MSI", "Security": {"UserID": "S-1-5-18"}}, "Event Data": {"RuleName": "Downloads", "UtcTime": "2022-03-09 21:14:52.493", "ProcessGuid": "{7590a8e8-0b7d-6229-5962-000000003000}", "ProcessId": "27016", "Image": "C:\\Program Files\\Microsoft Visual Studio\\2022\\Community\\Common7\\IDE\\devenv.exe", "TargetFilename": "C:\\Users\\Annie\\Downloads\\viz-attackhost-master\\viz-attackhost-master\\.vs\\slnx.sqlite-journal", "CreationUtcTime": "2022-03-09 21:14:52.474", "User": "MSI\\Annie"}}
{"Record": "33", "System": {"EventID": "11", "Version": "2", "Level": "4", "Task": "11", "Opcode": "0", "Keywords": "0x8000000000000000", "TimeCreated": {"SystemTime": "2022-03-09 21:14:52.506395"}, "EventRecordID": "587295", "Correlation": {"ActivityID": "", "RealatedActivityID": ""}, "Execution": {"ProcessID": "4832", "ThreadID": "6964"}, "Channel": "Microsoft-Windows-Sysmon/Operational", "Computer": "MSI", "Security": {"UserID": "S-1-5-18"}}, "Event Data": {"RuleName": "Downloads", "UtcTime": "2022-03-09 21:14:52.505", "ProcessGuid": "{7590a8e8-0b7d-6229-5962-000000003000}", "ProcessId": "27016", "Image": "C:\\Program Files\\Microsoft Visual Studio\\2022\\Community\\Common7\\IDE\\devenv.exe", "TargetFilename": "C:\\Users\\Annie\\Downloads\\viz-attackhost-master\\viz-attackhost-master\\.vs\\slnx.sqlite-journal", "CreationUtcTime": "2022-03-09 21:14:52.474", "User": "MSI\\Annie"}}
{"Record": "34", "System": {"EventID": "1", "Version": "5", "Level": "4", "Task": "1", "Opcode": "0", "Keywords": "0x8000000000000000", "TimeCreated": {"SystemTime": "2022-03-09 21:14:52.517782"}, "EventRecordID": "587296", "Correlation": {"ActivityID": "", "RealatedActivityID": ""}, "Execution": {"ProcessID": "4832", "ThreadID": "6964"}, "Channel": "Microsoft-Windows-Sysmon/Operational", "Computer": "MSI", "Security": {"UserID": "S-1-5-18"}}, "Event Data": {"RuleName": "-", "UtcTime": "2022-03-09 21:14:52.512", "ProcessGuid": "{7590a8e8-18cc-6229-a565-000000003000}", "ProcessId": "26392", "Image": "C:\\Windows\\System32\\cmd.exe", "FileVersion": "10.0.19041.746 (WinBuild.160101.0800)", "Description": "Windows Command Processor", "Product": "Microsoft&#174; Windows&#174; Operating System", "Company": "Microsoft Corporation", "OriginalFileName": "Cmd.Exe", "CommandLine": "\"C:\\Windows\\system32\\cmd.exe\" /c \"net group /domain\"", "CurrentDirectory": "C:\\Users\\Annie\\Downloads\\viz-attackhost-master\\viz-attackhost-master\\", "User": "MSI\\Annie", "LogonGuid": "{7590a8e8-2479-6225-2b24-731900000000}", "LogonId": "0x000000001973242b", "TerminalSessionId": "8", "IntegrityLevel": "Medium", "Hashes": "MD5=8A2122E8162DBEF04694B9C3E0B6CDEE,SHA256=B99D61D874728EDC0918CA0EB10EAB93D381E7367E377406E65963366C874450,IMPHASH=272245E2988E1E430500B852C4FB5E18", "ParentProcessGuid": "{7590a8e8-18c7-6229-a065-000000003000}", "ParentProcessId": "31964", "ParentImage": "C:\\Windows\\System32\\WindowsPowerShell\\v1.0\\powershell.exe", "ParentCommandLine": "powershell.exe \"C:/Users/Annie/Downloads/viz-attackhost-master/viz-attackhost-master/powershell/Attack-Script-T1069_002_1.ps1 C:/Users/Annie/Downloads/viz-attackhost-master/viz-attackhost-master/data/output/AttackResults/Attack-T1069_002_1-1.out\"", "ParentUser": "MSI\\Annie"}}
{"Record": "35", "System": {"EventID": "11", "Version": "2", "Level": "4", "Task": "11", "Opcode": "0", "Keywords": "0x8000000000000000", "TimeCreated": {"SystemTime": "2022-03-09 21:14:52.517965"}, "EventRecordID": "587297", "Correlation": {"ActivityID": "", "RealatedActivityID": ""}, "Execution": {"ProcessID": "4832", "ThreadID": "6964"}, "Channel": "Microsoft-Windows-Sysmon/Operational", "Computer": "MSI", "Security": {"UserID": "S-1-5-18"}}, "Event Data": {"RuleName": "Downloads", "UtcTime": "2022-03-09 21:14:52.515", "ProcessGuid": "{7590a8e8-0b7d-6229-5962-000000003000}", "ProcessId": "27016", "Image": "C:\\Program Files\\Microsoft Visual Studio\\2022\\Community\\Common7\\IDE\\devenv.exe", "TargetFilename": "C:\\Users\\Annie\\Downloads\\viz-attackhost-master\\viz-attackhost-master\\.vs\\slnx.sqlite-journal", "CreationUtcTime": "2022-03-09 21:14:52.474", "User": "MSI\\Annie"}}
{"Record": "36", "System": {"EventID": "1", "Version": "5", "Level": "4", "Task": "1", "Opcode": "0", "Keywords": "0x8000000000000000", "TimeCreated": {"SystemTime": "2022-03-09 21:14:52.549692"}, "EventRecordID": "587298", "Correlation": {"ActivityID": "", "RealatedActivityID": ""}, "Execution": {"ProcessID": "4832", "ThreadID": "6964"}, "Channel": "Microsoft-Windows-Sysmon/Operational", "Computer": "MSI", "Security": {"UserID": "S-1-5-18"}}, "Event Data": {"RuleName": "-", "UtcTime": "2022-03-09 21:14:52.545", "ProcessGuid": "{7590a8e8-18cc-6229-a665-000000003000}", "ProcessId": "27844", "Image": "C:\\Windows\\System32\\net.exe", "FileVersion": "10.0.19041.1 (WinBuild.160101.0800)", "Description": "Net Command", "Product": "Microsoft&#174; Windows&#174; Operating System", "Company": "Microsoft Corporation", "OriginalFileName": "net.exe", "CommandLine": "net  group /domain", "CurrentDirectory": "C:\\Users\\Annie\\Downloads\\viz-attackhost-master\\viz-attackhost-master\\", "User": "MSI\\Annie", "LogonGuid": "{7590a8e8-2479-6225-2b24-731900000000}", "LogonId": "0x000000001973242b", "TerminalSessionId": "8", "IntegrityLevel": "Medium", "Hashes": "MD5=0BD94A338EEA5A4E1F2830AE326E6D19,SHA256=9F376759BCBCD705F726460FC4A7E2B07F310F52BAA73CAAAAA124FDDBDF993E,IMPHASH=57F0C47AE2A1A2C06C8B987372AB0B07", "ParentProcessGuid": "{7590a8e8-18cc-6229-a565-000000003000}", "ParentProcessId": "26392", "ParentImage": "C:\\Windows\\System32\\cmd.exe", "ParentCommandLine": "\"C:\\Windows\\system32\\cmd.exe\" /c \"net group /domain\"", "ParentUser": "MSI\\Annie"}}
{"Record": "37", "System": {"EventID": "1", "Version": "5", "Level": "4", "Task": "1", "Opcode": "0", "Keywords": "0x8000000000000000", "TimeCreated": {"SystemTime": "2022-03-09 21:14:52.572773"}, "EventRecordID": "587299", "Correlation": {"ActivityID": "", "RealatedActivityID": ""}, "Execution": {"ProcessID": "4832", "ThreadID": "6964"}, "Channel": "Microsoft-Windows-Sysmon/Operational", "Computer": "MSI", "Security": {"UserID": "S-1-5-18"}}, "Event Data": {"RuleName": "-", "UtcTime": "2022-03-09 21:14:52.567", "ProcessGuid": "{7590a8e8-18cc-6229-a765-000000003000}", "ProcessId": "17520", "Image": "C:\\Windows\\System32\\net1.exe", "FileVersion": "10.0.19041.1466 (WinBuild.160101.0800)", "Description": "Net Command", "Product": "Microsoft&#174; Windows&#174; Operating System", "Company": "Microsoft Corporation", "OriginalFileName": "net1.exe", "CommandLine": "C:\\Windows\\system32\\net1  group /domain", "CurrentDirectory": "C:\\Users\\Annie\\Downloads\\viz-attackhost-master\\viz-attackhost-master\\", "User": "MSI\\Annie", "LogonGuid": "{7590a8e8-2479-6225-2b24-731900000000}", "LogonId": "0x000000001973242b", "TerminalSessionId": "8", "IntegrityLevel": "Medium", "Hashes": "MD5=55693DF2BB3CBE2899DFDDF18B4EB8C9,SHA256=18F76BC1F02A161EBDEDF3142273C186D05A836ADDCAAEE599194089FD59F398,IMPHASH=537AEF5B177E3302247DAB07A052B2D8", "ParentProcessGuid": "{7590a8e8-18cc-6229-a665-000000003000}", "ParentProcessId": "27844", "ParentImage": "C:\\Windows\\System32\\net.exe", "ParentCommandLine": "net  group /domain", "ParentUser": "MSI\\Annie"}}
{"Record": "38", "System": {"EventID": "1", "Version": "5", "Level": "4", "Task": "1", "Opcode": "0", "Keywords": "0x8000000000000000", "TimeCreated": {"SystemTime": "2022-03-09 21:14:52.651962"}, "EventRecordID": "587300", "Correlation": {"ActivityID": "", "RealatedActivityID": ""}, "Execution": {"ProcessID": "4832", "ThreadID": "6964"}, "Channel": "Microsoft-Windows-Sysmon/Operational", "Computer": "MSI", "Security": {"UserID": "S-1-5-18"}}, "Event Data": {"RuleName": "-", "UtcTime": "2022-03-09 21:14:52.647", "ProcessGuid": "{7590a8e8-18cc-6229-a865-000000003000}", "ProcessId": "22656", "Image": "C:\\Windows\\System32\\cmd.exe", "FileVersion": "10.0.19041.746 (WinBuild.160101.0800)", "Description": "Windows Command Processor", "Product": "Microsoft&#174; Windows&#174; Operating System", "Company": "Microsoft Corporation", "OriginalFileName": "Cmd.Exe", "CommandLine": "\"C:\\Windows\\system32\\cmd.exe\" /c \"net group \"domain admins\" /domain\"", "CurrentDirectory": "C:\\Users\\Annie\\Downloads\\viz-attackhost-master\\viz-attackhost-master\\", "User": "MSI\\Annie", "LogonGuid": "{7590a8e8-2479-6225-2b24-731900000000}", "LogonId": "0x000000001973242b", "TerminalSessionId": "8", "IntegrityLevel": "Medium", "Hashes": "MD5=8A2122E8162DBEF04694B9C3E0B6CDEE,SHA256=B99D61D874728EDC0918CA0EB10EAB93D381E7367E377406E65963366C874450,IMPHASH=272245E2988E1E430500B852C4FB5E18", "ParentProcessGuid": "{7590a8e8-18c7-6229-a065-000000003000}", "ParentProcessId": "31964", "ParentImage": "C:\\Windows\\System32\\WindowsPowerShell\\v1.0\\powershell.exe", "ParentCommandLine": "powershell.exe \"C:/Users/Annie/Downloads/viz-attackhost-master/viz-attackhost-master/powershell/Attack-Script-T1069_002_1.ps1 C:/Users/Annie/Downloads/viz-attackhost-master/viz-attackhost-master/data/output/AttackResults/Attack-T1069_002_1-1.out\"", "ParentUser": "MSI\\Annie"}}
{"Record": "39", "System": {"EventID": "1", "Version": "5", "Level": "4", "Task": "1", "Opcode": "0", "Keywords": "0x8000000000000000", "TimeCreated": {"SystemTime": "2022-03-09 21:14:52.681070"}, "EventRecordID": "587301", "Correlation": {"ActivityID": "", "RealatedActivityID": ""}, "Execution": {"ProcessID": "4832", "ThreadID": "6964"}, "Channel": "Microsoft-Windows-Sysmon/Operational", "Computer": "MSI", "Security": {"UserID": "S-1-5-18"}}, "Event Data": {"RuleName": "-", "UtcTime": "2022-03-09 21:14:52.676", "ProcessGuid": "{7590a8e8-18cc-6229-a965-000000003000}", "ProcessId": "12888", "Image": "C:\\Windows\\System32\\net.exe", "FileVersion": "10.0.19041.1 (WinBuild.160101.0800)", "Description": "Net Command", "Product": "Microsoft&#174; Windows&#174; Operating System", "Company": "Microsoft Corporation", "OriginalFileName": "net.exe", "CommandLine": "net  group \"domain admins\" /domain", "CurrentDirectory": "C:\\Users\\Annie\\Downloads\\viz-attackhost-master\\viz-attackhost-master\\", "User": "MSI\\Annie", "LogonGuid": "{7590a8e8-2479-6225-2b24-731900000000}", "LogonId": "0x000000001973242b", "TerminalSessionId": "8", "IntegrityLevel": "Medium", "Hashes": "MD5=0BD94A338EEA5A4E1F2830AE326E6D19,SHA256=9F376759BCBCD705F726460FC4A7E2B07F310F52BAA73CAAAAA124FDDBDF993E,IMPHASH=57F0C47AE2A1A2C06C8B987372AB0B07", "ParentProcessGuid": "{7590a8e8-18cc-6229-a865-000000003000}", "ParentProcessId": "22656", "ParentImage": "C:\\Windows\\System32\\cmd.exe", "ParentCommandLine": "\"C:\\Windows\\system32\\cmd.exe\" /c \"net group \"domain admins\" /domain\"", "ParentUser": "MSI\\Annie"}}
{"Record": "40", "System": {"EventID": "1", "Version": "5", "Level": "4", "Task": "1", "Opcode": "0", "Keywords": "0x8000000000000000", "TimeCreated": {"SystemTime": "2022-03-09 21:14:52.702234"}, "EventRecordID": "587302", "Correlation": {"ActivityID": "", "RealatedActivityID": ""}, "Execution": {"ProcessID": "4832", "ThreadID": "6964"}, "Channel": "Microsoft-Windows-Sysmon/Operational", "Computer": "MSI", "Security": {"UserID": "S-1-5-18"}}, "Event Data": {"RuleName": "-", "UtcTime": "2022-03-09 21:14:52.697", "ProcessGuid": "{7590a8e8-18cc-6229-aa65-000000003000}", "ProcessId": "10424", "Image": "C:\\Windows\\System32\\net1.exe", "FileVersion": "10.0.19041.1466 (WinBuild.160101.0800)", "Description": "Net Command", "Product": "Microsoft&#174; Windows&#174; Operating System", "Company": "Microsoft Corporation", "OriginalFileName": "net1.exe", "CommandLine": "C:\\Windows\\system32\\net1  group \"domain admins\" /domain", "CurrentDirectory": "C:\\Users\\Annie\\Downloads\\viz-attackhost-master\\viz-attackhost-master\\", "User": "MSI\\Annie", "LogonGuid": "{7590a8e8-2479-6225-2b24-731900000000}", "LogonId": "0x000000001973242b", "TerminalSessionId": "8", "IntegrityLevel": "Medium", "Hashes": "MD5=55693DF2BB3CBE2899DFDDF18B4EB8C9,SHA256=18F76BC1F02A161EBDEDF3142273C186D05A836ADDCAAEE599194089FD59F398,IMPHASH=537AEF5B177E3302247DAB07A052B2D8", "ParentProcessGuid": "{7590a8e8-18cc-6229-a965-000000003000}", "ParentProcessId": "12888", "ParentImage": "C:\\Windows\\System32\\net.exe", "ParentCommandLine": "net  group \"domain admins\" /domain", "ParentUser": "MSI\\Annie"}}
{"Record": "41", "System": {"EventID": "1", "Version": "5", "Level": "4", "Task": "1", "Opcode": "0", "Keywords": "0x8000000000000000", "TimeCreated": {"SystemTime": "2022-03-09 21:14:52.780321"}, "EventRecordID": "587303", "Correlation": {"ActivityID": "", "RealatedActivityID": ""}, "Execution": {"ProcessID": "4832", "ThreadID": "6964"}, "Channel": "Microsoft-Windows-Sysmon/Operational", "Computer": "MSI", "Security": {"UserID": "S-1-5-18"}}, "Event Data": {"RuleName": "-", "UtcTime": "2022-03-09 21:14:52.775", "ProcessGuid": "{7590a8e8-18cc-6229-ab65-000000003000}", "ProcessId": "15244", "Image": "C:\\Windows\\System32\\cmd.exe", "FileVersion": "10.0.19041.746 (WinBuild.160101.0800)", "Description": "Windows Command Processor", "Product": "Microsoft&#174; Windows&#174; Operating System", "Company": "Microsoft Corporation", "OriginalFileName": "Cmd.Exe", "CommandLine": "\"C:\\Windows\\system32\\cmd.exe\" /c \"net group \"enterprise admins\" /domain\"", "CurrentDirectory": "C:\\Users\\Annie\\Downloads\\viz-attackhost-master\\viz-attackhost-master\\", "User": "MSI\\Annie", "LogonGuid": "{7590a8e8-2479-6225-2b24-731900000000}", "LogonId": "0x000000001973242b", "TerminalSessionId": "8", "IntegrityLevel": "Medium", "Hashes": "MD5=8A2122E8162DBEF04694B9C3E0B6CDEE,SHA256=B99D61D874728EDC0918CA0EB10EAB93D381E7367E377406E65963366C874450,IMPHASH=272245E2988E1E430500B852C4FB5E18", "ParentProcessGuid": "{7590a8e8-18c7-6229-a065-000000003000}", "ParentProcessId": "31964", "ParentImage": "C:\\Windows\\System32\\WindowsPowerShell\\v1.0\\powershell.exe", "ParentCommandLine": "powershell.exe \"C:/Users/Annie/Downloads/viz-attackhost-master/viz-attackhost-master/powershell/Attack-Script-T1069_002_1.ps1 C:/Users/Annie/Downloads/viz-attackhost-master/viz-attackhost-master/data/output/AttackResults/Attack-T1069_002_1-1.out\"", "ParentUser": "MSI\\Annie"}}
{"Record": "42", "System": {"EventID": "1", "Version": "5", "Level": "4", "Task": "1", "Opcode": "0", "Keywords": "0x8000000000000000", "TimeCreated": {"SystemTime": "2022-03-09 21:14:52.811384"}, "EventRecordID": "587304", "Correlation": {"ActivityID": "", "RealatedActivityID": ""}, "Execution": {"ProcessID": "4832", "ThreadID": "6964"}, "Channel": "Microsoft-Windows-Sysmon/Operational", "Computer": "MSI", "Security": {"UserID": "S-1-5-18"}}, "Event Data": {"RuleName": "-", "UtcTime": "2022-03-09 21:14:52.806", "ProcessGuid": "{7590a8e8-18cc-6229-ac65-000000003000}", "ProcessId": "11956", "Image": "C:\\Windows\\System32\\net.exe", "FileVersion": "10.0.19041.1 (WinBuild.160101.0800)", "Description": "Net Command", "Product": "Microsoft&#174; Windows&#174; Operating System", "Company": "Microsoft Corporation", "OriginalFileName": "net.exe", "CommandLine": "net  group \"enterprise admins\" /domain", "CurrentDirectory": "C:\\Users\\Annie\\Downloads\\viz-attackhost-master\\viz-attackhost-master\\", "User": "MSI\\Annie", "LogonGuid": "{7590a8e8-2479-6225-2b24-731900000000}", "LogonId": "0x000000001973242b", "TerminalSessionId": "8", "IntegrityLevel": "Medium", "Hashes": "MD5=0BD94A338EEA5A4E1F2830AE326E6D19,SHA256=9F376759BCBCD705F726460FC4A7E2B07F310F52BAA73CAAAAA124FDDBDF993E,IMPHASH=57F0C47AE2A1A2C06C8B987372AB0B07", "ParentProcessGuid": "{7590a8e8-18cc-6229-ab65-000000003000}", "ParentProcessId": "15244", "ParentImage": "C:\\Windows\\System32\\cmd.exe", "ParentCommandLine": "\"C:\\Windows\\system32\\cmd.exe\" /c \"net group \"enterprise admins\" /domain\"", "ParentUser": "MSI\\Annie"}}
{"Record": "43", "System": {"EventID": "1", "Version": "5", "Level": "4", "Task": "1", "Opcode": "0", "Keywords": "0x8000000000000000", "TimeCreated": {"SystemTime": "2022-03-09 21:14:52.831310"}, "EventRecordID": "587305", "Correlation": {"ActivityID": "", "RealatedActivityID": ""}, "Execution": {"ProcessID": "4832", "ThreadID": "6964"}, "Channel": "Microsoft-Windows-Sysmon/Operational", "Computer": "MSI", "Security": {"UserID": "S-1-5-18"}}, "Event Data": {"RuleName": "-", "UtcTime": "2022-03-09 21:14:52.827", "ProcessGuid": "{7590a8e8-18cc-6229-ad65-000000003000}", "ProcessId": "28116", "Image": "C:\\Windows\\System32\\net1.exe", "FileVersion": "10.0.19041.1466 (WinBuild.160101.0800)", "Description": "Net Command", "Product": "Microsoft&#174; Windows&#174; Operating System", "Company": "Microsoft Corporation", "OriginalFileName": "net1.exe", "CommandLine": "C:\\Windows\\system32\\net1  group \"enterprise admins\" /domain", "CurrentDirectory": "C:\\Users\\Annie\\Downloads\\viz-attackhost-master\\viz-attackhost-master\\", "User": "MSI\\Annie", "LogonGuid": "{7590a8e8-2479-6225-2b24-731900000000}", "LogonId": "0x000000001973242b", "TerminalSessionId": "8", "IntegrityLevel": "Medium", "Hashes": "MD5=55693DF2BB3CBE2899DFDDF18B4EB8C9,SHA256=18F76BC1F02A161EBDEDF3142273C186D05A836ADDCAAEE599194089FD59F398,IMPHASH=537AEF5B177E3302247DAB07A052B2D8", "ParentProcessGuid": "{7590a8e8-18cc-6229-ac65-000000003000}", "ParentProcessId": "11956", "ParentImage": "C:\\Windows\\System32\\net.exe", "ParentCommandLine": "net  group \"enterprise admins\" /domain", "ParentUser": "MSI\\Annie"}}
{"Record": "44", "System": {"EventID": "1", "Version": "5", "Level": "4", "Task": "1", "Opcode": "0", "Keywords": "0x8000000000000000", "TimeCreated": {"SystemTime": "2022-03-09 21:14:53.205006"}, "EventRecordID": "587306", "Correlation": {"ActivityID": "", "RealatedActivityID": ""}, "Execution": {"ProcessID": "4832", "ThreadID": "6964"}, "Channel": "Microsoft-Windows-Sysmon/Operational", "Computer": "MSI", "Security": {"UserID": "S-1-5-18"}}, "Event Data": {"RuleName": "-", "UtcTime": "2022-03-09 21:14:53.199", "ProcessGuid": "{7590a8e8-18cd-6229-ae65-000000003000}", "ProcessId": "22416", "Image": "C:\\Program Files (x86)\\Microsoft\\Edge\\Application\\msedge.exe", "FileVersion": "99.0.1150.36", "Description": "Microsoft Edge", "Product": "Microsoft Edge", "Company": "Microsoft Corporation", "OriginalFileName": "msedge.exe", "CommandLine": "\"C:\\Program Files (x86)\\Microsoft\\Edge\\Application\\msedge.exe\" --type=renderer --disable-client-side-phishing-detection --display-capture-permissions-policy-allowed --lang=en-US --device-scale-factor=1.5 --num-raster-threads=4 --enable-main-frame-before-activation --renderer-client-id=12 --launch-time-ticks=1952031395110 --mojo-platform-channel-handle=4776 --field-trial-handle=2112,i,9088615582577073461,16525920965783059955,131072 /prefetch:1", "CurrentDirectory": "C:\\Program Files (x86)\\Microsoft\\Edge\\Application\\99.0.1150.36\\", "User": "MSI\\Annie", "LogonGuid": "{7590a8e8-2479-6225-2b24-731900000000}", "LogonId": "0x000000001973242b", "TerminalSessionId": "8", "IntegrityLevel": "Low", "Hashes": "MD5=9C2932757B77876D1AED7A7B1723388D,SHA256=7882F1A15F178BA0BAD44671A15BF547C0FD09D32A27959758CC1F23BEAA7ED4,IMPHASH=61D771CB7F77BBF9FAF14A79750BFB4E", "ParentProcessGuid": "{7590a8e8-18b9-6229-9165-000000003000}", "ParentProcessId": "20544", "ParentImage": "C:\\Program Files (x86)\\Microsoft\\Edge\\Application\\msedge.exe", "ParentCommandLine": "\"C:\\Program Files (x86)\\Microsoft\\Edge\\Application\\msedge.exe\" --pin-url=http://127.0.0.1:5000/ --profile-directory=Default --launch-tile --edge-aumid=App:MSEdge._pin_dpckklemglhmopkkknllapmclp", "ParentUser": "MSI\\Annie"}}
{"Record": "45", "System": {"EventID": "1", "Version": "5", "Level": "4", "Task": "1", "Opcode": "0", "Keywords": "0x8000000000000000", "TimeCreated": {"SystemTime": "2022-03-09 21:14:53.222120"}, "EventRecordID": "587307", "Correlation": {"ActivityID": "", "RealatedActivityID": ""}, "Execution": {"ProcessID": "4832", "ThreadID": "6964"}, "Channel": "Microsoft-Windows-Sysmon/Operational", "Computer": "MSI", "Security": {"UserID": "S-1-5-18"}}, "Event Data": {"RuleName": "-", "UtcTime": "2022-03-09 21:14:53.216", "ProcessGuid": "{7590a8e8-18cd-6229-af65-000000003000}", "ProcessId": "28780", "Image": "C:\\Program Files (x86)\\Microsoft\\Edge\\Application\\msedge.exe", "FileVersion": "99.0.1150.36", "Description": "Microsoft Edge", "Product": "Microsoft Edge", "Company": "Microsoft Corporation", "OriginalFileName": "msedge.exe", "CommandLine": "\"C:\\Program Files (x86)\\Microsoft\\Edge\\Application\\msedge.exe\" --type=renderer --disable-client-side-phishing-detection --instant-process --display-capture-permissions-policy-allowed --lang=en-US --device-scale-factor=1.5 --num-raster-threads=4 --enable-main-frame-before-activation --renderer-client-id=13 --launch-time-ticks=1952031409736 --mojo-platform-channel-handle=5896 --field-trial-handle=2112,i,9088615582577073461,16525920965783059955,131072 /prefetch:1", "CurrentDirectory": "C:\\Program Files (x86)\\Microsoft\\Edge\\Application\\99.0.1150.36\\", "User": "MSI\\Annie", "LogonGuid": "{7590a8e8-2479-6225-2b24-731900000000}", "LogonId": "0x000000001973242b", "TerminalSessionId": "8", "IntegrityLevel": "Low", "Hashes": "MD5=9C2932757B77876D1AED7A7B1723388D,SHA256=7882F1A15F178BA0BAD44671A15BF547C0FD09D32A27959758CC1F23BEAA7ED4,IMPHASH=61D771CB7F77BBF9FAF14A79750BFB4E", "ParentProcessGuid": "{7590a8e8-18b9-6229-9165-000000003000}", "ParentProcessId": "20544", "ParentImage": "C:\\Program Files (x86)\\Microsoft\\Edge\\Application\\msedge.exe", "ParentCommandLine": "\"C:\\Program Files (x86)\\Microsoft\\Edge\\Application\\msedge.exe\" --pin-url=http://127.0.0.1:5000/ --profile-directory=Default --launch-tile --edge-aumid=App:MSEdge._pin_dpckklemglhmopkkknllapmclp", "ParentUser": "MSI\\Annie"}}
{"Record": "46", "System": {"EventID": "22", "Version": "5", "Level": "4", "Task": "22", "Opcode": "0", "Keywords": "0x8000000000000000", "TimeCreated": {"SystemTime": "2022-03-09 21:14:55.227669"}, "EventRecordID": "587308", "Correlation": {"ActivityID": "", "RealatedActivityID": ""}, "Execution": {"ProcessID": "4832", "ThreadID": "6988"}, "Channel": "Microsoft-Windows-Sysmon/Operational", "Computer": "MSI", "Security": {"UserID": "S-1-5-18"}}, "Event Data": {"RuleName": "-", "UtcTime": "2022-03-09 21:16:32.236", "ProcessGuid": "{7590a8e8-18b9-6229-9465-000000003000}", "ProcessId": "23016", "QueryName": "2022-03-09 21:16:32.236", "QueryStatus": "{7590a8e8-18b9-6229-9465-000000003000}", "QueryResults": "23016", "Image": "C:\\Program Files (x86)\\Microsoft\\Edge\\Application\\msedge.exe", "User": "MSI\\Annie"}}
{"Record": "47", "System": {"EventID": "1", "Version": "5", "Level": "4", "Task": "1", "Opcode": "0", "Keywords": "0x8000000000000000", "TimeCreated": {"SystemTime": "2022-03-09 21:15:03.862101"}, "EventRecordID": "587309", "Correlation": {"ActivityID": "", "RealatedActivityID": ""}, "Execution": {"ProcessID": "4832", "ThreadID": "6964"}, "Channel": "Microsoft-Windows-Sysmon/Operational", "Computer": "MSI", "Security": {"UserID": "S-1-5-18"}}, "Event Data": {"RuleName": "-", "UtcTime": "2022-03-09 21:15:03.857", "ProcessGuid": "{7590a8e8-18d7-6229-b065-000000003000}", "ProcessId": "24376", "Image": "C:\\Program Files (x86)\\Microsoft\\Edge\\Application\\msedge.exe", "FileVersion": "99.0.1150.36", "Description": "Microsoft Edge", "Product": "Microsoft Edge", "Company": "Microsoft Corporation", "OriginalFileName": "msedge.exe", "CommandLine": "\"C:\\Program Files (x86)\\Microsoft\\Edge\\Application\\msedge.exe\" --type=utility --utility-sub-type=chrome.mojom.UtilWin --lang=en-US --service-sandbox-type=none --mojo-platform-channel-handle=6964 --field-trial-handle=2112,i,9088615582577073461,16525920965783059955,131072 /prefetch:8", "CurrentDirectory": "C:\\Program Files (x86)\\Microsoft\\Edge\\Application\\99.0.1150.36\\", "User": "MSI\\Annie", "LogonGuid": "{7590a8e8-2479-6225-2b24-731900000000}", "LogonId": "0x000000001973242b", "TerminalSessionId": "8", "IntegrityLevel": "Medium", "Hashes": "MD5=9C2932757B77876D1AED7A7B1723388D,SHA256=7882F1A15F178BA0BAD44671A15BF547C0FD09D32A27959758CC1F23BEAA7ED4,IMPHASH=61D771CB7F77BBF9FAF14A79750BFB4E", "ParentProcessGuid": "{7590a8e8-18b9-6229-9165-000000003000}", "ParentProcessId": "20544", "ParentImage": "C:\\Program Files (x86)\\Microsoft\\Edge\\Application\\msedge.exe", "ParentCommandLine": "\"C:\\Program Files (x86)\\Microsoft\\Edge\\Application\\msedge.exe\" --pin-url=http://127.0.0.1:5000/ --profile-directory=Default --launch-tile --edge-aumid=App:MSEdge._pin_dpckklemglhmopkkknllapmclp", "ParentUser": "MSI\\Annie"}}
{"Record": "48", "System": {"EventID": "1", "Version": "5", "Level": "4", "Task": "1", "Opcode": "0", "Keywords": "0x8000000000000000", "TimeCreated": {"SystemTime": "2022-03-09 21:15:03.869713"}, "EventRecordID": "587310", "Correlation": {"ActivityID": "", "RealatedActivityID": ""}, "Execution": {"ProcessID": "4832", "ThreadID": "6964"}, "Channel": "Microsoft-Windows-Sysmon/Operational", "Computer": "MSI", "Security": {"UserID": "S-1-5-18"}}, "Event Data": {"RuleName": "-", "UtcTime": "2022-03-09 21:15:03.864", "ProcessGuid": "{7590a8e8-18d7-6229-b165-000000003000}", "ProcessId": "1340", "Image": "C:\\Program Files (x86)\\Microsoft\\Edge\\Application\\msedge.exe", "FileVersion": "99.0.1150.36", "Description": "Microsoft Edge", "Product": "Microsoft Edge", "Company": "Microsoft Corporation", "OriginalFileName": "msedge.exe", "CommandLine": "\"C:\\Program Files (x86)\\Microsoft\\Edge\\Application\\msedge.exe\" --type=utility --utility-sub-type=chrome.mojom.UtilWin --lang=en-US --service-sandbox-type=none --mojo-platform-channel-handle=6388 --field-trial-handle=2112,i,9088615582577073461,16525920965783059955,131072 /prefetch:8", "CurrentDirectory": "C:\\Program Files (x86)\\Microsoft\\Edge\\Application\\99.0.1150.36\\", "User": "MSI\\Annie", "LogonGuid": "{7590a8e8-2479-6225-2b24-731900000000}", "LogonId": "0x000000001973242b", "TerminalSessionId": "8", "IntegrityLevel": "Medium", "Hashes": "MD5=9C2932757B77876D1AED7A7B1723388D,SHA256=7882F1A15F178BA0BAD44671A15BF547C0FD09D32A27959758CC1F23BEAA7ED4,IMPHASH=61D771CB7F77BBF9FAF14A79750BFB4E", "ParentProcessGuid": "{7590a8e8-18b9-6229-9165-000000003000}", "ParentProcessId": "20544", "ParentImage": "C:\\Program Files (x86)\\Microsoft\\Edge\\Application\\msedge.exe", "ParentCommandLine": "\"C:\\Program Files (x86)\\Microsoft\\Edge\\Application\\msedge.exe\" --pin-url=http://127.0.0.1:5000/ --profile-directory=Default --launch-tile --edge-aumid=App:MSEdge._pin_dpckklemglhmopkkknllapmclp", "ParentUser": "MSI\\Annie"}}
