{"Record": "30", "System": {"EventID": "1", "Version": "5", "Level": "4", "Task": "1", "Opcode": "0", "Keywords": "0x8000000000000000", "TimeCreated": {"SystemTime": "2022-03-09 21:29:42.694168"}, "EventRecordID": "587639", "Correlation": {"ActivityID": "", "RealatedActivityID": ""}, "Execution": {"ProcessID": "4832", "ThreadID": "6964"}, "Channel": "Microsoft-Windows-Sysmon/Operational", "Computer": "MSI", "Security": {"UserID": "S-1-5-18"}}, "Event Data": {"RuleName": "-", "UtcTime": "2022-03-09 21:29:42.690", "ProcessGuid": "{7590a8e8-1c46-6229-be66-000000003000}", "ProcessId": "5576", "Image": "C:\\Users\\Annie\\anaconda3\\Scripts\\conda.exe", "FileVersion": "-", "Description": "-", "Product": "-", "Company": "-", "OriginalFileName": "-", "CommandLine": "\"C:\\Users\\Annie\\anaconda3\\scripts\\conda.exe\" -h", "CurrentDirectory": "C:\\Users\\Annie\\anaconda3\\", "User": "MSI\\Annie", "LogonGuid": "{7590a8e8-2479-6225-2b24-731900000000}", "LogonId": "0x000000001973242b", "TerminalSessionId": "8", "IntegrityLevel": "Medium", "Hashes": "MD5=D2778164EF643BA8F44CC202EC7EF157,SHA256=28B001BB9A72AE7A24242BFAB248D767A1AC5DEC981C672A3944F7A072375E9A,IMPHASH=E694A8A11A715C6300D85BCED2E15FAA", "ParentProcessGuid": "{7590a8e8-1c27-6229-a266-000000003000}", "ParentProcessId": "30844", "ParentImage": "C:\\Program Files\\Microsoft Visual Studio\\2022\\Community\\Common7\\IDE\\devenv.exe", "ParentCommandLine": "\"C:\\Program Files\\Microsoft Visual Studio\\2022\\Community\\Common7\\IDE\\devenv.exe\" ", "ParentUser": "MSI\\Annie"}}
{"Record": "31", "System": {"EventID": "1", "Version": "5", "Level": "4", "Task": "1", "Opcode": "0", "Keywords": "0x8000000000000000", "TimeCreated": {"SystemTime": "2022-03-09 21:29:42.781136"}, "EventRecordID": "587640", "Correlation": {"ActivityID": "", "RealatedActivityID": ""}, "Execution": {"ProcessID": "4832", "ThreadID": "6964"}, "Channel": "Microsoft-Windows-Sysmon/Operational", "Computer": "MSI", "Security": {"UserID": "S-1-5-18"}}, "Event Data": {"RuleName": "-", "UtcTime": "2022-03-09 21:29:42.776", "ProcessGuid": "{7590a8e8-1c46-6229-c066-000000003000}", "ProcessId": "24876", "Image": "C:\\Users\\Annie\\anaconda3\\python.exe", "FileVersion": "3.9.7", "Description": "Python", "Product": "Python", "Company": "Python Software Foundation", "OriginalFileName": "python.exe", "CommandLine": "C:\\Users\\Annie\\anaconda3\\python.exe \"C:\\Users\\Annie\\anaconda3\\scripts\\conda-script.py\" \"-h\"", "CurrentDirectory": "C:\\Users\\Annie\\anaconda3\\", "User": "MSI\\Annie", "LogonGuid": "{7590a8e8-2479-6225-2b24-731900000000}", "LogonId": "0x000000001973242b", "TerminalSessionId": "8", "IntegrityLevel": "Medium", "Hashes": "MD5=47A897993A91B040CBF92ECBD31D01DD,SHA256=A1685CA0F56367B7CA3E8BF1BCBDD3A326F5E8E20C8743BF3108586F0AAFF384,IMPHASH=4BC0A3ABF3DE8784C2872F64590173E9", "ParentProcessGuid": "{7590a8e8-1c46-6229-be66-000000003000}", "ParentProcessId": "5576", "ParentImage": "C:\\Users\\Annie\\anaconda3\\Scripts\\conda.exe", "ParentCommandLine": "\"C:\\Users\\Annie\\anaconda3\\scripts\\conda.exe\" -h", "ParentUser": "MSI\\Annie"}}
{"Record": "32", "System": {"EventID": "1", "Version": "5", "Level": "4", "Task": "1", "Opcode": "0", "Keywords": "0x8000000000000000", "TimeCreated": {"SystemTime": "2022-03-09 21:29:42.902540"}, "EventRecordID": "587641", "Correlation": {"ActivityID": "", "RealatedActivityID": ""}, "Execution": {"ProcessID": "4832", "ThreadID": "6964"}, "Channel": "Microsoft-Windows-Sysmon/Operational", "Computer": "MSI", "Security": {"UserID": "S-1-5-18"}}, "Event Data": {"RuleName": "-", "UtcTime": "2022-03-09 21:29:42.896", "ProcessGuid": "{7590a8e8-1c46-6229-c166-000000003000}", "ProcessId": "25248", "Image": "C:\\Program Files\\Microsoft Visual Studio\\2022\\Community\\Msbuild\\Microsoft\\VisualStudio\\NodeJs\\win-x64\\node.exe", "FileVersion": "12.22.6", "Description": "Node.js: Server-side JavaScript", "Product": "Node.js", "Company": "Node.js", "OriginalFileName": "node.exe", "CommandLine": "\"C:\\Program Files\\Microsoft Visual Studio\\2022\\Community\\MSBuild\\Microsoft\\VisualStudio\\NodeJs\\win-x64\\node.exe\"  \"c:\\program files\\microsoft visual studio\\2022\\community\\common7\\ide\\extensions\\microsoft\\python\\core\\pylance\\dist\\pylance-langserver.bundle.js\" -- --stdio --cancellationReceive=file:c7d3d34f844046f7a541aad1399e2b0d ", "CurrentDirectory": "c:\\program files\\microsoft visual studio\\2022\\community\\common7\\ide\\extensions\\microsoft\\python\\core\\pylance\\dist\\", "User": "MSI\\Annie", "LogonGuid": "{7590a8e8-2479-6225-2b24-731900000000}", "LogonId": "0x000000001973242b", "TerminalSessionId": "8", "IntegrityLevel": "Medium", "Hashes": "MD5=2E820E1C7688484024BFAF13E8F9E11F,SHA256=B2EDDA82B5DD4A57C8E8971D0E15DCD5032166F6FC0624D48D5C08C4C42B4342,IMPHASH=BDF774B6BAC2C33E9C1781000E61EA19", "ParentProcessGuid": "{7590a8e8-1c27-6229-a266-000000003000}", "ParentProcessId": "30844", "ParentImage": "C:\\Program Files\\Microsoft Visual Studio\\2022\\Community\\Common7\\IDE\\devenv.exe", "ParentCommandLine": "\"C:\\Program Files\\Microsoft Visual Studio\\2022\\Community\\Common7\\IDE\\devenv.exe\" ", "ParentUser": "MSI\\Annie"}}
{"Record": "33", "System": {"EventID": "11", "Version": "2", "Level": "4", "Task": "11", "Opcode": "0", "Keywords": "0x8000000000000000", "TimeCreated": {"SystemTime": "2022-03-09 21:29:43.461567"}, "EventRecordID": "587642", "Correlation": {"ActivityID": "", "RealatedActivityID": ""}, "Execution": {"ProcessID": "4832", "ThreadID": "6964"}, "Channel": "Microsoft-Windows-Sysmon/Operational", "Computer": "MSI", "Security": {"UserID": "S-1-5-18"}}, "Event Data": {"RuleName": "-", "UtcTime": "2022-03-09 21:29:43.460", "ProcessGuid": "{7590a8e8-1c46-6229-bd66-000000003000}", "ProcessId": "18384", "Image": "C:\\Users\\Annie\\anaconda3\\python.exe", "TargetFilename": "C:\\Users\\Annie\\AppData\\Local\\Temp\\tmpihglv332.bat", "CreationUtcTime": "2022-03-09 21:29:43.459", "User": "MSI\\Annie"}}
{"Record": "34", "System": {"EventID": "5", "Version": "3", "Level": "4", "Task": "5", "Opcode": "0", "Keywords": "0x8000000000000000", "TimeCreated": {"SystemTime": "2022-03-09 21:29:43.520010"}, "EventRecordID": "587643", "Correlation": {"ActivityID": "", "RealatedActivityID": ""}, "Execution": {"ProcessID": "4832", "ThreadID": "6964"}, "Channel": "Microsoft-Windows-Sysmon/Operational", "Computer": "MSI", "Security": {"UserID": "S-1-5-18"}}, "Event Data": {"RuleName": "-", "UtcTime": "2022-03-09 21:29:43.518", "ProcessGuid": "{7590a8e8-1c46-6229-bd66-000000003000}", "ProcessId": "18384", "Image": "C:\\Users\\Annie\\anaconda3\\python.exe", "User": "MSI\\Annie"}}
{"Record": "35", "System": {"EventID": "5", "Version": "3", "Level": "4", "Task": "5", "Opcode": "0", "Keywords": "0x8000000000000000", "TimeCreated": {"SystemTime": "2022-03-09 21:29:43.530191"}, "EventRecordID": "587644", "Correlation": {"ActivityID": "", "RealatedActivityID": ""}, "Execution": {"ProcessID": "4832", "ThreadID": "6964"}, "Channel": "Microsoft-Windows-Sysmon/Operational", "Computer": "MSI", "Security": {"UserID": "S-1-5-18"}}, "Event Data": {"RuleName": "-", "UtcTime": "2022-03-09 21:29:43.529", "ProcessGuid": "{7590a8e8-1c46-6229-bc66-000000003000}", "ProcessId": "22328", "Image": "C:\\Users\\Annie\\anaconda3\\Scripts\\conda.exe", "User": "MSI\\Annie"}}
{"Record": "36", "System": {"EventID": "1", "Version": "5", "Level": "4", "Task": "1", "Opcode": "0", "Keywords": "0x8000000000000000", "TimeCreated": {"SystemTime": "2022-03-09 21:29:43.586329"}, "EventRecordID": "587645", "Correlation": {"ActivityID": "", "RealatedActivityID": ""}, "Execution": {"ProcessID": "4832", "ThreadID": "6964"}, "Channel": "Microsoft-Windows-Sysmon/Operational", "Computer": "MSI", "Security": {"UserID": "S-1-5-18"}}, "Event Data": {"RuleName": "-", "UtcTime": "2022-03-09 21:29:43.582", "ProcessGuid": "{7590a8e8-1c47-6229-c366-000000003000}", "ProcessId": "16956", "Image": "C:\\Users\\Annie\\anaconda3\\python.exe", "FileVersion": "3.9.7", "Description": "Python", "Product": "Python", "Company": "Python Software Foundation", "OriginalFileName": "python.exe", "CommandLine": "python.exe  -c \"import os, json; print('!!!ENVIRONMENT MARKER!!!'); print(json.dumps(dict(os.environ)))\"", "CurrentDirectory": "C:\\Program Files\\Microsoft Visual Studio\\2022\\Community\\Common7\\IDE\\", "User": "MSI\\Annie", "LogonGuid": "{7590a8e8-2479-6225-2b24-731900000000}", "LogonId": "0x000000001973242b", "TerminalSessionId": "8", "IntegrityLevel": "Medium", "Hashes": "MD5=47A897993A91B040CBF92ECBD31D01DD,SHA256=A1685CA0F56367B7CA3E8BF1BCBDD3A326F5E8E20C8743BF3108586F0AAFF384,IMPHASH=4BC0A3ABF3DE8784C2872F64590173E9", "ParentProcessGuid": "{7590a8e8-1c46-6229-ba66-000000003000}", "ParentProcessId": "14976", "ParentImage": "C:\\Windows\\System32\\cmd.exe", "ParentCommandLine": "C:\\Windows\\system32\\cmd.exe /c \"\"C:\\Users\\Annie\\anaconda3\\scripts\\activate.bat\" &amp; python.exe -c \"import os, json; print('!!!ENVIRONMENT MARKER!!!'); print(json.dumps(dict(os.environ)))\"\"", "ParentUser": "MSI\\Annie"}}
{"Record": "37", "System": {"EventID": "5", "Version": "3", "Level": "4", "Task": "5", "Opcode": "0", "Keywords": "0x8000000000000000", "TimeCreated": {"SystemTime": "2022-03-09 21:29:43.818617"}, "EventRecordID": "587646", "Correlation": {"ActivityID": "", "RealatedActivityID": ""}, "Execution": {"ProcessID": "4832", "ThreadID": "6964"}, "Channel": "Microsoft-Windows-Sysmon/Operational", "Computer": "MSI", "Security": {"UserID": "S-1-5-18"}}, "Event Data": {"RuleName": "-", "UtcTime": "2022-03-09 21:29:43.817", "ProcessGuid": "{7590a8e8-1c46-6229-c066-000000003000}", "ProcessId": "24876", "Image": "C:\\Users\\Annie\\anaconda3\\python.exe", "User": "MSI\\Annie"}}
{"Record": "38", "System": {"EventID": "5", "Version": "3", "Level": "4", "Task": "5", "Opcode": "0", "Keywords": "0x8000000000000000", "TimeCreated": {"SystemTime": "2022-03-09 21:29:43.819815"}, "EventRecordID": "587647", "Correlation": {"ActivityID": "", "RealatedActivityID": ""}, "Execution": {"ProcessID": "4832", "ThreadID": "6964"}, "Channel": "Microsoft-Windows-Sysmon/Operational", "Computer": "MSI", "Security": {"UserID": "S-1-5-18"}}, "Event Data": {"RuleName": "-", "UtcTime": "2022-03-09 21:29:43.818", "ProcessGuid": "{7590a8e8-1c47-6229-c366-000000003000}", "ProcessId": "16956", "Image": "C:\\Users\\Annie\\anaconda3\\python.exe", "User": "MSI\\Annie"}}
{"Record": "39", "System": {"EventID": "5", "Version": "3", "Level": "4", "Task": "5", "Opcode": "0", "Keywords": "0x8000000000000000", "TimeCreated": {"SystemTime": "2022-03-09 21:29:43.831114"}, "EventRecordID": "587648", "Correlation": {"ActivityID": "", "RealatedActivityID": ""}, "Execution": {"ProcessID": "4832", "ThreadID": "6964"}, "Channel": "Microsoft-Windows-Sysmon/Operational", "Computer": "MSI", "Security": {"UserID": "S-1-5-18"}}, "Event Data": {"RuleName": "-", "UtcTime": "2022-03-09 21:29:43.830", "ProcessGuid": "{7590a8e8-1c46-6229-be66-000000003000}", "ProcessId": "5576", "Image": "C:\\Users\\Annie\\anaconda3\\Scripts\\conda.exe", "User": "MSI\\Annie"}}
{"Record": "40", "System": {"EventID": "1", "Version": "5", "Level": "4", "Task": "1", "Opcode": "0", "Keywords": "0x8000000000000000", "TimeCreated": {"SystemTime": "2022-03-09 21:29:43.881212"}, "EventRecordID": "587649", "Correlation": {"ActivityID": "", "RealatedActivityID": ""}, "Execution": {"ProcessID": "4832", "ThreadID": "6964"}, "Channel": "Microsoft-Windows-Sysmon/Operational", "Computer": "MSI", "Security": {"UserID": "S-1-5-18"}}, "Event Data": {"RuleName": "-", "UtcTime": "2022-03-09 21:29:43.877", "ProcessGuid": "{7590a8e8-1c47-6229-c466-000000003000}", "ProcessId": "17128", "Image": "C:\\Users\\Annie\\anaconda3\\Scripts\\conda.exe", "FileVersion": "-", "Description": "-", "Product": "-", "Company": "-", "OriginalFileName": "-", "CommandLine": "\"C:\\Users\\Annie\\anaconda3\\scripts\\conda.exe\" info --json", "CurrentDirectory": "C:\\Program Files\\Microsoft Visual Studio\\2022\\Community\\Common7\\IDE\\", "User": "MSI\\Annie", "LogonGuid": "{7590a8e8-2479-6225-2b24-731900000000}", "LogonId": "0x000000001973242b", "TerminalSessionId": "8", "IntegrityLevel": "Medium", "Hashes": "MD5=D2778164EF643BA8F44CC202EC7EF157,SHA256=28B001BB9A72AE7A24242BFAB248D767A1AC5DEC981C672A3944F7A072375E9A,IMPHASH=E694A8A11A715C6300D85BCED2E15FAA", "ParentProcessGuid": "{7590a8e8-1c27-6229-a266-000000003000}", "ParentProcessId": "30844", "ParentImage": "C:\\Program Files\\Microsoft Visual Studio\\2022\\Community\\Common7\\IDE\\devenv.exe", "ParentCommandLine": "\"C:\\Program Files\\Microsoft Visual Studio\\2022\\Community\\Common7\\IDE\\devenv.exe\" ", "ParentUser": "MSI\\Annie"}}
{"Record": "41", "System": {"EventID": "1", "Version": "5", "Level": "4", "Task": "1", "Opcode": "0", "Keywords": "0x8000000000000000", "TimeCreated": {"SystemTime": "2022-03-09 21:29:43.959957"}, "EventRecordID": "587650", "Correlation": {"ActivityID": "", "RealatedActivityID": ""}, "Execution": {"ProcessID": "4832", "ThreadID": "6964"}, "Channel": "Microsoft-Windows-Sysmon/Operational", "Computer": "MSI", "Security": {"UserID": "S-1-5-18"}}, "Event Data": {"RuleName": "-", "UtcTime": "2022-03-09 21:29:43.956", "ProcessGuid": "{7590a8e8-1c47-6229-c666-000000003000}", "ProcessId": "16508", "Image": "C:\\Users\\Annie\\anaconda3\\python.exe", "FileVersion": "3.9.7", "Description": "Python", "Product": "Python", "Company": "Python Software Foundation", "OriginalFileName": "python.exe", "CommandLine": "C:\\Users\\Annie\\anaconda3\\python.exe \"C:\\Users\\Annie\\anaconda3\\scripts\\conda-script.py\" \"info\" \"--json\"", "CurrentDirectory": "C:\\Program Files\\Microsoft Visual Studio\\2022\\Community\\Common7\\IDE\\", "User": "MSI\\Annie", "LogonGuid": "{7590a8e8-2479-6225-2b24-731900000000}", "LogonId": "0x000000001973242b", "TerminalSessionId": "8", "IntegrityLevel": "Medium", "Hashes": "MD5=47A897993A91B040CBF92ECBD31D01DD,SHA256=A1685CA0F56367B7CA3E8BF1BCBDD3A326F5E8E20C8743BF3108586F0AAFF384,IMPHASH=4BC0A3ABF3DE8784C2872F64590173E9", "ParentProcessGuid": "{7590a8e8-1c47-6229-c466-000000003000}", "ParentProcessId": "17128", "ParentImage": "C:\\Users\\Annie\\anaconda3\\Scripts\\conda.exe", "ParentCommandLine": "\"C:\\Users\\Annie\\anaconda3\\scripts\\conda.exe\" info --json", "ParentUser": "MSI\\Annie"}}
{"Record": "42", "System": {"EventID": "1", "Version": "5", "Level": "4", "Task": "1", "Opcode": "0", "Keywords": "0x8000000000000000", "TimeCreated": {"SystemTime": "2022-03-09 21:29:45.127518"}, "EventRecordID": "587651", "Correlation": {"ActivityID": "", "RealatedActivityID": ""}, "Execution": {"ProcessID": "4832", "ThreadID": "6964"}, "Channel": "Microsoft-Windows-Sysmon/Operational", "Computer": "MSI", "Security": {"UserID": "S-1-5-18"}}, "Event Data": {"RuleName": "-", "UtcTime": "2022-03-09 21:29:45.120", "ProcessGuid": "{7590a8e8-1c49-6229-c766-000000003000}", "ProcessId": "24636", "Image": "C:\\Windows\\System32\\cmd.exe", "FileVersion": "10.0.19041.746 (WinBuild.160101.0800)", "Description": "Windows Command Processor", "Product": "Microsoft&#174; Windows&#174; Operating System", "Company": "Microsoft Corporation", "OriginalFileName": "Cmd.Exe", "CommandLine": "C:\\Windows\\system32\\cmd.exe /c \"ver\"", "CurrentDirectory": "C:\\Program Files\\Microsoft Visual Studio\\2022\\Community\\Common7\\IDE\\", "User": "MSI\\Annie", "LogonGuid": "{7590a8e8-2479-6225-2b24-731900000000}", "LogonId": "0x000000001973242b", "TerminalSessionId": "8", "IntegrityLevel": "Medium", "Hashes": "MD5=8A2122E8162DBEF04694B9C3E0B6CDEE,SHA256=B99D61D874728EDC0918CA0EB10EAB93D381E7367E377406E65963366C874450,IMPHASH=272245E2988E1E430500B852C4FB5E18", "ParentProcessGuid": "{7590a8e8-1c47-6229-c666-000000003000}", "ParentProcessId": "16508", "ParentImage": "C:\\Users\\Annie\\anaconda3\\python.exe", "ParentCommandLine": "C:\\Users\\Annie\\anaconda3\\python.exe \"C:\\Users\\Annie\\anaconda3\\scripts\\conda-script.py\" \"info\" \"--json\"", "ParentUser": "MSI\\Annie"}}
{"Record": "43", "System": {"EventID": "11", "Version": "2", "Level": "4", "Task": "11", "Opcode": "0", "Keywords": "0x8000000000000000", "TimeCreated": {"SystemTime": "2022-03-09 21:29:45.231203"}, "EventRecordID": "587652", "Correlation": {"ActivityID": "", "RealatedActivityID": ""}, "Execution": {"ProcessID": "4832", "ThreadID": "6964"}, "Channel": "Microsoft-Windows-Sysmon/Operational", "Computer": "MSI", "Security": {"UserID": "S-1-5-18"}}, "Event Data": {"RuleName": "Downloads", "UtcTime": "2022-03-09 21:29:45.230", "ProcessGuid": "{7590a8e8-1c27-6229-a266-000000003000}", "ProcessId": "30844", "Image": "C:\\Program Files\\Microsoft Visual Studio\\2022\\Community\\Common7\\IDE\\devenv.exe", "TargetFilename": "C:\\Users\\Annie\\Downloads\\viz-attackhost-master\\viz-attackhost-master\\.vs\\viz-attackhost-master\\v17\\Browse.VC.db-wal", "CreationUtcTime": "2022-03-09 21:29:45.229", "User": "MSI\\Annie"}}
{"Record": "44", "System": {"EventID": "11", "Version": "2", "Level": "4", "Task": "11", "Opcode": "0", "Keywords": "0x8000000000000000", "TimeCreated": {"SystemTime": "2022-03-09 21:29:45.233156"}, "EventRecordID": "587653", "Correlation": {"ActivityID": "", "RealatedActivityID": ""}, "Execution": {"ProcessID": "4832", "ThreadID": "6964"}, "Channel": "Microsoft-Windows-Sysmon/Operational", "Computer": "MSI", "Security": {"UserID": "S-1-5-18"}}, "Event Data": {"RuleName": "Downloads", "UtcTime": "2022-03-09 21:29:45.232", "ProcessGuid": "{7590a8e8-1c27-6229-a266-000000003000}", "ProcessId": "30844", "Image": "C:\\Program Files\\Microsoft Visual Studio\\2022\\Community\\Common7\\IDE\\devenv.exe", "TargetFilename": "C:\\Users\\Annie\\Downloads\\viz-attackhost-master\\viz-attackhost-master\\.vs\\viz-attackhost-master\\v17\\Browse.VC.db-shm", "CreationUtcTime": "2022-03-09 21:29:45.231", "User": "MSI\\Annie"}}
{"Record": "45", "System": {"EventID": "11", "Version": "2", "Level": "4", "Task": "11", "Opcode": "0", "Keywords": "0x8000000000000000", "TimeCreated": {"SystemTime": "2022-03-09 21:29:45.244665"}, "EventRecordID": "587654", "Correlation": {"ActivityID": "", "RealatedActivityID": ""}, "Execution": {"ProcessID": "4832", "ThreadID": "6964"}, "Channel": "Microsoft-Windows-Sysmon/Operational", "Computer": "MSI", "Security": {"UserID": "S-1-5-18"}}, "Event Data": {"RuleName": "Downloads", "UtcTime": "2022-03-09 21:29:45.243", "ProcessGuid": "{7590a8e8-1c27-6229-a266-000000003000}", "ProcessId": "30844", "Image": "C:\\Program Files\\Microsoft Visual Studio\\2022\\Community\\Common7\\IDE\\devenv.exe", "TargetFilename": "C:\\Users\\Annie\\Downloads\\viz-attackhost-master\\viz-attackhost-master\\.vs\\viz-attackhost-master\\v17\\Browse.VC.opendb", "CreationUtcTime": "2022-03-09 21:29:45.242", "User": "MSI\\Annie"}}
{"Record": "46", "System": {"EventID": "1", "Version": "5", "Level": "4", "Task": "1", "Opcode": "0", "Keywords": "0x8000000000000000", "TimeCreated": {"SystemTime": "2022-03-09 21:29:45.557226"}, "EventRecordID": "587655", "Correlation": {"ActivityID": "", "RealatedActivityID": ""}, "Execution": {"ProcessID": "4832", "ThreadID": "6964"}, "Channel": "Microsoft-Windows-Sysmon/Operational", "Computer": "MSI", "Security": {"UserID": "S-1-5-18"}}, "Event Data": {"RuleName": "-", "UtcTime": "2022-03-09 21:29:45.552", "ProcessGuid": "{7590a8e8-1c49-6229-c866-000000003000}", "ProcessId": "8364", "Image": "C:\\Windows\\System32\\cmd.exe", "FileVersion": "10.0.19041.746 (WinBuild.160101.0800)", "Description": "Windows Command Processor", "Product": "Microsoft&#174; Windows&#174; Operating System", "Company": "Microsoft Corporation", "OriginalFileName": "Cmd.Exe", "CommandLine": "C:\\Windows\\system32\\cmd.exe /c \"\"C:\\Users\\Annie\\anaconda3\\scripts\\activate.bat\" C:\\Users\\Annie\\anaconda3 &amp; python.exe -c \"import os, json; print('!!!ENVIRONMENT MARKER!!!'); print(json.dumps(dict(os.environ)))\"\"", "CurrentDirectory": "C:\\Program Files\\Microsoft Visual Studio\\2022\\Community\\Common7\\IDE\\", "User": "MSI\\Annie", "LogonGuid": "{7590a8e8-2479-6225-2b24-731900000000}", "LogonId": "0x000000001973242b", "TerminalSessionId": "8", "IntegrityLevel": "Medium", "Hashes": "MD5=8A2122E8162DBEF04694B9C3E0B6CDEE,SHA256=B99D61D874728EDC0918CA0EB10EAB93D381E7367E377406E65963366C874450,IMPHASH=272245E2988E1E430500B852C4FB5E18", "ParentProcessGuid": "{7590a8e8-1c27-6229-a266-000000003000}", "ParentProcessId": "30844", "ParentImage": "C:\\Program Files\\Microsoft Visual Studio\\2022\\Community\\Common7\\IDE\\devenv.exe", "ParentCommandLine": "\"C:\\Program Files\\Microsoft Visual Studio\\2022\\Community\\Common7\\IDE\\devenv.exe\" ", "ParentUser": "MSI\\Annie"}}
{"Record": "47", "System": {"EventID": "1", "Version": "5", "Level": "4", "Task": "1", "Opcode": "0", "Keywords": "0x8000000000000000", "TimeCreated": {"SystemTime": "2022-03-09 21:29:45.737074"}, "EventRecordID": "587656", "Correlation": {"ActivityID": "", "RealatedActivityID": ""}, "Execution": {"ProcessID": "4832", "ThreadID": "6964"}, "Channel": "Microsoft-Windows-Sysmon/Operational", "Computer": "MSI", "Security": {"UserID": "S-1-5-18"}}, "Event Data": {"RuleName": "-", "UtcTime": "2022-03-09 21:29:45.733", "ProcessGuid": "{7590a8e8-1c49-6229-ca66-000000003000}", "ProcessId": "16684", "Image": "C:\\Users\\Annie\\anaconda3\\Scripts\\conda.exe", "FileVersion": "-", "Description": "-", "Product": "-", "Company": "-", "OriginalFileName": "-", "CommandLine": "\"C:\\Users\\Annie\\anaconda3\\condabin\\..\\Scripts\\conda.exe\"    shell.cmd.exe activate C:\\Users\\Annie\\anaconda3 ", "CurrentDirectory": "C:\\Program Files\\Microsoft Visual Studio\\2022\\Community\\Common7\\IDE\\", "User": "MSI\\Annie", "LogonGuid": "{7590a8e8-2479-6225-2b24-731900000000}", "LogonId": "0x000000001973242b", "TerminalSessionId": "8", "IntegrityLevel": "Medium", "Hashes": "MD5=D2778164EF643BA8F44CC202EC7EF157,SHA256=28B001BB9A72AE7A24242BFAB248D767A1AC5DEC981C672A3944F7A072375E9A,IMPHASH=E694A8A11A715C6300D85BCED2E15FAA", "ParentProcessGuid": "{7590a8e8-1c49-6229-c866-000000003000}", "ParentProcessId": "8364", "ParentImage": "C:\\Windows\\System32\\cmd.exe", "ParentCommandLine": "C:\\Windows\\system32\\cmd.exe /c \"\"C:\\Users\\Annie\\anaconda3\\scripts\\activate.bat\" C:\\Users\\Annie\\anaconda3 &amp; python.exe -c \"import os, json; print('!!!ENVIRONMENT MARKER!!!'); print(json.dumps(dict(os.environ)))\"\"", "ParentUser": "MSI\\Annie"}}
{"Record": "48", "System": {"EventID": "1", "Version": "5", "Level": "4", "Task": "1", "Opcode": "0", "Keywords": "0x8000000000000000", "TimeCreated": {"SystemTime": "2022-03-09 21:29:45.755283"}, "EventRecordID": "587657", "Correlation": {"ActivityID": "", "RealatedActivityID": ""}, "Execution": {"ProcessID": "4832", "ThreadID": "6964"}, "Channel": "Microsoft-Windows-Sysmon/Operational", "Computer": "MSI", "Security": {"UserID": "S-1-5-18"}}, "Event Data": {"RuleName": "-", "UtcTime": "2022-03-09 21:29:45.751", "ProcessGuid": "{7590a8e8-1c49-6229-cb66-000000003000}", "ProcessId": "23724", "Image": "C:\\Users\\Annie\\anaconda3\\python.exe", "FileVersion": "3.9.7", "Description": "Python", "Product": "Python", "Company": "Python Software Foundation", "OriginalFileName": "python.exe", "CommandLine": "C:\\Users\\Annie\\anaconda3\\python.exe \"C:\\Users\\Annie\\anaconda3\\Scripts\\conda-script.py\" \"shell.cmd.exe\" \"activate\" \"C:\\Users\\Annie\\anaconda3\"", "CurrentDirectory": "C:\\Program Files\\Microsoft Visual Studio\\2022\\Community\\Common7\\IDE\\", "User": "MSI\\Annie", "LogonGuid": "{7590a8e8-2479-6225-2b24-731900000000}", "LogonId": "0x000000001973242b", "TerminalSessionId": "8", "IntegrityLevel": "Medium", "Hashes": "MD5=47A897993A91B040CBF92ECBD31D01DD,SHA256=A1685CA0F56367B7CA3E8BF1BCBDD3A326F5E8E20C8743BF3108586F0AAFF384,IMPHASH=4BC0A3ABF3DE8784C2872F64590173E9", "ParentProcessGuid": "{7590a8e8-1c49-6229-ca66-000000003000}", "ParentProcessId": "16684", "ParentImage": "C:\\Users\\Annie\\anaconda3\\Scripts\\conda.exe", "ParentCommandLine": "\"C:\\Users\\Annie\\anaconda3\\condabin\\..\\Scripts\\conda.exe\"    shell.cmd.exe activate C:\\Users\\Annie\\anaconda3 ", "ParentUser": "MSI\\Annie"}}
{"Record": "49", "System": {"EventID": "5", "Version": "3", "Level": "4", "Task": "5", "Opcode": "0", "Keywords": "0x8000000000000000", "TimeCreated": {"SystemTime": "2022-03-09 21:29:46.381392"}, "EventRecordID": "587658", "Correlation": {"ActivityID": "", "RealatedActivityID": ""}, "Execution": {"ProcessID": "4832", "ThreadID": "6964"}, "Channel": "Microsoft-Windows-Sysmon/Operational", "Computer": "MSI", "Security": {"UserID": "S-1-5-18"}}, "Event Data": {"RuleName": "-", "UtcTime": "2022-03-09 21:29:46.380", "ProcessGuid": "{7590a8e8-1c47-6229-c666-000000003000}", "ProcessId": "16508", "Image": "C:\\Users\\Annie\\anaconda3\\python.exe", "User": "MSI\\Annie"}}
{"Record": "50", "System": {"EventID": "5", "Version": "3", "Level": "4", "Task": "5", "Opcode": "0", "Keywords": "0x8000000000000000", "TimeCreated": {"SystemTime": "2022-03-09 21:29:46.406590"}, "EventRecordID": "587659", "Correlation": {"ActivityID": "", "RealatedActivityID": ""}, "Execution": {"ProcessID": "4832", "ThreadID": "6964"}, "Channel": "Microsoft-Windows-Sysmon/Operational", "Computer": "MSI", "Security": {"UserID": "S-1-5-18"}}, "Event Data": {"RuleName": "-", "UtcTime": "2022-03-09 21:29:46.405", "ProcessGuid": "{7590a8e8-1c47-6229-c466-000000003000}", "ProcessId": "17128", "Image": "C:\\Users\\Annie\\anaconda3\\Scripts\\conda.exe", "User": "MSI\\Annie"}}
{"Record": "51", "System": {"EventID": "11", "Version": "2", "Level": "4", "Task": "11", "Opcode": "0", "Keywords": "0x8000000000000000", "TimeCreated": {"SystemTime": "2022-03-09 21:29:46.682806"}, "EventRecordID": "587660", "Correlation": {"ActivityID": "", "RealatedActivityID": ""}, "Execution": {"ProcessID": "4832", "ThreadID": "6964"}, "Channel": "Microsoft-Windows-Sysmon/Operational", "Computer": "MSI", "Security": {"UserID": "S-1-5-18"}}, "Event Data": {"RuleName": "-", "UtcTime": "2022-03-09 21:29:46.681", "ProcessGuid": "{7590a8e8-1c49-6229-cb66-000000003000}", "ProcessId": "23724", "Image": "C:\\Users\\Annie\\anaconda3\\python.exe", "TargetFilename": "C:\\Users\\Annie\\AppData\\Local\\Temp\\tmpfqz0mode.bat", "CreationUtcTime": "2022-03-09 21:29:46.681", "User": "MSI\\Annie"}}
{"Record": "52", "System": {"EventID": "5", "Version": "3", "Level": "4", "Task": "5", "Opcode": "0", "Keywords": "0x8000000000000000", "TimeCreated": {"SystemTime": "2022-03-09 21:29:46.745062"}, "EventRecordID": "587661", "Correlation": {"ActivityID": "", "RealatedActivityID": ""}, "Execution": {"ProcessID": "4832", "ThreadID": "6964"}, "Channel": "Microsoft-Windows-Sysmon/Operational", "Computer": "MSI", "Security": {"UserID": "S-1-5-18"}}, "Event Data": {"RuleName": "-", "UtcTime": "2022-03-09 21:29:46.744", "ProcessGuid": "{7590a8e8-1c49-6229-cb66-000000003000}", "ProcessId": "23724", "Image": "C:\\Users\\Annie\\anaconda3\\python.exe", "User": "MSI\\Annie"}}
{"Record": "53", "System": {"EventID": "5", "Version": "3", "Level": "4", "Task": "5", "Opcode": "0", "Keywords": "0x8000000000000000", "TimeCreated": {"SystemTime": "2022-03-09 21:29:46.756769"}, "EventRecordID": "587662", "Correlation": {"ActivityID": "", "RealatedActivityID": ""}, "Execution": {"ProcessID": "4832", "ThreadID": "6964"}, "Channel": "Microsoft-Windows-Sysmon/Operational", "Computer": "MSI", "Security": {"UserID": "S-1-5-18"}}, "Event Data": {"RuleName": "-", "UtcTime": "2022-03-09 21:29:46.756", "ProcessGuid": "{7590a8e8-1c49-6229-ca66-000000003000}", "ProcessId": "16684", "Image": "C:\\Users\\Annie\\anaconda3\\Scripts\\conda.exe", "User": "MSI\\Annie"}}
{"Record": "54", "System": {"EventID": "1", "Version": "5", "Level": "4", "Task": "1", "Opcode": "0", "Keywords": "0x8000000000000000", "TimeCreated": {"SystemTime": "2022-03-09 21:29:46.811771"}, "EventRecordID": "587663", "Correlation": {"ActivityID": "", "RealatedActivityID": ""}, "Execution": {"ProcessID": "4832", "ThreadID": "6964"}, "Channel": "Microsoft-Windows-Sysmon/Operational", "Computer": "MSI", "Security": {"UserID": "S-1-5-18"}}, "Event Data": {"RuleName": "-", "UtcTime": "2022-03-09 21:29:46.806", "ProcessGuid": "{7590a8e8-1c4a-6229-cc66-000000003000}", "ProcessId": "20028", "Image": "C:\\Users\\Annie\\anaconda3\\python.exe", "FileVersion": "3.9.7", "Description": "Python", "Product": "Python", "Company": "Python Software Foundation", "OriginalFileName": "python.exe", "CommandLine": "python.exe  -c \"import os, json; print('!!!ENVIRONMENT MARKER!!!'); print(json.dumps(dict(os.environ)))\"", "CurrentDirectory": "C:\\Program Files\\Microsoft Visual Studio\\2022\\Community\\Common7\\IDE\\", "User": "MSI\\Annie", "LogonGuid": "{7590a8e8-2479-6225-2b24-731900000000}", "LogonId": "0x000000001973242b", "TerminalSessionId": "8", "IntegrityLevel": "Medium", "Hashes": "MD5=47A897993A91B040CBF92ECBD31D01DD,SHA256=A1685CA0F56367B7CA3E8BF1BCBDD3A326F5E8E20C8743BF3108586F0AAFF384,IMPHASH=4BC0A3ABF3DE8784C2872F64590173E9", "ParentProcessGuid": "{7590a8e8-1c49-6229-c866-000000003000}", "ParentProcessId": "8364", "ParentImage": "C:\\Windows\\System32\\cmd.exe", "ParentCommandLine": "C:\\Windows\\system32\\cmd.exe /c \"\"C:\\Users\\Annie\\anaconda3\\scripts\\activate.bat\" C:\\Users\\Annie\\anaconda3 &amp; python.exe -c \"import os, json; print('!!!ENVIRONMENT MARKER!!!'); print(json.dumps(dict(os.environ)))\"\"", "ParentUser": "MSI\\Annie"}}
{"Record": "55", "System": {"EventID": "5", "Version": "3", "Level": "4", "Task": "5", "Opcode": "0", "Keywords": "0x8000000000000000", "TimeCreated": {"SystemTime": "2022-03-09 21:29:47.032152"}, "EventRecordID": "587664", "Correlation": {"ActivityID": "", "RealatedActivityID": ""}, "Execution": {"ProcessID": "4832", "ThreadID": "6964"}, "Channel": "Microsoft-Windows-Sysmon/Operational", "Computer": "MSI", "Security": {"UserID": "S-1-5-18"}}, "Event Data": {"RuleName": "-", "UtcTime": "2022-03-09 21:29:47.031", "ProcessGuid": "{7590a8e8-1c4a-6229-cc66-000000003000}", "ProcessId": "20028", "Image": "C:\\Users\\Annie\\anaconda3\\python.exe", "User": "MSI\\Annie"}}
{"Record": "56", "System": {"EventID": "1", "Version": "5", "Level": "4", "Task": "1", "Opcode": "0", "Keywords": "0x8000000000000000", "TimeCreated": {"SystemTime": "2022-03-09 21:29:47.302187"}, "EventRecordID": "587665", "Correlation": {"ActivityID": "", "RealatedActivityID": ""}, "Execution": {"ProcessID": "4832", "ThreadID": "6964"}, "Channel": "Microsoft-Windows-Sysmon/Operational", "Computer": "MSI", "Security": {"UserID": "S-1-5-18"}}, "Event Data": {"RuleName": "-", "UtcTime": "2022-03-09 21:29:47.295", "ProcessGuid": "{7590a8e8-1c4b-6229-cd66-000000003000}", "ProcessId": "5836", "Image": "C:\\Users\\Annie\\anaconda3\\python.exe", "FileVersion": "3.9.7", "Description": "Python", "Product": "Python", "Company": "Python Software Foundation", "OriginalFileName": "python.exe", "CommandLine": "python -c \"import os, os.path, sys; normalize = lambda p: os.path.normcase(os.path.normpath(p)); cwd = normalize(os.getcwd()); sys.path[:] = [p for p in sys.path if p != \\\"\\\" and normalize(p) != cwd]; import json; json.dump(dict(path=sys.path, prefix=sys.prefix), sys.stdout)\"", "CurrentDirectory": "c:\\program files\\microsoft visual studio\\2022\\community\\common7\\ide\\extensions\\microsoft\\python\\core\\pylance\\dist\\", "User": "MSI\\Annie", "LogonGuid": "{7590a8e8-2479-6225-2b24-731900000000}", "LogonId": "0x000000001973242b", "TerminalSessionId": "8", "IntegrityLevel": "Medium", "Hashes": "MD5=47A897993A91B040CBF92ECBD31D01DD,SHA256=A1685CA0F56367B7CA3E8BF1BCBDD3A326F5E8E20C8743BF3108586F0AAFF384,IMPHASH=4BC0A3ABF3DE8784C2872F64590173E9", "ParentProcessGuid": "{7590a8e8-1c46-6229-c166-000000003000}", "ParentProcessId": "25248", "ParentImage": "C:\\Program Files\\Microsoft Visual Studio\\2022\\Community\\Msbuild\\Microsoft\\VisualStudio\\NodeJs\\win-x64\\node.exe", "ParentCommandLine": "\"C:\\Program Files\\Microsoft Visual Studio\\2022\\Community\\MSBuild\\Microsoft\\VisualStudio\\NodeJs\\win-x64\\node.exe\"  \"c:\\program files\\microsoft visual studio\\2022\\community\\common7\\ide\\extensions\\microsoft\\python\\core\\pylance\\dist\\pylance-langserver.bundle.js\" -- --stdio --cancellationReceive=file:c7d3d34f844046f7a541aad1399e2b0d ", "ParentUser": "MSI\\Annie"}}
{"Record": "57", "System": {"EventID": "1", "Version": "5", "Level": "4", "Task": "1", "Opcode": "0", "Keywords": "0x8000000000000000", "TimeCreated": {"SystemTime": "2022-03-09 21:29:47.500790"}, "EventRecordID": "587666", "Correlation": {"ActivityID": "", "RealatedActivityID": ""}, "Execution": {"ProcessID": "4832", "ThreadID": "6964"}, "Channel": "Microsoft-Windows-Sysmon/Operational", "Computer": "MSI", "Security": {"UserID": "S-1-5-18"}}, "Event Data": {"RuleName": "-", "UtcTime": "2022-03-09 21:29:47.496", "ProcessGuid": "{7590a8e8-1c4b-6229-ce66-000000003000}", "ProcessId": "31504", "Image": "C:\\Users\\Annie\\anaconda3\\python.exe", "FileVersion": "3.9.7", "Description": "Python", "Product": "Python", "Company": "Python Software Foundation", "OriginalFileName": "python.exe", "CommandLine": "\"C:\\Users\\Annie\\anaconda3\\python.exe\" -c \"import pip\"", "CurrentDirectory": "C:\\Users\\Annie\\anaconda3\\", "User": "MSI\\Annie", "LogonGuid": "{7590a8e8-2479-6225-2b24-731900000000}", "LogonId": "0x000000001973242b", "TerminalSessionId": "8", "IntegrityLevel": "Medium", "Hashes": "MD5=47A897993A91B040CBF92ECBD31D01DD,SHA256=A1685CA0F56367B7CA3E8BF1BCBDD3A326F5E8E20C8743BF3108586F0AAFF384,IMPHASH=4BC0A3ABF3DE8784C2872F64590173E9", "ParentProcessGuid": "{7590a8e8-1c27-6229-a266-000000003000}", "ParentProcessId": "30844", "ParentImage": "C:\\Program Files\\Microsoft Visual Studio\\2022\\Community\\Common7\\IDE\\devenv.exe", "ParentCommandLine": "\"C:\\Program Files\\Microsoft Visual Studio\\2022\\Community\\Common7\\IDE\\devenv.exe\" ", "ParentUser": "MSI\\Annie"}}
{"Record": "58", "System": {"EventID": "5", "Version": "3", "Level": "4", "Task": "5", "Opcode": "0", "Keywords": "0x8000000000000000", "TimeCreated": {"SystemTime": "2022-03-09 21:29:47.569981"}, "EventRecordID": "587667", "Correlation": {"ActivityID": "", "RealatedActivityID": ""}, "Execution": {"ProcessID": "4832", "ThreadID": "6964"}, "Channel": "Microsoft-Windows-Sysmon/Operational", "Computer": "MSI", "Security": {"UserID": "S-1-5-18"}}, "Event Data": {"RuleName": "-", "UtcTime": "2022-03-09 21:29:47.569", "ProcessGuid": "{7590a8e8-1c4b-6229-cd66-000000003000}", "ProcessId": "5836", "Image": "C:\\Users\\Annie\\anaconda3\\python.exe", "User": "MSI\\Annie"}}
{"Record": "59", "System": {"EventID": "5", "Version": "3", "Level": "4", "Task": "5", "Opcode": "0", "Keywords": "0x8000000000000000", "TimeCreated": {"SystemTime": "2022-03-09 21:29:47.875935"}, "EventRecordID": "587668", "Correlation": {"ActivityID": "", "RealatedActivityID": ""}, "Execution": {"ProcessID": "4832", "ThreadID": "6964"}, "Channel": "Microsoft-Windows-Sysmon/Operational", "Computer": "MSI", "Security": {"UserID": "S-1-5-18"}}, "Event Data": {"RuleName": "-", "UtcTime": "2022-03-09 21:29:47.875", "ProcessGuid": "{7590a8e8-1c4b-6229-ce66-000000003000}", "ProcessId": "31504", "Image": "C:\\Users\\Annie\\anaconda3\\python.exe", "User": "MSI\\Annie"}}
{"Record": "60", "System": {"EventID": "1", "Version": "5", "Level": "4", "Task": "1", "Opcode": "0", "Keywords": "0x8000000000000000", "TimeCreated": {"SystemTime": "2022-03-09 21:29:48.156914"}, "EventRecordID": "587669", "Correlation": {"ActivityID": "", "RealatedActivityID": ""}, "Execution": {"ProcessID": "4832", "ThreadID": "6964"}, "Channel": "Microsoft-Windows-Sysmon/Operational", "Computer": "MSI", "Security": {"UserID": "S-1-5-18"}}, "Event Data": {"RuleName": "-", "UtcTime": "2022-03-09 21:29:48.152", "ProcessGuid": "{7590a8e8-1c4c-6229-d066-000000003000}", "ProcessId": "3228", "Image": "C:\\Users\\Annie\\anaconda3\\python.exe", "FileVersion": "3.9.7", "Description": "Python", "Product": "Python", "Company": "Python Software Foundation", "OriginalFileName": "python.exe", "CommandLine": "python -c \"import os, os.path, sys; normalize = lambda p: os.path.normcase(os.path.normpath(p)); cwd = normalize(os.getcwd()); sys.path[:] = [p for p in sys.path if p != \\\"\\\" and normalize(p) != cwd]; import json; json.dump(dict(path=sys.path, prefix=sys.prefix), sys.stdout)\"", "CurrentDirectory": "c:\\program files\\microsoft visual studio\\2022\\community\\common7\\ide\\extensions\\microsoft\\python\\core\\pylance\\dist\\", "User": "MSI\\Annie", "LogonGuid": "{7590a8e8-2479-6225-2b24-731900000000}", "LogonId": "0x000000001973242b", "TerminalSessionId": "8", "IntegrityLevel": "Medium", "Hashes": "MD5=47A897993A91B040CBF92ECBD31D01DD,SHA256=A1685CA0F56367B7CA3E8BF1BCBDD3A326F5E8E20C8743BF3108586F0AAFF384,IMPHASH=4BC0A3ABF3DE8784C2872F64590173E9", "ParentProcessGuid": "{7590a8e8-1c46-6229-c166-000000003000}", "ParentProcessId": "25248", "ParentImage": "C:\\Program Files\\Microsoft Visual Studio\\2022\\Community\\Msbuild\\Microsoft\\VisualStudio\\NodeJs\\win-x64\\node.exe", "ParentCommandLine": "\"C:\\Program Files\\Microsoft Visual Studio\\2022\\Community\\MSBuild\\Microsoft\\VisualStudio\\NodeJs\\win-x64\\node.exe\"  \"c:\\program files\\microsoft visual studio\\2022\\community\\common7\\ide\\extensions\\microsoft\\python\\core\\pylance\\dist\\pylance-langserver.bundle.js\" -- --stdio --cancellationReceive=file:c7d3d34f844046f7a541aad1399e2b0d ", "ParentUser": "MSI\\Annie"}}
{"Record": "61", "System": {"EventID": "1", "Version": "5", "Level": "4", "Task": "1", "Opcode": "0", "Keywords": "0x8000000000000000", "TimeCreated": {"SystemTime": "2022-03-09 21:29:48.173159"}, "EventRecordID": "587670", "Correlation": {"ActivityID": "", "RealatedActivityID": ""}, "Execution": {"ProcessID": "4832", "ThreadID": "6964"}, "Channel": "Microsoft-Windows-Sysmon/Operational", "Computer": "MSI", "Security": {"UserID": "S-1-5-18"}}, "Event Data": {"RuleName": "-", "UtcTime": "2022-03-09 21:29:48.168", "ProcessGuid": "{7590a8e8-1c4c-6229-d166-000000003000}", "ProcessId": "12252", "Image": "C:\\Program Files\\Microsoft Visual Studio\\2022\\Community\\Common7\\ServiceHub\\Hosts\\ServiceHub.Host.CLR.x64\\ServiceHub.Host.CLR.x64.exe", "FileVersion": "3.0.3078.44572", "Description": "ServiceHub.Host.CLR.x64", "Product": "ServiceHub.Host.CLR.x64", "Company": "Microsoft", "OriginalFileName": "ServiceHub.Host.CLR.x64.exe", "CommandLine": "\"C:\\Program Files\\Microsoft Visual Studio\\2022\\Community\\Common7\\ServiceHub\\Hosts\\ServiceHub.Host.CLR.x64\\ServiceHub.Host.CLR.x64.exe\" \"desktopClr.x64$C94B8CFE-E3FD-4BAF-A941-2866DBB566FE\" \"net.pipe://787633847CBACC676981C950B0F61A84D3C2\" \"/TelemetrySession:{\"\"\"IsOptedIn\"\"\":true,\"\"\"HostName\"\"\":\"\"\"Dev14\"\"\",\"\"\"AppInsightsInstrumentationKey\"\"\":\"\"\"f144292e-e3b2-4011-ac90-20e5c03fbce5\"\"\",\"\"\"AsimovInstrumentationKey\"\"\":\"\"\"AIF-312cbd79-9dbb-4c48-a7da-3cc2a931cb70\"\"\",\"\"\"AppId\"\"\":1001,\"\"\"UserId\"\"\":\"\"\"fcf3f409-9c6e-42b0-b9d5-7fbf4a8aaab8\"\"\",\"\"\"Id\"\"\":\"\"\"9fc4357d-1679-462a-b115-3e87cce5b9fe\"\"\",\"\"\"ProcessStartTime\"\"\":637824581519499517}\"", "CurrentDirectory": "C:\\Program Files\\Microsoft Visual Studio\\2022\\Community\\Common7\\ServiceHub\\Hosts\\ServiceHub.Host.CLR.x64\\", "User": "MSI\\Annie", "LogonGuid": "{7590a8e8-2479-6225-2b24-731900000000}", "LogonId": "0x000000001973242b", "TerminalSessionId": "8", "IntegrityLevel": "Medium", "Hashes": "MD5=7C2ADA92F2DAFCD07D78D68164285E17,SHA256=9FEAD87764387919588B89CF5D2AD7D50BA72BC2EB7935C6DF5A5E9D895D0757,IMPHASH=00000000000000000000000000000000", "ParentProcessGuid": "{7590a8e8-1c2e-6229-b466-000000003000}", "ParentProcessId": "7876", "ParentImage": "C:\\Program Files\\Microsoft Visual Studio\\2022\\Community\\Common7\\ServiceHub\\controller\\Microsoft.ServiceHub.Controller.exe", "ParentCommandLine": "\"C:\\Program Files\\Microsoft Visual Studio\\2022\\Community\\Common7\\ServiceHub\\controller\\Microsoft.ServiceHub.Controller.exe\" \"44fd9a0aa13eab66c6cd17f58abdac3c454e76ddd78793dd80b3b45e6d1f0e3d//\\\\devenv.exe.config\"  /TelemetrySession:{\"\"\"IsOptedIn\"\"\":true,\"\"\"HostName\"\"\":\"\"\"Dev14\"\"\",\"\"\"AppInsightsInstrumentationKey\"\"\":\"\"\"f144292e-e3b2-4011-ac90-20e5c03fbce5\"\"\",\"\"\"AsimovInstrumentationKey\"\"\":\"\"\"AIF-312cbd79-9dbb-4c48-a7da-3cc2a931cb70\"\"\",\"\"\"AppId\"\"\":1001,\"\"\"UserId\"\"\":\"\"\"fcf3f409-9c6e-42b0-b9d5-7fbf4a8aaab8\"\"\",\"\"\"Id\"\"\":\"\"\"9fc4357d-1679-462a-b115-3e87cce5b9fe\"\"\",\"\"\"ProcessStartTime\"\"\":637824581519499517}", "ParentUser": "MSI\\Annie"}}
{"Record": "62", "System": {"EventID": "5", "Version": "3", "Level": "4", "Task": "5", "Opcode": "0", "Keywords": "0x8000000000000000", "TimeCreated": {"SystemTime": "2022-03-09 21:29:48.446608"}, "EventRecordID": "587671", "Correlation": {"ActivityID": "", "RealatedActivityID": ""}, "Execution": {"ProcessID": "4832", "ThreadID": "6964"}, "Channel": "Microsoft-Windows-Sysmon/Operational", "Computer": "MSI", "Security": {"UserID": "S-1-5-18"}}, "Event Data": {"RuleName": "-", "UtcTime": "2022-03-09 21:29:48.445", "ProcessGuid": "{7590a8e8-1c4c-6229-d066-000000003000}", "ProcessId": "3228", "Image": "C:\\Users\\Annie\\anaconda3\\python.exe", "User": "MSI\\Annie"}}
{"Record": "63", "System": {"EventID": "1", "Version": "5", "Level": "4", "Task": "1", "Opcode": "0", "Keywords": "0x8000000000000000", "TimeCreated": {"SystemTime": "2022-03-09 21:29:48.492039"}, "EventRecordID": "587672", "Correlation": {"ActivityID": "", "RealatedActivityID": ""}, "Execution": {"ProcessID": "4832", "ThreadID": "6964"}, "Channel": "Microsoft-Windows-Sysmon/Operational", "Computer": "MSI", "Security": {"UserID": "S-1-5-18"}}, "Event Data": {"RuleName": "-", "UtcTime": "2022-03-09 21:29:48.487", "ProcessGuid": "{7590a8e8-1c4c-6229-d266-000000003000}", "ProcessId": "27524", "Image": "C:\\Users\\Annie\\anaconda3\\python.exe", "FileVersion": "3.9.7", "Description": "Python", "Product": "Python", "Company": "Python Software Foundation", "OriginalFileName": "python.exe", "CommandLine": "python -c \"import os, os.path, sys; normalize = lambda p: os.path.normcase(os.path.normpath(p)); cwd = normalize(os.getcwd()); sys.path[:] = [p for p in sys.path if p != \\\"\\\" and normalize(p) != cwd]; import json; json.dump(dict(path=sys.path, prefix=sys.prefix), sys.stdout)\"", "CurrentDirectory": "c:\\program files\\microsoft visual studio\\2022\\community\\common7\\ide\\extensions\\microsoft\\python\\core\\pylance\\dist\\", "User": "MSI\\Annie", "LogonGuid": "{7590a8e8-2479-6225-2b24-731900000000}", "LogonId": "0x000000001973242b", "TerminalSessionId": "8", "IntegrityLevel": "Medium", "Hashes": "MD5=47A897993A91B040CBF92ECBD31D01DD,SHA256=A1685CA0F56367B7CA3E8BF1BCBDD3A326F5E8E20C8743BF3108586F0AAFF384,IMPHASH=4BC0A3ABF3DE8784C2872F64590173E9", "ParentProcessGuid": "{7590a8e8-1c46-6229-c166-000000003000}", "ParentProcessId": "25248", "ParentImage": "C:\\Program Files\\Microsoft Visual Studio\\2022\\Community\\Msbuild\\Microsoft\\VisualStudio\\NodeJs\\win-x64\\node.exe", "ParentCommandLine": "\"C:\\Program Files\\Microsoft Visual Studio\\2022\\Community\\MSBuild\\Microsoft\\VisualStudio\\NodeJs\\win-x64\\node.exe\"  \"c:\\program files\\microsoft visual studio\\2022\\community\\common7\\ide\\extensions\\microsoft\\python\\core\\pylance\\dist\\pylance-langserver.bundle.js\" -- --stdio --cancellationReceive=file:c7d3d34f844046f7a541aad1399e2b0d ", "ParentUser": "MSI\\Annie"}}
{"Record": "64", "System": {"EventID": "1", "Version": "5", "Level": "4", "Task": "1", "Opcode": "0", "Keywords": "0x8000000000000000", "TimeCreated": {"SystemTime": "2022-03-09 21:29:48.586800"}, "EventRecordID": "587673", "Correlation": {"ActivityID": "", "RealatedActivityID": ""}, "Execution": {"ProcessID": "4832", "ThreadID": "6964"}, "Channel": "Microsoft-Windows-Sysmon/Operational", "Computer": "MSI", "Security": {"UserID": "S-1-5-18"}}, "Event Data": {"RuleName": "-", "UtcTime": "2022-03-09 21:29:48.581", "ProcessGuid": "{7590a8e8-1c4c-6229-d366-000000003000}", "ProcessId": "18140", "Image": "C:\\Users\\Annie\\anaconda3\\python.exe", "FileVersion": "3.9.7", "Description": "Python", "Product": "Python", "Company": "Python Software Foundation", "OriginalFileName": "python.exe", "CommandLine": "\"C:\\Users\\Annie\\anaconda3\\python.exe\" -m pip list --format=json", "CurrentDirectory": "C:\\Users\\Annie\\anaconda3\\", "User": "MSI\\Annie", "LogonGuid": "{7590a8e8-2479-6225-2b24-731900000000}", "LogonId": "0x000000001973242b", "TerminalSessionId": "8", "IntegrityLevel": "Medium", "Hashes": "MD5=47A897993A91B040CBF92ECBD31D01DD,SHA256=A1685CA0F56367B7CA3E8BF1BCBDD3A326F5E8E20C8743BF3108586F0AAFF384,IMPHASH=4BC0A3ABF3DE8784C2872F64590173E9", "ParentProcessGuid": "{7590a8e8-1c27-6229-a266-000000003000}", "ParentProcessId": "30844", "ParentImage": "C:\\Program Files\\Microsoft Visual Studio\\2022\\Community\\Common7\\IDE\\devenv.exe", "ParentCommandLine": "\"C:\\Program Files\\Microsoft Visual Studio\\2022\\Community\\Common7\\IDE\\devenv.exe\" ", "ParentUser": "MSI\\Annie"}}
{"Record": "65", "System": {"EventID": "1", "Version": "5", "Level": "4", "Task": "1", "Opcode": "0", "Keywords": "0x8000000000000000", "TimeCreated": {"SystemTime": "2022-03-09 21:29:48.615906"}, "EventRecordID": "587674", "Correlation": {"ActivityID": "", "RealatedActivityID": ""}, "Execution": {"ProcessID": "4832", "ThreadID": "6964"}, "Channel": "Microsoft-Windows-Sysmon/Operational", "Computer": "MSI", "Security": {"UserID": "S-1-5-18"}}, "Event Data": {"RuleName": "-", "UtcTime": "2022-03-09 21:29:48.611", "ProcessGuid": "{7590a8e8-1c4c-6229-d566-000000003000}", "ProcessId": "19104", "Image": "C:\\Users\\Annie\\anaconda3\\python.exe", "FileVersion": "3.9.7", "Description": "Python", "Product": "Python", "Company": "Python Software Foundation", "OriginalFileName": "python.exe", "CommandLine": "C:\\Users\\Annie\\anaconda3\\python.exe -c \"import sys, json; json.dump(dict(major=sys.version_info[0], minor=sys.version_info[1]), sys.stdout)\"", "CurrentDirectory": "c:\\program files\\microsoft visual studio\\2022\\community\\common7\\ide\\extensions\\microsoft\\python\\core\\pylance\\dist\\", "User": "MSI\\Annie", "LogonGuid": "{7590a8e8-2479-6225-2b24-731900000000}", "LogonId": "0x000000001973242b", "TerminalSessionId": "8", "IntegrityLevel": "Medium", "Hashes": "MD5=47A897993A91B040CBF92ECBD31D01DD,SHA256=A1685CA0F56367B7CA3E8BF1BCBDD3A326F5E8E20C8743BF3108586F0AAFF384,IMPHASH=4BC0A3ABF3DE8784C2872F64590173E9", "ParentProcessGuid": "{7590a8e8-1c46-6229-c166-000000003000}", "ParentProcessId": "25248", "ParentImage": "C:\\Program Files\\Microsoft Visual Studio\\2022\\Community\\Msbuild\\Microsoft\\VisualStudio\\NodeJs\\win-x64\\node.exe", "ParentCommandLine": "\"C:\\Program Files\\Microsoft Visual Studio\\2022\\Community\\MSBuild\\Microsoft\\VisualStudio\\NodeJs\\win-x64\\node.exe\"  \"c:\\program files\\microsoft visual studio\\2022\\community\\common7\\ide\\extensions\\microsoft\\python\\core\\pylance\\dist\\pylance-langserver.bundle.js\" -- --stdio --cancellationReceive=file:c7d3d34f844046f7a541aad1399e2b0d ", "ParentUser": "MSI\\Annie"}}
{"Record": "66", "System": {"EventID": "5", "Version": "3", "Level": "4", "Task": "5", "Opcode": "0", "Keywords": "0x8000000000000000", "TimeCreated": {"SystemTime": "2022-03-09 21:29:48.753258"}, "EventRecordID": "587675", "Correlation": {"ActivityID": "", "RealatedActivityID": ""}, "Execution": {"ProcessID": "4832", "ThreadID": "6964"}, "Channel": "Microsoft-Windows-Sysmon/Operational", "Computer": "MSI", "Security": {"UserID": "S-1-5-18"}}, "Event Data": {"RuleName": "-", "UtcTime": "2022-03-09 21:29:48.752", "ProcessGuid": "{7590a8e8-1c4c-6229-d266-000000003000}", "ProcessId": "27524", "Image": "C:\\Users\\Annie\\anaconda3\\python.exe", "User": "MSI\\Annie"}}
{"Record": "67", "System": {"EventID": "5", "Version": "3", "Level": "4", "Task": "5", "Opcode": "0", "Keywords": "0x8000000000000000", "TimeCreated": {"SystemTime": "2022-03-09 21:29:48.913700"}, "EventRecordID": "587676", "Correlation": {"ActivityID": "", "RealatedActivityID": ""}, "Execution": {"ProcessID": "4832", "ThreadID": "6964"}, "Channel": "Microsoft-Windows-Sysmon/Operational", "Computer": "MSI", "Security": {"UserID": "S-1-5-18"}}, "Event Data": {"RuleName": "-", "UtcTime": "2022-03-09 21:29:48.912", "ProcessGuid": "{7590a8e8-1c4c-6229-d566-000000003000}", "ProcessId": "19104", "Image": "C:\\Users\\Annie\\anaconda3\\python.exe", "User": "MSI\\Annie"}}
