{"Record": "107", "System": {"EventID": "22", "Version": "5", "Level": "4", "Task": "22", "Opcode": "0", "Keywords": "0x8000000000000000", "TimeCreated": {"SystemTime": "2022-03-09 21:30:15.071598"}, "EventRecordID": "587716", "Correlation": {"ActivityID": "", "RealatedActivityID": ""}, "Execution": {"ProcessID": "4832", "ThreadID": "6988"}, "Channel": "Microsoft-Windows-Sysmon/Operational", "Computer": "MSI", "Security": {"UserID": "S-1-5-18"}}, "Event Data": {"RuleName": "-", "UtcTime": "2022-03-09 21:31:51.580", "ProcessGuid": "{7590a8e8-1c54-6229-e766-000000003000}", "ProcessId": "32748", "QueryName": "2022-03-09 21:31:51.580", "QueryStatus": "{7590a8e8-1c54-6229-e766-000000003000}", "QueryResults": "32748", "Image": "C:\\Program Files\\Google\\Chrome\\Application\\chrome.exe", "User": "MSI\\Annie"}}
{"Record": "108", "System": {"EventID": "22", "Version": "5", "Level": "4", "Task": "22", "Opcode": "0", "Keywords": "0x8000000000000000", "TimeCreated": {"SystemTime": "2022-03-09 21:30:15.071831"}, "EventRecordID": "587717", "Correlation": {"ActivityID": "", "RealatedActivityID": ""}, "Execution": {"ProcessID": "4832", "ThreadID": "6988"}, "Channel": "Microsoft-Windows-Sysmon/Operational", "Computer": "MSI", "Security": {"UserID": "S-1-5-18"}}, "Event Data": {"RuleName": "-", "UtcTime": "2022-03-09 21:31:51.845", "ProcessGuid": "{7590a8e8-1c54-6229-e766-000000003000}", "ProcessId": "32748", "QueryName": "2022-03-09 21:31:51.845", "QueryStatus": "{7590a8e8-1c54-6229-e766-000000003000}", "QueryResults": "32748", "Image": "C:\\Program Files\\Google\\Chrome\\Application\\chrome.exe", "User": "MSI\\Annie"}}
{"Record": "109", "System": {"EventID": "22", "Version": "5", "Level": "4", "Task": "22", "Opcode": "0", "Keywords": "0x8000000000000000", "TimeCreated": {"SystemTime": "2022-03-09 21:30:15.071949"}, "EventRecordID": "587718", "Correlation": {"ActivityID": "", "RealatedActivityID": ""}, "Execution": {"ProcessID": "4832", "ThreadID": "6988"}, "Channel": "Microsoft-Windows-Sysmon/Operational", "Computer": "MSI", "Security": {"UserID": "S-1-5-18"}}, "Event Data": {"RuleName": "-", "UtcTime": "2022-03-09 21:31:52.037", "ProcessGuid": "{7590a8e8-1c54-6229-e766-000000003000}", "ProcessId": "32748", "QueryName": "2022-03-09 21:31:52.037", "QueryStatus": "{7590a8e8-1c54-6229-e766-000000003000}", "QueryResults": "32748", "Image": "C:\\Program Files\\Google\\Chrome\\Application\\chrome.exe", "User": "MSI\\Annie"}}
{"Record": "110", "System": {"EventID": "1", "Version": "5", "Level": "4", "Task": "1", "Opcode": "0", "Keywords": "0x8000000000000000", "TimeCreated": {"SystemTime": "2022-03-09 21:30:16.525118"}, "EventRecordID": "587719", "Correlation": {"ActivityID": "", "RealatedActivityID": ""}, "Execution": {"ProcessID": "4832", "ThreadID": "6964"}, "Channel": "Microsoft-Windows-Sysmon/Operational", "Computer": "MSI", "Security": {"UserID": "S-1-5-18"}}, "Event Data": {"RuleName": "-", "UtcTime": "2022-03-09 21:30:16.519", "ProcessGuid": "{7590a8e8-1c68-6229-0367-000000003000}", "ProcessId": "12776", "Image": "C:\\Windows\\Microsoft.NET\\Framework64\\v4.0.30319\\ngen.exe", "FileVersion": "4.8.4320.0 built by: NET48REL1LAST_C", "Description": "Microsoft Common Language Runtime native compiler", "Product": "Microsoft&#174; .NET Framework", "Company": "Microsoft Corporation", "OriginalFileName": "ngen.exe", "CommandLine": "\"C:\\Windows\\Microsoft.NET\\Framework64\\v4.0.30319\\ngen.exe\" createPDB \"c:\\windows\\assembly\\nativeimages_v4.0.30319_64\\microsoft.v9ec52f61#\\c1971123baf5dc228039707a176be4c7\\microsoft.visualstudio.commands.ni.dll\" \"C:\\Users\\Annie\\AppData\\Local\\Temp\\VSTelem\\NgenPdb\"", "CurrentDirectory": "C:\\Program Files\\Microsoft Visual Studio\\2022\\Community\\Common7\\IDE\\", "User": "MSI\\Annie", "LogonGuid": "{7590a8e8-2479-6225-2b24-731900000000}", "LogonId": "0x000000001973242b", "TerminalSessionId": "8", "IntegrityLevel": "Medium", "Hashes": "MD5=B6C3FE33B436E5006514403824F17C66,SHA256=A446D35F5E60BDAE1A7117B71D90ABB0FEA424EE416B0E0ECD2C485DC5939A68,IMPHASH=4AD0B1CAB8B0F51517768C87B067BA8A", "ParentProcessGuid": "{7590a8e8-0b81-6229-5a62-000000003000}", "ParentProcessId": "12364", "ParentImage": "C:\\Program Files\\Microsoft Visual Studio\\2022\\Community\\Common7\\IDE\\PerfWatson2.exe", "ParentCommandLine": "\"C:\\Program Files\\Microsoft Visual Studio\\2022\\Community\\Common7\\IDE\\PerfWatson2.exe\" -p 27016 -version 16 -role 3 {%22IsOptedIn%22:true,%22HostName%22:%22Dev14%22,%22AppInsightsInstrumentationKey%22:%22f144292e-e3b2-4011-ac90-20e5c03fbce5%22,%22AsimovInstrumentationKey%22:%22AIF-312cbd79-9dbb-4c48-a7da-3cc2a931cb70%22,%22AppId%22:1001,%22UserId%22:%22fcf3f409-9c6e-42b0-b9d5-7fbf4a8aaab8%22,%22Id%22:%22719f9cc4-8cb5-4bfa-aa70-11c5287eb0c1%22,%22ProcessStartTime%22:637824538853220392}", "ParentUser": "MSI\\Annie"}}
{"Record": "111", "System": {"EventID": "22", "Version": "5", "Level": "4", "Task": "22", "Opcode": "0", "Keywords": "0x8000000000000000", "TimeCreated": {"SystemTime": "2022-03-09 21:30:19.733650"}, "EventRecordID": "587720", "Correlation": {"ActivityID": "", "RealatedActivityID": ""}, "Execution": {"ProcessID": "4832", "ThreadID": "6988"}, "Channel": "Microsoft-Windows-Sysmon/Operational", "Computer": "MSI", "Security": {"UserID": "S-1-5-18"}}, "Event Data": {"RuleName": "-", "UtcTime": "2022-03-09 21:31:56.294", "ProcessGuid": "{7590a8e8-1c54-6229-e766-000000003000}", "ProcessId": "32748", "QueryName": "2022-03-09 21:31:56.294", "QueryStatus": "{7590a8e8-1c54-6229-e766-000000003000}", "QueryResults": "32748", "Image": "C:\\Program Files\\Google\\Chrome\\Application\\chrome.exe", "User": "MSI\\Annie"}}
{"Record": "112", "System": {"EventID": "5", "Version": "3", "Level": "4", "Task": "5", "Opcode": "0", "Keywords": "0x8000000000000000", "TimeCreated": {"SystemTime": "2022-03-09 21:30:19.991270"}, "EventRecordID": "587721", "Correlation": {"ActivityID": "", "RealatedActivityID": ""}, "Execution": {"ProcessID": "4832", "ThreadID": "6964"}, "Channel": "Microsoft-Windows-Sysmon/Operational", "Computer": "MSI", "Security": {"UserID": "S-1-5-18"}}, "Event Data": {"RuleName": "-", "UtcTime": "2022-03-09 21:30:19.990", "ProcessGuid": "{7590a8e8-1c4d-6229-da66-000000003000}", "ProcessId": "17920", "Image": "C:\\Users\\Annie\\anaconda3\\python.exe", "User": "MSI\\Annie"}}
{"Record": "113", "System": {"EventID": "5", "Version": "3", "Level": "4", "Task": "5", "Opcode": "0", "Keywords": "0x8000000000000000", "TimeCreated": {"SystemTime": "2022-03-09 21:30:20.006218"}, "EventRecordID": "587722", "Correlation": {"ActivityID": "", "RealatedActivityID": ""}, "Execution": {"ProcessID": "4832", "ThreadID": "6964"}, "Channel": "Microsoft-Windows-Sysmon/Operational", "Computer": "MSI", "Security": {"UserID": "S-1-5-18"}}, "Event Data": {"RuleName": "-", "UtcTime": "2022-03-09 21:30:20.004", "ProcessGuid": "{7590a8e8-1c4d-6229-d866-000000003000}", "ProcessId": "13008", "Image": "C:\\Users\\Annie\\anaconda3\\Scripts\\conda.exe", "User": "MSI\\Annie"}}
{"Record": "114", "System": {"EventID": "1", "Version": "5", "Level": "4", "Task": "1", "Opcode": "0", "Keywords": "0x8000000000000000", "TimeCreated": {"SystemTime": "2022-03-09 21:30:20.581322"}, "EventRecordID": "587723", "Correlation": {"ActivityID": "", "RealatedActivityID": ""}, "Execution": {"ProcessID": "4832", "ThreadID": "6964"}, "Channel": "Microsoft-Windows-Sysmon/Operational", "Computer": "MSI", "Security": {"UserID": "S-1-5-18"}}, "Event Data": {"RuleName": "-", "UtcTime": "2022-03-09 21:30:20.575", "ProcessGuid": "{7590a8e8-1c6c-6229-0667-000000003000}", "ProcessId": "13492", "Image": "C:\\Windows\\Microsoft.NET\\Framework64\\v4.0.30319\\ngen.exe", "FileVersion": "4.8.4320.0 built by: NET48REL1LAST_C", "Description": "Microsoft Common Language Runtime native compiler", "Product": "Microsoft&#174; .NET Framework", "Company": "Microsoft Corporation", "OriginalFileName": "ngen.exe", "CommandLine": "\"C:\\Windows\\Microsoft.NET\\Framework64\\v4.0.30319\\ngen.exe\" createPDB \"c:\\windows\\assembly\\nativeimages_v4.0.30319_64\\microsoft.taa87a667#\\3dab3170a347f9ffa219ea628e1a3d70\\microsoft.teamfoundation.git.controls.ni.dll\" \"C:\\Users\\Annie\\AppData\\Local\\Temp\\VSTelem\\NgenPdb\"", "CurrentDirectory": "C:\\Program Files\\Microsoft Visual Studio\\2022\\Community\\Common7\\IDE\\", "User": "MSI\\Annie", "LogonGuid": "{7590a8e8-2479-6225-2b24-731900000000}", "LogonId": "0x000000001973242b", "TerminalSessionId": "8", "IntegrityLevel": "Medium", "Hashes": "MD5=B6C3FE33B436E5006514403824F17C66,SHA256=A446D35F5E60BDAE1A7117B71D90ABB0FEA424EE416B0E0ECD2C485DC5939A68,IMPHASH=4AD0B1CAB8B0F51517768C87B067BA8A", "ParentProcessGuid": "{7590a8e8-0b81-6229-5a62-000000003000}", "ParentProcessId": "12364", "ParentImage": "C:\\Program Files\\Microsoft Visual Studio\\2022\\Community\\Common7\\IDE\\PerfWatson2.exe", "ParentCommandLine": "\"C:\\Program Files\\Microsoft Visual Studio\\2022\\Community\\Common7\\IDE\\PerfWatson2.exe\" -p 27016 -version 16 -role 3 {%22IsOptedIn%22:true,%22HostName%22:%22Dev14%22,%22AppInsightsInstrumentationKey%22:%22f144292e-e3b2-4011-ac90-20e5c03fbce5%22,%22AsimovInstrumentationKey%22:%22AIF-312cbd79-9dbb-4c48-a7da-3cc2a931cb70%22,%22AppId%22:1001,%22UserId%22:%22fcf3f409-9c6e-42b0-b9d5-7fbf4a8aaab8%22,%22Id%22:%22719f9cc4-8cb5-4bfa-aa70-11c5287eb0c1%22,%22ProcessStartTime%22:637824538853220392}", "ParentUser": "MSI\\Annie"}}
{"Record": "115", "System": {"EventID": "1", "Version": "5", "Level": "4", "Task": "1", "Opcode": "0", "Keywords": "0x8000000000000000", "TimeCreated": {"SystemTime": "2022-03-09 21:30:22.365131"}, "EventRecordID": "587724", "Correlation": {"ActivityID": "", "RealatedActivityID": ""}, "Execution": {"ProcessID": "4832", "ThreadID": "6964"}, "Channel": "Microsoft-Windows-Sysmon/Operational", "Computer": "MSI", "Security": {"UserID": "S-1-5-18"}}, "Event Data": {"RuleName": "-", "UtcTime": "2022-03-09 21:30:22.359", "ProcessGuid": "{7590a8e8-1c6e-6229-0967-000000003000}", "ProcessId": "28640", "Image": "C:\\Windows\\System32\\WindowsPowerShell\\v1.0\\powershell.exe", "FileVersion": "10.0.19041.546 (WinBuild.160101.0800)", "Description": "Windows PowerShell", "Product": "Microsoft&#174; Windows&#174; Operating System", "Company": "Microsoft Corporation", "OriginalFileName": "PowerShell.EXE", "CommandLine": "powershell.exe \"C:/Users/Annie/Downloads/viz-attackhost-master/viz-attackhost-master/powershell/Attack-Script-T1083_2.ps1 C:/Users/Annie/Downloads/viz-attackhost-master/viz-attackhost-master/data/output/AttackResults/Attack-T1083_2-1.out\"", "CurrentDirectory": "C:\\Users\\Annie\\Downloads\\viz-attackhost-master\\viz-attackhost-master\\", "User": "MSI\\Annie", "LogonGuid": "{7590a8e8-2479-6225-2b24-731900000000}", "LogonId": "0x000000001973242b", "TerminalSessionId": "8", "IntegrityLevel": "Medium", "Hashes": "MD5=04029E121A0CFA5991749937DD22A1D9,SHA256=9F914D42706FE215501044ACD85A32D58AAEF1419D404FDDFA5D3B48F66CCD9F,IMPHASH=7C955A0ABC747F57CCC4324480737EF7", "ParentProcessGuid": "{7590a8e8-1c55-6229-eb66-000000003000}", "ParentProcessId": "13004", "ParentImage": "C:\\Users\\Annie\\anaconda3\\python.exe", "ParentCommandLine": "C:\\Users\\Annie\\anaconda3\\python.exe C:\\Users\\Annie\\Downloads\\viz-attackhost-master\\viz-attackhost-master\\app.py", "ParentUser": "MSI\\Annie"}}
{"Record": "116", "System": {"EventID": "11", "Version": "2", "Level": "4", "Task": "11", "Opcode": "0", "Keywords": "0x8000000000000000", "TimeCreated": {"SystemTime": "2022-03-09 21:30:22.413548"}, "EventRecordID": "587725", "Correlation": {"ActivityID": "", "RealatedActivityID": ""}, "Execution": {"ProcessID": "4832", "ThreadID": "6964"}, "Channel": "Microsoft-Windows-Sysmon/Operational", "Computer": "MSI", "Security": {"UserID": "S-1-5-18"}}, "Event Data": {"RuleName": "Downloads", "UtcTime": "2022-03-09 21:30:22.412", "ProcessGuid": "{7590a8e8-1c27-6229-a266-000000003000}", "ProcessId": "30844", "Image": "C:\\Program Files\\Microsoft Visual Studio\\2022\\Community\\Common7\\IDE\\devenv.exe", "TargetFilename": "C:\\Users\\Annie\\Downloads\\viz-attackhost-master\\viz-attackhost-master\\.vs\\slnx.sqlite-journal", "CreationUtcTime": "2022-03-09 21:30:22.412", "User": "MSI\\Annie"}}
{"Record": "117", "System": {"EventID": "11", "Version": "2", "Level": "4", "Task": "11", "Opcode": "0", "Keywords": "0x8000000000000000", "TimeCreated": {"SystemTime": "2022-03-09 21:30:22.579750"}, "EventRecordID": "587726", "Correlation": {"ActivityID": "", "RealatedActivityID": ""}, "Execution": {"ProcessID": "4832", "ThreadID": "6964"}, "Channel": "Microsoft-Windows-Sysmon/Operational", "Computer": "MSI", "Security": {"UserID": "S-1-5-18"}}, "Event Data": {"RuleName": "-", "UtcTime": "2022-03-09 21:30:22.578", "ProcessGuid": "{7590a8e8-1c6e-6229-0967-000000003000}", "ProcessId": "28640", "Image": "C:\\Windows\\System32\\WindowsPowerShell\\v1.0\\powershell.exe", "TargetFilename": "C:\\Users\\Annie\\AppData\\Local\\Temp\\__PSScriptPolicyTest_beekmy2v.bvs.ps1", "CreationUtcTime": "2022-03-09 21:30:22.578", "User": "MSI\\Annie"}}
{"Record": "118", "System": {"EventID": "1", "Version": "5", "Level": "4", "Task": "1", "Opcode": "0", "Keywords": "0x8000000000000000", "TimeCreated": {"SystemTime": "2022-03-09 21:30:25.439453"}, "EventRecordID": "587727", "Correlation": {"ActivityID": "", "RealatedActivityID": ""}, "Execution": {"ProcessID": "4832", "ThreadID": "6964"}, "Channel": "Microsoft-Windows-Sysmon/Operational", "Computer": "MSI", "Security": {"UserID": "S-1-5-18"}}, "Event Data": {"RuleName": "-", "UtcTime": "2022-03-09 21:30:25.435", "ProcessGuid": "{7590a8e8-1c71-6229-0a67-000000003000}", "ProcessId": "23344", "Image": "C:\\Windows\\Microsoft.NET\\Framework64\\v4.0.30319\\ngen.exe", "FileVersion": "4.8.4320.0 built by: NET48REL1LAST_C", "Description": "Microsoft Common Language Runtime native compiler", "Product": "Microsoft&#174; .NET Framework", "Company": "Microsoft Corporation", "OriginalFileName": "ngen.exe", "CommandLine": "\"C:\\Windows\\Microsoft.NET\\Framework64\\v4.0.30319\\ngen.exe\" createPDB \"c:\\windows\\assembly\\nativeimages_v4.0.30319_64\\microsoft.c396e6572#\\3d03857576ec5d39c34d6f8b98a7e5af\\microsoft.codeanalysis.remote.workspaces.ni.dll\" \"C:\\Users\\Annie\\AppData\\Local\\Temp\\VSTelem\\NgenPdb\"", "CurrentDirectory": "C:\\Program Files\\Microsoft Visual Studio\\2022\\Community\\Common7\\IDE\\", "User": "MSI\\Annie", "LogonGuid": "{7590a8e8-2479-6225-2b24-731900000000}", "LogonId": "0x000000001973242b", "TerminalSessionId": "8", "IntegrityLevel": "Medium", "Hashes": "MD5=B6C3FE33B436E5006514403824F17C66,SHA256=A446D35F5E60BDAE1A7117B71D90ABB0FEA424EE416B0E0ECD2C485DC5939A68,IMPHASH=4AD0B1CAB8B0F51517768C87B067BA8A", "ParentProcessGuid": "{7590a8e8-0b81-6229-5a62-000000003000}", "ParentProcessId": "12364", "ParentImage": "C:\\Program Files\\Microsoft Visual Studio\\2022\\Community\\Common7\\IDE\\PerfWatson2.exe", "ParentCommandLine": "\"C:\\Program Files\\Microsoft Visual Studio\\2022\\Community\\Common7\\IDE\\PerfWatson2.exe\" -p 27016 -version 16 -role 3 {%22IsOptedIn%22:true,%22HostName%22:%22Dev14%22,%22AppInsightsInstrumentationKey%22:%22f144292e-e3b2-4011-ac90-20e5c03fbce5%22,%22AsimovInstrumentationKey%22:%22AIF-312cbd79-9dbb-4c48-a7da-3cc2a931cb70%22,%22AppId%22:1001,%22UserId%22:%22fcf3f409-9c6e-42b0-b9d5-7fbf4a8aaab8%22,%22Id%22:%22719f9cc4-8cb5-4bfa-aa70-11c5287eb0c1%22,%22ProcessStartTime%22:637824538853220392}", "ParentUser": "MSI\\Annie"}}
{"Record": "119", "System": {"EventID": "11", "Version": "2", "Level": "4", "Task": "11", "Opcode": "0", "Keywords": "0x8000000000000000", "TimeCreated": {"SystemTime": "2022-03-09 21:30:27.177547"}, "EventRecordID": "587728", "Correlation": {"ActivityID": "", "RealatedActivityID": ""}, "Execution": {"ProcessID": "4832", "ThreadID": "6964"}, "Channel": "Microsoft-Windows-Sysmon/Operational", "Computer": "MSI", "Security": {"UserID": "S-1-5-18"}}, "Event Data": {"RuleName": "Downloads", "UtcTime": "2022-03-09 21:30:27.176", "ProcessGuid": "{7590a8e8-1c6e-6229-0967-000000003000}", "ProcessId": "28640", "Image": "C:\\Windows\\System32\\WindowsPowerShell\\v1.0\\powershell.exe", "TargetFilename": "C:\\Users\\Annie\\Downloads\\viz-attackhost-master\\viz-attackhost-master\\data\\output\\AttackResults\\Attack-T1083_2-1.out", "CreationUtcTime": "2022-03-09 21:30:27.175", "User": "MSI\\Annie"}}
{"Record": "120", "System": {"EventID": "11", "Version": "2", "Level": "4", "Task": "11", "Opcode": "0", "Keywords": "0x8000000000000000", "TimeCreated": {"SystemTime": "2022-03-09 21:30:27.187189"}, "EventRecordID": "587729", "Correlation": {"ActivityID": "", "RealatedActivityID": ""}, "Execution": {"ProcessID": "4832", "ThreadID": "6964"}, "Channel": "Microsoft-Windows-Sysmon/Operational", "Computer": "MSI", "Security": {"UserID": "S-1-5-18"}}, "Event Data": {"RuleName": "Downloads", "UtcTime": "2022-03-09 21:30:27.185", "ProcessGuid": "{7590a8e8-1c6e-6229-0967-000000003000}", "ProcessId": "28640", "Image": "C:\\Windows\\System32\\WindowsPowerShell\\v1.0\\powershell.exe", "TargetFilename": "C:\\Users\\Annie\\Downloads\\viz-attackhost-master\\viz-attackhost-master\\data\\output\\AttackResults\\Attack-T1083_2-1.out", "CreationUtcTime": "2022-03-09 21:30:27.175", "User": "MSI\\Annie"}}
{"Record": "121", "System": {"EventID": "1", "Version": "5", "Level": "4", "Task": "1", "Opcode": "0", "Keywords": "0x8000000000000000", "TimeCreated": {"SystemTime": "2022-03-09 21:30:27.205750"}, "EventRecordID": "587730", "Correlation": {"ActivityID": "", "RealatedActivityID": ""}, "Execution": {"ProcessID": "4832", "ThreadID": "6964"}, "Channel": "Microsoft-Windows-Sysmon/Operational", "Computer": "MSI", "Security": {"UserID": "S-1-5-18"}}, "Event Data": {"RuleName": "-", "UtcTime": "2022-03-09 21:30:27.201", "ProcessGuid": "{7590a8e8-1c73-6229-0f67-000000003000}", "ProcessId": "30572", "Image": "C:\\Windows\\System32\\cmd.exe", "FileVersion": "10.0.19041.746 (WinBuild.160101.0800)", "Description": "Windows Command Processor", "Product": "Microsoft&#174; Windows&#174; Operating System", "Company": "Microsoft Corporation", "OriginalFileName": "Cmd.Exe", "CommandLine": "\"C:\\Windows\\system32\\cmd.exe\" /c \"powershell ls -recurse\"", "CurrentDirectory": "C:\\Users\\Annie\\Downloads\\viz-attackhost-master\\viz-attackhost-master\\", "User": "MSI\\Annie", "LogonGuid": "{7590a8e8-2479-6225-2b24-731900000000}", "LogonId": "0x000000001973242b", "TerminalSessionId": "8", "IntegrityLevel": "Medium", "Hashes": "MD5=8A2122E8162DBEF04694B9C3E0B6CDEE,SHA256=B99D61D874728EDC0918CA0EB10EAB93D381E7367E377406E65963366C874450,IMPHASH=272245E2988E1E430500B852C4FB5E18", "ParentProcessGuid": "{7590a8e8-1c6e-6229-0967-000000003000}", "ParentProcessId": "28640", "ParentImage": "C:\\Windows\\System32\\WindowsPowerShell\\v1.0\\powershell.exe", "ParentCommandLine": "powershell.exe \"C:/Users/Annie/Downloads/viz-attackhost-master/viz-attackhost-master/powershell/Attack-Script-T1083_2.ps1 C:/Users/Annie/Downloads/viz-attackhost-master/viz-attackhost-master/data/output/AttackResults/Attack-T1083_2-1.out\"", "ParentUser": "MSI\\Annie"}}
{"Record": "122", "System": {"EventID": "1", "Version": "5", "Level": "4", "Task": "1", "Opcode": "0", "Keywords": "0x8000000000000000", "TimeCreated": {"SystemTime": "2022-03-09 21:30:27.244297"}, "EventRecordID": "587731", "Correlation": {"ActivityID": "", "RealatedActivityID": ""}, "Execution": {"ProcessID": "4832", "ThreadID": "6964"}, "Channel": "Microsoft-Windows-Sysmon/Operational", "Computer": "MSI", "Security": {"UserID": "S-1-5-18"}}, "Event Data": {"RuleName": "-", "UtcTime": "2022-03-09 21:30:27.239", "ProcessGuid": "{7590a8e8-1c73-6229-1067-000000003000}", "ProcessId": "12188", "Image": "C:\\Windows\\System32\\WindowsPowerShell\\v1.0\\powershell.exe", "FileVersion": "10.0.19041.546 (WinBuild.160101.0800)", "Description": "Windows PowerShell", "Product": "Microsoft&#174; Windows&#174; Operating System", "Company": "Microsoft Corporation", "OriginalFileName": "PowerShell.EXE", "CommandLine": "powershell  ls -recurse", "CurrentDirectory": "C:\\Users\\Annie\\Downloads\\viz-attackhost-master\\viz-attackhost-master\\", "User": "MSI\\Annie", "LogonGuid": "{7590a8e8-2479-6225-2b24-731900000000}", "LogonId": "0x000000001973242b", "TerminalSessionId": "8", "IntegrityLevel": "Medium", "Hashes": "MD5=04029E121A0CFA5991749937DD22A1D9,SHA256=9F914D42706FE215501044ACD85A32D58AAEF1419D404FDDFA5D3B48F66CCD9F,IMPHASH=7C955A0ABC747F57CCC4324480737EF7", "ParentProcessGuid": "{7590a8e8-1c73-6229-0f67-000000003000}", "ParentProcessId": "30572", "ParentImage": "C:\\Windows\\System32\\cmd.exe", "ParentCommandLine": "\"C:\\Windows\\system32\\cmd.exe\" /c \"powershell ls -recurse\"", "ParentUser": "MSI\\Annie"}}
{"Record": "123", "System": {"EventID": "11", "Version": "2", "Level": "4", "Task": "11", "Opcode": "0", "Keywords": "0x8000000000000000", "TimeCreated": {"SystemTime": "2022-03-09 21:30:27.310511"}, "EventRecordID": "587732", "Correlation": {"ActivityID": "", "RealatedActivityID": ""}, "Execution": {"ProcessID": "4832", "ThreadID": "6964"}, "Channel": "Microsoft-Windows-Sysmon/Operational", "Computer": "MSI", "Security": {"UserID": "S-1-5-18"}}, "Event Data": {"RuleName": "Downloads", "UtcTime": "2022-03-09 21:30:27.309", "ProcessGuid": "{7590a8e8-1c27-6229-a266-000000003000}", "ProcessId": "30844", "Image": "C:\\Program Files\\Microsoft Visual Studio\\2022\\Community\\Common7\\IDE\\devenv.exe", "TargetFilename": "C:\\Users\\Annie\\Downloads\\viz-attackhost-master\\viz-attackhost-master\\.vs\\slnx.sqlite-journal", "CreationUtcTime": "2022-03-09 21:30:27.308", "User": "MSI\\Annie"}}
{"Record": "124", "System": {"EventID": "11", "Version": "2", "Level": "4", "Task": "11", "Opcode": "0", "Keywords": "0x8000000000000000", "TimeCreated": {"SystemTime": "2022-03-09 21:30:27.326099"}, "EventRecordID": "587733", "Correlation": {"ActivityID": "", "RealatedActivityID": ""}, "Execution": {"ProcessID": "4832", "ThreadID": "6964"}, "Channel": "Microsoft-Windows-Sysmon/Operational", "Computer": "MSI", "Security": {"UserID": "S-1-5-18"}}, "Event Data": {"RuleName": "Downloads", "UtcTime": "2022-03-09 21:30:27.325", "ProcessGuid": "{7590a8e8-1c27-6229-a266-000000003000}", "ProcessId": "30844", "Image": "C:\\Program Files\\Microsoft Visual Studio\\2022\\Community\\Common7\\IDE\\devenv.exe", "TargetFilename": "C:\\Users\\Annie\\Downloads\\viz-attackhost-master\\viz-attackhost-master\\.vs\\slnx.sqlite-journal", "CreationUtcTime": "2022-03-09 21:30:27.308", "User": "MSI\\Annie"}}
{"Record": "125", "System": {"EventID": "11", "Version": "2", "Level": "4", "Task": "11", "Opcode": "0", "Keywords": "0x8000000000000000", "TimeCreated": {"SystemTime": "2022-03-09 21:30:27.337280"}, "EventRecordID": "587734", "Correlation": {"ActivityID": "", "RealatedActivityID": ""}, "Execution": {"ProcessID": "4832", "ThreadID": "6964"}, "Channel": "Microsoft-Windows-Sysmon/Operational", "Computer": "MSI", "Security": {"UserID": "S-1-5-18"}}, "Event Data": {"RuleName": "Downloads", "UtcTime": "2022-03-09 21:30:27.336", "ProcessGuid": "{7590a8e8-1c27-6229-a266-000000003000}", "ProcessId": "30844", "Image": "C:\\Program Files\\Microsoft Visual Studio\\2022\\Community\\Common7\\IDE\\devenv.exe", "TargetFilename": "C:\\Users\\Annie\\Downloads\\viz-attackhost-master\\viz-attackhost-master\\.vs\\slnx.sqlite-journal", "CreationUtcTime": "2022-03-09 21:30:27.308", "User": "MSI\\Annie"}}
{"Record": "126", "System": {"EventID": "11", "Version": "2", "Level": "4", "Task": "11", "Opcode": "0", "Keywords": "0x8000000000000000", "TimeCreated": {"SystemTime": "2022-03-09 21:30:27.387102"}, "EventRecordID": "587735", "Correlation": {"ActivityID": "", "RealatedActivityID": ""}, "Execution": {"ProcessID": "4832", "ThreadID": "6964"}, "Channel": "Microsoft-Windows-Sysmon/Operational", "Computer": "MSI", "Security": {"UserID": "S-1-5-18"}}, "Event Data": {"RuleName": "Downloads", "UtcTime": "2022-03-09 21:30:27.385", "ProcessGuid": "{7590a8e8-1c27-6229-a266-000000003000}", "ProcessId": "30844", "Image": "C:\\Program Files\\Microsoft Visual Studio\\2022\\Community\\Common7\\IDE\\devenv.exe", "TargetFilename": "C:\\Users\\Annie\\Downloads\\viz-attackhost-master\\viz-attackhost-master\\.vs\\slnx.sqlite-journal", "CreationUtcTime": "2022-03-09 21:30:27.308", "User": "MSI\\Annie"}}
{"Record": "127", "System": {"EventID": "11", "Version": "2", "Level": "4", "Task": "11", "Opcode": "0", "Keywords": "0x8000000000000000", "TimeCreated": {"SystemTime": "2022-03-09 21:30:27.411716"}, "EventRecordID": "587736", "Correlation": {"ActivityID": "", "RealatedActivityID": ""}, "Execution": {"ProcessID": "4832", "ThreadID": "6964"}, "Channel": "Microsoft-Windows-Sysmon/Operational", "Computer": "MSI", "Security": {"UserID": "S-1-5-18"}}, "Event Data": {"RuleName": "-", "UtcTime": "2022-03-09 21:30:27.411", "ProcessGuid": "{7590a8e8-1c73-6229-1067-000000003000}", "ProcessId": "12188", "Image": "C:\\Windows\\System32\\WindowsPowerShell\\v1.0\\powershell.exe", "TargetFilename": "C:\\Users\\Annie\\AppData\\Local\\Temp\\__PSScriptPolicyTest_ya13znxg.cdj.ps1", "CreationUtcTime": "2022-03-09 21:30:27.410", "User": "MSI\\Annie"}}
{"Record": "128", "System": {"EventID": "22", "Version": "5", "Level": "4", "Task": "22", "Opcode": "0", "Keywords": "0x8000000000000000", "TimeCreated": {"SystemTime": "2022-03-09 21:30:32.584179"}, "EventRecordID": "587737", "Correlation": {"ActivityID": "", "RealatedActivityID": ""}, "Execution": {"ProcessID": "4832", "ThreadID": "6988"}, "Channel": "Microsoft-Windows-Sysmon/Operational", "Computer": "MSI", "Security": {"UserID": "S-1-5-18"}}, "Event Data": {"RuleName": "-", "UtcTime": "2022-03-09 21:32:09.626", "ProcessGuid": "{7590a8e8-0b81-6229-5a62-000000003000}", "ProcessId": "12364", "QueryName": "2022-03-09 21:32:09.626", "QueryStatus": "{7590a8e8-0b81-6229-5a62-000000003000}", "QueryResults": "12364", "Image": "C:\\Program Files\\Microsoft Visual Studio\\2022\\Community\\Common7\\IDE\\PerfWatson2.exe", "User": "MSI\\Annie"}}
{"Record": "129", "System": {"EventID": "1", "Version": "5", "Level": "4", "Task": "1", "Opcode": "0", "Keywords": "0x8000000000000000", "TimeCreated": {"SystemTime": "2022-03-09 21:30:38.886578"}, "EventRecordID": "587738", "Correlation": {"ActivityID": "", "RealatedActivityID": ""}, "Execution": {"ProcessID": "4832", "ThreadID": "6964"}, "Channel": "Microsoft-Windows-Sysmon/Operational", "Computer": "MSI", "Security": {"UserID": "S-1-5-18"}}, "Event Data": {"RuleName": "-", "UtcTime": "2022-03-09 21:30:38.882", "ProcessGuid": "{7590a8e8-1c7e-6229-1267-000000003000}", "ProcessId": "28496", "Image": "C:\\Windows\\System32\\cmd.exe", "FileVersion": "10.0.19041.746 (WinBuild.160101.0800)", "Description": "Windows Command Processor", "Product": "Microsoft&#174; Windows&#174; Operating System", "Company": "Microsoft Corporation", "OriginalFileName": "Cmd.Exe", "CommandLine": "\"C:\\Windows\\system32\\cmd.exe\" /c \"powershell get-childitem\" -recurse", "CurrentDirectory": "C:\\Users\\Annie\\Downloads\\viz-attackhost-master\\viz-attackhost-master\\", "User": "MSI\\Annie", "LogonGuid": "{7590a8e8-2479-6225-2b24-731900000000}", "LogonId": "0x000000001973242b", "TerminalSessionId": "8", "IntegrityLevel": "Medium", "Hashes": "MD5=8A2122E8162DBEF04694B9C3E0B6CDEE,SHA256=B99D61D874728EDC0918CA0EB10EAB93D381E7367E377406E65963366C874450,IMPHASH=272245E2988E1E430500B852C4FB5E18", "ParentProcessGuid": "{7590a8e8-1c6e-6229-0967-000000003000}", "ParentProcessId": "28640", "ParentImage": "C:\\Windows\\System32\\WindowsPowerShell\\v1.0\\powershell.exe", "ParentCommandLine": "powershell.exe \"C:/Users/Annie/Downloads/viz-attackhost-master/viz-attackhost-master/powershell/Attack-Script-T1083_2.ps1 C:/Users/Annie/Downloads/viz-attackhost-master/viz-attackhost-master/data/output/AttackResults/Attack-T1083_2-1.out\"", "ParentUser": "MSI\\Annie"}}
{"Record": "130", "System": {"EventID": "1", "Version": "5", "Level": "4", "Task": "1", "Opcode": "0", "Keywords": "0x8000000000000000", "TimeCreated": {"SystemTime": "2022-03-09 21:30:38.927505"}, "EventRecordID": "587739", "Correlation": {"ActivityID": "", "RealatedActivityID": ""}, "Execution": {"ProcessID": "4832", "ThreadID": "6964"}, "Channel": "Microsoft-Windows-Sysmon/Operational", "Computer": "MSI", "Security": {"UserID": "S-1-5-18"}}, "Event Data": {"RuleName": "-", "UtcTime": "2022-03-09 21:30:38.922", "ProcessGuid": "{7590a8e8-1c7e-6229-1367-000000003000}", "ProcessId": "22812", "Image": "C:\\Windows\\System32\\WindowsPowerShell\\v1.0\\powershell.exe", "FileVersion": "10.0.19041.546 (WinBuild.160101.0800)", "Description": "Windows PowerShell", "Product": "Microsoft&#174; Windows&#174; Operating System", "Company": "Microsoft Corporation", "OriginalFileName": "PowerShell.EXE", "CommandLine": "powershell  get-childitem -recurse", "CurrentDirectory": "C:\\Users\\Annie\\Downloads\\viz-attackhost-master\\viz-attackhost-master\\", "User": "MSI\\Annie", "LogonGuid": "{7590a8e8-2479-6225-2b24-731900000000}", "LogonId": "0x000000001973242b", "TerminalSessionId": "8", "IntegrityLevel": "Medium", "Hashes": "MD5=04029E121A0CFA5991749937DD22A1D9,SHA256=9F914D42706FE215501044ACD85A32D58AAEF1419D404FDDFA5D3B48F66CCD9F,IMPHASH=7C955A0ABC747F57CCC4324480737EF7", "ParentProcessGuid": "{7590a8e8-1c7e-6229-1267-000000003000}", "ParentProcessId": "28496", "ParentImage": "C:\\Windows\\System32\\cmd.exe", "ParentCommandLine": "\"C:\\Windows\\system32\\cmd.exe\" /c \"powershell get-childitem\" -recurse", "ParentUser": "MSI\\Annie"}}
{"Record": "131", "System": {"EventID": "11", "Version": "2", "Level": "4", "Task": "11", "Opcode": "0", "Keywords": "0x8000000000000000", "TimeCreated": {"SystemTime": "2022-03-09 21:30:39.085340"}, "EventRecordID": "587740", "Correlation": {"ActivityID": "", "RealatedActivityID": ""}, "Execution": {"ProcessID": "4832", "ThreadID": "6964"}, "Channel": "Microsoft-Windows-Sysmon/Operational", "Computer": "MSI", "Security": {"UserID": "S-1-5-18"}}, "Event Data": {"RuleName": "-", "UtcTime": "2022-03-09 21:30:39.084", "ProcessGuid": "{7590a8e8-1c7e-6229-1367-000000003000}", "ProcessId": "22812", "Image": "C:\\Windows\\System32\\WindowsPowerShell\\v1.0\\powershell.exe", "TargetFilename": "C:\\Users\\Annie\\AppData\\Local\\Temp\\__PSScriptPolicyTest_eflokwux.zoe.ps1", "CreationUtcTime": "2022-03-09 21:30:39.084", "User": "MSI\\Annie"}}
{"Record": "132", "System": {"EventID": "1", "Version": "5", "Level": "4", "Task": "1", "Opcode": "0", "Keywords": "0x8000000000000000", "TimeCreated": {"SystemTime": "2022-03-09 21:30:49.692232"}, "EventRecordID": "587741", "Correlation": {"ActivityID": "", "RealatedActivityID": ""}, "Execution": {"ProcessID": "4832", "ThreadID": "6964"}, "Channel": "Microsoft-Windows-Sysmon/Operational", "Computer": "MSI", "Security": {"UserID": "S-1-5-18"}}, "Event Data": {"RuleName": "-", "UtcTime": "2022-03-09 21:30:49.688", "ProcessGuid": "{7590a8e8-1c89-6229-1467-000000003000}", "ProcessId": "32600", "Image": "C:\\Windows\\System32\\cmd.exe", "FileVersion": "10.0.19041.746 (WinBuild.160101.0800)", "Description": "Windows Command Processor", "Product": "Microsoft&#174; Windows&#174; Operating System", "Company": "Microsoft Corporation", "OriginalFileName": "Cmd.Exe", "CommandLine": "\"C:\\Windows\\system32\\cmd.exe\" /c \"powershell gci -recurse\"", "CurrentDirectory": "C:\\Users\\Annie\\Downloads\\viz-attackhost-master\\viz-attackhost-master\\", "User": "MSI\\Annie", "LogonGuid": "{7590a8e8-2479-6225-2b24-731900000000}", "LogonId": "0x000000001973242b", "TerminalSessionId": "8", "IntegrityLevel": "Medium", "Hashes": "MD5=8A2122E8162DBEF04694B9C3E0B6CDEE,SHA256=B99D61D874728EDC0918CA0EB10EAB93D381E7367E377406E65963366C874450,IMPHASH=272245E2988E1E430500B852C4FB5E18", "ParentProcessGuid": "{7590a8e8-1c6e-6229-0967-000000003000}", "ParentProcessId": "28640", "ParentImage": "C:\\Windows\\System32\\WindowsPowerShell\\v1.0\\powershell.exe", "ParentCommandLine": "powershell.exe \"C:/Users/Annie/Downloads/viz-attackhost-master/viz-attackhost-master/powershell/Attack-Script-T1083_2.ps1 C:/Users/Annie/Downloads/viz-attackhost-master/viz-attackhost-master/data/output/AttackResults/Attack-T1083_2-1.out\"", "ParentUser": "MSI\\Annie"}}
{"Record": "133", "System": {"EventID": "1", "Version": "5", "Level": "4", "Task": "1", "Opcode": "0", "Keywords": "0x8000000000000000", "TimeCreated": {"SystemTime": "2022-03-09 21:30:49.730083"}, "EventRecordID": "587742", "Correlation": {"ActivityID": "", "RealatedActivityID": ""}, "Execution": {"ProcessID": "4832", "ThreadID": "6964"}, "Channel": "Microsoft-Windows-Sysmon/Operational", "Computer": "MSI", "Security": {"UserID": "S-1-5-18"}}, "Event Data": {"RuleName": "-", "UtcTime": "2022-03-09 21:30:49.724", "ProcessGuid": "{7590a8e8-1c89-6229-1567-000000003000}", "ProcessId": "16696", "Image": "C:\\Windows\\System32\\WindowsPowerShell\\v1.0\\powershell.exe", "FileVersion": "10.0.19041.546 (WinBuild.160101.0800)", "Description": "Windows PowerShell", "Product": "Microsoft&#174; Windows&#174; Operating System", "Company": "Microsoft Corporation", "OriginalFileName": "PowerShell.EXE", "CommandLine": "powershell  gci -recurse", "CurrentDirectory": "C:\\Users\\Annie\\Downloads\\viz-attackhost-master\\viz-attackhost-master\\", "User": "MSI\\Annie", "LogonGuid": "{7590a8e8-2479-6225-2b24-731900000000}", "LogonId": "0x000000001973242b", "TerminalSessionId": "8", "IntegrityLevel": "Medium", "Hashes": "MD5=04029E121A0CFA5991749937DD22A1D9,SHA256=9F914D42706FE215501044ACD85A32D58AAEF1419D404FDDFA5D3B48F66CCD9F,IMPHASH=7C955A0ABC747F57CCC4324480737EF7", "ParentProcessGuid": "{7590a8e8-1c89-6229-1467-000000003000}", "ParentProcessId": "32600", "ParentImage": "C:\\Windows\\System32\\cmd.exe", "ParentCommandLine": "\"C:\\Windows\\system32\\cmd.exe\" /c \"powershell gci -recurse\"", "ParentUser": "MSI\\Annie"}}
{"Record": "134", "System": {"EventID": "11", "Version": "2", "Level": "4", "Task": "11", "Opcode": "0", "Keywords": "0x8000000000000000", "TimeCreated": {"SystemTime": "2022-03-09 21:30:49.890411"}, "EventRecordID": "587743", "Correlation": {"ActivityID": "", "RealatedActivityID": ""}, "Execution": {"ProcessID": "4832", "ThreadID": "6964"}, "Channel": "Microsoft-Windows-Sysmon/Operational", "Computer": "MSI", "Security": {"UserID": "S-1-5-18"}}, "Event Data": {"RuleName": "-", "UtcTime": "2022-03-09 21:30:49.889", "ProcessGuid": "{7590a8e8-1c89-6229-1567-000000003000}", "ProcessId": "16696", "Image": "C:\\Windows\\System32\\WindowsPowerShell\\v1.0\\powershell.exe", "TargetFilename": "C:\\Users\\Annie\\AppData\\Local\\Temp\\__PSScriptPolicyTest_d4530nk5.jo5.ps1", "CreationUtcTime": "2022-03-09 21:30:49.889", "User": "MSI\\Annie"}}
{"Record": "135", "System": {"EventID": "1", "Version": "5", "Level": "4", "Task": "1", "Opcode": "0", "Keywords": "0x8000000000000000", "TimeCreated": {"SystemTime": "2022-03-09 21:32:04.752708"}, "EventRecordID": "587744", "Correlation": {"ActivityID": "", "RealatedActivityID": ""}, "Execution": {"ProcessID": "4832", "ThreadID": "6964"}, "Channel": "Microsoft-Windows-Sysmon/Operational", "Computer": "MSI", "Security": {"UserID": "S-1-5-18"}}, "Event Data": {"RuleName": "-", "UtcTime": "2022-03-09 21:32:04.747", "ProcessGuid": "{7590a8e8-1cd4-6229-1867-000000003000}", "ProcessId": "21112", "Image": "C:\\Windows\\System32\\svchost.exe", "FileVersion": "10.0.19041.546 (WinBuild.160101.0800)", "Description": "Host Process for Windows Services", "Product": "Microsoft&#174; Windows&#174; Operating System", "Company": "Microsoft Corporation", "OriginalFileName": "svchost.exe", "CommandLine": "C:\\Windows\\system32\\svchost.exe -k LocalService -p -s fdPHost", "CurrentDirectory": "C:\\Windows\\system32\\", "User": "NT AUTHORITY\\LOCAL SERVICE", "LogonGuid": "{7590a8e8-5029-620b-e503-000000000000}", "LogonId": "0x00000000000003e5", "TerminalSessionId": "0", "IntegrityLevel": "System", "Hashes": "MD5=F586835082F632DC8D9404D83BC16316,SHA256=643EC58E82E0272C97C2A59F6020970D881AF19C0AD5029DB9C958C13B6558C7,IMPHASH=F9BBD96FAE53B7A31264A703CAFA0666", "ParentProcessGuid": "{7590a8e8-5028-620b-0b00-000000003000}", "ParentProcessId": "1016", "ParentImage": "C:\\Windows\\System32\\services.exe", "ParentCommandLine": "C:\\Windows\\system32\\services.exe", "ParentUser": "NT AUTHORITY\\SYSTEM"}}
