{"Record": "68", "System": {"EventID": "1", "Version": "5", "Level": "4", "Task": "1", "Opcode": "0", "Keywords": "0x8000000000000000", "TimeCreated": {"SystemTime": "2022-03-09 21:29:48.936867"}, "EventRecordID": "587677", "Correlation": {"ActivityID": "", "RealatedActivityID": ""}, "Execution": {"ProcessID": "4832", "ThreadID": "6964"}, "Channel": "Microsoft-Windows-Sysmon/Operational", "Computer": "MSI", "Security": {"UserID": "S-1-5-18"}}, "Event Data": {"RuleName": "-", "UtcTime": "2022-03-09 21:29:48.932", "ProcessGuid": "{7590a8e8-1c4c-6229-d666-000000003000}", "ProcessId": "17392", "Image": "C:\\Users\\Annie\\anaconda3\\python.exe", "FileVersion": "3.9.7", "Description": "Python", "Product": "Python", "Company": "Python Software Foundation", "OriginalFileName": "python.exe", "CommandLine": "C:\\Users\\Annie\\anaconda3\\python.exe -c \"import os, os.path, sys; normalize = lambda p: os.path.normcase(os.path.normpath(p)); cwd = normalize(os.getcwd()); sys.path[:] = [p for p in sys.path if p != \\\"\\\" and normalize(p) != cwd]; import json; json.dump(dict(path=sys.path, prefix=sys.prefix), sys.stdout)\"", "CurrentDirectory": "c:\\program files\\microsoft visual studio\\2022\\community\\common7\\ide\\extensions\\microsoft\\python\\core\\pylance\\dist\\", "User": "MSI\\Annie", "LogonGuid": "{7590a8e8-2479-6225-2b24-731900000000}", "LogonId": "0x000000001973242b", "TerminalSessionId": "8", "IntegrityLevel": "Medium", "Hashes": "MD5=47A897993A91B040CBF92ECBD31D01DD,SHA256=A1685CA0F56367B7CA3E8BF1BCBDD3A326F5E8E20C8743BF3108586F0AAFF384,IMPHASH=4BC0A3ABF3DE8784C2872F64590173E9", "ParentProcessGuid": "{7590a8e8-1c46-6229-c166-000000003000}", "ParentProcessId": "25248", "ParentImage": "C:\\Program Files\\Microsoft Visual Studio\\2022\\Community\\Msbuild\\Microsoft\\VisualStudio\\NodeJs\\win-x64\\node.exe", "ParentCommandLine": "\"C:\\Program Files\\Microsoft Visual Studio\\2022\\Community\\MSBuild\\Microsoft\\VisualStudio\\NodeJs\\win-x64\\node.exe\"  \"c:\\program files\\microsoft visual studio\\2022\\community\\common7\\ide\\extensions\\microsoft\\python\\core\\pylance\\dist\\pylance-langserver.bundle.js\" -- --stdio --cancellationReceive=file:c7d3d34f844046f7a541aad1399e2b0d ", "ParentUser": "MSI\\Annie"}}
{"Record": "69", "System": {"EventID": "1", "Version": "5", "Level": "4", "Task": "1", "Opcode": "0", "Keywords": "0x8000000000000000", "TimeCreated": {"SystemTime": "2022-03-09 21:29:48.954130"}, "EventRecordID": "587678", "Correlation": {"ActivityID": "", "RealatedActivityID": ""}, "Execution": {"ProcessID": "4832", "ThreadID": "6964"}, "Channel": "Microsoft-Windows-Sysmon/Operational", "Computer": "MSI", "Security": {"UserID": "S-1-5-18"}}, "Event Data": {"RuleName": "-", "UtcTime": "2022-03-09 21:29:48.949", "ProcessGuid": "{7590a8e8-1c4c-6229-d766-000000003000}", "ProcessId": "29588", "Image": "C:\\Users\\Annie\\anaconda3\\python.exe", "FileVersion": "3.9.7", "Description": "Python", "Product": "Python", "Company": "Python Software Foundation", "OriginalFileName": "python.exe", "CommandLine": "C:\\Users\\Annie\\anaconda3\\python.exe -c \"import os, os.path, sys; normalize = lambda p: os.path.normcase(os.path.normpath(p)); cwd = normalize(os.getcwd()); sys.path[:] = [p for p in sys.path if p != \\\"\\\" and normalize(p) != cwd]; import json; json.dump(dict(path=sys.path, prefix=sys.prefix), sys.stdout)\"", "CurrentDirectory": "c:\\program files\\microsoft visual studio\\2022\\community\\common7\\ide\\extensions\\microsoft\\python\\core\\pylance\\dist\\", "User": "MSI\\Annie", "LogonGuid": "{7590a8e8-2479-6225-2b24-731900000000}", "LogonId": "0x000000001973242b", "TerminalSessionId": "8", "IntegrityLevel": "Medium", "Hashes": "MD5=47A897993A91B040CBF92ECBD31D01DD,SHA256=A1685CA0F56367B7CA3E8BF1BCBDD3A326F5E8E20C8743BF3108586F0AAFF384,IMPHASH=4BC0A3ABF3DE8784C2872F64590173E9", "ParentProcessGuid": "{7590a8e8-1c46-6229-c166-000000003000}", "ParentProcessId": "25248", "ParentImage": "C:\\Program Files\\Microsoft Visual Studio\\2022\\Community\\Msbuild\\Microsoft\\VisualStudio\\NodeJs\\win-x64\\node.exe", "ParentCommandLine": "\"C:\\Program Files\\Microsoft Visual Studio\\2022\\Community\\MSBuild\\Microsoft\\VisualStudio\\NodeJs\\win-x64\\node.exe\"  \"c:\\program files\\microsoft visual studio\\2022\\community\\common7\\ide\\extensions\\microsoft\\python\\core\\pylance\\dist\\pylance-langserver.bundle.js\" -- --stdio --cancellationReceive=file:c7d3d34f844046f7a541aad1399e2b0d ", "ParentUser": "MSI\\Annie"}}
{"Record": "70", "System": {"EventID": "1", "Version": "5", "Level": "4", "Task": "1", "Opcode": "0", "Keywords": "0x8000000000000000", "TimeCreated": {"SystemTime": "2022-03-09 21:29:49.003906"}, "EventRecordID": "587679", "Correlation": {"ActivityID": "", "RealatedActivityID": ""}, "Execution": {"ProcessID": "4832", "ThreadID": "6964"}, "Channel": "Microsoft-Windows-Sysmon/Operational", "Computer": "MSI", "Security": {"UserID": "S-1-5-18"}}, "Event Data": {"RuleName": "-", "UtcTime": "2022-03-09 21:29:49.000", "ProcessGuid": "{7590a8e8-1c4d-6229-d866-000000003000}", "ProcessId": "13008", "Image": "C:\\Users\\Annie\\anaconda3\\Scripts\\conda.exe", "FileVersion": "-", "Description": "-", "Product": "-", "Company": "-", "OriginalFileName": "-", "CommandLine": "\"C:\\Users\\Annie\\anaconda3\\scripts\\conda.exe\" list -p C:\\Users\\Annie\\anaconda3 --json", "CurrentDirectory": "C:\\Users\\Annie\\anaconda3\\", "User": "MSI\\Annie", "LogonGuid": "{7590a8e8-2479-6225-2b24-731900000000}", "LogonId": "0x000000001973242b", "TerminalSessionId": "8", "IntegrityLevel": "Medium", "Hashes": "MD5=D2778164EF643BA8F44CC202EC7EF157,SHA256=28B001BB9A72AE7A24242BFAB248D767A1AC5DEC981C672A3944F7A072375E9A,IMPHASH=E694A8A11A715C6300D85BCED2E15FAA", "ParentProcessGuid": "{7590a8e8-1c27-6229-a266-000000003000}", "ParentProcessId": "30844", "ParentImage": "C:\\Program Files\\Microsoft Visual Studio\\2022\\Community\\Common7\\IDE\\devenv.exe", "ParentCommandLine": "\"C:\\Program Files\\Microsoft Visual Studio\\2022\\Community\\Common7\\IDE\\devenv.exe\" ", "ParentUser": "MSI\\Annie"}}
{"Record": "71", "System": {"EventID": "1", "Version": "5", "Level": "4", "Task": "1", "Opcode": "0", "Keywords": "0x8000000000000000", "TimeCreated": {"SystemTime": "2022-03-09 21:29:49.116423"}, "EventRecordID": "587680", "Correlation": {"ActivityID": "", "RealatedActivityID": ""}, "Execution": {"ProcessID": "4832", "ThreadID": "6964"}, "Channel": "Microsoft-Windows-Sysmon/Operational", "Computer": "MSI", "Security": {"UserID": "S-1-5-18"}}, "Event Data": {"RuleName": "-", "UtcTime": "2022-03-09 21:29:49.110", "ProcessGuid": "{7590a8e8-1c4d-6229-da66-000000003000}", "ProcessId": "17920", "Image": "C:\\Users\\Annie\\anaconda3\\python.exe", "FileVersion": "3.9.7", "Description": "Python", "Product": "Python", "Company": "Python Software Foundation", "OriginalFileName": "python.exe", "CommandLine": "C:\\Users\\Annie\\anaconda3\\python.exe \"C:\\Users\\Annie\\anaconda3\\scripts\\conda-script.py\" \"list\" \"-p\" \"C:\\Users\\Annie\\anaconda3\" \"--json\"", "CurrentDirectory": "C:\\Users\\Annie\\anaconda3\\", "User": "MSI\\Annie", "LogonGuid": "{7590a8e8-2479-6225-2b24-731900000000}", "LogonId": "0x000000001973242b", "TerminalSessionId": "8", "IntegrityLevel": "Medium", "Hashes": "MD5=47A897993A91B040CBF92ECBD31D01DD,SHA256=A1685CA0F56367B7CA3E8BF1BCBDD3A326F5E8E20C8743BF3108586F0AAFF384,IMPHASH=4BC0A3ABF3DE8784C2872F64590173E9", "ParentProcessGuid": "{7590a8e8-1c4d-6229-d866-000000003000}", "ParentProcessId": "13008", "ParentImage": "C:\\Users\\Annie\\anaconda3\\Scripts\\conda.exe", "ParentCommandLine": "\"C:\\Users\\Annie\\anaconda3\\scripts\\conda.exe\" list -p C:\\Users\\Annie\\anaconda3 --json", "ParentUser": "MSI\\Annie"}}
{"Record": "72", "System": {"EventID": "5", "Version": "3", "Level": "4", "Task": "5", "Opcode": "0", "Keywords": "0x8000000000000000", "TimeCreated": {"SystemTime": "2022-03-09 21:29:49.272175"}, "EventRecordID": "587681", "Correlation": {"ActivityID": "", "RealatedActivityID": ""}, "Execution": {"ProcessID": "4832", "ThreadID": "6964"}, "Channel": "Microsoft-Windows-Sysmon/Operational", "Computer": "MSI", "Security": {"UserID": "S-1-5-18"}}, "Event Data": {"RuleName": "-", "UtcTime": "2022-03-09 21:29:49.271", "ProcessGuid": "{7590a8e8-1c4c-6229-d666-000000003000}", "ProcessId": "17392", "Image": "C:\\Users\\Annie\\anaconda3\\python.exe", "User": "MSI\\Annie"}}
{"Record": "73", "System": {"EventID": "5", "Version": "3", "Level": "4", "Task": "5", "Opcode": "0", "Keywords": "0x8000000000000000", "TimeCreated": {"SystemTime": "2022-03-09 21:29:49.297983"}, "EventRecordID": "587682", "Correlation": {"ActivityID": "", "RealatedActivityID": ""}, "Execution": {"ProcessID": "4832", "ThreadID": "6964"}, "Channel": "Microsoft-Windows-Sysmon/Operational", "Computer": "MSI", "Security": {"UserID": "S-1-5-18"}}, "Event Data": {"RuleName": "-", "UtcTime": "2022-03-09 21:29:49.297", "ProcessGuid": "{7590a8e8-1c4c-6229-d766-000000003000}", "ProcessId": "29588", "Image": "C:\\Users\\Annie\\anaconda3\\python.exe", "User": "MSI\\Annie"}}
{"Record": "74", "System": {"EventID": "1", "Version": "5", "Level": "4", "Task": "1", "Opcode": "0", "Keywords": "0x8000000000000000", "TimeCreated": {"SystemTime": "2022-03-09 21:29:49.424137"}, "EventRecordID": "587683", "Correlation": {"ActivityID": "", "RealatedActivityID": ""}, "Execution": {"ProcessID": "4832", "ThreadID": "6964"}, "Channel": "Microsoft-Windows-Sysmon/Operational", "Computer": "MSI", "Security": {"UserID": "S-1-5-18"}}, "Event Data": {"RuleName": "-", "UtcTime": "2022-03-09 21:29:49.411", "ProcessGuid": "{7590a8e8-1c4d-6229-db66-000000003000}", "ProcessId": "22656", "Image": "C:\\Users\\Annie\\anaconda3\\python.exe", "FileVersion": "3.9.7", "Description": "Python", "Product": "Python", "Company": "Python Software Foundation", "OriginalFileName": "python.exe", "CommandLine": "C:\\Users\\Annie\\anaconda3\\python.exe -c \"import os, os.path, sys; normalize = lambda p: os.path.normcase(os.path.normpath(p)); cwd = normalize(os.getcwd()); sys.path[:] = [p for p in sys.path if p != \\\"\\\" and normalize(p) != cwd]; import json; json.dump(dict(path=sys.path, prefix=sys.prefix), sys.stdout)\"", "CurrentDirectory": "c:\\program files\\microsoft visual studio\\2022\\community\\common7\\ide\\extensions\\microsoft\\python\\core\\pylance\\dist\\", "User": "MSI\\Annie", "LogonGuid": "{7590a8e8-2479-6225-2b24-731900000000}", "LogonId": "0x000000001973242b", "TerminalSessionId": "8", "IntegrityLevel": "Medium", "Hashes": "MD5=47A897993A91B040CBF92ECBD31D01DD,SHA256=A1685CA0F56367B7CA3E8BF1BCBDD3A326F5E8E20C8743BF3108586F0AAFF384,IMPHASH=4BC0A3ABF3DE8784C2872F64590173E9", "ParentProcessGuid": "{7590a8e8-1c46-6229-c166-000000003000}", "ParentProcessId": "25248", "ParentImage": "C:\\Program Files\\Microsoft Visual Studio\\2022\\Community\\Msbuild\\Microsoft\\VisualStudio\\NodeJs\\win-x64\\node.exe", "ParentCommandLine": "\"C:\\Program Files\\Microsoft Visual Studio\\2022\\Community\\MSBuild\\Microsoft\\VisualStudio\\NodeJs\\win-x64\\node.exe\"  \"c:\\program files\\microsoft visual studio\\2022\\community\\common7\\ide\\extensions\\microsoft\\python\\core\\pylance\\dist\\pylance-langserver.bundle.js\" -- --stdio --cancellationReceive=file:c7d3d34f844046f7a541aad1399e2b0d ", "ParentUser": "MSI\\Annie"}}
{"Record": "75", "System": {"EventID": "5", "Version": "3", "Level": "4", "Task": "5", "Opcode": "0", "Keywords": "0x8000000000000000", "TimeCreated": {"SystemTime": "2022-03-09 21:29:49.794546"}, "EventRecordID": "587684", "Correlation": {"ActivityID": "", "RealatedActivityID": ""}, "Execution": {"ProcessID": "4832", "ThreadID": "6964"}, "Channel": "Microsoft-Windows-Sysmon/Operational", "Computer": "MSI", "Security": {"UserID": "S-1-5-18"}}, "Event Data": {"RuleName": "-", "UtcTime": "2022-03-09 21:29:49.793", "ProcessGuid": "{7590a8e8-1c4d-6229-db66-000000003000}", "ProcessId": "22656", "Image": "C:\\Users\\Annie\\anaconda3\\python.exe", "User": "MSI\\Annie"}}
{"Record": "76", "System": {"EventID": "1", "Version": "5", "Level": "4", "Task": "1", "Opcode": "0", "Keywords": "0x8000000000000000", "TimeCreated": {"SystemTime": "2022-03-09 21:29:50.854856"}, "EventRecordID": "587685", "Correlation": {"ActivityID": "", "RealatedActivityID": ""}, "Execution": {"ProcessID": "4832", "ThreadID": "6964"}, "Channel": "Microsoft-Windows-Sysmon/Operational", "Computer": "MSI", "Security": {"UserID": "S-1-5-18"}}, "Event Data": {"RuleName": "-", "UtcTime": "2022-03-09 21:29:50.849", "ProcessGuid": "{7590a8e8-1c4e-6229-dc66-000000003000}", "ProcessId": "11672", "Image": "C:\\Windows\\System32\\cmd.exe", "FileVersion": "10.0.19041.746 (WinBuild.160101.0800)", "Description": "Windows Command Processor", "Product": "Microsoft&#174; Windows&#174; Operating System", "Company": "Microsoft Corporation", "OriginalFileName": "Cmd.Exe", "CommandLine": "C:\\Windows\\system32\\cmd.exe /c \"ver\"", "CurrentDirectory": "C:\\Users\\Annie\\anaconda3\\", "User": "MSI\\Annie", "LogonGuid": "{7590a8e8-2479-6225-2b24-731900000000}", "LogonId": "0x000000001973242b", "TerminalSessionId": "8", "IntegrityLevel": "Medium", "Hashes": "MD5=8A2122E8162DBEF04694B9C3E0B6CDEE,SHA256=B99D61D874728EDC0918CA0EB10EAB93D381E7367E377406E65963366C874450,IMPHASH=272245E2988E1E430500B852C4FB5E18", "ParentProcessGuid": "{7590a8e8-1c4d-6229-da66-000000003000}", "ParentProcessId": "17920", "ParentImage": "C:\\Users\\Annie\\anaconda3\\python.exe", "ParentCommandLine": "C:\\Users\\Annie\\anaconda3\\python.exe \"C:\\Users\\Annie\\anaconda3\\scripts\\conda-script.py\" \"list\" \"-p\" \"C:\\Users\\Annie\\anaconda3\" \"--json\"", "ParentUser": "MSI\\Annie"}}
{"Record": "77", "System": {"EventID": "1", "Version": "5", "Level": "4", "Task": "1", "Opcode": "0", "Keywords": "0x8000000000000000", "TimeCreated": {"SystemTime": "2022-03-09 21:29:51.610445"}, "EventRecordID": "587686", "Correlation": {"ActivityID": "", "RealatedActivityID": ""}, "Execution": {"ProcessID": "4832", "ThreadID": "6964"}, "Channel": "Microsoft-Windows-Sysmon/Operational", "Computer": "MSI", "Security": {"UserID": "S-1-5-18"}}, "Event Data": {"RuleName": "-", "UtcTime": "2022-03-09 21:29:51.605", "ProcessGuid": "{7590a8e8-1c4f-6229-dd66-000000003000}", "ProcessId": "26992", "Image": "C:\\Windows\\System32\\cmd.exe", "FileVersion": "10.0.19041.746 (WinBuild.160101.0800)", "Description": "Windows Command Processor", "Product": "Microsoft&#174; Windows&#174; Operating System", "Company": "Microsoft Corporation", "OriginalFileName": "Cmd.Exe", "CommandLine": "\"C:\\Windows\\system32\\cmd.exe\" /c \"C:\\Users\\Annie\\anaconda3\\python.exe C:\\Users\\Annie\\Downloads\\viz-attackhost-master\\viz-attackhost-master\\app.py\" &amp; pause", "CurrentDirectory": "C:\\Users\\Annie\\Downloads\\viz-attackhost-master\\viz-attackhost-master\\", "User": "MSI\\Annie", "LogonGuid": "{7590a8e8-2479-6225-2b24-731900000000}", "LogonId": "0x000000001973242b", "TerminalSessionId": "8", "IntegrityLevel": "Medium", "Hashes": "MD5=8A2122E8162DBEF04694B9C3E0B6CDEE,SHA256=B99D61D874728EDC0918CA0EB10EAB93D381E7367E377406E65963366C874450,IMPHASH=272245E2988E1E430500B852C4FB5E18", "ParentProcessGuid": "{7590a8e8-1c27-6229-a266-000000003000}", "ParentProcessId": "30844", "ParentImage": "C:\\Program Files\\Microsoft Visual Studio\\2022\\Community\\Common7\\IDE\\devenv.exe", "ParentCommandLine": "\"C:\\Program Files\\Microsoft Visual Studio\\2022\\Community\\Common7\\IDE\\devenv.exe\" ", "ParentUser": "MSI\\Annie"}}
{"Record": "78", "System": {"EventID": "1", "Version": "5", "Level": "4", "Task": "1", "Opcode": "0", "Keywords": "0x8000000000000000", "TimeCreated": {"SystemTime": "2022-03-09 21:29:51.978613"}, "EventRecordID": "587687", "Correlation": {"ActivityID": "", "RealatedActivityID": ""}, "Execution": {"ProcessID": "4832", "ThreadID": "6964"}, "Channel": "Microsoft-Windows-Sysmon/Operational", "Computer": "MSI", "Security": {"UserID": "S-1-5-18"}}, "Event Data": {"RuleName": "-", "UtcTime": "2022-03-09 21:29:51.972", "ProcessGuid": "{7590a8e8-1c4f-6229-df66-000000003000}", "ProcessId": "30464", "Image": "C:\\Users\\Annie\\anaconda3\\python.exe", "FileVersion": "3.9.7", "Description": "Python", "Product": "Python", "Company": "Python Software Foundation", "OriginalFileName": "python.exe", "CommandLine": "C:\\Users\\Annie\\anaconda3\\python.exe  C:\\Users\\Annie\\Downloads\\viz-attackhost-master\\viz-attackhost-master\\app.py ", "CurrentDirectory": "C:\\Users\\Annie\\Downloads\\viz-attackhost-master\\viz-attackhost-master\\", "User": "MSI\\Annie", "LogonGuid": "{7590a8e8-2479-6225-2b24-731900000000}", "LogonId": "0x000000001973242b", "TerminalSessionId": "8", "IntegrityLevel": "Medium", "Hashes": "MD5=47A897993A91B040CBF92ECBD31D01DD,SHA256=A1685CA0F56367B7CA3E8BF1BCBDD3A326F5E8E20C8743BF3108586F0AAFF384,IMPHASH=4BC0A3ABF3DE8784C2872F64590173E9", "ParentProcessGuid": "{7590a8e8-1c4f-6229-dd66-000000003000}", "ParentProcessId": "26992", "ParentImage": "C:\\Windows\\System32\\cmd.exe", "ParentCommandLine": "\"C:\\Windows\\system32\\cmd.exe\" /c \"C:\\Users\\Annie\\anaconda3\\python.exe C:\\Users\\Annie\\Downloads\\viz-attackhost-master\\viz-attackhost-master\\app.py\" &amp; pause", "ParentUser": "MSI\\Annie"}}
{"Record": "79", "System": {"EventID": "1", "Version": "5", "Level": "4", "Task": "1", "Opcode": "0", "Keywords": "0x8000000000000000", "TimeCreated": {"SystemTime": "2022-03-09 21:29:52.651533"}, "EventRecordID": "587688", "Correlation": {"ActivityID": "", "RealatedActivityID": ""}, "Execution": {"ProcessID": "4832", "ThreadID": "6964"}, "Channel": "Microsoft-Windows-Sysmon/Operational", "Computer": "MSI", "Security": {"UserID": "S-1-5-18"}}, "Event Data": {"RuleName": "-", "UtcTime": "2022-03-09 21:29:52.644", "ProcessGuid": "{7590a8e8-1c50-6229-e066-000000003000}", "ProcessId": "21332", "Image": "C:\\Windows\\System32\\cmd.exe", "FileVersion": "10.0.19041.746 (WinBuild.160101.0800)", "Description": "Windows Command Processor", "Product": "Microsoft&#174; Windows&#174; Operating System", "Company": "Microsoft Corporation", "OriginalFileName": "Cmd.Exe", "CommandLine": "C:\\Windows\\system32\\cmd.exe /c \"ver\"", "CurrentDirectory": "C:\\Users\\Annie\\Downloads\\viz-attackhost-master\\viz-attackhost-master\\", "User": "MSI\\Annie", "LogonGuid": "{7590a8e8-2479-6225-2b24-731900000000}", "LogonId": "0x000000001973242b", "TerminalSessionId": "8", "IntegrityLevel": "Medium", "Hashes": "MD5=8A2122E8162DBEF04694B9C3E0B6CDEE,SHA256=B99D61D874728EDC0918CA0EB10EAB93D381E7367E377406E65963366C874450,IMPHASH=272245E2988E1E430500B852C4FB5E18", "ParentProcessGuid": "{7590a8e8-1c4f-6229-df66-000000003000}", "ParentProcessId": "30464", "ParentImage": "C:\\Users\\Annie\\anaconda3\\python.exe", "ParentCommandLine": "C:\\Users\\Annie\\anaconda3\\python.exe  C:\\Users\\Annie\\Downloads\\viz-attackhost-master\\viz-attackhost-master\\app.py ", "ParentUser": "MSI\\Annie"}}
{"Record": "80", "System": {"EventID": "1", "Version": "5", "Level": "4", "Task": "1", "Opcode": "0", "Keywords": "0x8000000000000000", "TimeCreated": {"SystemTime": "2022-03-09 21:29:52.908682"}, "EventRecordID": "587689", "Correlation": {"ActivityID": "", "RealatedActivityID": ""}, "Execution": {"ProcessID": "4832", "ThreadID": "6964"}, "Channel": "Microsoft-Windows-Sysmon/Operational", "Computer": "MSI", "Security": {"UserID": "S-1-5-18"}}, "Event Data": {"RuleName": "-", "UtcTime": "2022-03-09 21:29:52.902", "ProcessGuid": "{7590a8e8-1c50-6229-e166-000000003000}", "ProcessId": "656", "Image": "C:\\Windows\\System32\\cmd.exe", "FileVersion": "10.0.19041.746 (WinBuild.160101.0800)", "Description": "Windows Command Processor", "Product": "Microsoft&#174; Windows&#174; Operating System", "Company": "Microsoft Corporation", "OriginalFileName": "Cmd.Exe", "CommandLine": "C:\\Windows\\system32\\cmd.exe /c \"ver\"", "CurrentDirectory": "C:\\Users\\Annie\\anaconda3\\", "User": "MSI\\Annie", "LogonGuid": "{7590a8e8-2479-6225-2b24-731900000000}", "LogonId": "0x000000001973242b", "TerminalSessionId": "8", "IntegrityLevel": "Medium", "Hashes": "MD5=8A2122E8162DBEF04694B9C3E0B6CDEE,SHA256=B99D61D874728EDC0918CA0EB10EAB93D381E7367E377406E65963366C874450,IMPHASH=272245E2988E1E430500B852C4FB5E18", "ParentProcessGuid": "{7590a8e8-1c4c-6229-d366-000000003000}", "ParentProcessId": "18140", "ParentImage": "C:\\Users\\Annie\\anaconda3\\python.exe", "ParentCommandLine": "\"C:\\Users\\Annie\\anaconda3\\python.exe\" -m pip list --format=json", "ParentUser": "MSI\\Annie"}}
{"Record": "81", "System": {"EventID": "1", "Version": "5", "Level": "4", "Task": "1", "Opcode": "0", "Keywords": "0x8000000000000000", "TimeCreated": {"SystemTime": "2022-03-09 21:29:53.654736"}, "EventRecordID": "587690", "Correlation": {"ActivityID": "", "RealatedActivityID": ""}, "Execution": {"ProcessID": "4832", "ThreadID": "6964"}, "Channel": "Microsoft-Windows-Sysmon/Operational", "Computer": "MSI", "Security": {"UserID": "S-1-5-18"}}, "Event Data": {"RuleName": "-", "UtcTime": "2022-03-09 21:29:53.646", "ProcessGuid": "{7590a8e8-1c51-6229-e266-000000003000}", "ProcessId": "4996", "Image": "C:\\Users\\Annie\\anaconda3\\python.exe", "FileVersion": "3.9.7", "Description": "Python", "Product": "Python", "Company": "Python Software Foundation", "OriginalFileName": "python.exe", "CommandLine": "C:\\Users\\Annie\\anaconda3\\python.exe C:\\Users\\Annie\\Downloads\\viz-attackhost-master\\viz-attackhost-master\\app.py", "CurrentDirectory": "C:\\Users\\Annie\\Downloads\\viz-attackhost-master\\viz-attackhost-master\\", "User": "MSI\\Annie", "LogonGuid": "{7590a8e8-2479-6225-2b24-731900000000}", "LogonId": "0x000000001973242b", "TerminalSessionId": "8", "IntegrityLevel": "Medium", "Hashes": "MD5=47A897993A91B040CBF92ECBD31D01DD,SHA256=A1685CA0F56367B7CA3E8BF1BCBDD3A326F5E8E20C8743BF3108586F0AAFF384,IMPHASH=4BC0A3ABF3DE8784C2872F64590173E9", "ParentProcessGuid": "{7590a8e8-1c4f-6229-df66-000000003000}", "ParentProcessId": "30464", "ParentImage": "C:\\Users\\Annie\\anaconda3\\python.exe", "ParentCommandLine": "C:\\Users\\Annie\\anaconda3\\python.exe  C:\\Users\\Annie\\Downloads\\viz-attackhost-master\\viz-attackhost-master\\app.py ", "ParentUser": "MSI\\Annie"}}
{"Record": "82", "System": {"EventID": "1", "Version": "5", "Level": "4", "Task": "1", "Opcode": "0", "Keywords": "0x8000000000000000", "TimeCreated": {"SystemTime": "2022-03-09 21:29:54.365479"}, "EventRecordID": "587691", "Correlation": {"ActivityID": "", "RealatedActivityID": ""}, "Execution": {"ProcessID": "4832", "ThreadID": "6964"}, "Channel": "Microsoft-Windows-Sysmon/Operational", "Computer": "MSI", "Security": {"UserID": "S-1-5-18"}}, "Event Data": {"RuleName": "-", "UtcTime": "2022-03-09 21:29:54.359", "ProcessGuid": "{7590a8e8-1c52-6229-e366-000000003000}", "ProcessId": "27508", "Image": "C:\\Windows\\System32\\cmd.exe", "FileVersion": "10.0.19041.746 (WinBuild.160101.0800)", "Description": "Windows Command Processor", "Product": "Microsoft&#174; Windows&#174; Operating System", "Company": "Microsoft Corporation", "OriginalFileName": "Cmd.Exe", "CommandLine": "C:\\Windows\\system32\\cmd.exe /c \"ver\"", "CurrentDirectory": "C:\\Users\\Annie\\Downloads\\viz-attackhost-master\\viz-attackhost-master\\", "User": "MSI\\Annie", "LogonGuid": "{7590a8e8-2479-6225-2b24-731900000000}", "LogonId": "0x000000001973242b", "TerminalSessionId": "8", "IntegrityLevel": "Medium", "Hashes": "MD5=8A2122E8162DBEF04694B9C3E0B6CDEE,SHA256=B99D61D874728EDC0918CA0EB10EAB93D381E7367E377406E65963366C874450,IMPHASH=272245E2988E1E430500B852C4FB5E18", "ParentProcessGuid": "{7590a8e8-1c51-6229-e266-000000003000}", "ParentProcessId": "4996", "ParentImage": "C:\\Users\\Annie\\anaconda3\\python.exe", "ParentCommandLine": "C:\\Users\\Annie\\anaconda3\\python.exe C:\\Users\\Annie\\Downloads\\viz-attackhost-master\\viz-attackhost-master\\app.py", "ParentUser": "MSI\\Annie"}}
{"Record": "83", "System": {"EventID": "5", "Version": "3", "Level": "4", "Task": "5", "Opcode": "0", "Keywords": "0x8000000000000000", "TimeCreated": {"SystemTime": "2022-03-09 21:29:55.282227"}, "EventRecordID": "587692", "Correlation": {"ActivityID": "", "RealatedActivityID": ""}, "Execution": {"ProcessID": "4832", "ThreadID": "6964"}, "Channel": "Microsoft-Windows-Sysmon/Operational", "Computer": "MSI", "Security": {"UserID": "S-1-5-18"}}, "Event Data": {"RuleName": "-", "UtcTime": "2022-03-09 21:29:55.280", "ProcessGuid": "{7590a8e8-1c4c-6229-d366-000000003000}", "ProcessId": "18140", "Image": "C:\\Users\\Annie\\anaconda3\\python.exe", "User": "MSI\\Annie"}}
{"Record": "84", "System": {"EventID": "22", "Version": "5", "Level": "4", "Task": "22", "Opcode": "0", "Keywords": "0x8000000000000000", "TimeCreated": {"SystemTime": "2022-03-09 21:29:55.715502"}, "EventRecordID": "587693", "Correlation": {"ActivityID": "", "RealatedActivityID": ""}, "Execution": {"ProcessID": "4832", "ThreadID": "6988"}, "Channel": "Microsoft-Windows-Sysmon/Operational", "Computer": "MSI", "Security": {"UserID": "S-1-5-18"}}, "Event Data": {"RuleName": "-", "UtcTime": "2022-03-09 21:31:32.255", "ProcessGuid": "{7590a8e8-1c27-6229-a266-000000003000}", "ProcessId": "30844", "QueryName": "2022-03-09 21:31:32.255", "QueryStatus": "{7590a8e8-1c27-6229-a266-000000003000}", "QueryResults": "30844", "Image": "C:\\Program Files\\Microsoft Visual Studio\\2022\\Community\\Common7\\IDE\\devenv.exe", "User": "MSI\\Annie"}}
{"Record": "85", "System": {"EventID": "1", "Version": "5", "Level": "4", "Task": "1", "Opcode": "0", "Keywords": "0x8000000000000000", "TimeCreated": {"SystemTime": "2022-03-09 21:29:56.106951"}, "EventRecordID": "587694", "Correlation": {"ActivityID": "", "RealatedActivityID": ""}, "Execution": {"ProcessID": "4832", "ThreadID": "6964"}, "Channel": "Microsoft-Windows-Sysmon/Operational", "Computer": "MSI", "Security": {"UserID": "S-1-5-18"}}, "Event Data": {"RuleName": "-", "UtcTime": "2022-03-09 21:29:56.101", "ProcessGuid": "{7590a8e8-1c54-6229-e466-000000003000}", "ProcessId": "30280", "Image": "C:\\Program Files\\Google\\Chrome\\Application\\chrome.exe", "FileVersion": "99.0.4844.51", "Description": "Google Chrome", "Product": "Google Chrome", "Company": "Google LLC", "OriginalFileName": "chrome.exe", "CommandLine": "\"C:\\Program Files\\Google\\Chrome\\Application\\chrome.exe\" ", "CurrentDirectory": "C:\\Program Files\\Google\\Chrome\\Application\\", "User": "MSI\\Annie", "LogonGuid": "{7590a8e8-2479-6225-2b24-731900000000}", "LogonId": "0x000000001973242b", "TerminalSessionId": "8", "IntegrityLevel": "Medium", "Hashes": "MD5=E29E507A9742C2DADCAD126734FF5695,SHA256=943B6F433463CA8B7AAB072000FB9D7C9FB0D9C021A5B4ED95D165506B33CA43,IMPHASH=978A5DCDEC0106F8018622F48998E706", "ParentProcessGuid": "{7590a8e8-247c-6225-e759-000000003000}", "ParentProcessId": "9588", "ParentImage": "C:\\Windows\\explorer.exe", "ParentCommandLine": "C:\\Windows\\Explorer.EXE", "ParentUser": "MSI\\Annie"}}
{"Record": "86", "System": {"EventID": "5", "Version": "3", "Level": "4", "Task": "5", "Opcode": "0", "Keywords": "0x8000000000000000", "TimeCreated": {"SystemTime": "2022-03-09 21:29:57.613380"}, "EventRecordID": "587695", "Correlation": {"ActivityID": "", "RealatedActivityID": ""}, "Execution": {"ProcessID": "4832", "ThreadID": "6964"}, "Channel": "Microsoft-Windows-Sysmon/Operational", "Computer": "MSI", "Security": {"UserID": "S-1-5-18"}}, "Event Data": {"RuleName": "-", "UtcTime": "2022-03-09 21:29:57.612", "ProcessGuid": "{7590a8e8-1c51-6229-e266-000000003000}", "ProcessId": "4996", "Image": "C:\\Users\\Annie\\anaconda3\\python.exe", "User": "MSI\\Annie"}}
{"Record": "87", "System": {"EventID": "1", "Version": "5", "Level": "4", "Task": "1", "Opcode": "0", "Keywords": "0x8000000000000000", "TimeCreated": {"SystemTime": "2022-03-09 21:29:57.668015"}, "EventRecordID": "587696", "Correlation": {"ActivityID": "", "RealatedActivityID": ""}, "Execution": {"ProcessID": "4832", "ThreadID": "6964"}, "Channel": "Microsoft-Windows-Sysmon/Operational", "Computer": "MSI", "Security": {"UserID": "S-1-5-18"}}, "Event Data": {"RuleName": "-", "UtcTime": "2022-03-09 21:29:57.660", "ProcessGuid": "{7590a8e8-1c55-6229-eb66-000000003000}", "ProcessId": "13004", "Image": "C:\\Users\\Annie\\anaconda3\\python.exe", "FileVersion": "3.9.7", "Description": "Python", "Product": "Python", "Company": "Python Software Foundation", "OriginalFileName": "python.exe", "CommandLine": "C:\\Users\\Annie\\anaconda3\\python.exe C:\\Users\\Annie\\Downloads\\viz-attackhost-master\\viz-attackhost-master\\app.py", "CurrentDirectory": "C:\\Users\\Annie\\Downloads\\viz-attackhost-master\\viz-attackhost-master\\", "User": "MSI\\Annie", "LogonGuid": "{7590a8e8-2479-6225-2b24-731900000000}", "LogonId": "0x000000001973242b", "TerminalSessionId": "8", "IntegrityLevel": "Medium", "Hashes": "MD5=47A897993A91B040CBF92ECBD31D01DD,SHA256=A1685CA0F56367B7CA3E8BF1BCBDD3A326F5E8E20C8743BF3108586F0AAFF384,IMPHASH=4BC0A3ABF3DE8784C2872F64590173E9", "ParentProcessGuid": "{7590a8e8-1c4f-6229-df66-000000003000}", "ParentProcessId": "30464", "ParentImage": "C:\\Users\\Annie\\anaconda3\\python.exe", "ParentCommandLine": "C:\\Users\\Annie\\anaconda3\\python.exe  C:\\Users\\Annie\\Downloads\\viz-attackhost-master\\viz-attackhost-master\\app.py ", "ParentUser": "MSI\\Annie"}}
{"Record": "88", "System": {"EventID": "1", "Version": "5", "Level": "4", "Task": "1", "Opcode": "0", "Keywords": "0x8000000000000000", "TimeCreated": {"SystemTime": "2022-03-09 21:29:58.101780"}, "EventRecordID": "587697", "Correlation": {"ActivityID": "", "RealatedActivityID": ""}, "Execution": {"ProcessID": "4832", "ThreadID": "6964"}, "Channel": "Microsoft-Windows-Sysmon/Operational", "Computer": "MSI", "Security": {"UserID": "S-1-5-18"}}, "Event Data": {"RuleName": "-", "UtcTime": "2022-03-09 21:29:58.078", "ProcessGuid": "{7590a8e8-1c56-6229-ef66-000000003000}", "ProcessId": "30648", "Image": "C:\\Windows\\System32\\CompPkgSrv.exe", "FileVersion": "10.0.19041.746 (WinBuild.160101.0800)", "Description": "Component Package Support Server", "Product": "Microsoft&#174; Windows&#174; Operating System", "Company": "Microsoft Corporation", "OriginalFileName": "CompPkgSrv.exe", "CommandLine": "C:\\Windows\\System32\\CompPkgSrv.exe -Embedding", "CurrentDirectory": "C:\\Windows\\system32\\", "User": "MSI\\Annie", "LogonGuid": "{7590a8e8-2479-6225-2b24-731900000000}", "LogonId": "0x000000001973242b", "TerminalSessionId": "8", "IntegrityLevel": "Low", "Hashes": "MD5=CEFF6949F934D465DB8F19B07E81AC78,SHA256=34D5F40785A62BB26B49976212CCE6673BF0CCA04F50038626C704236F497E13,IMPHASH=A806C273820A599A220B6B95DB94A6ED", "ParentProcessGuid": "{7590a8e8-5029-620b-0f00-000000003000}", "ParentProcessId": "1164", "ParentImage": "C:\\Windows\\System32\\svchost.exe", "ParentCommandLine": "C:\\Windows\\system32\\svchost.exe -k DcomLaunch -p", "ParentUser": "NT AUTHORITY\\SYSTEM"}}
{"Record": "89", "System": {"EventID": "1", "Version": "5", "Level": "4", "Task": "1", "Opcode": "0", "Keywords": "0x8000000000000000", "TimeCreated": {"SystemTime": "2022-03-09 21:29:59.382830"}, "EventRecordID": "587698", "Correlation": {"ActivityID": "", "RealatedActivityID": ""}, "Execution": {"ProcessID": "4832", "ThreadID": "6964"}, "Channel": "Microsoft-Windows-Sysmon/Operational", "Computer": "MSI", "Security": {"UserID": "S-1-5-18"}}, "Event Data": {"RuleName": "-", "UtcTime": "2022-03-09 21:29:59.368", "ProcessGuid": "{7590a8e8-1c57-6229-f566-000000003000}", "ProcessId": "31216", "Image": "C:\\Windows\\System32\\cmd.exe", "FileVersion": "10.0.19041.746 (WinBuild.160101.0800)", "Description": "Windows Command Processor", "Product": "Microsoft&#174; Windows&#174; Operating System", "Company": "Microsoft Corporation", "OriginalFileName": "Cmd.Exe", "CommandLine": "C:\\Windows\\system32\\cmd.exe /d /c \"C:\\Program Files (x86)\\TotalAV\\PasswordExtension.Win.exe\" chrome-extension://nhmijhgkfdhekaofhdkgdpmgidbijbnh/ --parent-window=0 &lt; \\\\.\\pipe\\chrome.nativeMessaging.in.a02fa34734c4f424 &gt; \\\\.\\pipe\\chrome.nativeMessaging.out.a02fa34734c4f424", "CurrentDirectory": "C:\\Program Files (x86)\\TotalAV\\", "User": "MSI\\Annie", "LogonGuid": "{7590a8e8-2479-6225-2b24-731900000000}", "LogonId": "0x000000001973242b", "TerminalSessionId": "8", "IntegrityLevel": "Medium", "Hashes": "MD5=8A2122E8162DBEF04694B9C3E0B6CDEE,SHA256=B99D61D874728EDC0918CA0EB10EAB93D381E7367E377406E65963366C874450,IMPHASH=272245E2988E1E430500B852C4FB5E18", "ParentProcessGuid": "{7590a8e8-1c54-6229-e466-000000003000}", "ParentProcessId": "30280", "ParentImage": "C:\\Program Files\\Google\\Chrome\\Application\\chrome.exe", "ParentCommandLine": "\"C:\\Program Files\\Google\\Chrome\\Application\\chrome.exe\" ", "ParentUser": "MSI\\Annie"}}
{"Record": "90", "System": {"EventID": "22", "Version": "5", "Level": "4", "Task": "22", "Opcode": "0", "Keywords": "0x8000000000000000", "TimeCreated": {"SystemTime": "2022-03-09 21:29:59.820292"}, "EventRecordID": "587699", "Correlation": {"ActivityID": "", "RealatedActivityID": ""}, "Execution": {"ProcessID": "4832", "ThreadID": "6988"}, "Channel": "Microsoft-Windows-Sysmon/Operational", "Computer": "MSI", "Security": {"UserID": "S-1-5-18"}}, "Event Data": {"RuleName": "-", "UtcTime": "2022-03-09 21:31:36.400", "ProcessGuid": "{7590a8e8-1c54-6229-e766-000000003000}", "ProcessId": "32748", "QueryName": "2022-03-09 21:31:36.400", "QueryStatus": "{7590a8e8-1c54-6229-e766-000000003000}", "QueryResults": "32748", "Image": "C:\\Program Files\\Google\\Chrome\\Application\\chrome.exe", "User": "MSI\\Annie"}}
{"Record": "91", "System": {"EventID": "1", "Version": "5", "Level": "4", "Task": "1", "Opcode": "0", "Keywords": "0x8000000000000000", "TimeCreated": {"SystemTime": "2022-03-09 21:29:59.855268"}, "EventRecordID": "587700", "Correlation": {"ActivityID": "", "RealatedActivityID": ""}, "Execution": {"ProcessID": "4832", "ThreadID": "6964"}, "Channel": "Microsoft-Windows-Sysmon/Operational", "Computer": "MSI", "Security": {"UserID": "S-1-5-18"}}, "Event Data": {"RuleName": "-", "UtcTime": "2022-03-09 21:29:59.841", "ProcessGuid": "{7590a8e8-1c57-6229-f766-000000003000}", "ProcessId": "18404", "Image": "C:\\Program Files (x86)\\TotalAV\\PasswordExtension.Win.exe", "FileVersion": "5.16.203.0", "Description": "TotalAV  Password Vault Browser Assistant", "Product": "TotalAV Ultimate Antivirus", "Company": "TotalAV", "OriginalFileName": "PasswordExtension.Win.exe", "CommandLine": "\"C:\\Program Files (x86)\\TotalAV\\PasswordExtension.Win.exe\"  chrome-extension://nhmijhgkfdhekaofhdkgdpmgidbijbnh/ --parent-window=0 ", "CurrentDirectory": "C:\\Program Files (x86)\\TotalAV\\", "User": "MSI\\Annie", "LogonGuid": "{7590a8e8-2479-6225-2b24-731900000000}", "LogonId": "0x000000001973242b", "TerminalSessionId": "8", "IntegrityLevel": "Medium", "Hashes": "MD5=E14937C4646335017476A7464E880424,SHA256=F8CF2439CCF3B51AE76785BCD3FD9E9FF52FB3CFAA608CCD1AE21DAD4C8561BD,IMPHASH=BF1462CE2CFA173883D7AC57D7AF7B93", "ParentProcessGuid": "{7590a8e8-1c57-6229-f566-000000003000}", "ParentProcessId": "31216", "ParentImage": "C:\\Windows\\System32\\cmd.exe", "ParentCommandLine": "C:\\Windows\\system32\\cmd.exe /d /c \"C:\\Program Files (x86)\\TotalAV\\PasswordExtension.Win.exe\" chrome-extension://nhmijhgkfdhekaofhdkgdpmgidbijbnh/ --parent-window=0 &lt; \\\\.\\pipe\\chrome.nativeMessaging.in.a02fa34734c4f424 &gt; \\\\.\\pipe\\chrome.nativeMessaging.out.a02fa34734c4f424", "ParentUser": "MSI\\Annie"}}
{"Record": "92", "System": {"EventID": "1", "Version": "5", "Level": "4", "Task": "1", "Opcode": "0", "Keywords": "0x8000000000000000", "TimeCreated": {"SystemTime": "2022-03-09 21:29:59.868931"}, "EventRecordID": "587701", "Correlation": {"ActivityID": "", "RealatedActivityID": ""}, "Execution": {"ProcessID": "4832", "ThreadID": "6964"}, "Channel": "Microsoft-Windows-Sysmon/Operational", "Computer": "MSI", "Security": {"UserID": "S-1-5-18"}}, "Event Data": {"RuleName": "-", "UtcTime": "2022-03-09 21:29:59.860", "ProcessGuid": "{7590a8e8-1c57-6229-f866-000000003000}", "ProcessId": "20368", "Image": "C:\\Windows\\System32\\cmd.exe", "FileVersion": "10.0.19041.746 (WinBuild.160101.0800)", "Description": "Windows Command Processor", "Product": "Microsoft&#174; Windows&#174; Operating System", "Company": "Microsoft Corporation", "OriginalFileName": "Cmd.Exe", "CommandLine": "C:\\Windows\\system32\\cmd.exe /c \"ver\"", "CurrentDirectory": "C:\\Users\\Annie\\Downloads\\viz-attackhost-master\\viz-attackhost-master\\", "User": "MSI\\Annie", "LogonGuid": "{7590a8e8-2479-6225-2b24-731900000000}", "LogonId": "0x000000001973242b", "TerminalSessionId": "8", "IntegrityLevel": "Medium", "Hashes": "MD5=8A2122E8162DBEF04694B9C3E0B6CDEE,SHA256=B99D61D874728EDC0918CA0EB10EAB93D381E7367E377406E65963366C874450,IMPHASH=272245E2988E1E430500B852C4FB5E18", "ParentProcessGuid": "{7590a8e8-1c55-6229-eb66-000000003000}", "ParentProcessId": "13004", "ParentImage": "C:\\Users\\Annie\\anaconda3\\python.exe", "ParentCommandLine": "C:\\Users\\Annie\\anaconda3\\python.exe C:\\Users\\Annie\\Downloads\\viz-attackhost-master\\viz-attackhost-master\\app.py", "ParentUser": "MSI\\Annie"}}
{"Record": "93", "System": {"EventID": "22", "Version": "5", "Level": "4", "Task": "22", "Opcode": "0", "Keywords": "0x8000000000000000", "TimeCreated": {"SystemTime": "2022-03-09 21:30:00.825712"}, "EventRecordID": "587702", "Correlation": {"ActivityID": "", "RealatedActivityID": ""}, "Execution": {"ProcessID": "4832", "ThreadID": "6988"}, "Channel": "Microsoft-Windows-Sysmon/Operational", "Computer": "MSI", "Security": {"UserID": "S-1-5-18"}}, "Event Data": {"RuleName": "-", "UtcTime": "2022-03-09 21:31:37.070", "ProcessGuid": "{7590a8e8-1c54-6229-e766-000000003000}", "ProcessId": "32748", "QueryName": "2022-03-09 21:31:37.070", "QueryStatus": "{7590a8e8-1c54-6229-e766-000000003000}", "QueryResults": "32748", "Image": "C:\\Program Files\\Google\\Chrome\\Application\\chrome.exe", "User": "MSI\\Annie"}}
{"Record": "94", "System": {"EventID": "22", "Version": "5", "Level": "4", "Task": "22", "Opcode": "0", "Keywords": "0x8000000000000000", "TimeCreated": {"SystemTime": "2022-03-09 21:30:00.826162"}, "EventRecordID": "587703", "Correlation": {"ActivityID": "", "RealatedActivityID": ""}, "Execution": {"ProcessID": "4832", "ThreadID": "6988"}, "Channel": "Microsoft-Windows-Sysmon/Operational", "Computer": "MSI", "Security": {"UserID": "S-1-5-18"}}, "Event Data": {"RuleName": "-", "UtcTime": "2022-03-09 21:31:37.928", "ProcessGuid": "{7590a8e8-1c54-6229-e766-000000003000}", "ProcessId": "32748", "QueryName": "2022-03-09 21:31:37.928", "QueryStatus": "{7590a8e8-1c54-6229-e766-000000003000}", "QueryResults": "32748", "Image": "C:\\Program Files\\Google\\Chrome\\Application\\chrome.exe", "User": "MSI\\Annie"}}
{"Record": "95", "System": {"EventID": "1", "Version": "5", "Level": "4", "Task": "1", "Opcode": "0", "Keywords": "0x8000000000000000", "TimeCreated": {"SystemTime": "2022-03-09 21:30:01.447844"}, "EventRecordID": "587704", "Correlation": {"ActivityID": "", "RealatedActivityID": ""}, "Execution": {"ProcessID": "4832", "ThreadID": "6964"}, "Channel": "Microsoft-Windows-Sysmon/Operational", "Computer": "MSI", "Security": {"UserID": "S-1-5-18"}}, "Event Data": {"RuleName": "-", "UtcTime": "2022-03-09 21:30:01.442", "ProcessGuid": "{7590a8e8-1c59-6229-fd66-000000003000}", "ProcessId": "18188", "Image": "C:\\Windows\\System32\\svchost.exe", "FileVersion": "10.0.19041.546 (WinBuild.160101.0800)", "Description": "Host Process for Windows Services", "Product": "Microsoft&#174; Windows&#174; Operating System", "Company": "Microsoft Corporation", "OriginalFileName": "svchost.exe", "CommandLine": "C:\\Windows\\system32\\svchost.exe -k netsvcs -p -s gpsvc", "CurrentDirectory": "C:\\Windows\\system32\\", "User": "NT AUTHORITY\\SYSTEM", "LogonGuid": "{7590a8e8-5028-620b-e703-000000000000}", "LogonId": "0x00000000000003e7", "TerminalSessionId": "0", "IntegrityLevel": "System", "Hashes": "MD5=F586835082F632DC8D9404D83BC16316,SHA256=643EC58E82E0272C97C2A59F6020970D881AF19C0AD5029DB9C958C13B6558C7,IMPHASH=F9BBD96FAE53B7A31264A703CAFA0666", "ParentProcessGuid": "{7590a8e8-5028-620b-0b00-000000003000}", "ParentProcessId": "1016", "ParentImage": "C:\\Windows\\System32\\services.exe", "ParentCommandLine": "C:\\Windows\\system32\\services.exe", "ParentUser": "NT AUTHORITY\\SYSTEM"}}
{"Record": "96", "System": {"EventID": "22", "Version": "5", "Level": "4", "Task": "22", "Opcode": "0", "Keywords": "0x8000000000000000", "TimeCreated": {"SystemTime": "2022-03-09 21:30:01.835510"}, "EventRecordID": "587705", "Correlation": {"ActivityID": "", "RealatedActivityID": ""}, "Execution": {"ProcessID": "4832", "ThreadID": "6988"}, "Channel": "Microsoft-Windows-Sysmon/Operational", "Computer": "MSI", "Security": {"UserID": "S-1-5-18"}}, "Event Data": {"RuleName": "-", "UtcTime": "2022-03-09 21:31:38.589", "ProcessGuid": "{7590a8e8-1c54-6229-e766-000000003000}", "ProcessId": "32748", "QueryName": "2022-03-09 21:31:38.589", "QueryStatus": "{7590a8e8-1c54-6229-e766-000000003000}", "QueryResults": "32748", "Image": "C:\\Program Files\\Google\\Chrome\\Application\\chrome.exe", "User": "MSI\\Annie"}}
{"Record": "97", "System": {"EventID": "22", "Version": "5", "Level": "4", "Task": "22", "Opcode": "0", "Keywords": "0x8000000000000000", "TimeCreated": {"SystemTime": "2022-03-09 21:30:02.849936"}, "EventRecordID": "587706", "Correlation": {"ActivityID": "", "RealatedActivityID": ""}, "Execution": {"ProcessID": "4832", "ThreadID": "6988"}, "Channel": "Microsoft-Windows-Sysmon/Operational", "Computer": "MSI", "Security": {"UserID": "S-1-5-18"}}, "Event Data": {"RuleName": "-", "UtcTime": "2022-03-09 21:31:38.804", "ProcessGuid": "{7590a8e8-1c54-6229-e766-000000003000}", "ProcessId": "32748", "QueryName": "2022-03-09 21:31:38.804", "QueryStatus": "{7590a8e8-1c54-6229-e766-000000003000}", "QueryResults": "32748", "Image": "C:\\Program Files\\Google\\Chrome\\Application\\chrome.exe", "User": "MSI\\Annie"}}
{"Record": "98", "System": {"EventID": "22", "Version": "5", "Level": "4", "Task": "22", "Opcode": "0", "Keywords": "0x8000000000000000", "TimeCreated": {"SystemTime": "2022-03-09 21:30:03.856743"}, "EventRecordID": "587707", "Correlation": {"ActivityID": "", "RealatedActivityID": ""}, "Execution": {"ProcessID": "4832", "ThreadID": "6988"}, "Channel": "Microsoft-Windows-Sysmon/Operational", "Computer": "MSI", "Security": {"UserID": "S-1-5-18"}}, "Event Data": {"RuleName": "-", "UtcTime": "2022-03-09 21:31:41.041", "ProcessGuid": "{7590a8e8-1c54-6229-e766-000000003000}", "ProcessId": "32748", "QueryName": "2022-03-09 21:31:41.041", "QueryStatus": "{7590a8e8-1c54-6229-e766-000000003000}", "QueryResults": "32748", "Image": "C:\\Program Files\\Google\\Chrome\\Application\\chrome.exe", "User": "MSI\\Annie"}}
{"Record": "99", "System": {"EventID": "22", "Version": "5", "Level": "4", "Task": "22", "Opcode": "0", "Keywords": "0x8000000000000000", "TimeCreated": {"SystemTime": "2022-03-09 21:30:04.861547"}, "EventRecordID": "587708", "Correlation": {"ActivityID": "", "RealatedActivityID": ""}, "Execution": {"ProcessID": "4832", "ThreadID": "6988"}, "Channel": "Microsoft-Windows-Sysmon/Operational", "Computer": "MSI", "Security": {"UserID": "S-1-5-18"}}, "Event Data": {"RuleName": "-", "UtcTime": "2022-03-09 21:31:41.044", "ProcessGuid": "{7590a8e8-1c54-6229-e766-000000003000}", "ProcessId": "32748", "QueryName": "2022-03-09 21:31:41.044", "QueryStatus": "{7590a8e8-1c54-6229-e766-000000003000}", "QueryResults": "32748", "Image": "C:\\Program Files\\Google\\Chrome\\Application\\chrome.exe", "User": "MSI\\Annie"}}
{"Record": "100", "System": {"EventID": "22", "Version": "5", "Level": "4", "Task": "22", "Opcode": "0", "Keywords": "0x8000000000000000", "TimeCreated": {"SystemTime": "2022-03-09 21:30:04.861790"}, "EventRecordID": "587709", "Correlation": {"ActivityID": "", "RealatedActivityID": ""}, "Execution": {"ProcessID": "4832", "ThreadID": "6988"}, "Channel": "Microsoft-Windows-Sysmon/Operational", "Computer": "MSI", "Security": {"UserID": "S-1-5-18"}}, "Event Data": {"RuleName": "-", "UtcTime": "2022-03-09 21:31:41.047", "ProcessGuid": "{7590a8e8-1c54-6229-e766-000000003000}", "ProcessId": "32748", "QueryName": "2022-03-09 21:31:41.047", "QueryStatus": "{7590a8e8-1c54-6229-e766-000000003000}", "QueryResults": "32748", "Image": "C:\\Program Files\\Google\\Chrome\\Application\\chrome.exe", "User": "MSI\\Annie"}}
{"Record": "101", "System": {"EventID": "22", "Version": "5", "Level": "4", "Task": "22", "Opcode": "0", "Keywords": "0x8000000000000000", "TimeCreated": {"SystemTime": "2022-03-09 21:30:04.862000"}, "EventRecordID": "587710", "Correlation": {"ActivityID": "", "RealatedActivityID": ""}, "Execution": {"ProcessID": "4832", "ThreadID": "6988"}, "Channel": "Microsoft-Windows-Sysmon/Operational", "Computer": "MSI", "Security": {"UserID": "S-1-5-18"}}, "Event Data": {"RuleName": "-", "UtcTime": "2022-03-09 21:31:41.904", "ProcessGuid": "{7590a8e8-1c54-6229-e766-000000003000}", "ProcessId": "32748", "QueryName": "2022-03-09 21:31:41.904", "QueryStatus": "{7590a8e8-1c54-6229-e766-000000003000}", "QueryResults": "32748", "Image": "C:\\Program Files\\Google\\Chrome\\Application\\chrome.exe", "User": "MSI\\Annie"}}
{"Record": "102", "System": {"EventID": "22", "Version": "5", "Level": "4", "Task": "22", "Opcode": "0", "Keywords": "0x8000000000000000", "TimeCreated": {"SystemTime": "2022-03-09 21:30:06.879436"}, "EventRecordID": "587711", "Correlation": {"ActivityID": "", "RealatedActivityID": ""}, "Execution": {"ProcessID": "4832", "ThreadID": "6988"}, "Channel": "Microsoft-Windows-Sysmon/Operational", "Computer": "MSI", "Security": {"UserID": "S-1-5-18"}}, "Event Data": {"RuleName": "-", "UtcTime": "2022-03-09 21:31:42.883", "ProcessGuid": "{7590a8e8-1c27-6229-a266-000000003000}", "ProcessId": "30844", "QueryName": "2022-03-09 21:31:42.883", "QueryStatus": "{7590a8e8-1c27-6229-a266-000000003000}", "QueryResults": "30844", "Image": "C:\\Program Files\\Microsoft Visual Studio\\2022\\Community\\Common7\\IDE\\devenv.exe", "User": "MSI\\Annie"}}
{"Record": "103", "System": {"EventID": "22", "Version": "5", "Level": "4", "Task": "22", "Opcode": "0", "Keywords": "0x8000000000000000", "TimeCreated": {"SystemTime": "2022-03-09 21:30:06.881212"}, "EventRecordID": "587712", "Correlation": {"ActivityID": "", "RealatedActivityID": ""}, "Execution": {"ProcessID": "4832", "ThreadID": "6988"}, "Channel": "Microsoft-Windows-Sysmon/Operational", "Computer": "MSI", "Security": {"UserID": "S-1-5-18"}}, "Event Data": {"RuleName": "-", "UtcTime": "2022-03-09 21:31:44.058", "ProcessGuid": "{7590a8e8-1c54-6229-e766-000000003000}", "ProcessId": "32748", "QueryName": "2022-03-09 21:31:44.058", "QueryStatus": "{7590a8e8-1c54-6229-e766-000000003000}", "QueryResults": "32748", "Image": "C:\\Program Files\\Google\\Chrome\\Application\\chrome.exe", "User": "MSI\\Annie"}}
{"Record": "104", "System": {"EventID": "22", "Version": "5", "Level": "4", "Task": "22", "Opcode": "0", "Keywords": "0x8000000000000000", "TimeCreated": {"SystemTime": "2022-03-09 21:30:07.879768"}, "EventRecordID": "587713", "Correlation": {"ActivityID": "", "RealatedActivityID": ""}, "Execution": {"ProcessID": "4832", "ThreadID": "6988"}, "Channel": "Microsoft-Windows-Sysmon/Operational", "Computer": "MSI", "Security": {"UserID": "S-1-5-18"}}, "Event Data": {"RuleName": "-", "UtcTime": "2022-03-09 21:31:44.110", "ProcessGuid": "{7590a8e8-1c54-6229-e766-000000003000}", "ProcessId": "32748", "QueryName": "2022-03-09 21:31:44.110", "QueryStatus": "{7590a8e8-1c54-6229-e766-000000003000}", "QueryResults": "32748", "Image": "C:\\Program Files\\Google\\Chrome\\Application\\chrome.exe", "User": "MSI\\Annie"}}
{"Record": "105", "System": {"EventID": "22", "Version": "5", "Level": "4", "Task": "22", "Opcode": "0", "Keywords": "0x8000000000000000", "TimeCreated": {"SystemTime": "2022-03-09 21:30:12.049292"}, "EventRecordID": "587714", "Correlation": {"ActivityID": "", "RealatedActivityID": ""}, "Execution": {"ProcessID": "4832", "ThreadID": "6988"}, "Channel": "Microsoft-Windows-Sysmon/Operational", "Computer": "MSI", "Security": {"UserID": "S-1-5-18"}}, "Event Data": {"RuleName": "-", "UtcTime": "2022-03-09 21:31:48.788", "ProcessGuid": "{7590a8e8-1c30-6229-b666-000000003000}", "ProcessId": "13544", "QueryName": "2022-03-09 21:31:48.788", "QueryStatus": "{7590a8e8-1c30-6229-b666-000000003000}", "QueryResults": "13544", "Image": "C:\\Program Files\\Microsoft Visual Studio\\2022\\Community\\Common7\\ServiceHub\\Hosts\\ServiceHub.Host.CLR.x86\\ServiceHub.IdentityHost.exe", "User": "MSI\\Annie"}}
{"Record": "106", "System": {"EventID": "22", "Version": "5", "Level": "4", "Task": "22", "Opcode": "0", "Keywords": "0x8000000000000000", "TimeCreated": {"SystemTime": "2022-03-09 21:30:14.069769"}, "EventRecordID": "587715", "Correlation": {"ActivityID": "", "RealatedActivityID": ""}, "Execution": {"ProcessID": "4832", "ThreadID": "6988"}, "Channel": "Microsoft-Windows-Sysmon/Operational", "Computer": "MSI", "Security": {"UserID": "S-1-5-18"}}, "Event Data": {"RuleName": "-", "UtcTime": "2022-03-09 21:31:49.985", "ProcessGuid": "{7590a8e8-1c33-6229-b766-000000003000}", "ProcessId": "24984", "QueryName": "2022-03-09 21:31:49.985", "QueryStatus": "{7590a8e8-1c33-6229-b766-000000003000}", "QueryResults": "24984", "Image": "C:\\Program Files\\Microsoft Visual Studio\\2022\\Community\\Common7\\ServiceHub\\Hosts\\ServiceHub.Host.CLR.x86\\ServiceHub.SettingsHost.exe", "User": "MSI\\Annie"}}
