{"Record": "1", "System": {"EventID": "1", "Version": "5", "Level": "4", "Task": "1", "Opcode": "0", "Keywords": "0x8000000000000000", "TimeCreated": {"SystemTime": "2022-03-09 21:29:11.954214"}, "EventRecordID": "587610", "Correlation": {"ActivityID": "", "RealatedActivityID": ""}, "Execution": {"ProcessID": "4832", "ThreadID": "6964"}, "Channel": "Microsoft-Windows-Sysmon/Operational", "Computer": "MSI", "Security": {"UserID": "S-1-5-18"}}, "Event Data": {"RuleName": "-", "UtcTime": "2022-03-09 21:29:11.949", "ProcessGuid": "{7590a8e8-1c27-6229-a266-000000003000}", "ProcessId": "30844", "Image": "C:\\Program Files\\Microsoft Visual Studio\\2022\\Community\\Common7\\IDE\\devenv.exe", "FileVersion": "17.0.32014.148 built by: D17.0", "Description": "Microsoft Visual Studio 2022", "Product": "Microsoft&#174; Visual Studio&#174;", "Company": "Microsoft Corporation", "OriginalFileName": "devenv.exe", "CommandLine": "\"C:\\Program Files\\Microsoft Visual Studio\\2022\\Community\\Common7\\IDE\\devenv.exe\" ", "CurrentDirectory": "C:\\Program Files\\Microsoft Visual Studio\\2022\\Community\\Common7\\IDE\\", "User": "MSI\\Annie", "LogonGuid": "{7590a8e8-2479-6225-2b24-731900000000}", "LogonId": "0x000000001973242b", "TerminalSessionId": "8", "IntegrityLevel": "Medium", "Hashes": "MD5=9AD14BA1415D07D464AF3578377813C8,SHA256=659F5C8B48F06C10F57C4D9776DCB2F4F091DE92CC2B95CC25EE9550DF592BE4,IMPHASH=EAD1C1DBB3E8AA8B57758268B4D81026", "ParentProcessGuid": "{7590a8e8-247c-6225-e759-000000003000}", "ParentProcessId": "9588", "ParentImage": "C:\\Windows\\explorer.exe", "ParentCommandLine": "C:\\Windows\\Explorer.EXE", "ParentUser": "MSI\\Annie"}}
{"Record": "2", "System": {"EventID": "1", "Version": "5", "Level": "4", "Task": "1", "Opcode": "0", "Keywords": "0x8000000000000000", "TimeCreated": {"SystemTime": "2022-03-09 21:29:15.492826"}, "EventRecordID": "587611", "Correlation": {"ActivityID": "", "RealatedActivityID": ""}, "Execution": {"ProcessID": "4832", "ThreadID": "6964"}, "Channel": "Microsoft-Windows-Sysmon/Operational", "Computer": "MSI", "Security": {"UserID": "S-1-5-18"}}, "Event Data": {"RuleName": "-", "UtcTime": "2022-03-09 21:29:15.489", "ProcessGuid": "{7590a8e8-1c2b-6229-a366-000000003000}", "ProcessId": "1824", "Image": "C:\\Program Files\\Microsoft Visual Studio\\2022\\Community\\Common7\\IDE\\PerfWatson2.exe", "FileVersion": "17.0.31902.417", "Description": "PerfWatson2.exe", "Product": "Microsoft&#174; Visual Studio&#174;", "Company": "Microsoft Corporation", "OriginalFileName": "PerfWatson2.exe", "CommandLine": "\"C:\\Program Files\\Microsoft Visual Studio\\2022\\Community\\Common7\\IDE\\PerfWatson2.exe\" -p 30844 -version 16 -role 3 {%%22IsOptedIn%%22:true,%%22HostName%%22:%%22Dev14%%22,%%22AppInsightsInstrumentationKey%%22:%%22f144292e-e3b2-4011-ac90-20e5c03fbce5%%22,%%22AsimovInstrumentationKey%%22:%%22AIF-312cbd79-9dbb-4c48-a7da-3cc2a931cb70%%22,%%22AppId%%22:1001,%%22UserId%%22:%%22fcf3f409-9c6e-42b0-b9d5-7fbf4a8aaab8%%22,%%22Id%%22:%%229fc4357d-1679-462a-b115-3e87cce5b9fe%%22,%%22ProcessStartTime%%22:637824581519499517}", "CurrentDirectory": "C:\\Program Files\\Microsoft Visual Studio\\2022\\Community\\Common7\\IDE\\", "User": "MSI\\Annie", "LogonGuid": "{7590a8e8-2479-6225-2b24-731900000000}", "LogonId": "0x000000001973242b", "TerminalSessionId": "8", "IntegrityLevel": "Medium", "Hashes": "MD5=66C0AF7E88C88DF8CC5F9B264A810332,SHA256=8B8AD1E42B717D8CC1EAD69F4EAAF963A586FE9A22750DCAD6A49DBC41B198F6,IMPHASH=00000000000000000000000000000000", "ParentProcessGuid": "{7590a8e8-1c27-6229-a266-000000003000}", "ParentProcessId": "30844", "ParentImage": "C:\\Program Files\\Microsoft Visual Studio\\2022\\Community\\Common7\\IDE\\devenv.exe", "ParentCommandLine": "\"C:\\Program Files\\Microsoft Visual Studio\\2022\\Community\\Common7\\IDE\\devenv.exe\" ", "ParentUser": "MSI\\Annie"}}
{"Record": "3", "System": {"EventID": "1", "Version": "5", "Level": "4", "Task": "1", "Opcode": "0", "Keywords": "0x8000000000000000", "TimeCreated": {"SystemTime": "2022-03-09 21:29:15.736202"}, "EventRecordID": "587612", "Correlation": {"ActivityID": "", "RealatedActivityID": ""}, "Execution": {"ProcessID": "4832", "ThreadID": "6964"}, "Channel": "Microsoft-Windows-Sysmon/Operational", "Computer": "MSI", "Security": {"UserID": "S-1-5-18"}}, "Event Data": {"RuleName": "-", "UtcTime": "2022-03-09 21:29:15.730", "ProcessGuid": "{7590a8e8-1c2b-6229-a466-000000003000}", "ProcessId": "27280", "Image": "C:\\Program Files\\Microsoft Visual Studio\\2022\\Community\\Common7\\IDE\\CommonExtensions\\Microsoft\\TeamFoundation\\Team Explorer\\Git\\mingw32\\bin\\git.exe", "FileVersion": "-", "Description": "Git for Windows", "Product": "Git", "Company": "The Git Development Community", "OriginalFileName": "git.exe", "CommandLine": "\"c:/program files/microsoft visual studio/2022/community/common7/ide/commonextensions/microsoft/teamfoundation/team explorer/Git/mingw32/bin/git.exe\"  -c \"gc.auto=0\" -c \"credential.helper=manager\" -c \"core.askpass=askpass\" --no-pager remote --verbose", "CurrentDirectory": "C:\\Users\\Annie\\OneDrive\\hostdefender\\AHost\\", "User": "MSI\\Annie", "LogonGuid": "{7590a8e8-2479-6225-2b24-731900000000}", "LogonId": "0x000000001973242b", "TerminalSessionId": "8", "IntegrityLevel": "Medium", "Hashes": "MD5=C9D7FA5D48DE4F3B9615595C336F6BDB,SHA256=FBFF07DAC3F37D9CC8BF321564DB884DDB660BCA6A7EBE1009DAE2BFB2C91838,IMPHASH=345C735B9BE53EAC91514F1A02BB2408", "ParentProcessGuid": "{7590a8e8-1c27-6229-a266-000000003000}", "ParentProcessId": "30844", "ParentImage": "C:\\Program Files\\Microsoft Visual Studio\\2022\\Community\\Common7\\IDE\\devenv.exe", "ParentCommandLine": "\"C:\\Program Files\\Microsoft Visual Studio\\2022\\Community\\Common7\\IDE\\devenv.exe\" ", "ParentUser": "MSI\\Annie"}}
{"Record": "4", "System": {"EventID": "1", "Version": "5", "Level": "4", "Task": "1", "Opcode": "0", "Keywords": "0x8000000000000000", "TimeCreated": {"SystemTime": "2022-03-09 21:29:15.908266"}, "EventRecordID": "587613", "Correlation": {"ActivityID": "", "RealatedActivityID": ""}, "Execution": {"ProcessID": "4832", "ThreadID": "6964"}, "Channel": "Microsoft-Windows-Sysmon/Operational", "Computer": "MSI", "Security": {"UserID": "S-1-5-18"}}, "Event Data": {"RuleName": "-", "UtcTime": "2022-03-09 21:29:15.904", "ProcessGuid": "{7590a8e8-1c2b-6229-a666-000000003000}", "ProcessId": "18436", "Image": "C:\\Program Files\\Microsoft Visual Studio\\2022\\Community\\Common7\\IDE\\CommonExtensions\\Microsoft\\TeamFoundation\\Team Explorer\\Git\\mingw32\\bin\\git.exe", "FileVersion": "-", "Description": "Git for Windows", "Product": "Git", "Company": "The Git Development Community", "OriginalFileName": "git.exe", "CommandLine": "\"c:/program files/microsoft visual studio/2022/community/common7/ide/commonextensions/microsoft/teamfoundation/team explorer/Git/mingw32/bin/git.exe\"  -c \"gc.auto=0\" -c \"credential.helper=manager\" -c \"core.askpass=askpass\" --no-pager remote --verbose", "CurrentDirectory": "C:\\Users\\Annie\\Source\\Repos\\alilje\\AHost\\", "User": "MSI\\Annie", "LogonGuid": "{7590a8e8-2479-6225-2b24-731900000000}", "LogonId": "0x000000001973242b", "TerminalSessionId": "8", "IntegrityLevel": "Medium", "Hashes": "MD5=C9D7FA5D48DE4F3B9615595C336F6BDB,SHA256=FBFF07DAC3F37D9CC8BF321564DB884DDB660BCA6A7EBE1009DAE2BFB2C91838,IMPHASH=345C735B9BE53EAC91514F1A02BB2408", "ParentProcessGuid": "{7590a8e8-1c27-6229-a266-000000003000}", "ParentProcessId": "30844", "ParentImage": "C:\\Program Files\\Microsoft Visual Studio\\2022\\Community\\Common7\\IDE\\devenv.exe", "ParentCommandLine": "\"C:\\Program Files\\Microsoft Visual Studio\\2022\\Community\\Common7\\IDE\\devenv.exe\" ", "ParentUser": "MSI\\Annie"}}
{"Record": "5", "System": {"EventID": "1", "Version": "5", "Level": "4", "Task": "1", "Opcode": "0", "Keywords": "0x8000000000000000", "TimeCreated": {"SystemTime": "2022-03-09 21:29:16.044985"}, "EventRecordID": "587614", "Correlation": {"ActivityID": "", "RealatedActivityID": ""}, "Execution": {"ProcessID": "4832", "ThreadID": "6964"}, "Channel": "Microsoft-Windows-Sysmon/Operational", "Computer": "MSI", "Security": {"UserID": "S-1-5-18"}}, "Event Data": {"RuleName": "-", "UtcTime": "2022-03-09 21:29:16.041", "ProcessGuid": "{7590a8e8-1c2c-6229-a866-000000003000}", "ProcessId": "23748", "Image": "C:\\Program Files\\Microsoft Visual Studio\\2022\\Community\\Common7\\IDE\\CommonExtensions\\Microsoft\\TeamFoundation\\Team Explorer\\Git\\mingw32\\bin\\git.exe", "FileVersion": "-", "Description": "Git for Windows", "Product": "Git", "Company": "The Git Development Community", "OriginalFileName": "git.exe", "CommandLine": "\"c:/program files/microsoft visual studio/2022/community/common7/ide/commonextensions/microsoft/teamfoundation/team explorer/Git/mingw32/bin/git.exe\"  -c \"gc.auto=0\" -c \"credential.helper=manager\" -c \"core.askpass=askpass\" --no-pager remote --verbose", "CurrentDirectory": "C:\\Users\\Annie\\Source\\Repos\\alilje\\VisualAtomicHost\\", "User": "MSI\\Annie", "LogonGuid": "{7590a8e8-2479-6225-2b24-731900000000}", "LogonId": "0x000000001973242b", "TerminalSessionId": "8", "IntegrityLevel": "Medium", "Hashes": "MD5=C9D7FA5D48DE4F3B9615595C336F6BDB,SHA256=FBFF07DAC3F37D9CC8BF321564DB884DDB660BCA6A7EBE1009DAE2BFB2C91838,IMPHASH=345C735B9BE53EAC91514F1A02BB2408", "ParentProcessGuid": "{7590a8e8-1c27-6229-a266-000000003000}", "ParentProcessId": "30844", "ParentImage": "C:\\Program Files\\Microsoft Visual Studio\\2022\\Community\\Common7\\IDE\\devenv.exe", "ParentCommandLine": "\"C:\\Program Files\\Microsoft Visual Studio\\2022\\Community\\Common7\\IDE\\devenv.exe\" ", "ParentUser": "MSI\\Annie"}}
{"Record": "6", "System": {"EventID": "1", "Version": "5", "Level": "4", "Task": "1", "Opcode": "0", "Keywords": "0x8000000000000000", "TimeCreated": {"SystemTime": "2022-03-09 21:29:16.183922"}, "EventRecordID": "587615", "Correlation": {"ActivityID": "", "RealatedActivityID": ""}, "Execution": {"ProcessID": "4832", "ThreadID": "6964"}, "Channel": "Microsoft-Windows-Sysmon/Operational", "Computer": "MSI", "Security": {"UserID": "S-1-5-18"}}, "Event Data": {"RuleName": "-", "UtcTime": "2022-03-09 21:29:16.180", "ProcessGuid": "{7590a8e8-1c2c-6229-aa66-000000003000}", "ProcessId": "9328", "Image": "C:\\Program Files\\Microsoft Visual Studio\\2022\\Community\\Common7\\IDE\\CommonExtensions\\Microsoft\\TeamFoundation\\Team Explorer\\Git\\mingw32\\bin\\git.exe", "FileVersion": "-", "Description": "Git for Windows", "Product": "Git", "Company": "The Git Development Community", "OriginalFileName": "git.exe", "CommandLine": "\"c:/program files/microsoft visual studio/2022/community/common7/ide/commonextensions/microsoft/teamfoundation/team explorer/Git/mingw32/bin/git.exe\"  -c \"gc.auto=0\" -c \"credential.helper=manager\" -c \"core.askpass=askpass\" --no-pager remote --verbose", "CurrentDirectory": "C:\\Users\\Annie\\Source\\Repos\\alilje\\Invoke-UserSimulator\\", "User": "MSI\\Annie", "LogonGuid": "{7590a8e8-2479-6225-2b24-731900000000}", "LogonId": "0x000000001973242b", "TerminalSessionId": "8", "IntegrityLevel": "Medium", "Hashes": "MD5=C9D7FA5D48DE4F3B9615595C336F6BDB,SHA256=FBFF07DAC3F37D9CC8BF321564DB884DDB660BCA6A7EBE1009DAE2BFB2C91838,IMPHASH=345C735B9BE53EAC91514F1A02BB2408", "ParentProcessGuid": "{7590a8e8-1c27-6229-a266-000000003000}", "ParentProcessId": "30844", "ParentImage": "C:\\Program Files\\Microsoft Visual Studio\\2022\\Community\\Common7\\IDE\\devenv.exe", "ParentCommandLine": "\"C:\\Program Files\\Microsoft Visual Studio\\2022\\Community\\Common7\\IDE\\devenv.exe\" ", "ParentUser": "MSI\\Annie"}}
{"Record": "7", "System": {"EventID": "1", "Version": "5", "Level": "4", "Task": "1", "Opcode": "0", "Keywords": "0x8000000000000000", "TimeCreated": {"SystemTime": "2022-03-09 21:29:16.326880"}, "EventRecordID": "587616", "Correlation": {"ActivityID": "", "RealatedActivityID": ""}, "Execution": {"ProcessID": "4832", "ThreadID": "6964"}, "Channel": "Microsoft-Windows-Sysmon/Operational", "Computer": "MSI", "Security": {"UserID": "S-1-5-18"}}, "Event Data": {"RuleName": "-", "UtcTime": "2022-03-09 21:29:16.321", "ProcessGuid": "{7590a8e8-1c2c-6229-ac66-000000003000}", "ProcessId": "30004", "Image": "C:\\Program Files\\Microsoft Visual Studio\\2022\\Community\\Common7\\IDE\\CommonExtensions\\Microsoft\\TeamFoundation\\Team Explorer\\Git\\mingw32\\bin\\git.exe", "FileVersion": "-", "Description": "Git for Windows", "Product": "Git", "Company": "The Git Development Community", "OriginalFileName": "git.exe", "CommandLine": "\"c:/program files/microsoft visual studio/2022/community/common7/ide/commonextensions/microsoft/teamfoundation/team explorer/Git/mingw32/bin/git.exe\"  -c \"gc.auto=0\" -c \"credential.helper=manager\" -c \"core.askpass=askpass\" --no-pager remote --verbose", "CurrentDirectory": "C:\\Users\\Annie\\PycharmProjects\\AtomicFlask\\", "User": "MSI\\Annie", "LogonGuid": "{7590a8e8-2479-6225-2b24-731900000000}", "LogonId": "0x000000001973242b", "TerminalSessionId": "8", "IntegrityLevel": "Medium", "Hashes": "MD5=C9D7FA5D48DE4F3B9615595C336F6BDB,SHA256=FBFF07DAC3F37D9CC8BF321564DB884DDB660BCA6A7EBE1009DAE2BFB2C91838,IMPHASH=345C735B9BE53EAC91514F1A02BB2408", "ParentProcessGuid": "{7590a8e8-1c27-6229-a266-000000003000}", "ParentProcessId": "30844", "ParentImage": "C:\\Program Files\\Microsoft Visual Studio\\2022\\Community\\Common7\\IDE\\devenv.exe", "ParentCommandLine": "\"C:\\Program Files\\Microsoft Visual Studio\\2022\\Community\\Common7\\IDE\\devenv.exe\" ", "ParentUser": "MSI\\Annie"}}
{"Record": "8", "System": {"EventID": "1", "Version": "5", "Level": "4", "Task": "1", "Opcode": "0", "Keywords": "0x8000000000000000", "TimeCreated": {"SystemTime": "2022-03-09 21:29:16.462727"}, "EventRecordID": "587617", "Correlation": {"ActivityID": "", "RealatedActivityID": ""}, "Execution": {"ProcessID": "4832", "ThreadID": "6964"}, "Channel": "Microsoft-Windows-Sysmon/Operational", "Computer": "MSI", "Security": {"UserID": "S-1-5-18"}}, "Event Data": {"RuleName": "-", "UtcTime": "2022-03-09 21:29:16.458", "ProcessGuid": "{7590a8e8-1c2c-6229-ae66-000000003000}", "ProcessId": "20084", "Image": "C:\\Program Files\\Microsoft Visual Studio\\2022\\Community\\Common7\\IDE\\CommonExtensions\\Microsoft\\TeamFoundation\\Team Explorer\\Git\\mingw32\\bin\\git.exe", "FileVersion": "-", "Description": "Git for Windows", "Product": "Git", "Company": "The Git Development Community", "OriginalFileName": "git.exe", "CommandLine": "\"c:/program files/microsoft visual studio/2022/community/common7/ide/commonextensions/microsoft/teamfoundation/team explorer/Git/mingw32/bin/git.exe\"  -c \"gc.auto=0\" -c \"credential.helper=manager\" -c \"core.askpass=askpass\" --no-pager remote --verbose", "CurrentDirectory": "C:\\Users\\Annie\\OneDrive\\AHost\\AHost\\", "User": "MSI\\Annie", "LogonGuid": "{7590a8e8-2479-6225-2b24-731900000000}", "LogonId": "0x000000001973242b", "TerminalSessionId": "8", "IntegrityLevel": "Medium", "Hashes": "MD5=C9D7FA5D48DE4F3B9615595C336F6BDB,SHA256=FBFF07DAC3F37D9CC8BF321564DB884DDB660BCA6A7EBE1009DAE2BFB2C91838,IMPHASH=345C735B9BE53EAC91514F1A02BB2408", "ParentProcessGuid": "{7590a8e8-1c27-6229-a266-000000003000}", "ParentProcessId": "30844", "ParentImage": "C:\\Program Files\\Microsoft Visual Studio\\2022\\Community\\Common7\\IDE\\devenv.exe", "ParentCommandLine": "\"C:\\Program Files\\Microsoft Visual Studio\\2022\\Community\\Common7\\IDE\\devenv.exe\" ", "ParentUser": "MSI\\Annie"}}
{"Record": "9", "System": {"EventID": "1", "Version": "5", "Level": "4", "Task": "1", "Opcode": "0", "Keywords": "0x8000000000000000", "TimeCreated": {"SystemTime": "2022-03-09 21:29:16.604170"}, "EventRecordID": "587618", "Correlation": {"ActivityID": "", "RealatedActivityID": ""}, "Execution": {"ProcessID": "4832", "ThreadID": "6964"}, "Channel": "Microsoft-Windows-Sysmon/Operational", "Computer": "MSI", "Security": {"UserID": "S-1-5-18"}}, "Event Data": {"RuleName": "-", "UtcTime": "2022-03-09 21:29:16.599", "ProcessGuid": "{7590a8e8-1c2c-6229-b066-000000003000}", "ProcessId": "6520", "Image": "C:\\Program Files\\Microsoft Visual Studio\\2022\\Community\\Common7\\IDE\\CommonExtensions\\Microsoft\\TeamFoundation\\Team Explorer\\Git\\mingw32\\bin\\git.exe", "FileVersion": "-", "Description": "Git for Windows", "Product": "Git", "Company": "The Git Development Community", "OriginalFileName": "git.exe", "CommandLine": "\"c:/program files/microsoft visual studio/2022/community/common7/ide/commonextensions/microsoft/teamfoundation/team explorer/Git/mingw32/bin/git.exe\"  -c \"gc.auto=0\" -c \"credential.helper=manager\" -c \"core.askpass=askpass\" --no-pager remote --verbose", "CurrentDirectory": "C:\\Users\\Annie\\source\\repos\\FlaskWebProject4\\", "User": "MSI\\Annie", "LogonGuid": "{7590a8e8-2479-6225-2b24-731900000000}", "LogonId": "0x000000001973242b", "TerminalSessionId": "8", "IntegrityLevel": "Medium", "Hashes": "MD5=C9D7FA5D48DE4F3B9615595C336F6BDB,SHA256=FBFF07DAC3F37D9CC8BF321564DB884DDB660BCA6A7EBE1009DAE2BFB2C91838,IMPHASH=345C735B9BE53EAC91514F1A02BB2408", "ParentProcessGuid": "{7590a8e8-1c27-6229-a266-000000003000}", "ParentProcessId": "30844", "ParentImage": "C:\\Program Files\\Microsoft Visual Studio\\2022\\Community\\Common7\\IDE\\devenv.exe", "ParentCommandLine": "\"C:\\Program Files\\Microsoft Visual Studio\\2022\\Community\\Common7\\IDE\\devenv.exe\" ", "ParentUser": "MSI\\Annie"}}
{"Record": "10", "System": {"EventID": "1", "Version": "5", "Level": "4", "Task": "1", "Opcode": "0", "Keywords": "0x8000000000000000", "TimeCreated": {"SystemTime": "2022-03-09 21:29:16.755903"}, "EventRecordID": "587619", "Correlation": {"ActivityID": "", "RealatedActivityID": ""}, "Execution": {"ProcessID": "4832", "ThreadID": "6964"}, "Channel": "Microsoft-Windows-Sysmon/Operational", "Computer": "MSI", "Security": {"UserID": "S-1-5-18"}}, "Event Data": {"RuleName": "-", "UtcTime": "2022-03-09 21:29:16.751", "ProcessGuid": "{7590a8e8-1c2c-6229-b266-000000003000}", "ProcessId": "3372", "Image": "C:\\Program Files\\Microsoft Visual Studio\\2022\\Community\\Common7\\IDE\\CommonExtensions\\Microsoft\\TeamFoundation\\Team Explorer\\Git\\mingw32\\bin\\git.exe", "FileVersion": "-", "Description": "Git for Windows", "Product": "Git", "Company": "The Git Development Community", "OriginalFileName": "git.exe", "CommandLine": "\"c:/program files/microsoft visual studio/2022/community/common7/ide/commonextensions/microsoft/teamfoundation/team explorer/Git/mingw32/bin/git.exe\"  -c \"gc.auto=0\" -c \"credential.helper=manager\" -c \"core.askpass=askpass\" --no-pager remote --verbose", "CurrentDirectory": "C:\\Users\\Annie\\Source\\Repos\\alilje\\AtomicFlask\\", "User": "MSI\\Annie", "LogonGuid": "{7590a8e8-2479-6225-2b24-731900000000}", "LogonId": "0x000000001973242b", "TerminalSessionId": "8", "IntegrityLevel": "Medium", "Hashes": "MD5=C9D7FA5D48DE4F3B9615595C336F6BDB,SHA256=FBFF07DAC3F37D9CC8BF321564DB884DDB660BCA6A7EBE1009DAE2BFB2C91838,IMPHASH=345C735B9BE53EAC91514F1A02BB2408", "ParentProcessGuid": "{7590a8e8-1c27-6229-a266-000000003000}", "ParentProcessId": "30844", "ParentImage": "C:\\Program Files\\Microsoft Visual Studio\\2022\\Community\\Common7\\IDE\\devenv.exe", "ParentCommandLine": "\"C:\\Program Files\\Microsoft Visual Studio\\2022\\Community\\Common7\\IDE\\devenv.exe\" ", "ParentUser": "MSI\\Annie"}}
{"Record": "11", "System": {"EventID": "1", "Version": "5", "Level": "4", "Task": "1", "Opcode": "0", "Keywords": "0x8000000000000000", "TimeCreated": {"SystemTime": "2022-03-09 21:29:18.228504"}, "EventRecordID": "587620", "Correlation": {"ActivityID": "", "RealatedActivityID": ""}, "Execution": {"ProcessID": "4832", "ThreadID": "6964"}, "Channel": "Microsoft-Windows-Sysmon/Operational", "Computer": "MSI", "Security": {"UserID": "S-1-5-18"}}, "Event Data": {"RuleName": "-", "UtcTime": "2022-03-09 21:29:18.223", "ProcessGuid": "{7590a8e8-1c2e-6229-b466-000000003000}", "ProcessId": "7876", "Image": "C:\\Program Files\\Microsoft Visual Studio\\2022\\Community\\Common7\\ServiceHub\\controller\\Microsoft.ServiceHub.Controller.exe", "FileVersion": "3.0.3078.44572", "Description": "Microsoft.ServiceHub.Controller", "Product": "Microsoft.ServiceHub.Controller", "Company": "Microsoft", "OriginalFileName": "Microsoft.ServiceHub.Controller.exe", "CommandLine": "\"C:\\Program Files\\Microsoft Visual Studio\\2022\\Community\\Common7\\ServiceHub\\controller\\Microsoft.ServiceHub.Controller.exe\" \"44fd9a0aa13eab66c6cd17f58abdac3c454e76ddd78793dd80b3b45e6d1f0e3d//\\\\devenv.exe.config\"  /TelemetrySession:{\"\"\"IsOptedIn\"\"\":true,\"\"\"HostName\"\"\":\"\"\"Dev14\"\"\",\"\"\"AppInsightsInstrumentationKey\"\"\":\"\"\"f144292e-e3b2-4011-ac90-20e5c03fbce5\"\"\",\"\"\"AsimovInstrumentationKey\"\"\":\"\"\"AIF-312cbd79-9dbb-4c48-a7da-3cc2a931cb70\"\"\",\"\"\"AppId\"\"\":1001,\"\"\"UserId\"\"\":\"\"\"fcf3f409-9c6e-42b0-b9d5-7fbf4a8aaab8\"\"\",\"\"\"Id\"\"\":\"\"\"9fc4357d-1679-462a-b115-3e87cce5b9fe\"\"\",\"\"\"ProcessStartTime\"\"\":637824581519499517}", "CurrentDirectory": "C:\\Program Files\\Microsoft Visual Studio\\2022\\Community\\Common7\\", "User": "MSI\\Annie", "LogonGuid": "{7590a8e8-2479-6225-2b24-731900000000}", "LogonId": "0x000000001973242b", "TerminalSessionId": "8", "IntegrityLevel": "Medium", "Hashes": "MD5=9EE8934FE92CEB6939C08DC1326BB5AA,SHA256=1C3E6CBFE7F5BBA6B9EE815F8FBF7F2B562E05191BF5D18998F44013B8060B68,IMPHASH=F34D5F2D4577ED6D9CEEC516C1F5A744", "ParentProcessGuid": "{7590a8e8-1c27-6229-a266-000000003000}", "ParentProcessId": "30844", "ParentImage": "C:\\Program Files\\Microsoft Visual Studio\\2022\\Community\\Common7\\IDE\\devenv.exe", "ParentCommandLine": "\"C:\\Program Files\\Microsoft Visual Studio\\2022\\Community\\Common7\\IDE\\devenv.exe\" ", "ParentUser": "MSI\\Annie"}}
{"Record": "12", "System": {"EventID": "22", "Version": "5", "Level": "4", "Task": "22", "Opcode": "0", "Keywords": "0x8000000000000000", "TimeCreated": {"SystemTime": "2022-03-09 21:29:19.107101"}, "EventRecordID": "587621", "Correlation": {"ActivityID": "", "RealatedActivityID": ""}, "Execution": {"ProcessID": "4832", "ThreadID": "6988"}, "Channel": "Microsoft-Windows-Sysmon/Operational", "Computer": "MSI", "Security": {"UserID": "S-1-5-18"}}, "Event Data": {"RuleName": "-", "UtcTime": "2022-03-09 21:30:55.669", "ProcessGuid": "{7590a8e8-1c2b-6229-a366-000000003000}", "ProcessId": "1824", "QueryName": "2022-03-09 21:30:55.669", "QueryStatus": "{7590a8e8-1c2b-6229-a366-000000003000}", "QueryResults": "1824", "Image": "C:\\Program Files\\Microsoft Visual Studio\\2022\\Community\\Common7\\IDE\\PerfWatson2.exe", "User": "MSI\\Annie"}}
{"Record": "13", "System": {"EventID": "1", "Version": "5", "Level": "4", "Task": "1", "Opcode": "0", "Keywords": "0x8000000000000000", "TimeCreated": {"SystemTime": "2022-03-09 21:29:19.962896"}, "EventRecordID": "587622", "Correlation": {"ActivityID": "", "RealatedActivityID": ""}, "Execution": {"ProcessID": "4832", "ThreadID": "6964"}, "Channel": "Microsoft-Windows-Sysmon/Operational", "Computer": "MSI", "Security": {"UserID": "S-1-5-18"}}, "Event Data": {"RuleName": "-", "UtcTime": "2022-03-09 21:29:19.951", "ProcessGuid": "{7590a8e8-1c2f-6229-b566-000000003000}", "ProcessId": "13464", "Image": "C:\\Program Files\\Microsoft Visual Studio\\2022\\Community\\Common7\\ServiceHub\\Hosts\\ServiceHub.Host.CLR.AnyCPU\\ServiceHub.VSDetouredHost.exe", "FileVersion": "3.0.3078.44572", "Description": "ServiceHub.VSDetouredHost.exe", "Product": "ServiceHub.Host.CLR", "Company": "Microsoft", "OriginalFileName": "ServiceHub.VSDetouredHost.exe", "CommandLine": "\"C:\\Program Files\\Microsoft Visual Studio\\2022\\Community\\Common7\\ServiceHub\\Hosts\\ServiceHub.Host.CLR.AnyCPU\\ServiceHub.VSDetouredHost.exe\" \"desktopClr$VSDetouredHost\" \"net.pipe://787633847CBACC676981C950B0F61A84D3C2\" \"/TelemetrySession:{\"\"\"IsOptedIn\"\"\":true,\"\"\"HostName\"\"\":\"\"\"Dev14\"\"\",\"\"\"AppInsightsInstrumentationKey\"\"\":\"\"\"f144292e-e3b2-4011-ac90-20e5c03fbce5\"\"\",\"\"\"AsimovInstrumentationKey\"\"\":\"\"\"AIF-312cbd79-9dbb-4c48-a7da-3cc2a931cb70\"\"\",\"\"\"AppId\"\"\":1001,\"\"\"UserId\"\"\":\"\"\"fcf3f409-9c6e-42b0-b9d5-7fbf4a8aaab8\"\"\",\"\"\"Id\"\"\":\"\"\"9fc4357d-1679-462a-b115-3e87cce5b9fe\"\"\",\"\"\"ProcessStartTime\"\"\":637824581519499517}\"", "CurrentDirectory": "C:\\Program Files\\Microsoft Visual Studio\\2022\\Community\\Common7\\ServiceHub\\Hosts\\ServiceHub.Host.CLR.AnyCPU\\", "User": "MSI\\Annie", "LogonGuid": "{7590a8e8-2479-6225-2b24-731900000000}", "LogonId": "0x000000001973242b", "TerminalSessionId": "8", "IntegrityLevel": "Medium", "Hashes": "MD5=91A1A2F01432BD492011A1D4C81A7A58,SHA256=A34B41159578129450555C739BA260D836E8B800940C8B0DBD5A031B7F777E46,IMPHASH=F34D5F2D4577ED6D9CEEC516C1F5A744", "ParentProcessGuid": "{7590a8e8-1c2e-6229-b466-000000003000}", "ParentProcessId": "7876", "ParentImage": "C:\\Program Files\\Microsoft Visual Studio\\2022\\Community\\Common7\\ServiceHub\\controller\\Microsoft.ServiceHub.Controller.exe", "ParentCommandLine": "\"C:\\Program Files\\Microsoft Visual Studio\\2022\\Community\\Common7\\ServiceHub\\controller\\Microsoft.ServiceHub.Controller.exe\" \"44fd9a0aa13eab66c6cd17f58abdac3c454e76ddd78793dd80b3b45e6d1f0e3d//\\\\devenv.exe.config\"  /TelemetrySession:{\"\"\"IsOptedIn\"\"\":true,\"\"\"HostName\"\"\":\"\"\"Dev14\"\"\",\"\"\"AppInsightsInstrumentationKey\"\"\":\"\"\"f144292e-e3b2-4011-ac90-20e5c03fbce5\"\"\",\"\"\"AsimovInstrumentationKey\"\"\":\"\"\"AIF-312cbd79-9dbb-4c48-a7da-3cc2a931cb70\"\"\",\"\"\"AppId\"\"\":1001,\"\"\"UserId\"\"\":\"\"\"fcf3f409-9c6e-42b0-b9d5-7fbf4a8aaab8\"\"\",\"\"\"Id\"\"\":\"\"\"9fc4357d-1679-462a-b115-3e87cce5b9fe\"\"\",\"\"\"ProcessStartTime\"\"\":637824581519499517}", "ParentUser": "MSI\\Annie"}}
{"Record": "14", "System": {"EventID": "22", "Version": "5", "Level": "4", "Task": "22", "Opcode": "0", "Keywords": "0x8000000000000000", "TimeCreated": {"SystemTime": "2022-03-09 21:29:20.114298"}, "EventRecordID": "587623", "Correlation": {"ActivityID": "", "RealatedActivityID": ""}, "Execution": {"ProcessID": "4832", "ThreadID": "6988"}, "Channel": "Microsoft-Windows-Sysmon/Operational", "Computer": "MSI", "Security": {"UserID": "S-1-5-18"}}, "Event Data": {"RuleName": "-", "UtcTime": "2022-03-09 21:30:56.940", "ProcessGuid": "{7590a8e8-1c27-6229-a266-000000003000}", "ProcessId": "30844", "QueryName": "2022-03-09 21:30:56.940", "QueryStatus": "{7590a8e8-1c27-6229-a266-000000003000}", "QueryResults": "30844", "Image": "C:\\Program Files\\Microsoft Visual Studio\\2022\\Community\\Common7\\IDE\\devenv.exe", "User": "MSI\\Annie"}}
{"Record": "15", "System": {"EventID": "1", "Version": "5", "Level": "4", "Task": "1", "Opcode": "0", "Keywords": "0x8000000000000000", "TimeCreated": {"SystemTime": "2022-03-09 21:29:20.130108"}, "EventRecordID": "587624", "Correlation": {"ActivityID": "", "RealatedActivityID": ""}, "Execution": {"ProcessID": "4832", "ThreadID": "6964"}, "Channel": "Microsoft-Windows-Sysmon/Operational", "Computer": "MSI", "Security": {"UserID": "S-1-5-18"}}, "Event Data": {"RuleName": "-", "UtcTime": "2022-03-09 21:29:20.120", "ProcessGuid": "{7590a8e8-1c30-6229-b666-000000003000}", "ProcessId": "13544", "Image": "C:\\Program Files\\Microsoft Visual Studio\\2022\\Community\\Common7\\ServiceHub\\Hosts\\ServiceHub.Host.CLR.x86\\ServiceHub.IdentityHost.exe", "FileVersion": "3.0.3078.44572", "Description": "ServiceHub.IdentityHost.exe", "Product": "ServiceHub.Host.CLR.x86", "Company": "Microsoft", "OriginalFileName": "ServiceHub.IdentityHost.exe", "CommandLine": "\"C:\\Program Files\\Microsoft Visual Studio\\2022\\Community\\Common7\\ServiceHub\\Hosts\\ServiceHub.Host.CLR.x86\\ServiceHub.IdentityHost.exe\" \"desktopClr.x86$IdentityHost\" \"net.pipe://787633847CBACC676981C950B0F61A84D3C2\" \"/TelemetrySession:{\"\"\"IsOptedIn\"\"\":true,\"\"\"HostName\"\"\":\"\"\"Dev14\"\"\",\"\"\"AppInsightsInstrumentationKey\"\"\":\"\"\"f144292e-e3b2-4011-ac90-20e5c03fbce5\"\"\",\"\"\"AsimovInstrumentationKey\"\"\":\"\"\"AIF-312cbd79-9dbb-4c48-a7da-3cc2a931cb70\"\"\",\"\"\"AppId\"\"\":1001,\"\"\"UserId\"\"\":\"\"\"fcf3f409-9c6e-42b0-b9d5-7fbf4a8aaab8\"\"\",\"\"\"Id\"\"\":\"\"\"9fc4357d-1679-462a-b115-3e87cce5b9fe\"\"\",\"\"\"ProcessStartTime\"\"\":637824581519499517}\"", "CurrentDirectory": "C:\\Program Files\\Microsoft Visual Studio\\2022\\Community\\Common7\\ServiceHub\\Hosts\\ServiceHub.Host.CLR.x86\\", "User": "MSI\\Annie", "LogonGuid": "{7590a8e8-2479-6225-2b24-731900000000}", "LogonId": "0x000000001973242b", "TerminalSessionId": "8", "IntegrityLevel": "Medium", "Hashes": "MD5=B3FBA3425D1AA1C809078B0A05D45F05,SHA256=A575916B5A72E0348E29345E5EBAEA1A95CD841767BF41CF248111AA85A7103E,IMPHASH=F34D5F2D4577ED6D9CEEC516C1F5A744", "ParentProcessGuid": "{7590a8e8-1c2e-6229-b466-000000003000}", "ParentProcessId": "7876", "ParentImage": "C:\\Program Files\\Microsoft Visual Studio\\2022\\Community\\Common7\\ServiceHub\\controller\\Microsoft.ServiceHub.Controller.exe", "ParentCommandLine": "\"C:\\Program Files\\Microsoft Visual Studio\\2022\\Community\\Common7\\ServiceHub\\controller\\Microsoft.ServiceHub.Controller.exe\" \"44fd9a0aa13eab66c6cd17f58abdac3c454e76ddd78793dd80b3b45e6d1f0e3d//\\\\devenv.exe.config\"  /TelemetrySession:{\"\"\"IsOptedIn\"\"\":true,\"\"\"HostName\"\"\":\"\"\"Dev14\"\"\",\"\"\"AppInsightsInstrumentationKey\"\"\":\"\"\"f144292e-e3b2-4011-ac90-20e5c03fbce5\"\"\",\"\"\"AsimovInstrumentationKey\"\"\":\"\"\"AIF-312cbd79-9dbb-4c48-a7da-3cc2a931cb70\"\"\",\"\"\"AppId\"\"\":1001,\"\"\"UserId\"\"\":\"\"\"fcf3f409-9c6e-42b0-b9d5-7fbf4a8aaab8\"\"\",\"\"\"Id\"\"\":\"\"\"9fc4357d-1679-462a-b115-3e87cce5b9fe\"\"\",\"\"\"ProcessStartTime\"\"\":637824581519499517}", "ParentUser": "MSI\\Annie"}}
{"Record": "16", "System": {"EventID": "1", "Version": "5", "Level": "4", "Task": "1", "Opcode": "0", "Keywords": "0x8000000000000000", "TimeCreated": {"SystemTime": "2022-03-09 21:29:23.667202"}, "EventRecordID": "587625", "Correlation": {"ActivityID": "", "RealatedActivityID": ""}, "Execution": {"ProcessID": "4832", "ThreadID": "6964"}, "Channel": "Microsoft-Windows-Sysmon/Operational", "Computer": "MSI", "Security": {"UserID": "S-1-5-18"}}, "Event Data": {"RuleName": "-", "UtcTime": "2022-03-09 21:29:23.662", "ProcessGuid": "{7590a8e8-1c33-6229-b766-000000003000}", "ProcessId": "24984", "Image": "C:\\Program Files\\Microsoft Visual Studio\\2022\\Community\\Common7\\ServiceHub\\Hosts\\ServiceHub.Host.CLR.x86\\ServiceHub.SettingsHost.exe", "FileVersion": "3.0.3078.44572", "Description": "ServiceHub.SettingsHost.exe", "Product": "ServiceHub.Host.CLR.x86", "Company": "Microsoft", "OriginalFileName": "ServiceHub.SettingsHost.exe", "CommandLine": "\"C:\\Program Files\\Microsoft Visual Studio\\2022\\Community\\Common7\\ServiceHub\\Hosts\\ServiceHub.Host.CLR.x86\\ServiceHub.SettingsHost.exe\" \"desktopClr.x86$SettingsHost\" \"net.pipe://787633847CBACC676981C950B0F61A84D3C2\" \"/TelemetrySession:{\"\"\"IsOptedIn\"\"\":true,\"\"\"HostName\"\"\":\"\"\"Dev14\"\"\",\"\"\"AppInsightsInstrumentationKey\"\"\":\"\"\"f144292e-e3b2-4011-ac90-20e5c03fbce5\"\"\",\"\"\"AsimovInstrumentationKey\"\"\":\"\"\"AIF-312cbd79-9dbb-4c48-a7da-3cc2a931cb70\"\"\",\"\"\"AppId\"\"\":1001,\"\"\"UserId\"\"\":\"\"\"fcf3f409-9c6e-42b0-b9d5-7fbf4a8aaab8\"\"\",\"\"\"Id\"\"\":\"\"\"9fc4357d-1679-462a-b115-3e87cce5b9fe\"\"\",\"\"\"ProcessStartTime\"\"\":637824581519499517}\"", "CurrentDirectory": "C:\\Program Files\\Microsoft Visual Studio\\2022\\Community\\Common7\\ServiceHub\\Hosts\\ServiceHub.Host.CLR.x86\\", "User": "MSI\\Annie", "LogonGuid": "{7590a8e8-2479-6225-2b24-731900000000}", "LogonId": "0x000000001973242b", "TerminalSessionId": "8", "IntegrityLevel": "Medium", "Hashes": "MD5=23363BD09246FDF314F8E90D3821D42D,SHA256=A797296DFD5C98854B749E3BF455E8BE64972DCCF98127F8AC7BF12A8630DD34,IMPHASH=F34D5F2D4577ED6D9CEEC516C1F5A744", "ParentProcessGuid": "{7590a8e8-1c2e-6229-b466-000000003000}", "ParentProcessId": "7876", "ParentImage": "C:\\Program Files\\Microsoft Visual Studio\\2022\\Community\\Common7\\ServiceHub\\controller\\Microsoft.ServiceHub.Controller.exe", "ParentCommandLine": "\"C:\\Program Files\\Microsoft Visual Studio\\2022\\Community\\Common7\\ServiceHub\\controller\\Microsoft.ServiceHub.Controller.exe\" \"44fd9a0aa13eab66c6cd17f58abdac3c454e76ddd78793dd80b3b45e6d1f0e3d//\\\\devenv.exe.config\"  /TelemetrySession:{\"\"\"IsOptedIn\"\"\":true,\"\"\"HostName\"\"\":\"\"\"Dev14\"\"\",\"\"\"AppInsightsInstrumentationKey\"\"\":\"\"\"f144292e-e3b2-4011-ac90-20e5c03fbce5\"\"\",\"\"\"AsimovInstrumentationKey\"\"\":\"\"\"AIF-312cbd79-9dbb-4c48-a7da-3cc2a931cb70\"\"\",\"\"\"AppId\"\"\":1001,\"\"\"UserId\"\"\":\"\"\"fcf3f409-9c6e-42b0-b9d5-7fbf4a8aaab8\"\"\",\"\"\"Id\"\"\":\"\"\"9fc4357d-1679-462a-b115-3e87cce5b9fe\"\"\",\"\"\"ProcessStartTime\"\"\":637824581519499517}", "ParentUser": "MSI\\Annie"}}
{"Record": "17", "System": {"EventID": "22", "Version": "5", "Level": "4", "Task": "22", "Opcode": "0", "Keywords": "0x8000000000000000", "TimeCreated": {"SystemTime": "2022-03-09 21:29:28.265360"}, "EventRecordID": "587626", "Correlation": {"ActivityID": "", "RealatedActivityID": ""}, "Execution": {"ProcessID": "4832", "ThreadID": "6988"}, "Channel": "Microsoft-Windows-Sysmon/Operational", "Computer": "MSI", "Security": {"UserID": "S-1-5-18"}}, "Event Data": {"RuleName": "-", "UtcTime": "2022-03-09 21:31:04.829", "ProcessGuid": "{7590a8e8-1c30-6229-b666-000000003000}", "ProcessId": "13544", "QueryName": "2022-03-09 21:31:04.829", "QueryStatus": "{7590a8e8-1c30-6229-b666-000000003000}", "QueryResults": "13544", "Image": "C:\\Program Files\\Microsoft Visual Studio\\2022\\Community\\Common7\\ServiceHub\\Hosts\\ServiceHub.Host.CLR.x86\\ServiceHub.IdentityHost.exe", "User": "MSI\\Annie"}}
{"Record": "18", "System": {"EventID": "1", "Version": "5", "Level": "4", "Task": "1", "Opcode": "0", "Keywords": "0x8000000000000000", "TimeCreated": {"SystemTime": "2022-03-09 21:29:29.163179"}, "EventRecordID": "587627", "Correlation": {"ActivityID": "", "RealatedActivityID": ""}, "Execution": {"ProcessID": "4832", "ThreadID": "6964"}, "Channel": "Microsoft-Windows-Sysmon/Operational", "Computer": "MSI", "Security": {"UserID": "S-1-5-18"}}, "Event Data": {"RuleName": "-", "UtcTime": "2022-03-09 21:29:29.157", "ProcessGuid": "{7590a8e8-1c39-6229-b866-000000003000}", "ProcessId": "29828", "Image": "C:\\Program Files\\Microsoft Visual Studio\\2022\\Community\\Common7\\ServiceHub\\Hosts\\ServiceHub.Host.CLR.x86\\ServiceHub.Host.CLR.x86.exe", "FileVersion": "3.0.3078.44572", "Description": "ServiceHub.Host.CLR.x86", "Product": "ServiceHub.Host.CLR.x86", "Company": "Microsoft", "OriginalFileName": "ServiceHub.Host.CLR.x86.exe", "CommandLine": "\"C:\\Program Files\\Microsoft Visual Studio\\2022\\Community\\Common7\\ServiceHub\\Hosts\\ServiceHub.Host.CLR.x86\\ServiceHub.Host.CLR.x86.exe\" \"desktopClr.x86$C94B8CFE-E3FD-4BAF-A941-2866DBB566FE\" \"net.pipe://787633847CBACC676981C950B0F61A84D3C2\" \"/TelemetrySession:{\"\"\"IsOptedIn\"\"\":true,\"\"\"HostName\"\"\":\"\"\"Dev14\"\"\",\"\"\"AppInsightsInstrumentationKey\"\"\":\"\"\"f144292e-e3b2-4011-ac90-20e5c03fbce5\"\"\",\"\"\"AsimovInstrumentationKey\"\"\":\"\"\"AIF-312cbd79-9dbb-4c48-a7da-3cc2a931cb70\"\"\",\"\"\"AppId\"\"\":1001,\"\"\"UserId\"\"\":\"\"\"fcf3f409-9c6e-42b0-b9d5-7fbf4a8aaab8\"\"\",\"\"\"Id\"\"\":\"\"\"9fc4357d-1679-462a-b115-3e87cce5b9fe\"\"\",\"\"\"ProcessStartTime\"\"\":637824581519499517}\"", "CurrentDirectory": "C:\\Program Files\\Microsoft Visual Studio\\2022\\Community\\Common7\\ServiceHub\\Hosts\\ServiceHub.Host.CLR.x86\\", "User": "MSI\\Annie", "LogonGuid": "{7590a8e8-2479-6225-2b24-731900000000}", "LogonId": "0x000000001973242b", "TerminalSessionId": "8", "IntegrityLevel": "Medium", "Hashes": "MD5=DE7B91FAB5813B9FFC610F5821DDA235,SHA256=0CDCD7C872C0EC147366B8F55793FE8552A7093CB5E15D080082C4A6E2AFA401,IMPHASH=F34D5F2D4577ED6D9CEEC516C1F5A744", "ParentProcessGuid": "{7590a8e8-1c2e-6229-b466-000000003000}", "ParentProcessId": "7876", "ParentImage": "C:\\Program Files\\Microsoft Visual Studio\\2022\\Community\\Common7\\ServiceHub\\controller\\Microsoft.ServiceHub.Controller.exe", "ParentCommandLine": "\"C:\\Program Files\\Microsoft Visual Studio\\2022\\Community\\Common7\\ServiceHub\\controller\\Microsoft.ServiceHub.Controller.exe\" \"44fd9a0aa13eab66c6cd17f58abdac3c454e76ddd78793dd80b3b45e6d1f0e3d//\\\\devenv.exe.config\"  /TelemetrySession:{\"\"\"IsOptedIn\"\"\":true,\"\"\"HostName\"\"\":\"\"\"Dev14\"\"\",\"\"\"AppInsightsInstrumentationKey\"\"\":\"\"\"f144292e-e3b2-4011-ac90-20e5c03fbce5\"\"\",\"\"\"AsimovInstrumentationKey\"\"\":\"\"\"AIF-312cbd79-9dbb-4c48-a7da-3cc2a931cb70\"\"\",\"\"\"AppId\"\"\":1001,\"\"\"UserId\"\"\":\"\"\"fcf3f409-9c6e-42b0-b9d5-7fbf4a8aaab8\"\"\",\"\"\"Id\"\"\":\"\"\"9fc4357d-1679-462a-b115-3e87cce5b9fe\"\"\",\"\"\"ProcessStartTime\"\"\":637824581519499517}", "ParentUser": "MSI\\Annie"}}
{"Record": "19", "System": {"EventID": "22", "Version": "5", "Level": "4", "Task": "22", "Opcode": "0", "Keywords": "0x8000000000000000", "TimeCreated": {"SystemTime": "2022-03-09 21:29:29.270735"}, "EventRecordID": "587628", "Correlation": {"ActivityID": "", "RealatedActivityID": ""}, "Execution": {"ProcessID": "4832", "ThreadID": "6988"}, "Channel": "Microsoft-Windows-Sysmon/Operational", "Computer": "MSI", "Security": {"UserID": "S-1-5-18"}}, "Event Data": {"RuleName": "-", "UtcTime": "2022-03-09 21:31:06.722", "ProcessGuid": "{7590a8e8-1c30-6229-b666-000000003000}", "ProcessId": "13544", "QueryName": "2022-03-09 21:31:06.722", "QueryStatus": "{7590a8e8-1c30-6229-b666-000000003000}", "QueryResults": "13544", "Image": "C:\\Program Files\\Microsoft Visual Studio\\2022\\Community\\Common7\\ServiceHub\\Hosts\\ServiceHub.Host.CLR.x86\\ServiceHub.IdentityHost.exe", "User": "MSI\\Annie"}}
{"Record": "20", "System": {"EventID": "22", "Version": "5", "Level": "4", "Task": "22", "Opcode": "0", "Keywords": "0x8000000000000000", "TimeCreated": {"SystemTime": "2022-03-09 21:29:30.282837"}, "EventRecordID": "587629", "Correlation": {"ActivityID": "", "RealatedActivityID": ""}, "Execution": {"ProcessID": "4832", "ThreadID": "6988"}, "Channel": "Microsoft-Windows-Sysmon/Operational", "Computer": "MSI", "Security": {"UserID": "S-1-5-18"}}, "Event Data": {"RuleName": "-", "UtcTime": "2022-03-09 21:31:06.841", "ProcessGuid": "{7590a8e8-1c27-6229-a266-000000003000}", "ProcessId": "30844", "QueryName": "2022-03-09 21:31:06.841", "QueryStatus": "{7590a8e8-1c27-6229-a266-000000003000}", "QueryResults": "30844", "Image": "C:\\Program Files\\Microsoft Visual Studio\\2022\\Community\\Common7\\IDE\\devenv.exe", "User": "MSI\\Annie"}}
{"Record": "21", "System": {"EventID": "11", "Version": "2", "Level": "4", "Task": "11", "Opcode": "0", "Keywords": "0x8000000000000000", "TimeCreated": {"SystemTime": "2022-03-09 21:29:30.485771"}, "EventRecordID": "587630", "Correlation": {"ActivityID": "", "RealatedActivityID": ""}, "Execution": {"ProcessID": "4832", "ThreadID": "6964"}, "Channel": "Microsoft-Windows-Sysmon/Operational", "Computer": "MSI", "Security": {"UserID": "S-1-5-18"}}, "Event Data": {"RuleName": "Downloads", "UtcTime": "2022-03-09 21:29:30.484", "ProcessGuid": "{7590a8e8-1c27-6229-a266-000000003000}", "ProcessId": "30844", "Image": "C:\\Program Files\\Microsoft Visual Studio\\2022\\Community\\Common7\\IDE\\devenv.exe", "TargetFilename": "C:\\Users\\Annie\\Downloads\\viz-attackhost-master\\viz-attackhost-master\\.vs\\slnx.sqlite-journal", "CreationUtcTime": "2022-03-09 21:29:30.484", "User": "MSI\\Annie"}}
{"Record": "22", "System": {"EventID": "22", "Version": "5", "Level": "4", "Task": "22", "Opcode": "0", "Keywords": "0x8000000000000000", "TimeCreated": {"SystemTime": "2022-03-09 21:29:31.288054"}, "EventRecordID": "587631", "Correlation": {"ActivityID": "", "RealatedActivityID": ""}, "Execution": {"ProcessID": "4832", "ThreadID": "6988"}, "Channel": "Microsoft-Windows-Sysmon/Operational", "Computer": "MSI", "Security": {"UserID": "S-1-5-18"}}, "Event Data": {"RuleName": "-", "UtcTime": "2022-03-09 21:31:07.925", "ProcessGuid": "{7590a8e8-1c2f-6229-b566-000000003000}", "ProcessId": "13464", "QueryName": "2022-03-09 21:31:07.925", "QueryStatus": "{7590a8e8-1c2f-6229-b566-000000003000}", "QueryResults": "13464", "Image": "C:\\Program Files\\Microsoft Visual Studio\\2022\\Community\\Common7\\ServiceHub\\Hosts\\ServiceHub.Host.CLR.AnyCPU\\ServiceHub.VSDetouredHost.exe", "User": "MSI\\Annie"}}
{"Record": "23", "System": {"EventID": "11", "Version": "2", "Level": "4", "Task": "11", "Opcode": "0", "Keywords": "0x8000000000000000", "TimeCreated": {"SystemTime": "2022-03-09 21:29:32.123770"}, "EventRecordID": "587632", "Correlation": {"ActivityID": "", "RealatedActivityID": ""}, "Execution": {"ProcessID": "4832", "ThreadID": "6964"}, "Channel": "Microsoft-Windows-Sysmon/Operational", "Computer": "MSI", "Security": {"UserID": "S-1-5-18"}}, "Event Data": {"RuleName": "Downloads", "UtcTime": "2022-03-09 21:29:32.121", "ProcessGuid": "{7590a8e8-1c27-6229-a266-000000003000}", "ProcessId": "30844", "Image": "C:\\Program Files\\Microsoft Visual Studio\\2022\\Community\\Common7\\IDE\\devenv.exe", "TargetFilename": "C:\\Users\\Annie\\Downloads\\viz-attackhost-master\\viz-attackhost-master\\.vs\\slnx.sqlite-journal", "CreationUtcTime": "2022-03-09 21:29:32.120", "User": "MSI\\Annie"}}
{"Record": "24", "System": {"EventID": "22", "Version": "5", "Level": "4", "Task": "22", "Opcode": "0", "Keywords": "0x8000000000000000", "TimeCreated": {"SystemTime": "2022-03-09 21:29:34.026390"}, "EventRecordID": "587633", "Correlation": {"ActivityID": "", "RealatedActivityID": ""}, "Execution": {"ProcessID": "4832", "ThreadID": "6988"}, "Channel": "Microsoft-Windows-Sysmon/Operational", "Computer": "MSI", "Security": {"UserID": "S-1-5-18"}}, "Event Data": {"RuleName": "-", "UtcTime": "2022-03-09 21:31:10.561", "ProcessGuid": "{7590a8e8-1c33-6229-b766-000000003000}", "ProcessId": "24984", "QueryName": "2022-03-09 21:31:10.561", "QueryStatus": "{7590a8e8-1c33-6229-b766-000000003000}", "QueryResults": "24984", "Image": "C:\\Program Files\\Microsoft Visual Studio\\2022\\Community\\Common7\\ServiceHub\\Hosts\\ServiceHub.Host.CLR.x86\\ServiceHub.SettingsHost.exe", "User": "MSI\\Annie"}}
{"Record": "25", "System": {"EventID": "22", "Version": "5", "Level": "4", "Task": "22", "Opcode": "0", "Keywords": "0x8000000000000000", "TimeCreated": {"SystemTime": "2022-03-09 21:29:34.026937"}, "EventRecordID": "587634", "Correlation": {"ActivityID": "", "RealatedActivityID": ""}, "Execution": {"ProcessID": "4832", "ThreadID": "6988"}, "Channel": "Microsoft-Windows-Sysmon/Operational", "Computer": "MSI", "Security": {"UserID": "S-1-5-18"}}, "Event Data": {"RuleName": "-", "UtcTime": "2022-03-09 21:31:11.316", "ProcessGuid": "{7590a8e8-1c33-6229-b766-000000003000}", "ProcessId": "24984", "QueryName": "2022-03-09 21:31:11.316", "QueryStatus": "{7590a8e8-1c33-6229-b766-000000003000}", "QueryResults": "24984", "Image": "C:\\Program Files\\Microsoft Visual Studio\\2022\\Community\\Common7\\ServiceHub\\Hosts\\ServiceHub.Host.CLR.x86\\ServiceHub.SettingsHost.exe", "User": "MSI\\Annie"}}
{"Record": "26", "System": {"EventID": "11", "Version": "2", "Level": "4", "Task": "11", "Opcode": "0", "Keywords": "0x8000000000000000", "TimeCreated": {"SystemTime": "2022-03-09 21:29:40.660505"}, "EventRecordID": "587635", "Correlation": {"ActivityID": "", "RealatedActivityID": ""}, "Execution": {"ProcessID": "4832", "ThreadID": "6964"}, "Channel": "Microsoft-Windows-Sysmon/Operational", "Computer": "MSI", "Security": {"UserID": "S-1-5-18"}}, "Event Data": {"RuleName": "Downloads", "UtcTime": "2022-03-09 21:29:40.659", "ProcessGuid": "{7590a8e8-1c27-6229-a266-000000003000}", "ProcessId": "30844", "Image": "C:\\Program Files\\Microsoft Visual Studio\\2022\\Community\\Common7\\IDE\\devenv.exe", "TargetFilename": "C:\\Users\\Annie\\Downloads\\viz-attackhost-master\\viz-attackhost-master\\.vs\\slnx.sqlite-journal", "CreationUtcTime": "2022-03-09 21:29:40.658", "User": "MSI\\Annie"}}
{"Record": "27", "System": {"EventID": "1", "Version": "5", "Level": "4", "Task": "1", "Opcode": "0", "Keywords": "0x8000000000000000", "TimeCreated": {"SystemTime": "2022-03-09 21:29:42.276543"}, "EventRecordID": "587636", "Correlation": {"ActivityID": "", "RealatedActivityID": ""}, "Execution": {"ProcessID": "4832", "ThreadID": "6964"}, "Channel": "Microsoft-Windows-Sysmon/Operational", "Computer": "MSI", "Security": {"UserID": "S-1-5-18"}}, "Event Data": {"RuleName": "-", "UtcTime": "2022-03-09 21:29:42.271", "ProcessGuid": "{7590a8e8-1c46-6229-ba66-000000003000}", "ProcessId": "14976", "Image": "C:\\Windows\\System32\\cmd.exe", "FileVersion": "10.0.19041.746 (WinBuild.160101.0800)", "Description": "Windows Command Processor", "Product": "Microsoft&#174; Windows&#174; Operating System", "Company": "Microsoft Corporation", "OriginalFileName": "Cmd.Exe", "CommandLine": "C:\\Windows\\system32\\cmd.exe /c \"\"C:\\Users\\Annie\\anaconda3\\scripts\\activate.bat\" &amp; python.exe -c \"import os, json; print('!!!ENVIRONMENT MARKER!!!'); print(json.dumps(dict(os.environ)))\"\"", "CurrentDirectory": "C:\\Program Files\\Microsoft Visual Studio\\2022\\Community\\Common7\\IDE\\", "User": "MSI\\Annie", "LogonGuid": "{7590a8e8-2479-6225-2b24-731900000000}", "LogonId": "0x000000001973242b", "TerminalSessionId": "8", "IntegrityLevel": "Medium", "Hashes": "MD5=8A2122E8162DBEF04694B9C3E0B6CDEE,SHA256=B99D61D874728EDC0918CA0EB10EAB93D381E7367E377406E65963366C874450,IMPHASH=272245E2988E1E430500B852C4FB5E18", "ParentProcessGuid": "{7590a8e8-1c27-6229-a266-000000003000}", "ParentProcessId": "30844", "ParentImage": "C:\\Program Files\\Microsoft Visual Studio\\2022\\Community\\Common7\\IDE\\devenv.exe", "ParentCommandLine": "\"C:\\Program Files\\Microsoft Visual Studio\\2022\\Community\\Common7\\IDE\\devenv.exe\" ", "ParentUser": "MSI\\Annie"}}
{"Record": "28", "System": {"EventID": "1", "Version": "5", "Level": "4", "Task": "1", "Opcode": "0", "Keywords": "0x8000000000000000", "TimeCreated": {"SystemTime": "2022-03-09 21:29:42.447468"}, "EventRecordID": "587637", "Correlation": {"ActivityID": "", "RealatedActivityID": ""}, "Execution": {"ProcessID": "4832", "ThreadID": "6964"}, "Channel": "Microsoft-Windows-Sysmon/Operational", "Computer": "MSI", "Security": {"UserID": "S-1-5-18"}}, "Event Data": {"RuleName": "-", "UtcTime": "2022-03-09 21:29:42.444", "ProcessGuid": "{7590a8e8-1c46-6229-bc66-000000003000}", "ProcessId": "22328", "Image": "C:\\Users\\Annie\\anaconda3\\Scripts\\conda.exe", "FileVersion": "-", "Description": "-", "Product": "-", "Company": "-", "OriginalFileName": "-", "CommandLine": "\"C:\\Users\\Annie\\anaconda3\\condabin\\..\\Scripts\\conda.exe\"    shell.cmd.exe activate ", "CurrentDirectory": "C:\\Program Files\\Microsoft Visual Studio\\2022\\Community\\Common7\\IDE\\", "User": "MSI\\Annie", "LogonGuid": "{7590a8e8-2479-6225-2b24-731900000000}", "LogonId": "0x000000001973242b", "TerminalSessionId": "8", "IntegrityLevel": "Medium", "Hashes": "MD5=D2778164EF643BA8F44CC202EC7EF157,SHA256=28B001BB9A72AE7A24242BFAB248D767A1AC5DEC981C672A3944F7A072375E9A,IMPHASH=E694A8A11A715C6300D85BCED2E15FAA", "ParentProcessGuid": "{7590a8e8-1c46-6229-ba66-000000003000}", "ParentProcessId": "14976", "ParentImage": "C:\\Windows\\System32\\cmd.exe", "ParentCommandLine": "C:\\Windows\\system32\\cmd.exe /c \"\"C:\\Users\\Annie\\anaconda3\\scripts\\activate.bat\" &amp; python.exe -c \"import os, json; print('!!!ENVIRONMENT MARKER!!!'); print(json.dumps(dict(os.environ)))\"\"", "ParentUser": "MSI\\Annie"}}
{"Record": "29", "System": {"EventID": "1", "Version": "5", "Level": "4", "Task": "1", "Opcode": "0", "Keywords": "0x8000000000000000", "TimeCreated": {"SystemTime": "2022-03-09 21:29:42.468494"}, "EventRecordID": "587638", "Correlation": {"ActivityID": "", "RealatedActivityID": ""}, "Execution": {"ProcessID": "4832", "ThreadID": "6964"}, "Channel": "Microsoft-Windows-Sysmon/Operational", "Computer": "MSI", "Security": {"UserID": "S-1-5-18"}}, "Event Data": {"RuleName": "-", "UtcTime": "2022-03-09 21:29:42.464", "ProcessGuid": "{7590a8e8-1c46-6229-bd66-000000003000}", "ProcessId": "18384", "Image": "C:\\Users\\Annie\\anaconda3\\python.exe", "FileVersion": "3.9.7", "Description": "Python", "Product": "Python", "Company": "Python Software Foundation", "OriginalFileName": "python.exe", "CommandLine": "C:\\Users\\Annie\\anaconda3\\python.exe \"C:\\Users\\Annie\\anaconda3\\Scripts\\conda-script.py\" \"shell.cmd.exe\" \"activate\"", "CurrentDirectory": "C:\\Program Files\\Microsoft Visual Studio\\2022\\Community\\Common7\\IDE\\", "User": "MSI\\Annie", "LogonGuid": "{7590a8e8-2479-6225-2b24-731900000000}", "LogonId": "0x000000001973242b", "TerminalSessionId": "8", "IntegrityLevel": "Medium", "Hashes": "MD5=47A897993A91B040CBF92ECBD31D01DD,SHA256=A1685CA0F56367B7CA3E8BF1BCBDD3A326F5E8E20C8743BF3108586F0AAFF384,IMPHASH=4BC0A3ABF3DE8784C2872F64590173E9", "ParentProcessGuid": "{7590a8e8-1c46-6229-bc66-000000003000}", "ParentProcessId": "22328", "ParentImage": "C:\\Users\\Annie\\anaconda3\\Scripts\\conda.exe", "ParentCommandLine": "\"C:\\Users\\Annie\\anaconda3\\condabin\\..\\Scripts\\conda.exe\"    shell.cmd.exe activate ", "ParentUser": "MSI\\Annie"}}
