{"Record": "1", "System": {"EventID": "11", "Version": "2", "Level": "4", "Task": "11", "Opcode": "0", "Keywords": "0x8000000000000000", "TimeCreated": {"SystemTime": "2022-03-09 21:33:49.994246"}, "EventRecordID": "587772", "Correlation": {"ActivityID": "", "RealatedActivityID": ""}, "Execution": {"ProcessID": "4832", "ThreadID": "6964"}, "Channel": "Microsoft-Windows-Sysmon/Operational", "Computer": "MSI", "Security": {"UserID": "S-1-5-18"}}, "Event Data": {"RuleName": "Downloads", "UtcTime": "2022-03-09 21:33:49.993", "ProcessGuid": "{7590a8e8-1c27-6229-a266-000000003000}", "ProcessId": "30844", "Image": "C:\\Program Files\\Microsoft Visual Studio\\2022\\Community\\Common7\\IDE\\devenv.exe", "TargetFilename": "C:\\Users\\Annie\\Downloads\\viz-attackhost-master\\viz-attackhost-master\\.vs\\slnx.sqlite-journal", "CreationUtcTime": "2022-03-09 21:33:49.992", "User": "MSI\\Annie"}}
{"Record": "2", "System": {"EventID": "1", "Version": "5", "Level": "4", "Task": "1", "Opcode": "0", "Keywords": "0x8000000000000000", "TimeCreated": {"SystemTime": "2022-03-09 21:33:50.074152"}, "EventRecordID": "587773", "Correlation": {"ActivityID": "", "RealatedActivityID": ""}, "Execution": {"ProcessID": "4832", "ThreadID": "6964"}, "Channel": "Microsoft-Windows-Sysmon/Operational", "Computer": "MSI", "Security": {"UserID": "S-1-5-18"}}, "Event Data": {"RuleName": "-", "UtcTime": "2022-03-09 21:33:50.068", "ProcessGuid": "{7590a8e8-1d3e-6229-3467-000000003000}", "ProcessId": "14832", "Image": "C:\\Windows\\System32\\WindowsPowerShell\\v1.0\\powershell.exe", "FileVersion": "10.0.19041.546 (WinBuild.160101.0800)", "Description": "Windows PowerShell", "Product": "Microsoft&#174; Windows&#174; Operating System", "Company": "Microsoft Corporation", "OriginalFileName": "PowerShell.EXE", "CommandLine": "powershell.exe \"C:/Users/Annie/Downloads/viz-attackhost-master/viz-attackhost-master/powershell/Attack-Script-T1087_001_10.ps1 C:/Users/Annie/Downloads/viz-attackhost-master/viz-attackhost-master/data/output/AttackResults/Attack-T1087_001_10-1.out\"", "CurrentDirectory": "C:\\Users\\Annie\\Downloads\\viz-attackhost-master\\viz-attackhost-master\\", "User": "MSI\\Annie", "LogonGuid": "{7590a8e8-2479-6225-2b24-731900000000}", "LogonId": "0x000000001973242b", "TerminalSessionId": "8", "IntegrityLevel": "Medium", "Hashes": "MD5=04029E121A0CFA5991749937DD22A1D9,SHA256=9F914D42706FE215501044ACD85A32D58AAEF1419D404FDDFA5D3B48F66CCD9F,IMPHASH=7C955A0ABC747F57CCC4324480737EF7", "ParentProcessGuid": "{7590a8e8-1c55-6229-eb66-000000003000}", "ParentProcessId": "13004", "ParentImage": "C:\\Users\\Annie\\anaconda3\\python.exe", "ParentCommandLine": "C:\\Users\\Annie\\anaconda3\\python.exe C:\\Users\\Annie\\Downloads\\viz-attackhost-master\\viz-attackhost-master\\app.py", "ParentUser": "MSI\\Annie"}}
{"Record": "3", "System": {"EventID": "11", "Version": "2", "Level": "4", "Task": "11", "Opcode": "0", "Keywords": "0x8000000000000000", "TimeCreated": {"SystemTime": "2022-03-09 21:33:50.324345"}, "EventRecordID": "587774", "Correlation": {"ActivityID": "", "RealatedActivityID": ""}, "Execution": {"ProcessID": "4832", "ThreadID": "6964"}, "Channel": "Microsoft-Windows-Sysmon/Operational", "Computer": "MSI", "Security": {"UserID": "S-1-5-18"}}, "Event Data": {"RuleName": "-", "UtcTime": "2022-03-09 21:33:50.323", "ProcessGuid": "{7590a8e8-1d3e-6229-3467-000000003000}", "ProcessId": "14832", "Image": "C:\\Windows\\System32\\WindowsPowerShell\\v1.0\\powershell.exe", "TargetFilename": "C:\\Users\\Annie\\AppData\\Local\\Temp\\__PSScriptPolicyTest_3c01ih0b.tic.ps1", "CreationUtcTime": "2022-03-09 21:33:50.322", "User": "MSI\\Annie"}}
{"Record": "4", "System": {"EventID": "22", "Version": "5", "Level": "4", "Task": "22", "Opcode": "0", "Keywords": "0x8000000000000000", "TimeCreated": {"SystemTime": "2022-03-09 21:33:54.914152"}, "EventRecordID": "587775", "Correlation": {"ActivityID": "", "RealatedActivityID": ""}, "Execution": {"ProcessID": "4832", "ThreadID": "6988"}, "Channel": "Microsoft-Windows-Sysmon/Operational", "Computer": "MSI", "Security": {"UserID": "S-1-5-18"}}, "Event Data": {"RuleName": "-", "UtcTime": "2022-03-09 21:35:30.990", "ProcessGuid": "{7590a8e8-1c54-6229-e766-000000003000}", "ProcessId": "32748", "QueryName": "2022-03-09 21:35:30.990", "QueryStatus": "{7590a8e8-1c54-6229-e766-000000003000}", "QueryResults": "32748", "Image": "C:\\Program Files\\Google\\Chrome\\Application\\chrome.exe", "User": "MSI\\Annie"}}
{"Record": "5", "System": {"EventID": "11", "Version": "2", "Level": "4", "Task": "11", "Opcode": "0", "Keywords": "0x8000000000000000", "TimeCreated": {"SystemTime": "2022-03-09 21:34:00.291834"}, "EventRecordID": "587776", "Correlation": {"ActivityID": "", "RealatedActivityID": ""}, "Execution": {"ProcessID": "4832", "ThreadID": "6964"}, "Channel": "Microsoft-Windows-Sysmon/Operational", "Computer": "MSI", "Security": {"UserID": "S-1-5-18"}}, "Event Data": {"RuleName": "Downloads", "UtcTime": "2022-03-09 21:34:00.291", "ProcessGuid": "{7590a8e8-1d3e-6229-3467-000000003000}", "ProcessId": "14832", "Image": "C:\\Windows\\System32\\WindowsPowerShell\\v1.0\\powershell.exe", "TargetFilename": "C:\\Users\\Annie\\Downloads\\viz-attackhost-master\\viz-attackhost-master\\data\\output\\AttackResults\\Attack-T1087_001_10-1.out", "CreationUtcTime": "2022-03-09 21:34:00.290", "User": "MSI\\Annie"}}
{"Record": "6", "System": {"EventID": "1", "Version": "5", "Level": "4", "Task": "1", "Opcode": "0", "Keywords": "0x8000000000000000", "TimeCreated": {"SystemTime": "2022-03-09 21:34:00.319016"}, "EventRecordID": "587777", "Correlation": {"ActivityID": "", "RealatedActivityID": ""}, "Execution": {"ProcessID": "4832", "ThreadID": "6964"}, "Channel": "Microsoft-Windows-Sysmon/Operational", "Computer": "MSI", "Security": {"UserID": "S-1-5-18"}}, "Event Data": {"RuleName": "-", "UtcTime": "2022-03-09 21:34:00.314", "ProcessGuid": "{7590a8e8-1d48-6229-3567-000000003000}", "ProcessId": "7408", "Image": "C:\\Windows\\System32\\cmd.exe", "FileVersion": "10.0.19041.746 (WinBuild.160101.0800)", "Description": "Windows Command Processor", "Product": "Microsoft&#174; Windows&#174; Operating System", "Company": "Microsoft Corporation", "OriginalFileName": "Cmd.Exe", "CommandLine": "\"C:\\Windows\\system32\\cmd.exe\" /c \"query user\"", "CurrentDirectory": "C:\\Users\\Annie\\Downloads\\viz-attackhost-master\\viz-attackhost-master\\", "User": "MSI\\Annie", "LogonGuid": "{7590a8e8-2479-6225-2b24-731900000000}", "LogonId": "0x000000001973242b", "TerminalSessionId": "8", "IntegrityLevel": "Medium", "Hashes": "MD5=8A2122E8162DBEF04694B9C3E0B6CDEE,SHA256=B99D61D874728EDC0918CA0EB10EAB93D381E7367E377406E65963366C874450,IMPHASH=272245E2988E1E430500B852C4FB5E18", "ParentProcessGuid": "{7590a8e8-1d3e-6229-3467-000000003000}", "ParentProcessId": "14832", "ParentImage": "C:\\Windows\\System32\\WindowsPowerShell\\v1.0\\powershell.exe", "ParentCommandLine": "powershell.exe \"C:/Users/Annie/Downloads/viz-attackhost-master/viz-attackhost-master/powershell/Attack-Script-T1087_001_10.ps1 C:/Users/Annie/Downloads/viz-attackhost-master/viz-attackhost-master/data/output/AttackResults/Attack-T1087_001_10-1.out\"", "ParentUser": "MSI\\Annie"}}
{"Record": "7", "System": {"EventID": "11", "Version": "2", "Level": "4", "Task": "11", "Opcode": "0", "Keywords": "0x8000000000000000", "TimeCreated": {"SystemTime": "2022-03-09 21:34:00.402622"}, "EventRecordID": "587778", "Correlation": {"ActivityID": "", "RealatedActivityID": ""}, "Execution": {"ProcessID": "4832", "ThreadID": "6964"}, "Channel": "Microsoft-Windows-Sysmon/Operational", "Computer": "MSI", "Security": {"UserID": "S-1-5-18"}}, "Event Data": {"RuleName": "Downloads", "UtcTime": "2022-03-09 21:34:00.402", "ProcessGuid": "{7590a8e8-1c27-6229-a266-000000003000}", "ProcessId": "30844", "Image": "C:\\Program Files\\Microsoft Visual Studio\\2022\\Community\\Common7\\IDE\\devenv.exe", "TargetFilename": "C:\\Users\\Annie\\Downloads\\viz-attackhost-master\\viz-attackhost-master\\.vs\\slnx.sqlite-journal", "CreationUtcTime": "2022-03-09 21:34:00.401", "User": "MSI\\Annie"}}
{"Record": "8", "System": {"EventID": "11", "Version": "2", "Level": "4", "Task": "11", "Opcode": "0", "Keywords": "0x8000000000000000", "TimeCreated": {"SystemTime": "2022-03-09 21:34:00.415936"}, "EventRecordID": "587779", "Correlation": {"ActivityID": "", "RealatedActivityID": ""}, "Execution": {"ProcessID": "4832", "ThreadID": "6964"}, "Channel": "Microsoft-Windows-Sysmon/Operational", "Computer": "MSI", "Security": {"UserID": "S-1-5-18"}}, "Event Data": {"RuleName": "Downloads", "UtcTime": "2022-03-09 21:34:00.415", "ProcessGuid": "{7590a8e8-1c27-6229-a266-000000003000}", "ProcessId": "30844", "Image": "C:\\Program Files\\Microsoft Visual Studio\\2022\\Community\\Common7\\IDE\\devenv.exe", "TargetFilename": "C:\\Users\\Annie\\Downloads\\viz-attackhost-master\\viz-attackhost-master\\.vs\\slnx.sqlite-journal", "CreationUtcTime": "2022-03-09 21:34:00.401", "User": "MSI\\Annie"}}
{"Record": "9", "System": {"EventID": "11", "Version": "2", "Level": "4", "Task": "11", "Opcode": "0", "Keywords": "0x8000000000000000", "TimeCreated": {"SystemTime": "2022-03-09 21:34:00.428688"}, "EventRecordID": "587780", "Correlation": {"ActivityID": "", "RealatedActivityID": ""}, "Execution": {"ProcessID": "4832", "ThreadID": "6964"}, "Channel": "Microsoft-Windows-Sysmon/Operational", "Computer": "MSI", "Security": {"UserID": "S-1-5-18"}}, "Event Data": {"RuleName": "Downloads", "UtcTime": "2022-03-09 21:34:00.427", "ProcessGuid": "{7590a8e8-1c27-6229-a266-000000003000}", "ProcessId": "30844", "Image": "C:\\Program Files\\Microsoft Visual Studio\\2022\\Community\\Common7\\IDE\\devenv.exe", "TargetFilename": "C:\\Users\\Annie\\Downloads\\viz-attackhost-master\\viz-attackhost-master\\.vs\\slnx.sqlite-journal", "CreationUtcTime": "2022-03-09 21:34:00.401", "User": "MSI\\Annie"}}
{"Record": "10", "System": {"EventID": "11", "Version": "2", "Level": "4", "Task": "11", "Opcode": "0", "Keywords": "0x8000000000000000", "TimeCreated": {"SystemTime": "2022-03-09 21:34:00.440643"}, "EventRecordID": "587781", "Correlation": {"ActivityID": "", "RealatedActivityID": ""}, "Execution": {"ProcessID": "4832", "ThreadID": "6964"}, "Channel": "Microsoft-Windows-Sysmon/Operational", "Computer": "MSI", "Security": {"UserID": "S-1-5-18"}}, "Event Data": {"RuleName": "Downloads", "UtcTime": "2022-03-09 21:34:00.439", "ProcessGuid": "{7590a8e8-1c27-6229-a266-000000003000}", "ProcessId": "30844", "Image": "C:\\Program Files\\Microsoft Visual Studio\\2022\\Community\\Common7\\IDE\\devenv.exe", "TargetFilename": "C:\\Users\\Annie\\Downloads\\viz-attackhost-master\\viz-attackhost-master\\.vs\\slnx.sqlite-journal", "CreationUtcTime": "2022-03-09 21:34:00.401", "User": "MSI\\Annie"}}
