{"Record": "1", "System": {"EventID": "1", "Version": "5", "Level": "4", "Task": "1", "Opcode": "0", "Keywords": "0x8000000000000000", "TimeCreated": {"SystemTime": "2022-03-10 04:48:39.005983"}, "EventRecordID": "588211", "Correlation": {"ActivityID": "", "RealatedActivityID": ""}, "Execution": {"ProcessID": "4832", "ThreadID": "6964"}, "Channel": "Microsoft-Windows-Sysmon/Operational", "Computer": "MSI", "Security": {"UserID": "S-1-5-18"}}, "Event Data": {"RuleName": "-", "UtcTime": "2022-03-10 04:48:39.002", "ProcessGuid": "{7590a8e8-8327-6229-9068-000000003000}", "ProcessId": "29008", "Image": "C:\\Windows\\System32\\WindowsPowerShell\\v1.0\\powershell.exe", "FileVersion": "10.0.19041.546 (WinBuild.160101.0800)", "Description": "Windows PowerShell", "Product": "Microsoft&#174; Windows&#174; Operating System", "Company": "Microsoft Corporation", "OriginalFileName": "PowerShell.EXE", "CommandLine": "powershell.exe \"C:/Users/Annie/Downloads/viz-attackhost-master/viz-attackhost-master/powershell/Attack-Script-T1135_5.ps1 C:/Users/Annie/Downloads/viz-attackhost-master/viz-attackhost-master/data/output/AttackResults/Attack-T1135_5-1.out\"", "CurrentDirectory": "C:\\Users\\Annie\\Downloads\\viz-attackhost-master\\viz-attackhost-master\\", "User": "MSI\\Annie", "LogonGuid": "{7590a8e8-2479-6225-2b24-731900000000}", "LogonId": "0x000000001973242b", "TerminalSessionId": "8", "IntegrityLevel": "Medium", "Hashes": "MD5=04029E121A0CFA5991749937DD22A1D9,SHA256=9F914D42706FE215501044ACD85A32D58AAEF1419D404FDDFA5D3B48F66CCD9F,IMPHASH=7C955A0ABC747F57CCC4324480737EF7", "ParentProcessGuid": "{7590a8e8-8291-6229-7c68-000000003000}", "ParentProcessId": "15704", "ParentImage": "C:\\Users\\Annie\\anaconda3\\python.exe", "ParentCommandLine": "C:\\Users\\Annie\\anaconda3\\python.exe C:\\Users\\Annie\\Downloads\\viz-attackhost-master\\viz-attackhost-master\\app.py", "ParentUser": "MSI\\Annie"}}
{"Record": "2", "System": {"EventID": "11", "Version": "2", "Level": "4", "Task": "11", "Opcode": "0", "Keywords": "0x8000000000000000", "TimeCreated": {"SystemTime": "2022-03-10 04:48:39.125210"}, "EventRecordID": "588212", "Correlation": {"ActivityID": "", "RealatedActivityID": ""}, "Execution": {"ProcessID": "4832", "ThreadID": "6964"}, "Channel": "Microsoft-Windows-Sysmon/Operational", "Computer": "MSI", "Security": {"UserID": "S-1-5-18"}}, "Event Data": {"RuleName": "Downloads", "UtcTime": "2022-03-10 04:48:39.124", "ProcessGuid": "{7590a8e8-1c27-6229-a266-000000003000}", "ProcessId": "30844", "Image": "C:\\Program Files\\Microsoft Visual Studio\\2022\\Community\\Common7\\IDE\\devenv.exe", "TargetFilename": "C:\\Users\\Annie\\Downloads\\viz-attackhost-master\\viz-attackhost-master\\.vs\\slnx.sqlite-journal", "CreationUtcTime": "2022-03-10 04:48:39.123", "User": "MSI\\Annie"}}
{"Record": "3", "System": {"EventID": "11", "Version": "2", "Level": "4", "Task": "11", "Opcode": "0", "Keywords": "0x8000000000000000", "TimeCreated": {"SystemTime": "2022-03-10 04:48:39.177279"}, "EventRecordID": "588213", "Correlation": {"ActivityID": "", "RealatedActivityID": ""}, "Execution": {"ProcessID": "4832", "ThreadID": "6964"}, "Channel": "Microsoft-Windows-Sysmon/Operational", "Computer": "MSI", "Security": {"UserID": "S-1-5-18"}}, "Event Data": {"RuleName": "-", "UtcTime": "2022-03-10 04:48:39.176", "ProcessGuid": "{7590a8e8-8327-6229-9068-000000003000}", "ProcessId": "29008", "Image": "C:\\Windows\\System32\\WindowsPowerShell\\v1.0\\powershell.exe", "TargetFilename": "C:\\Users\\Annie\\AppData\\Local\\Temp\\__PSScriptPolicyTest_4tigdpo5.4ve.ps1", "CreationUtcTime": "2022-03-10 04:48:39.175", "User": "MSI\\Annie"}}
{"Record": "4", "System": {"EventID": "5", "Version": "3", "Level": "4", "Task": "5", "Opcode": "0", "Keywords": "0x8000000000000000", "TimeCreated": {"SystemTime": "2022-03-10 04:48:42.071154"}, "EventRecordID": "588214", "Correlation": {"ActivityID": "", "RealatedActivityID": ""}, "Execution": {"ProcessID": "4832", "ThreadID": "6964"}, "Channel": "Microsoft-Windows-Sysmon/Operational", "Computer": "MSI", "Security": {"UserID": "S-1-5-18"}}, "Event Data": {"RuleName": "-", "UtcTime": "2022-03-10 04:48:42.070", "ProcessGuid": "{7590a8e8-7fa3-6229-4668-000000003000}", "ProcessId": "29820", "Image": "C:\\Users\\Annie\\AppData\\Local\\Google\\Chrome\\User Data\\SwReporter\\97.278.200\\software_reporter_tool.exe", "User": "MSI\\Annie"}}
{"Record": "5", "System": {"EventID": "5", "Version": "3", "Level": "4", "Task": "5", "Opcode": "0", "Keywords": "0x8000000000000000", "TimeCreated": {"SystemTime": "2022-03-10 04:48:42.075808"}, "EventRecordID": "588215", "Correlation": {"ActivityID": "", "RealatedActivityID": ""}, "Execution": {"ProcessID": "4832", "ThreadID": "6964"}, "Channel": "Microsoft-Windows-Sysmon/Operational", "Computer": "MSI", "Security": {"UserID": "S-1-5-18"}}, "Event Data": {"RuleName": "-", "UtcTime": "2022-03-10 04:48:42.075", "ProcessGuid": "{7590a8e8-7fa5-6229-4a68-000000003000}", "ProcessId": "4916", "Image": "C:\\Users\\Annie\\AppData\\Local\\Google\\Chrome\\User Data\\SwReporter\\97.278.200\\software_reporter_tool.exe", "User": "MSI\\Annie"}}
{"Record": "6", "System": {"EventID": "5", "Version": "3", "Level": "4", "Task": "5", "Opcode": "0", "Keywords": "0x8000000000000000", "TimeCreated": {"SystemTime": "2022-03-10 04:48:42.076748"}, "EventRecordID": "588216", "Correlation": {"ActivityID": "", "RealatedActivityID": ""}, "Execution": {"ProcessID": "4832", "ThreadID": "6964"}, "Channel": "Microsoft-Windows-Sysmon/Operational", "Computer": "MSI", "Security": {"UserID": "S-1-5-18"}}, "Event Data": {"RuleName": "-", "UtcTime": "2022-03-10 04:48:42.076", "ProcessGuid": "{7590a8e8-7fa4-6229-4968-000000003000}", "ProcessId": "5608", "Image": "C:\\Users\\Annie\\AppData\\Local\\Google\\Chrome\\User Data\\SwReporter\\97.278.200\\software_reporter_tool.exe", "User": "MSI\\Annie"}}
{"Record": "7", "System": {"EventID": "5", "Version": "3", "Level": "4", "Task": "5", "Opcode": "0", "Keywords": "0x8000000000000000", "TimeCreated": {"SystemTime": "2022-03-10 04:48:42.094999"}, "EventRecordID": "588217", "Correlation": {"ActivityID": "", "RealatedActivityID": ""}, "Execution": {"ProcessID": "4832", "ThreadID": "6964"}, "Channel": "Microsoft-Windows-Sysmon/Operational", "Computer": "MSI", "Security": {"UserID": "S-1-5-18"}}, "Event Data": {"RuleName": "-", "UtcTime": "2022-03-10 04:48:42.094", "ProcessGuid": "{7590a8e8-7fa4-6229-4868-000000003000}", "ProcessId": "5688", "Image": "C:\\Users\\Annie\\AppData\\Local\\Google\\Chrome\\User Data\\SwReporter\\97.278.200\\software_reporter_tool.exe", "User": "MSI\\Annie"}}
{"Record": "8", "System": {"EventID": "11", "Version": "2", "Level": "4", "Task": "11", "Opcode": "0", "Keywords": "0x8000000000000000", "TimeCreated": {"SystemTime": "2022-03-10 04:48:50.432892"}, "EventRecordID": "588218", "Correlation": {"ActivityID": "", "RealatedActivityID": ""}, "Execution": {"ProcessID": "4832", "ThreadID": "6964"}, "Channel": "Microsoft-Windows-Sysmon/Operational", "Computer": "MSI", "Security": {"UserID": "S-1-5-18"}}, "Event Data": {"RuleName": "Downloads", "UtcTime": "2022-03-10 04:48:50.432", "ProcessGuid": "{7590a8e8-8327-6229-9068-000000003000}", "ProcessId": "29008", "Image": "C:\\Windows\\System32\\WindowsPowerShell\\v1.0\\powershell.exe", "TargetFilename": "C:\\Users\\Annie\\Downloads\\viz-attackhost-master\\viz-attackhost-master\\data\\output\\AttackResults\\Attack-T1135_5-1.out", "CreationUtcTime": "2022-03-10 04:48:50.431", "User": "MSI\\Annie"}}
{"Record": "9", "System": {"EventID": "1", "Version": "5", "Level": "4", "Task": "1", "Opcode": "0", "Keywords": "0x8000000000000000", "TimeCreated": {"SystemTime": "2022-03-10 04:48:50.447182"}, "EventRecordID": "588219", "Correlation": {"ActivityID": "", "RealatedActivityID": ""}, "Execution": {"ProcessID": "4832", "ThreadID": "6964"}, "Channel": "Microsoft-Windows-Sysmon/Operational", "Computer": "MSI", "Security": {"UserID": "S-1-5-18"}}, "Event Data": {"RuleName": "-", "UtcTime": "2022-03-10 04:48:50.444", "ProcessGuid": "{7590a8e8-8332-6229-9168-000000003000}", "ProcessId": "16676", "Image": "C:\\Windows\\System32\\cmd.exe", "FileVersion": "10.0.19041.746 (WinBuild.160101.0800)", "Description": "Windows Command Processor", "Product": "Microsoft&#174; Windows&#174; Operating System", "Company": "Microsoft Corporation", "OriginalFileName": "Cmd.Exe", "CommandLine": "\"C:\\Windows\\system32\\cmd.exe\" /c \"net share\"", "CurrentDirectory": "C:\\Users\\Annie\\Downloads\\viz-attackhost-master\\viz-attackhost-master\\", "User": "MSI\\Annie", "LogonGuid": "{7590a8e8-2479-6225-2b24-731900000000}", "LogonId": "0x000000001973242b", "TerminalSessionId": "8", "IntegrityLevel": "Medium", "Hashes": "MD5=8A2122E8162DBEF04694B9C3E0B6CDEE,SHA256=B99D61D874728EDC0918CA0EB10EAB93D381E7367E377406E65963366C874450,IMPHASH=272245E2988E1E430500B852C4FB5E18", "ParentProcessGuid": "{7590a8e8-8327-6229-9068-000000003000}", "ParentProcessId": "29008", "ParentImage": "C:\\Windows\\System32\\WindowsPowerShell\\v1.0\\powershell.exe", "ParentCommandLine": "powershell.exe \"C:/Users/Annie/Downloads/viz-attackhost-master/viz-attackhost-master/powershell/Attack-Script-T1135_5.ps1 C:/Users/Annie/Downloads/viz-attackhost-master/viz-attackhost-master/data/output/AttackResults/Attack-T1135_5-1.out\"", "ParentUser": "MSI\\Annie"}}
{"Record": "10", "System": {"EventID": "1", "Version": "5", "Level": "4", "Task": "1", "Opcode": "0", "Keywords": "0x8000000000000000", "TimeCreated": {"SystemTime": "2022-03-10 04:48:50.462429"}, "EventRecordID": "588220", "Correlation": {"ActivityID": "", "RealatedActivityID": ""}, "Execution": {"ProcessID": "4832", "ThreadID": "6964"}, "Channel": "Microsoft-Windows-Sysmon/Operational", "Computer": "MSI", "Security": {"UserID": "S-1-5-18"}}, "Event Data": {"RuleName": "-", "UtcTime": "2022-03-10 04:48:50.460", "ProcessGuid": "{7590a8e8-8332-6229-9268-000000003000}", "ProcessId": "12688", "Image": "C:\\Windows\\System32\\net.exe", "FileVersion": "10.0.19041.1 (WinBuild.160101.0800)", "Description": "Net Command", "Product": "Microsoft&#174; Windows&#174; Operating System", "Company": "Microsoft Corporation", "OriginalFileName": "net.exe", "CommandLine": "net  share", "CurrentDirectory": "C:\\Users\\Annie\\Downloads\\viz-attackhost-master\\viz-attackhost-master\\", "User": "MSI\\Annie", "LogonGuid": "{7590a8e8-2479-6225-2b24-731900000000}", "LogonId": "0x000000001973242b", "TerminalSessionId": "8", "IntegrityLevel": "Medium", "Hashes": "MD5=0BD94A338EEA5A4E1F2830AE326E6D19,SHA256=9F376759BCBCD705F726460FC4A7E2B07F310F52BAA73CAAAAA124FDDBDF993E,IMPHASH=57F0C47AE2A1A2C06C8B987372AB0B07", "ParentProcessGuid": "{7590a8e8-8332-6229-9168-000000003000}", "ParentProcessId": "16676", "ParentImage": "C:\\Windows\\System32\\cmd.exe", "ParentCommandLine": "\"C:\\Windows\\system32\\cmd.exe\" /c \"net share\"", "ParentUser": "MSI\\Annie"}}
{"Record": "11", "System": {"EventID": "1", "Version": "5", "Level": "4", "Task": "1", "Opcode": "0", "Keywords": "0x8000000000000000", "TimeCreated": {"SystemTime": "2022-03-10 04:48:50.471640"}, "EventRecordID": "588221", "Correlation": {"ActivityID": "", "RealatedActivityID": ""}, "Execution": {"ProcessID": "4832", "ThreadID": "6964"}, "Channel": "Microsoft-Windows-Sysmon/Operational", "Computer": "MSI", "Security": {"UserID": "S-1-5-18"}}, "Event Data": {"RuleName": "-", "UtcTime": "2022-03-10 04:48:50.469", "ProcessGuid": "{7590a8e8-8332-6229-9368-000000003000}", "ProcessId": "30028", "Image": "C:\\Windows\\System32\\net1.exe", "FileVersion": "10.0.19041.1466 (WinBuild.160101.0800)", "Description": "Net Command", "Product": "Microsoft&#174; Windows&#174; Operating System", "Company": "Microsoft Corporation", "OriginalFileName": "net1.exe", "CommandLine": "C:\\Windows\\system32\\net1  share", "CurrentDirectory": "C:\\Users\\Annie\\Downloads\\viz-attackhost-master\\viz-attackhost-master\\", "User": "MSI\\Annie", "LogonGuid": "{7590a8e8-2479-6225-2b24-731900000000}", "LogonId": "0x000000001973242b", "TerminalSessionId": "8", "IntegrityLevel": "Medium", "Hashes": "MD5=55693DF2BB3CBE2899DFDDF18B4EB8C9,SHA256=18F76BC1F02A161EBDEDF3142273C186D05A836ADDCAAEE599194089FD59F398,IMPHASH=537AEF5B177E3302247DAB07A052B2D8", "ParentProcessGuid": "{7590a8e8-8332-6229-9268-000000003000}", "ParentProcessId": "12688", "ParentImage": "C:\\Windows\\System32\\net.exe", "ParentCommandLine": "net  share", "ParentUser": "MSI\\Annie"}}
{"Record": "12", "System": {"EventID": "11", "Version": "2", "Level": "4", "Task": "11", "Opcode": "0", "Keywords": "0x8000000000000000", "TimeCreated": {"SystemTime": "2022-03-10 04:48:50.540525"}, "EventRecordID": "588222", "Correlation": {"ActivityID": "", "RealatedActivityID": ""}, "Execution": {"ProcessID": "4832", "ThreadID": "6964"}, "Channel": "Microsoft-Windows-Sysmon/Operational", "Computer": "MSI", "Security": {"UserID": "S-1-5-18"}}, "Event Data": {"RuleName": "Downloads", "UtcTime": "2022-03-10 04:48:50.539", "ProcessGuid": "{7590a8e8-1c27-6229-a266-000000003000}", "ProcessId": "30844", "Image": "C:\\Program Files\\Microsoft Visual Studio\\2022\\Community\\Common7\\IDE\\devenv.exe", "TargetFilename": "C:\\Users\\Annie\\Downloads\\viz-attackhost-master\\viz-attackhost-master\\.vs\\slnx.sqlite-journal", "CreationUtcTime": "2022-03-10 04:48:50.539", "User": "MSI\\Annie"}}
{"Record": "13", "System": {"EventID": "11", "Version": "2", "Level": "4", "Task": "11", "Opcode": "0", "Keywords": "0x8000000000000000", "TimeCreated": {"SystemTime": "2022-03-10 04:48:50.551617"}, "EventRecordID": "588223", "Correlation": {"ActivityID": "", "RealatedActivityID": ""}, "Execution": {"ProcessID": "4832", "ThreadID": "6964"}, "Channel": "Microsoft-Windows-Sysmon/Operational", "Computer": "MSI", "Security": {"UserID": "S-1-5-18"}}, "Event Data": {"RuleName": "Downloads", "UtcTime": "2022-03-10 04:48:50.551", "ProcessGuid": "{7590a8e8-1c27-6229-a266-000000003000}", "ProcessId": "30844", "Image": "C:\\Program Files\\Microsoft Visual Studio\\2022\\Community\\Common7\\IDE\\devenv.exe", "TargetFilename": "C:\\Users\\Annie\\Downloads\\viz-attackhost-master\\viz-attackhost-master\\.vs\\slnx.sqlite-journal", "CreationUtcTime": "2022-03-10 04:48:50.539", "User": "MSI\\Annie"}}
{"Record": "14", "System": {"EventID": "11", "Version": "2", "Level": "4", "Task": "11", "Opcode": "0", "Keywords": "0x8000000000000000", "TimeCreated": {"SystemTime": "2022-03-10 04:48:50.561275"}, "EventRecordID": "588224", "Correlation": {"ActivityID": "", "RealatedActivityID": ""}, "Execution": {"ProcessID": "4832", "ThreadID": "6964"}, "Channel": "Microsoft-Windows-Sysmon/Operational", "Computer": "MSI", "Security": {"UserID": "S-1-5-18"}}, "Event Data": {"RuleName": "Downloads", "UtcTime": "2022-03-10 04:48:50.560", "ProcessGuid": "{7590a8e8-1c27-6229-a266-000000003000}", "ProcessId": "30844", "Image": "C:\\Program Files\\Microsoft Visual Studio\\2022\\Community\\Common7\\IDE\\devenv.exe", "TargetFilename": "C:\\Users\\Annie\\Downloads\\viz-attackhost-master\\viz-attackhost-master\\.vs\\slnx.sqlite-journal", "CreationUtcTime": "2022-03-10 04:48:50.539", "User": "MSI\\Annie"}}
{"Record": "15", "System": {"EventID": "11", "Version": "2", "Level": "4", "Task": "11", "Opcode": "0", "Keywords": "0x8000000000000000", "TimeCreated": {"SystemTime": "2022-03-10 04:48:50.570467"}, "EventRecordID": "588225", "Correlation": {"ActivityID": "", "RealatedActivityID": ""}, "Execution": {"ProcessID": "4832", "ThreadID": "6964"}, "Channel": "Microsoft-Windows-Sysmon/Operational", "Computer": "MSI", "Security": {"UserID": "S-1-5-18"}}, "Event Data": {"RuleName": "Downloads", "UtcTime": "2022-03-10 04:48:50.570", "ProcessGuid": "{7590a8e8-1c27-6229-a266-000000003000}", "ProcessId": "30844", "Image": "C:\\Program Files\\Microsoft Visual Studio\\2022\\Community\\Common7\\IDE\\devenv.exe", "TargetFilename": "C:\\Users\\Annie\\Downloads\\viz-attackhost-master\\viz-attackhost-master\\.vs\\slnx.sqlite-journal", "CreationUtcTime": "2022-03-10 04:48:50.539", "User": "MSI\\Annie"}}
{"Record": "16", "System": {"EventID": "11", "Version": "2", "Level": "4", "Task": "11", "Opcode": "0", "Keywords": "0x8000000000000000", "TimeCreated": {"SystemTime": "2022-03-10 04:48:57.204632"}, "EventRecordID": "588226", "Correlation": {"ActivityID": "", "RealatedActivityID": ""}, "Execution": {"ProcessID": "4832", "ThreadID": "6964"}, "Channel": "Microsoft-Windows-Sysmon/Operational", "Computer": "MSI", "Security": {"UserID": "S-1-5-18"}}, "Event Data": {"RuleName": "DLL", "UtcTime": "2022-03-10 04:48:57.203", "ProcessGuid": "{7590a8e8-8336-6229-9668-000000003000}", "ProcessId": "15424", "Image": "C:\\Windows\\system32\\svchost.exe", "TargetFilename": "C:\\Windows\\SoftwareDistribution\\Download\\6b536ede82f3172fc30410f32e886b41\\Metadata\\UpdateAgent.dll", "CreationUtcTime": "2022-03-02 05:31:06.000", "User": "NT AUTHORITY\\SYSTEM"}}
{"Record": "17", "System": {"EventID": "11", "Version": "2", "Level": "4", "Task": "11", "Opcode": "0", "Keywords": "0x8000000000000000", "TimeCreated": {"SystemTime": "2022-03-10 04:48:57.288832"}, "EventRecordID": "588227", "Correlation": {"ActivityID": "", "RealatedActivityID": ""}, "Execution": {"ProcessID": "4832", "ThreadID": "6964"}, "Channel": "Microsoft-Windows-Sysmon/Operational", "Computer": "MSI", "Security": {"UserID": "S-1-5-18"}}, "Event Data": {"RuleName": "DLL", "UtcTime": "2022-03-10 04:48:57.288", "ProcessGuid": "{7590a8e8-8336-6229-9668-000000003000}", "ProcessId": "15424", "Image": "C:\\Windows\\system32\\svchost.exe", "TargetFilename": "C:\\Windows\\SoftwareDistribution\\Download\\6b536ede82f3172fc30410f32e886b41\\Metadata\\dpx.dll", "CreationUtcTime": "2022-03-02 05:30:24.000", "User": "NT AUTHORITY\\SYSTEM"}}
{"Record": "18", "System": {"EventID": "11", "Version": "2", "Level": "4", "Task": "11", "Opcode": "0", "Keywords": "0x8000000000000000", "TimeCreated": {"SystemTime": "2022-03-10 04:48:57.318321"}, "EventRecordID": "588228", "Correlation": {"ActivityID": "", "RealatedActivityID": ""}, "Execution": {"ProcessID": "4832", "ThreadID": "6964"}, "Channel": "Microsoft-Windows-Sysmon/Operational", "Computer": "MSI", "Security": {"UserID": "S-1-5-18"}}, "Event Data": {"RuleName": "DLL", "UtcTime": "2022-03-10 04:48:57.317", "ProcessGuid": "{7590a8e8-8336-6229-9668-000000003000}", "ProcessId": "15424", "Image": "C:\\Windows\\system32\\svchost.exe", "TargetFilename": "C:\\Windows\\SoftwareDistribution\\Download\\6b536ede82f3172fc30410f32e886b41\\Metadata\\Mitigation.dll", "CreationUtcTime": "2022-03-02 11:57:08.000", "User": "NT AUTHORITY\\SYSTEM"}}
{"Record": "19", "System": {"EventID": "11", "Version": "2", "Level": "4", "Task": "11", "Opcode": "0", "Keywords": "0x8000000000000000", "TimeCreated": {"SystemTime": "2022-03-10 04:48:57.330627"}, "EventRecordID": "588229", "Correlation": {"ActivityID": "", "RealatedActivityID": ""}, "Execution": {"ProcessID": "4832", "ThreadID": "6964"}, "Channel": "Microsoft-Windows-Sysmon/Operational", "Computer": "MSI", "Security": {"UserID": "S-1-5-18"}}, "Event Data": {"RuleName": "DLL", "UtcTime": "2022-03-10 04:48:57.329", "ProcessGuid": "{7590a8e8-8336-6229-9668-000000003000}", "ProcessId": "15424", "Image": "C:\\Windows\\system32\\svchost.exe", "TargetFilename": "C:\\Windows\\SoftwareDistribution\\Download\\6b536ede82f3172fc30410f32e886b41\\Metadata\\UAOneSettings.dll", "CreationUtcTime": "2022-03-02 05:42:36.000", "User": "NT AUTHORITY\\SYSTEM"}}
{"Record": "20", "System": {"EventID": "11", "Version": "2", "Level": "4", "Task": "11", "Opcode": "0", "Keywords": "0x8000000000000000", "TimeCreated": {"SystemTime": "2022-03-10 04:48:57.337641"}, "EventRecordID": "588230", "Correlation": {"ActivityID": "", "RealatedActivityID": ""}, "Execution": {"ProcessID": "4832", "ThreadID": "6964"}, "Channel": "Microsoft-Windows-Sysmon/Operational", "Computer": "MSI", "Security": {"UserID": "S-1-5-18"}}, "Event Data": {"RuleName": "DLL", "UtcTime": "2022-03-10 04:48:57.336", "ProcessGuid": "{7590a8e8-8336-6229-9668-000000003000}", "ProcessId": "15424", "Image": "C:\\Windows\\system32\\svchost.exe", "TargetFilename": "C:\\Windows\\SoftwareDistribution\\Download\\6b536ede82f3172fc30410f32e886b41\\Metadata\\wcp.dll", "CreationUtcTime": "2022-03-02 05:30:48.000", "User": "NT AUTHORITY\\SYSTEM"}}
{"Record": "21", "System": {"EventID": "11", "Version": "2", "Level": "4", "Task": "11", "Opcode": "0", "Keywords": "0x8000000000000000", "TimeCreated": {"SystemTime": "2022-03-10 04:48:57.432482"}, "EventRecordID": "588231", "Correlation": {"ActivityID": "", "RealatedActivityID": ""}, "Execution": {"ProcessID": "4832", "ThreadID": "6964"}, "Channel": "Microsoft-Windows-Sysmon/Operational", "Computer": "MSI", "Security": {"UserID": "S-1-5-18"}}, "Event Data": {"RuleName": "DLL", "UtcTime": "2022-03-10 04:48:57.431", "ProcessGuid": "{7590a8e8-8336-6229-9668-000000003000}", "ProcessId": "15424", "Image": "C:\\Windows\\system32\\svchost.exe", "TargetFilename": "C:\\Windows\\SoftwareDistribution\\Download\\6b536ede82f3172fc30410f32e886b41\\Metadata\\TurboStack.dll", "CreationUtcTime": "2022-03-02 05:30:36.000", "User": "NT AUTHORITY\\SYSTEM"}}
{"Record": "22", "System": {"EventID": "11", "Version": "2", "Level": "4", "Task": "11", "Opcode": "0", "Keywords": "0x8000000000000000", "TimeCreated": {"SystemTime": "2022-03-10 04:48:57.468027"}, "EventRecordID": "588232", "Correlation": {"ActivityID": "", "RealatedActivityID": ""}, "Execution": {"ProcessID": "4832", "ThreadID": "6964"}, "Channel": "Microsoft-Windows-Sysmon/Operational", "Computer": "MSI", "Security": {"UserID": "S-1-5-18"}}, "Event Data": {"RuleName": "DLL", "UtcTime": "2022-03-10 04:48:57.467", "ProcessGuid": "{7590a8e8-8336-6229-9668-000000003000}", "ProcessId": "15424", "Image": "C:\\Windows\\system32\\svchost.exe", "TargetFilename": "C:\\Windows\\SoftwareDistribution\\Download\\6b536ede82f3172fc30410f32e886b41\\Metadata\\ReserveManager.dll", "CreationUtcTime": "2022-03-02 05:30:36.000", "User": "NT AUTHORITY\\SYSTEM"}}
{"Record": "23", "System": {"EventID": "11", "Version": "2", "Level": "4", "Task": "11", "Opcode": "0", "Keywords": "0x8000000000000000", "TimeCreated": {"SystemTime": "2022-03-10 04:48:57.485386"}, "EventRecordID": "588233", "Correlation": {"ActivityID": "", "RealatedActivityID": ""}, "Execution": {"ProcessID": "4832", "ThreadID": "6964"}, "Channel": "Microsoft-Windows-Sysmon/Operational", "Computer": "MSI", "Security": {"UserID": "S-1-5-18"}}, "Event Data": {"RuleName": "DLL", "UtcTime": "2022-03-10 04:48:57.484", "ProcessGuid": "{7590a8e8-8336-6229-9668-000000003000}", "ProcessId": "15424", "Image": "C:\\Windows\\system32\\svchost.exe", "TargetFilename": "C:\\Windows\\SoftwareDistribution\\Download\\6b536ede82f3172fc30410f32e886b41\\Metadata\\WinREAgent.dll", "CreationUtcTime": "2022-03-02 11:51:24.000", "User": "NT AUTHORITY\\SYSTEM"}}
{"Record": "24", "System": {"EventID": "11", "Version": "2", "Level": "4", "Task": "11", "Opcode": "0", "Keywords": "0x8000000000000000", "TimeCreated": {"SystemTime": "2022-03-10 04:49:00.346579"}, "EventRecordID": "588234", "Correlation": {"ActivityID": "", "RealatedActivityID": ""}, "Execution": {"ProcessID": "4832", "ThreadID": "6964"}, "Channel": "Microsoft-Windows-Sysmon/Operational", "Computer": "MSI", "Security": {"UserID": "S-1-5-18"}}, "Event Data": {"RuleName": "DLL", "UtcTime": "2022-03-10 04:49:00.345", "ProcessGuid": "{7590a8e8-8336-6229-9668-000000003000}", "ProcessId": "15424", "Image": "C:\\Windows\\system32\\svchost.exe", "TargetFilename": "C:\\Windows\\SoftwareDistribution\\Download\\72df54dde6ca2a40182f4712c8a9e0ec\\Metadata\\UpdateAgent.dll", "CreationUtcTime": "2022-01-27 06:28:34.000", "User": "NT AUTHORITY\\SYSTEM"}}
{"Record": "25", "System": {"EventID": "11", "Version": "2", "Level": "4", "Task": "11", "Opcode": "0", "Keywords": "0x8000000000000000", "TimeCreated": {"SystemTime": "2022-03-10 04:49:00.458496"}, "EventRecordID": "588235", "Correlation": {"ActivityID": "", "RealatedActivityID": ""}, "Execution": {"ProcessID": "4832", "ThreadID": "6964"}, "Channel": "Microsoft-Windows-Sysmon/Operational", "Computer": "MSI", "Security": {"UserID": "S-1-5-18"}}, "Event Data": {"RuleName": "DLL", "UtcTime": "2022-03-10 04:49:00.457", "ProcessGuid": "{7590a8e8-8336-6229-9668-000000003000}", "ProcessId": "15424", "Image": "C:\\Windows\\system32\\svchost.exe", "TargetFilename": "C:\\Windows\\SoftwareDistribution\\Download\\72df54dde6ca2a40182f4712c8a9e0ec\\Metadata\\ExeUpdateAgent.dll", "CreationUtcTime": "2022-01-27 06:47:18.000", "User": "NT AUTHORITY\\SYSTEM"}}
{"Record": "26", "System": {"EventID": "11", "Version": "2", "Level": "4", "Task": "11", "Opcode": "0", "Keywords": "0x8000000000000000", "TimeCreated": {"SystemTime": "2022-03-10 04:49:00.509748"}, "EventRecordID": "588236", "Correlation": {"ActivityID": "", "RealatedActivityID": ""}, "Execution": {"ProcessID": "4832", "ThreadID": "6964"}, "Channel": "Microsoft-Windows-Sysmon/Operational", "Computer": "MSI", "Security": {"UserID": "S-1-5-18"}}, "Event Data": {"RuleName": "DLL", "UtcTime": "2022-03-10 04:49:00.508", "ProcessGuid": "{7590a8e8-8336-6229-9668-000000003000}", "ProcessId": "15424", "Image": "C:\\Windows\\system32\\svchost.exe", "TargetFilename": "C:\\Windows\\SoftwareDistribution\\Download\\72df54dde6ca2a40182f4712c8a9e0ec\\Metadata\\Dpx.dll", "CreationUtcTime": "2022-01-27 06:28:34.000", "User": "NT AUTHORITY\\SYSTEM"}}
{"Record": "27", "System": {"EventID": "11", "Version": "2", "Level": "4", "Task": "11", "Opcode": "0", "Keywords": "0x8000000000000000", "TimeCreated": {"SystemTime": "2022-03-10 04:49:00.546093"}, "EventRecordID": "588237", "Correlation": {"ActivityID": "", "RealatedActivityID": ""}, "Execution": {"ProcessID": "4832", "ThreadID": "6964"}, "Channel": "Microsoft-Windows-Sysmon/Operational", "Computer": "MSI", "Security": {"UserID": "S-1-5-18"}}, "Event Data": {"RuleName": "DLL", "UtcTime": "2022-03-10 04:49:00.544", "ProcessGuid": "{7590a8e8-8336-6229-9668-000000003000}", "ProcessId": "15424", "Image": "C:\\Windows\\system32\\svchost.exe", "TargetFilename": "C:\\Windows\\SoftwareDistribution\\Download\\72df54dde6ca2a40182f4712c8a9e0ec\\Metadata\\Mitigation.dll", "CreationUtcTime": "2022-01-27 23:22:08.000", "User": "NT AUTHORITY\\SYSTEM"}}
{"Record": "28", "System": {"EventID": "11", "Version": "2", "Level": "4", "Task": "11", "Opcode": "0", "Keywords": "0x8000000000000000", "TimeCreated": {"SystemTime": "2022-03-10 04:49:00.563366"}, "EventRecordID": "588238", "Correlation": {"ActivityID": "", "RealatedActivityID": ""}, "Execution": {"ProcessID": "4832", "ThreadID": "6964"}, "Channel": "Microsoft-Windows-Sysmon/Operational", "Computer": "MSI", "Security": {"UserID": "S-1-5-18"}}, "Event Data": {"RuleName": "DLL", "UtcTime": "2022-03-10 04:49:00.562", "ProcessGuid": "{7590a8e8-8336-6229-9668-000000003000}", "ProcessId": "15424", "Image": "C:\\Windows\\system32\\svchost.exe", "TargetFilename": "C:\\Windows\\SoftwareDistribution\\Download\\72df54dde6ca2a40182f4712c8a9e0ec\\Metadata\\UAOneSettings.dll", "CreationUtcTime": "2022-01-27 06:47:18.000", "User": "NT AUTHORITY\\SYSTEM"}}
{"Record": "29", "System": {"EventID": "22", "Version": "5", "Level": "4", "Task": "22", "Opcode": "0", "Keywords": "0x8000000000000000", "TimeCreated": {"SystemTime": "2022-03-10 04:49:02.936131"}, "EventRecordID": "588239", "Correlation": {"ActivityID": "", "RealatedActivityID": ""}, "Execution": {"ProcessID": "4832", "ThreadID": "6988"}, "Channel": "Microsoft-Windows-Sysmon/Operational", "Computer": "MSI", "Security": {"UserID": "S-1-5-18"}}, "Event Data": {"RuleName": "-", "UtcTime": "2022-03-10 04:50:41.763", "ProcessGuid": "{7590a8e8-1c39-6229-b866-000000003000}", "ProcessId": "29828", "QueryName": "2022-03-10 04:50:41.763", "QueryStatus": "{7590a8e8-1c39-6229-b866-000000003000}", "QueryResults": "29828", "Image": "C:\\Program Files\\Microsoft Visual Studio\\2022\\Community\\Common7\\ServiceHub\\Hosts\\ServiceHub.Host.CLR.x86\\ServiceHub.Host.CLR.x86.exe", "User": "MSI\\Annie"}}
