{"Record": "1", "System": {"EventID": "1", "Version": "5", "Level": "4", "Task": "1", "Opcode": "0", "Keywords": "0x8000000000000000", "TimeCreated": {"SystemTime": "2022-04-20 06:23:04.306484"}, "EventRecordID": "877584", "Correlation": {"ActivityID": "", "RealatedActivityID": ""}, "Execution": {"ProcessID": "5992", "ThreadID": "8020"}, "Channel": "Microsoft-Windows-Sysmon/Operational", "Computer": "MSI", "Security": {"UserID": "S-1-5-18"}}, "Event Data": {"RuleName": "-", "UtcTime": "2022-04-20 06:23:04.304", "ProcessGuid": "{7590a8e8-a6c8-625f-5b8d-000000003600}", "ProcessId": "15752", "Image": "C:\\Windows\\System32\\WindowsPowerShell\\v1.0\\powershell.exe", "FileVersion": "10.0.19041.546 (WinBuild.160101.0800)", "Description": "Windows PowerShell", "Product": "Microsoft&#174; Windows&#174; Operating System", "Company": "Microsoft Corporation", "OriginalFileName": "PowerShell.EXE", "CommandLine": "powershell.exe \"C:\\Users\\Annie\\Desktop\\attackhost_v_1_0_2DEV\\powershell\\discovery\\Attack-Script-T1018_11.ps1 C:\\Users\\Annie\\Desktop\\attackhost_v_1_0_2DEV\\data\\output\\AttackResults\\Attack-T1018_11-1.out\"", "CurrentDirectory": "C:\\Users\\Annie\\Desktop\\attackhost_v_1_0_2DEV\\", "User": "MSI\\Annie", "LogonGuid": "{7590a8e8-5540-625f-cdb4-c80f00000000}", "LogonId": "0x000000000fc8b4cd", "TerminalSessionId": "5", "IntegrityLevel": "High", "Hashes": "MD5=04029E121A0CFA5991749937DD22A1D9,SHA256=9F914D42706FE215501044ACD85A32D58AAEF1419D404FDDFA5D3B48F66CCD9F,IMPHASH=7C955A0ABC747F57CCC4324480737EF7", "ParentProcessGuid": "{7590a8e8-a2a8-625f-988b-000000003600}", "ParentProcessId": "20360", "ParentImage": "C:\\Users\\Annie\\anaconda3\\python.exe", "ParentCommandLine": "C:\\Users\\Annie\\anaconda3\\python.exe c:\\Users\\Annie\\Desktop\\attackhost_v_1_0_2DEV\\app.py", "ParentUser": "MSI\\Annie"}}
{"Record": "2", "System": {"EventID": "11", "Version": "2", "Level": "4", "Task": "11", "Opcode": "0", "Keywords": "0x8000000000000000", "TimeCreated": {"SystemTime": "2022-04-20 06:23:04.368460"}, "EventRecordID": "877585", "Correlation": {"ActivityID": "", "RealatedActivityID": ""}, "Execution": {"ProcessID": "5992", "ThreadID": "8020"}, "Channel": "Microsoft-Windows-Sysmon/Operational", "Computer": "MSI", "Security": {"UserID": "S-1-5-18"}}, "Event Data": {"RuleName": "-", "UtcTime": "2022-04-20 06:23:04.367", "ProcessGuid": "{7590a8e8-a6c8-625f-5b8d-000000003600}", "ProcessId": "15752", "Image": "C:\\Windows\\System32\\WindowsPowerShell\\v1.0\\powershell.exe", "TargetFilename": "C:\\Users\\Annie\\AppData\\Local\\Temp\\__PSScriptPolicyTest_c2j1uxju.5zl.ps1", "CreationUtcTime": "2022-04-20 06:23:04.367", "User": "MSI\\Annie"}}
{"Record": "3", "System": {"EventID": "1", "Version": "5", "Level": "4", "Task": "1", "Opcode": "0", "Keywords": "0x8000000000000000", "TimeCreated": {"SystemTime": "2022-04-20 06:23:09.360609"}, "EventRecordID": "877586", "Correlation": {"ActivityID": "", "RealatedActivityID": ""}, "Execution": {"ProcessID": "5992", "ThreadID": "8020"}, "Channel": "Microsoft-Windows-Sysmon/Operational", "Computer": "MSI", "Security": {"UserID": "S-1-5-18"}}, "Event Data": {"RuleName": "-", "UtcTime": "2022-04-20 06:23:09.358", "ProcessGuid": "{7590a8e8-a6cd-625f-5c8d-000000003600}", "ProcessId": "4472", "Image": "C:\\Windows\\System32\\cmd.exe", "FileVersion": "10.0.19041.746 (WinBuild.160101.0800)", "Description": "Windows Command Processor", "Product": "Microsoft&#174; Windows&#174; Operating System", "Company": "Microsoft Corporation", "OriginalFileName": "Cmd.Exe", "CommandLine": "\"C:\\Windows\\system32\\cmd.exe\" /c \".\\powershell\\external\\AdFind.exe -sc dclist\"", "CurrentDirectory": "C:\\Users\\Annie\\Desktop\\attackhost_v_1_0_2DEV\\", "User": "MSI\\Annie", "LogonGuid": "{7590a8e8-5540-625f-cdb4-c80f00000000}", "LogonId": "0x000000000fc8b4cd", "TerminalSessionId": "5", "IntegrityLevel": "High", "Hashes": "MD5=8A2122E8162DBEF04694B9C3E0B6CDEE,SHA256=B99D61D874728EDC0918CA0EB10EAB93D381E7367E377406E65963366C874450,IMPHASH=272245E2988E1E430500B852C4FB5E18", "ParentProcessGuid": "{7590a8e8-a6c8-625f-5b8d-000000003600}", "ParentProcessId": "15752", "ParentImage": "C:\\Windows\\System32\\WindowsPowerShell\\v1.0\\powershell.exe", "ParentCommandLine": "powershell.exe \"C:\\Users\\Annie\\Desktop\\attackhost_v_1_0_2DEV\\powershell\\discovery\\Attack-Script-T1018_11.ps1 C:\\Users\\Annie\\Desktop\\attackhost_v_1_0_2DEV\\data\\output\\AttackResults\\Attack-T1018_11-1.out\"", "ParentUser": "MSI\\Annie"}}
{"Record": "4", "System": {"EventID": "1", "Version": "5", "Level": "4", "Task": "1", "Opcode": "0", "Keywords": "0x8000000000000000", "TimeCreated": {"SystemTime": "2022-04-20 06:23:09.371347"}, "EventRecordID": "877587", "Correlation": {"ActivityID": "", "RealatedActivityID": ""}, "Execution": {"ProcessID": "5992", "ThreadID": "8020"}, "Channel": "Microsoft-Windows-Sysmon/Operational", "Computer": "MSI", "Security": {"UserID": "S-1-5-18"}}, "Event Data": {"RuleName": "-", "UtcTime": "2022-04-20 06:23:09.370", "ProcessGuid": "{7590a8e8-a6cd-625f-5d8d-000000003600}", "ProcessId": "2072", "Image": "C:\\Users\\Annie\\Desktop\\attackhost_v_1_0_2DEV\\powershell\\external\\AdFind.exe", "FileVersion": "1.57.0.6033", "Description": "-", "Product": "AdFind", "Company": "www.joeware.net", "OriginalFileName": "AdFind.exe", "CommandLine": ".\\powershell\\external\\AdFind.exe  -sc dclist", "CurrentDirectory": "C:\\Users\\Annie\\Desktop\\attackhost_v_1_0_2DEV\\", "User": "MSI\\Annie", "LogonGuid": "{7590a8e8-5540-625f-cdb4-c80f00000000}", "LogonId": "0x000000000fc8b4cd", "TerminalSessionId": "5", "IntegrityLevel": "High", "Hashes": "MD5=5483DA573C6A239F9A5D6E6552B307B0,SHA256=F157090FD3CCD4220298C06CE8734361B724D80459592B10AC632ACC624F455E,IMPHASH=D144DE8117DF2BECEABA2201AD304764", "ParentProcessGuid": "{7590a8e8-a6cd-625f-5c8d-000000003600}", "ParentProcessId": "4472", "ParentImage": "C:\\Windows\\System32\\cmd.exe", "ParentCommandLine": "\"C:\\Windows\\system32\\cmd.exe\" /c \".\\powershell\\external\\AdFind.exe -sc dclist\"", "ParentUser": "MSI\\Annie"}}
{"Record": "5", "System": {"EventID": "5", "Version": "3", "Level": "4", "Task": "5", "Opcode": "0", "Keywords": "0x8000000000000000", "TimeCreated": {"SystemTime": "2022-04-20 06:23:09.394924"}, "EventRecordID": "877588", "Correlation": {"ActivityID": "", "RealatedActivityID": ""}, "Execution": {"ProcessID": "5992", "ThreadID": "8020"}, "Channel": "Microsoft-Windows-Sysmon/Operational", "Computer": "MSI", "Security": {"UserID": "S-1-5-18"}}, "Event Data": {"RuleName": "-", "UtcTime": "2022-04-20 06:23:09.394", "ProcessGuid": "{7590a8e8-a6cd-625f-5d8d-000000003600}", "ProcessId": "2072", "Image": "C:\\Users\\Annie\\Desktop\\attackhost_v_1_0_2DEV\\powershell\\external\\AdFind.exe", "User": "MSI\\Annie"}}
{"Record": "6", "System": {"EventID": "1", "Version": "5", "Level": "4", "Task": "1", "Opcode": "0", "Keywords": "0x8000000000000000", "TimeCreated": {"SystemTime": "2022-04-20 06:23:10.478115"}, "EventRecordID": "877589", "Correlation": {"ActivityID": "", "RealatedActivityID": ""}, "Execution": {"ProcessID": "5992", "ThreadID": "8020"}, "Channel": "Microsoft-Windows-Sysmon/Operational", "Computer": "MSI", "Security": {"UserID": "S-1-5-18"}}, "Event Data": {"RuleName": "-", "UtcTime": "2022-04-20 06:23:10.475", "ProcessGuid": "{7590a8e8-a6ce-625f-5e8d-000000003600}", "ProcessId": "27708", "Image": "C:\\Program Files\\Git\\cmd\\git.exe", "FileVersion": "-", "Description": "Git for Windows", "Product": "Git", "Company": "The Git Development Community", "OriginalFileName": "git.exe", "CommandLine": "\"C:\\Program Files\\Git\\cmd\\git.exe\" status -z -u", "CurrentDirectory": "C:\\Users\\Annie\\Desktop\\attackhost_v_1_0_2DEV\\", "User": "MSI\\Annie", "LogonGuid": "{7590a8e8-5540-625f-cdb4-c80f00000000}", "LogonId": "0x000000000fc8b4cd", "TerminalSessionId": "5", "IntegrityLevel": "High", "Hashes": "MD5=3D4B3E854AC83AA892C3A7824355F814,SHA256=AE463CAD04C2B15FC91DE68AB096933EC08C44752E205AEBD7D64C3A482DF62D,IMPHASH=B5C28AB8B10670F75EB53AFFC23558E6", "ParentProcessGuid": "{7590a8e8-56c2-625f-4a68-000000003600}", "ParentProcessId": "9156", "ParentImage": "C:\\Users\\Annie\\AppData\\Local\\Programs\\Microsoft VS Code\\Code.exe", "ParentCommandLine": "\"C:\\Users\\Annie\\AppData\\Local\\Programs\\Microsoft VS Code\\Code.exe\" --ms-enable-electron-run-as-node --inspect-port=0 \"c:\\Users\\Annie\\AppData\\Local\\Programs\\Microsoft VS Code\\resources\\app\\out\\bootstrap-fork\" --type=extensionHost --skipWorkspaceStorageLock", "ParentUser": "MSI\\Annie"}}
{"Record": "7", "System": {"EventID": "1", "Version": "5", "Level": "4", "Task": "1", "Opcode": "0", "Keywords": "0x8000000000000000", "TimeCreated": {"SystemTime": "2022-04-20 06:23:10.542084"}, "EventRecordID": "877590", "Correlation": {"ActivityID": "", "RealatedActivityID": ""}, "Execution": {"ProcessID": "5992", "ThreadID": "8020"}, "Channel": "Microsoft-Windows-Sysmon/Operational", "Computer": "MSI", "Security": {"UserID": "S-1-5-18"}}, "Event Data": {"RuleName": "-", "UtcTime": "2022-04-20 06:23:10.539", "ProcessGuid": "{7590a8e8-a6ce-625f-608d-000000003600}", "ProcessId": "8828", "Image": "C:\\Program Files\\Git\\mingw64\\bin\\git.exe", "FileVersion": "-", "Description": "Git for Windows", "Product": "Git", "Company": "The Git Development Community", "OriginalFileName": "git.exe", "CommandLine": "git.exe status -z -u", "CurrentDirectory": "C:\\Users\\Annie\\Desktop\\attackhost_v_1_0_2DEV\\", "User": "MSI\\Annie", "LogonGuid": "{7590a8e8-5540-625f-cdb4-c80f00000000}", "LogonId": "0x000000000fc8b4cd", "TerminalSessionId": "5", "IntegrityLevel": "High", "Hashes": "MD5=22C0A120BDA9ACBDDABAAE6924DE4193,SHA256=D8385BFFD3F8967F46DC79AF7155D8847EB09B95C8D97B60AC14E0970AF1B596,IMPHASH=E7CB32FC4DCDC36BEE46960CD7653FF9", "ParentProcessGuid": "{7590a8e8-a6ce-625f-5e8d-000000003600}", "ParentProcessId": "27708", "ParentImage": "C:\\Program Files\\Git\\cmd\\git.exe", "ParentCommandLine": "\"C:\\Program Files\\Git\\cmd\\git.exe\" status -z -u", "ParentUser": "MSI\\Annie"}}
{"Record": "8", "System": {"EventID": "1", "Version": "5", "Level": "4", "Task": "1", "Opcode": "0", "Keywords": "0x8000000000000000", "TimeCreated": {"SystemTime": "2022-04-20 06:23:10.580122"}, "EventRecordID": "877591", "Correlation": {"ActivityID": "", "RealatedActivityID": ""}, "Execution": {"ProcessID": "5992", "ThreadID": "8020"}, "Channel": "Microsoft-Windows-Sysmon/Operational", "Computer": "MSI", "Security": {"UserID": "S-1-5-18"}}, "Event Data": {"RuleName": "-", "UtcTime": "2022-04-20 06:23:10.578", "ProcessGuid": "{7590a8e8-a6ce-625f-618d-000000003600}", "ProcessId": "33372", "Image": "C:\\Program Files\\Git\\cmd\\git.exe", "FileVersion": "-", "Description": "Git for Windows", "Product": "Git", "Company": "The Git Development Community", "OriginalFileName": "git.exe", "CommandLine": "\"C:\\Program Files\\Git\\cmd\\git.exe\" symbolic-ref --short HEAD", "CurrentDirectory": "C:\\Users\\Annie\\Desktop\\attackhost_v_1_0_2DEV\\", "User": "MSI\\Annie", "LogonGuid": "{7590a8e8-5540-625f-cdb4-c80f00000000}", "LogonId": "0x000000000fc8b4cd", "TerminalSessionId": "5", "IntegrityLevel": "High", "Hashes": "MD5=3D4B3E854AC83AA892C3A7824355F814,SHA256=AE463CAD04C2B15FC91DE68AB096933EC08C44752E205AEBD7D64C3A482DF62D,IMPHASH=B5C28AB8B10670F75EB53AFFC23558E6", "ParentProcessGuid": "{7590a8e8-56c2-625f-4a68-000000003600}", "ParentProcessId": "9156", "ParentImage": "C:\\Users\\Annie\\AppData\\Local\\Programs\\Microsoft VS Code\\Code.exe", "ParentCommandLine": "\"C:\\Users\\Annie\\AppData\\Local\\Programs\\Microsoft VS Code\\Code.exe\" --ms-enable-electron-run-as-node --inspect-port=0 \"c:\\Users\\Annie\\AppData\\Local\\Programs\\Microsoft VS Code\\resources\\app\\out\\bootstrap-fork\" --type=extensionHost --skipWorkspaceStorageLock", "ParentUser": "MSI\\Annie"}}
{"Record": "9", "System": {"EventID": "1", "Version": "5", "Level": "4", "Task": "1", "Opcode": "0", "Keywords": "0x8000000000000000", "TimeCreated": {"SystemTime": "2022-04-20 06:23:10.611214"}, "EventRecordID": "877592", "Correlation": {"ActivityID": "", "RealatedActivityID": ""}, "Execution": {"ProcessID": "5992", "ThreadID": "8020"}, "Channel": "Microsoft-Windows-Sysmon/Operational", "Computer": "MSI", "Security": {"UserID": "S-1-5-18"}}, "Event Data": {"RuleName": "-", "UtcTime": "2022-04-20 06:23:10.609", "ProcessGuid": "{7590a8e8-a6ce-625f-638d-000000003600}", "ProcessId": "2012", "Image": "C:\\Program Files\\Git\\mingw64\\bin\\git.exe", "FileVersion": "-", "Description": "Git for Windows", "Product": "Git", "Company": "The Git Development Community", "OriginalFileName": "git.exe", "CommandLine": "git.exe symbolic-ref --short HEAD", "CurrentDirectory": "C:\\Users\\Annie\\Desktop\\attackhost_v_1_0_2DEV\\", "User": "MSI\\Annie", "LogonGuid": "{7590a8e8-5540-625f-cdb4-c80f00000000}", "LogonId": "0x000000000fc8b4cd", "TerminalSessionId": "5", "IntegrityLevel": "High", "Hashes": "MD5=22C0A120BDA9ACBDDABAAE6924DE4193,SHA256=D8385BFFD3F8967F46DC79AF7155D8847EB09B95C8D97B60AC14E0970AF1B596,IMPHASH=E7CB32FC4DCDC36BEE46960CD7653FF9", "ParentProcessGuid": "{7590a8e8-a6ce-625f-618d-000000003600}", "ParentProcessId": "33372", "ParentImage": "C:\\Program Files\\Git\\cmd\\git.exe", "ParentCommandLine": "\"C:\\Program Files\\Git\\cmd\\git.exe\" symbolic-ref --short HEAD", "ParentUser": "MSI\\Annie"}}
{"Record": "10", "System": {"EventID": "1", "Version": "5", "Level": "4", "Task": "1", "Opcode": "0", "Keywords": "0x8000000000000000", "TimeCreated": {"SystemTime": "2022-04-20 06:23:10.629955"}, "EventRecordID": "877593", "Correlation": {"ActivityID": "", "RealatedActivityID": ""}, "Execution": {"ProcessID": "5992", "ThreadID": "8020"}, "Channel": "Microsoft-Windows-Sysmon/Operational", "Computer": "MSI", "Security": {"UserID": "S-1-5-18"}}, "Event Data": {"RuleName": "-", "UtcTime": "2022-04-20 06:23:10.628", "ProcessGuid": "{7590a8e8-a6ce-625f-648d-000000003600}", "ProcessId": "8236", "Image": "C:\\Program Files\\Git\\cmd\\git.exe", "FileVersion": "-", "Description": "Git for Windows", "Product": "Git", "Company": "The Git Development Community", "OriginalFileName": "git.exe", "CommandLine": "\"C:\\Program Files\\Git\\cmd\\git.exe\" for-each-ref --format=%%(refname)%%00%%(upstream:short)%%00%%(objectname)%%00%%(upstream:track) refs/heads/master refs/remotes/master", "CurrentDirectory": "C:\\Users\\Annie\\Desktop\\attackhost_v_1_0_2DEV\\", "User": "MSI\\Annie", "LogonGuid": "{7590a8e8-5540-625f-cdb4-c80f00000000}", "LogonId": "0x000000000fc8b4cd", "TerminalSessionId": "5", "IntegrityLevel": "High", "Hashes": "MD5=3D4B3E854AC83AA892C3A7824355F814,SHA256=AE463CAD04C2B15FC91DE68AB096933EC08C44752E205AEBD7D64C3A482DF62D,IMPHASH=B5C28AB8B10670F75EB53AFFC23558E6", "ParentProcessGuid": "{7590a8e8-56c2-625f-4a68-000000003600}", "ParentProcessId": "9156", "ParentImage": "C:\\Users\\Annie\\AppData\\Local\\Programs\\Microsoft VS Code\\Code.exe", "ParentCommandLine": "\"C:\\Users\\Annie\\AppData\\Local\\Programs\\Microsoft VS Code\\Code.exe\" --ms-enable-electron-run-as-node --inspect-port=0 \"c:\\Users\\Annie\\AppData\\Local\\Programs\\Microsoft VS Code\\resources\\app\\out\\bootstrap-fork\" --type=extensionHost --skipWorkspaceStorageLock", "ParentUser": "MSI\\Annie"}}
{"Record": "11", "System": {"EventID": "1", "Version": "5", "Level": "4", "Task": "1", "Opcode": "0", "Keywords": "0x8000000000000000", "TimeCreated": {"SystemTime": "2022-04-20 06:23:10.659655"}, "EventRecordID": "877594", "Correlation": {"ActivityID": "", "RealatedActivityID": ""}, "Execution": {"ProcessID": "5992", "ThreadID": "8020"}, "Channel": "Microsoft-Windows-Sysmon/Operational", "Computer": "MSI", "Security": {"UserID": "S-1-5-18"}}, "Event Data": {"RuleName": "-", "UtcTime": "2022-04-20 06:23:10.658", "ProcessGuid": "{7590a8e8-a6ce-625f-668d-000000003600}", "ProcessId": "28360", "Image": "C:\\Program Files\\Git\\mingw64\\bin\\git.exe", "FileVersion": "-", "Description": "Git for Windows", "Product": "Git", "Company": "The Git Development Community", "OriginalFileName": "git.exe", "CommandLine": "git.exe for-each-ref --format=%%(refname)%%00%%(upstream:short)%%00%%(objectname)%%00%%(upstream:track) refs/heads/master refs/remotes/master", "CurrentDirectory": "C:\\Users\\Annie\\Desktop\\attackhost_v_1_0_2DEV\\", "User": "MSI\\Annie", "LogonGuid": "{7590a8e8-5540-625f-cdb4-c80f00000000}", "LogonId": "0x000000000fc8b4cd", "TerminalSessionId": "5", "IntegrityLevel": "High", "Hashes": "MD5=22C0A120BDA9ACBDDABAAE6924DE4193,SHA256=D8385BFFD3F8967F46DC79AF7155D8847EB09B95C8D97B60AC14E0970AF1B596,IMPHASH=E7CB32FC4DCDC36BEE46960CD7653FF9", "ParentProcessGuid": "{7590a8e8-a6ce-625f-648d-000000003600}", "ParentProcessId": "8236", "ParentImage": "C:\\Program Files\\Git\\cmd\\git.exe", "ParentCommandLine": "\"C:\\Program Files\\Git\\cmd\\git.exe\" for-each-ref --format=%(refname)%00%(upstream:short)%00%(objectname)%00%(upstream:track) refs/heads/master refs/remotes/master", "ParentUser": "MSI\\Annie"}}
{"Record": "12", "System": {"EventID": "1", "Version": "5", "Level": "4", "Task": "1", "Opcode": "0", "Keywords": "0x8000000000000000", "TimeCreated": {"SystemTime": "2022-04-20 06:23:10.681494"}, "EventRecordID": "877595", "Correlation": {"ActivityID": "", "RealatedActivityID": ""}, "Execution": {"ProcessID": "5992", "ThreadID": "8020"}, "Channel": "Microsoft-Windows-Sysmon/Operational", "Computer": "MSI", "Security": {"UserID": "S-1-5-18"}}, "Event Data": {"RuleName": "-", "UtcTime": "2022-04-20 06:23:10.679", "ProcessGuid": "{7590a8e8-a6ce-625f-678d-000000003600}", "ProcessId": "15052", "Image": "C:\\Program Files\\Git\\cmd\\git.exe", "FileVersion": "-", "Description": "Git for Windows", "Product": "Git", "Company": "The Git Development Community", "OriginalFileName": "git.exe", "CommandLine": "\"C:\\Program Files\\Git\\cmd\\git.exe\" for-each-ref --sort -committerdate --format \"%%(refname) %%(objectname) %%(*objectname)\"", "CurrentDirectory": "C:\\Users\\Annie\\Desktop\\attackhost_v_1_0_2DEV\\", "User": "MSI\\Annie", "LogonGuid": "{7590a8e8-5540-625f-cdb4-c80f00000000}", "LogonId": "0x000000000fc8b4cd", "TerminalSessionId": "5", "IntegrityLevel": "High", "Hashes": "MD5=3D4B3E854AC83AA892C3A7824355F814,SHA256=AE463CAD04C2B15FC91DE68AB096933EC08C44752E205AEBD7D64C3A482DF62D,IMPHASH=B5C28AB8B10670F75EB53AFFC23558E6", "ParentProcessGuid": "{7590a8e8-56c2-625f-4a68-000000003600}", "ParentProcessId": "9156", "ParentImage": "C:\\Users\\Annie\\AppData\\Local\\Programs\\Microsoft VS Code\\Code.exe", "ParentCommandLine": "\"C:\\Users\\Annie\\AppData\\Local\\Programs\\Microsoft VS Code\\Code.exe\" --ms-enable-electron-run-as-node --inspect-port=0 \"c:\\Users\\Annie\\AppData\\Local\\Programs\\Microsoft VS Code\\resources\\app\\out\\bootstrap-fork\" --type=extensionHost --skipWorkspaceStorageLock", "ParentUser": "MSI\\Annie"}}
{"Record": "13", "System": {"EventID": "1", "Version": "5", "Level": "4", "Task": "1", "Opcode": "0", "Keywords": "0x8000000000000000", "TimeCreated": {"SystemTime": "2022-04-20 06:23:10.685459"}, "EventRecordID": "877596", "Correlation": {"ActivityID": "", "RealatedActivityID": ""}, "Execution": {"ProcessID": "5992", "ThreadID": "8020"}, "Channel": "Microsoft-Windows-Sysmon/Operational", "Computer": "MSI", "Security": {"UserID": "S-1-5-18"}}, "Event Data": {"RuleName": "-", "UtcTime": "2022-04-20 06:23:10.683", "ProcessGuid": "{7590a8e8-a6ce-625f-688d-000000003600}", "ProcessId": "18328", "Image": "C:\\Program Files\\Git\\cmd\\git.exe", "FileVersion": "-", "Description": "Git for Windows", "Product": "Git", "Company": "The Git Development Community", "OriginalFileName": "git.exe", "CommandLine": "\"C:\\Program Files\\Git\\cmd\\git.exe\" remote --verbose", "CurrentDirectory": "C:\\Users\\Annie\\Desktop\\attackhost_v_1_0_2DEV\\", "User": "MSI\\Annie", "LogonGuid": "{7590a8e8-5540-625f-cdb4-c80f00000000}", "LogonId": "0x000000000fc8b4cd", "TerminalSessionId": "5", "IntegrityLevel": "High", "Hashes": "MD5=3D4B3E854AC83AA892C3A7824355F814,SHA256=AE463CAD04C2B15FC91DE68AB096933EC08C44752E205AEBD7D64C3A482DF62D,IMPHASH=B5C28AB8B10670F75EB53AFFC23558E6", "ParentProcessGuid": "{7590a8e8-56c2-625f-4a68-000000003600}", "ParentProcessId": "9156", "ParentImage": "C:\\Users\\Annie\\AppData\\Local\\Programs\\Microsoft VS Code\\Code.exe", "ParentCommandLine": "\"C:\\Users\\Annie\\AppData\\Local\\Programs\\Microsoft VS Code\\Code.exe\" --ms-enable-electron-run-as-node --inspect-port=0 \"c:\\Users\\Annie\\AppData\\Local\\Programs\\Microsoft VS Code\\resources\\app\\out\\bootstrap-fork\" --type=extensionHost --skipWorkspaceStorageLock", "ParentUser": "MSI\\Annie"}}
{"Record": "14", "System": {"EventID": "1", "Version": "5", "Level": "4", "Task": "1", "Opcode": "0", "Keywords": "0x8000000000000000", "TimeCreated": {"SystemTime": "2022-04-20 06:23:10.729273"}, "EventRecordID": "877597", "Correlation": {"ActivityID": "", "RealatedActivityID": ""}, "Execution": {"ProcessID": "5992", "ThreadID": "8020"}, "Channel": "Microsoft-Windows-Sysmon/Operational", "Computer": "MSI", "Security": {"UserID": "S-1-5-18"}}, "Event Data": {"RuleName": "-", "UtcTime": "2022-04-20 06:23:10.727", "ProcessGuid": "{7590a8e8-a6ce-625f-6b8d-000000003600}", "ProcessId": "30612", "Image": "C:\\Program Files\\Git\\mingw64\\bin\\git.exe", "FileVersion": "-", "Description": "Git for Windows", "Product": "Git", "Company": "The Git Development Community", "OriginalFileName": "git.exe", "CommandLine": "git.exe for-each-ref --sort -committerdate --format \"%%(refname) %%(objectname) %%(*objectname)\"", "CurrentDirectory": "C:\\Users\\Annie\\Desktop\\attackhost_v_1_0_2DEV\\", "User": "MSI\\Annie", "LogonGuid": "{7590a8e8-5540-625f-cdb4-c80f00000000}", "LogonId": "0x000000000fc8b4cd", "TerminalSessionId": "5", "IntegrityLevel": "High", "Hashes": "MD5=22C0A120BDA9ACBDDABAAE6924DE4193,SHA256=D8385BFFD3F8967F46DC79AF7155D8847EB09B95C8D97B60AC14E0970AF1B596,IMPHASH=E7CB32FC4DCDC36BEE46960CD7653FF9", "ParentProcessGuid": "{7590a8e8-a6ce-625f-678d-000000003600}", "ParentProcessId": "15052", "ParentImage": "C:\\Program Files\\Git\\cmd\\git.exe", "ParentCommandLine": "\"C:\\Program Files\\Git\\cmd\\git.exe\" for-each-ref --sort -committerdate --format \"%(refname) %(objectname) %(*objectname)\"", "ParentUser": "MSI\\Annie"}}
{"Record": "15", "System": {"EventID": "1", "Version": "5", "Level": "4", "Task": "1", "Opcode": "0", "Keywords": "0x8000000000000000", "TimeCreated": {"SystemTime": "2022-04-20 06:23:10.733639"}, "EventRecordID": "877598", "Correlation": {"ActivityID": "", "RealatedActivityID": ""}, "Execution": {"ProcessID": "5992", "ThreadID": "8020"}, "Channel": "Microsoft-Windows-Sysmon/Operational", "Computer": "MSI", "Security": {"UserID": "S-1-5-18"}}, "Event Data": {"RuleName": "-", "UtcTime": "2022-04-20 06:23:10.731", "ProcessGuid": "{7590a8e8-a6ce-625f-6c8d-000000003600}", "ProcessId": "21096", "Image": "C:\\Program Files\\Git\\mingw64\\bin\\git.exe", "FileVersion": "-", "Description": "Git for Windows", "Product": "Git", "Company": "The Git Development Community", "OriginalFileName": "git.exe", "CommandLine": "git.exe remote --verbose", "CurrentDirectory": "C:\\Users\\Annie\\Desktop\\attackhost_v_1_0_2DEV\\", "User": "MSI\\Annie", "LogonGuid": "{7590a8e8-5540-625f-cdb4-c80f00000000}", "LogonId": "0x000000000fc8b4cd", "TerminalSessionId": "5", "IntegrityLevel": "High", "Hashes": "MD5=22C0A120BDA9ACBDDABAAE6924DE4193,SHA256=D8385BFFD3F8967F46DC79AF7155D8847EB09B95C8D97B60AC14E0970AF1B596,IMPHASH=E7CB32FC4DCDC36BEE46960CD7653FF9", "ParentProcessGuid": "{7590a8e8-a6ce-625f-688d-000000003600}", "ParentProcessId": "18328", "ParentImage": "C:\\Program Files\\Git\\cmd\\git.exe", "ParentCommandLine": "\"C:\\Program Files\\Git\\cmd\\git.exe\" remote --verbose", "ParentUser": "MSI\\Annie"}}
{"Record": "16", "System": {"EventID": "1", "Version": "5", "Level": "4", "Task": "1", "Opcode": "0", "Keywords": "0x8000000000000000", "TimeCreated": {"SystemTime": "2022-04-20 06:23:10.781647"}, "EventRecordID": "877599", "Correlation": {"ActivityID": "", "RealatedActivityID": ""}, "Execution": {"ProcessID": "5992", "ThreadID": "8020"}, "Channel": "Microsoft-Windows-Sysmon/Operational", "Computer": "MSI", "Security": {"UserID": "S-1-5-18"}}, "Event Data": {"RuleName": "-", "UtcTime": "2022-04-20 06:23:10.779", "ProcessGuid": "{7590a8e8-a6ce-625f-6d8d-000000003600}", "ProcessId": "25152", "Image": "C:\\Program Files\\Git\\cmd\\git.exe", "FileVersion": "-", "Description": "Git for Windows", "Product": "Git", "Company": "The Git Development Community", "OriginalFileName": "git.exe", "CommandLine": "\"C:\\Program Files\\Git\\cmd\\git.exe\" config --get commit.template", "CurrentDirectory": "C:\\Users\\Annie\\Desktop\\attackhost_v_1_0_2DEV\\", "User": "MSI\\Annie", "LogonGuid": "{7590a8e8-5540-625f-cdb4-c80f00000000}", "LogonId": "0x000000000fc8b4cd", "TerminalSessionId": "5", "IntegrityLevel": "High", "Hashes": "MD5=3D4B3E854AC83AA892C3A7824355F814,SHA256=AE463CAD04C2B15FC91DE68AB096933EC08C44752E205AEBD7D64C3A482DF62D,IMPHASH=B5C28AB8B10670F75EB53AFFC23558E6", "ParentProcessGuid": "{7590a8e8-56c2-625f-4a68-000000003600}", "ParentProcessId": "9156", "ParentImage": "C:\\Users\\Annie\\AppData\\Local\\Programs\\Microsoft VS Code\\Code.exe", "ParentCommandLine": "\"C:\\Users\\Annie\\AppData\\Local\\Programs\\Microsoft VS Code\\Code.exe\" --ms-enable-electron-run-as-node --inspect-port=0 \"c:\\Users\\Annie\\AppData\\Local\\Programs\\Microsoft VS Code\\resources\\app\\out\\bootstrap-fork\" --type=extensionHost --skipWorkspaceStorageLock", "ParentUser": "MSI\\Annie"}}
{"Record": "17", "System": {"EventID": "1", "Version": "5", "Level": "4", "Task": "1", "Opcode": "0", "Keywords": "0x8000000000000000", "TimeCreated": {"SystemTime": "2022-04-20 06:23:10.833801"}, "EventRecordID": "877600", "Correlation": {"ActivityID": "", "RealatedActivityID": ""}, "Execution": {"ProcessID": "5992", "ThreadID": "8020"}, "Channel": "Microsoft-Windows-Sysmon/Operational", "Computer": "MSI", "Security": {"UserID": "S-1-5-18"}}, "Event Data": {"RuleName": "-", "UtcTime": "2022-04-20 06:23:10.832", "ProcessGuid": "{7590a8e8-a6ce-625f-6f8d-000000003600}", "ProcessId": "6712", "Image": "C:\\Program Files\\Git\\mingw64\\bin\\git.exe", "FileVersion": "-", "Description": "Git for Windows", "Product": "Git", "Company": "The Git Development Community", "OriginalFileName": "git.exe", "CommandLine": "git.exe config --get commit.template", "CurrentDirectory": "C:\\Users\\Annie\\Desktop\\attackhost_v_1_0_2DEV\\", "User": "MSI\\Annie", "LogonGuid": "{7590a8e8-5540-625f-cdb4-c80f00000000}", "LogonId": "0x000000000fc8b4cd", "TerminalSessionId": "5", "IntegrityLevel": "High", "Hashes": "MD5=22C0A120BDA9ACBDDABAAE6924DE4193,SHA256=D8385BFFD3F8967F46DC79AF7155D8847EB09B95C8D97B60AC14E0970AF1B596,IMPHASH=E7CB32FC4DCDC36BEE46960CD7653FF9", "ParentProcessGuid": "{7590a8e8-a6ce-625f-6d8d-000000003600}", "ParentProcessId": "25152", "ParentImage": "C:\\Program Files\\Git\\cmd\\git.exe", "ParentCommandLine": "\"C:\\Program Files\\Git\\cmd\\git.exe\" config --get commit.template", "ParentUser": "MSI\\Annie"}}
