{"Record": "31", "System": {"EventID": "1", "Version": "5", "Level": "4", "Task": "1", "Opcode": "0", "Keywords": "0x8000000000000000", "TimeCreated": {"SystemTime": "2022-04-20 06:28:40.272196"}, "EventRecordID": "877744", "Correlation": {"ActivityID": "", "RealatedActivityID": ""}, "Execution": {"ProcessID": "5992", "ThreadID": "8020"}, "Channel": "Microsoft-Windows-Sysmon/Operational", "Computer": "MSI", "Security": {"UserID": "S-1-5-18"}}, "Event Data": {"RuleName": "-", "UtcTime": "2022-04-20 06:28:40.270", "ProcessGuid": "{7590a8e8-a818-625f-268e-000000003600}", "ProcessId": "25316", "Image": "C:\\Program Files\\Git\\cmd\\git.exe", "FileVersion": "-", "Description": "Git for Windows", "Product": "Git", "Company": "The Git Development Community", "OriginalFileName": "git.exe", "CommandLine": "\"C:\\Program Files\\Git\\cmd\\git.exe\" remote --verbose", "CurrentDirectory": "C:\\Users\\Annie\\Desktop\\attackhost_v_1_0_2DEV\\", "User": "MSI\\Annie", "LogonGuid": "{7590a8e8-5540-625f-cdb4-c80f00000000}", "LogonId": "0x000000000fc8b4cd", "TerminalSessionId": "5", "IntegrityLevel": "High", "Hashes": "MD5=3D4B3E854AC83AA892C3A7824355F814,SHA256=AE463CAD04C2B15FC91DE68AB096933EC08C44752E205AEBD7D64C3A482DF62D,IMPHASH=B5C28AB8B10670F75EB53AFFC23558E6", "ParentProcessGuid": "{7590a8e8-56c2-625f-4a68-000000003600}", "ParentProcessId": "9156", "ParentImage": "C:\\Users\\Annie\\AppData\\Local\\Programs\\Microsoft VS Code\\Code.exe", "ParentCommandLine": "\"C:\\Users\\Annie\\AppData\\Local\\Programs\\Microsoft VS Code\\Code.exe\" --ms-enable-electron-run-as-node --inspect-port=0 \"c:\\Users\\Annie\\AppData\\Local\\Programs\\Microsoft VS Code\\resources\\app\\out\\bootstrap-fork\" --type=extensionHost --skipWorkspaceStorageLock", "ParentUser": "MSI\\Annie"}}
{"Record": "32", "System": {"EventID": "1", "Version": "5", "Level": "4", "Task": "1", "Opcode": "0", "Keywords": "0x8000000000000000", "TimeCreated": {"SystemTime": "2022-04-20 06:28:40.304411"}, "EventRecordID": "877745", "Correlation": {"ActivityID": "", "RealatedActivityID": ""}, "Execution": {"ProcessID": "5992", "ThreadID": "8020"}, "Channel": "Microsoft-Windows-Sysmon/Operational", "Computer": "MSI", "Security": {"UserID": "S-1-5-18"}}, "Event Data": {"RuleName": "-", "UtcTime": "2022-04-20 06:28:40.301", "ProcessGuid": "{7590a8e8-a818-625f-298e-000000003600}", "ProcessId": "26872", "Image": "C:\\Program Files\\Git\\mingw64\\bin\\git.exe", "FileVersion": "-", "Description": "Git for Windows", "Product": "Git", "Company": "The Git Development Community", "OriginalFileName": "git.exe", "CommandLine": "git.exe for-each-ref --sort -committerdate --format \"%%(refname) %%(objectname) %%(*objectname)\"", "CurrentDirectory": "C:\\Users\\Annie\\Desktop\\attackhost_v_1_0_2DEV\\", "User": "MSI\\Annie", "LogonGuid": "{7590a8e8-5540-625f-cdb4-c80f00000000}", "LogonId": "0x000000000fc8b4cd", "TerminalSessionId": "5", "IntegrityLevel": "High", "Hashes": "MD5=22C0A120BDA9ACBDDABAAE6924DE4193,SHA256=D8385BFFD3F8967F46DC79AF7155D8847EB09B95C8D97B60AC14E0970AF1B596,IMPHASH=E7CB32FC4DCDC36BEE46960CD7653FF9", "ParentProcessGuid": "{7590a8e8-a818-625f-258e-000000003600}", "ParentProcessId": "20836", "ParentImage": "C:\\Program Files\\Git\\cmd\\git.exe", "ParentCommandLine": "\"C:\\Program Files\\Git\\cmd\\git.exe\" for-each-ref --sort -committerdate --format \"%(refname) %(objectname) %(*objectname)\"", "ParentUser": "MSI\\Annie"}}
{"Record": "33", "System": {"EventID": "1", "Version": "5", "Level": "4", "Task": "1", "Opcode": "0", "Keywords": "0x8000000000000000", "TimeCreated": {"SystemTime": "2022-04-20 06:28:40.306057"}, "EventRecordID": "877746", "Correlation": {"ActivityID": "", "RealatedActivityID": ""}, "Execution": {"ProcessID": "5992", "ThreadID": "8020"}, "Channel": "Microsoft-Windows-Sysmon/Operational", "Computer": "MSI", "Security": {"UserID": "S-1-5-18"}}, "Event Data": {"RuleName": "-", "UtcTime": "2022-04-20 06:28:40.304", "ProcessGuid": "{7590a8e8-a818-625f-2a8e-000000003600}", "ProcessId": "29504", "Image": "C:\\Program Files\\Git\\mingw64\\bin\\git.exe", "FileVersion": "-", "Description": "Git for Windows", "Product": "Git", "Company": "The Git Development Community", "OriginalFileName": "git.exe", "CommandLine": "git.exe remote --verbose", "CurrentDirectory": "C:\\Users\\Annie\\Desktop\\attackhost_v_1_0_2DEV\\", "User": "MSI\\Annie", "LogonGuid": "{7590a8e8-5540-625f-cdb4-c80f00000000}", "LogonId": "0x000000000fc8b4cd", "TerminalSessionId": "5", "IntegrityLevel": "High", "Hashes": "MD5=22C0A120BDA9ACBDDABAAE6924DE4193,SHA256=D8385BFFD3F8967F46DC79AF7155D8847EB09B95C8D97B60AC14E0970AF1B596,IMPHASH=E7CB32FC4DCDC36BEE46960CD7653FF9", "ParentProcessGuid": "{7590a8e8-a818-625f-268e-000000003600}", "ParentProcessId": "25316", "ParentImage": "C:\\Program Files\\Git\\cmd\\git.exe", "ParentCommandLine": "\"C:\\Program Files\\Git\\cmd\\git.exe\" remote --verbose", "ParentUser": "MSI\\Annie"}}
{"Record": "34", "System": {"EventID": "1", "Version": "5", "Level": "4", "Task": "1", "Opcode": "0", "Keywords": "0x8000000000000000", "TimeCreated": {"SystemTime": "2022-04-20 06:28:40.331482"}, "EventRecordID": "877747", "Correlation": {"ActivityID": "", "RealatedActivityID": ""}, "Execution": {"ProcessID": "5992", "ThreadID": "8020"}, "Channel": "Microsoft-Windows-Sysmon/Operational", "Computer": "MSI", "Security": {"UserID": "S-1-5-18"}}, "Event Data": {"RuleName": "-", "UtcTime": "2022-04-20 06:28:40.330", "ProcessGuid": "{7590a8e8-a818-625f-2b8e-000000003600}", "ProcessId": "6520", "Image": "C:\\Program Files\\Git\\cmd\\git.exe", "FileVersion": "-", "Description": "Git for Windows", "Product": "Git", "Company": "The Git Development Community", "OriginalFileName": "git.exe", "CommandLine": "\"C:\\Program Files\\Git\\cmd\\git.exe\" config --get commit.template", "CurrentDirectory": "C:\\Users\\Annie\\Desktop\\attackhost_v_1_0_2DEV\\", "User": "MSI\\Annie", "LogonGuid": "{7590a8e8-5540-625f-cdb4-c80f00000000}", "LogonId": "0x000000000fc8b4cd", "TerminalSessionId": "5", "IntegrityLevel": "High", "Hashes": "MD5=3D4B3E854AC83AA892C3A7824355F814,SHA256=AE463CAD04C2B15FC91DE68AB096933EC08C44752E205AEBD7D64C3A482DF62D,IMPHASH=B5C28AB8B10670F75EB53AFFC23558E6", "ParentProcessGuid": "{7590a8e8-56c2-625f-4a68-000000003600}", "ParentProcessId": "9156", "ParentImage": "C:\\Users\\Annie\\AppData\\Local\\Programs\\Microsoft VS Code\\Code.exe", "ParentCommandLine": "\"C:\\Users\\Annie\\AppData\\Local\\Programs\\Microsoft VS Code\\Code.exe\" --ms-enable-electron-run-as-node --inspect-port=0 \"c:\\Users\\Annie\\AppData\\Local\\Programs\\Microsoft VS Code\\resources\\app\\out\\bootstrap-fork\" --type=extensionHost --skipWorkspaceStorageLock", "ParentUser": "MSI\\Annie"}}
{"Record": "35", "System": {"EventID": "1", "Version": "5", "Level": "4", "Task": "1", "Opcode": "0", "Keywords": "0x8000000000000000", "TimeCreated": {"SystemTime": "2022-04-20 06:28:40.360378"}, "EventRecordID": "877748", "Correlation": {"ActivityID": "", "RealatedActivityID": ""}, "Execution": {"ProcessID": "5992", "ThreadID": "8020"}, "Channel": "Microsoft-Windows-Sysmon/Operational", "Computer": "MSI", "Security": {"UserID": "S-1-5-18"}}, "Event Data": {"RuleName": "-", "UtcTime": "2022-04-20 06:28:40.357", "ProcessGuid": "{7590a8e8-a818-625f-2d8e-000000003600}", "ProcessId": "28824", "Image": "C:\\Program Files\\Git\\mingw64\\bin\\git.exe", "FileVersion": "-", "Description": "Git for Windows", "Product": "Git", "Company": "The Git Development Community", "OriginalFileName": "git.exe", "CommandLine": "git.exe config --get commit.template", "CurrentDirectory": "C:\\Users\\Annie\\Desktop\\attackhost_v_1_0_2DEV\\", "User": "MSI\\Annie", "LogonGuid": "{7590a8e8-5540-625f-cdb4-c80f00000000}", "LogonId": "0x000000000fc8b4cd", "TerminalSessionId": "5", "IntegrityLevel": "High", "Hashes": "MD5=22C0A120BDA9ACBDDABAAE6924DE4193,SHA256=D8385BFFD3F8967F46DC79AF7155D8847EB09B95C8D97B60AC14E0970AF1B596,IMPHASH=E7CB32FC4DCDC36BEE46960CD7653FF9", "ParentProcessGuid": "{7590a8e8-a818-625f-2b8e-000000003600}", "ParentProcessId": "6520", "ParentImage": "C:\\Program Files\\Git\\cmd\\git.exe", "ParentCommandLine": "\"C:\\Program Files\\Git\\cmd\\git.exe\" config --get commit.template", "ParentUser": "MSI\\Annie"}}
{"Record": "36", "System": {"EventID": "22", "Version": "5", "Level": "4", "Task": "22", "Opcode": "0", "Keywords": "0x8000000000000000", "TimeCreated": {"SystemTime": "2022-04-20 06:29:35.229815"}, "EventRecordID": "877749", "Correlation": {"ActivityID": "", "RealatedActivityID": ""}, "Execution": {"ProcessID": "5992", "ThreadID": "8084"}, "Channel": "Microsoft-Windows-Sysmon/Operational", "Computer": "MSI", "Security": {"UserID": "S-1-5-18"}}, "Event Data": {"RuleName": "-", "UtcTime": "2022-04-20 06:31:43.973", "ProcessGuid": "{7590a8e8-8a55-625b-cc00-000000003600}", "ProcessId": "9840", "QueryName": "2022-04-20 06:31:43.973", "QueryStatus": "{7590a8e8-8a55-625b-cc00-000000003600}", "QueryResults": "9840", "Image": "C:\\Program Files\\WindowsApps\\Microsoft.GamingServices_3.63.31001.0_x64__8wekyb3d8bbwe\\gamingservices.exe", "User": "NT AUTHORITY\\SYSTEM"}}
{"Record": "37", "System": {"EventID": "1", "Version": "5", "Level": "4", "Task": "1", "Opcode": "0", "Keywords": "0x8000000000000000", "TimeCreated": {"SystemTime": "2022-04-20 06:29:40.414877"}, "EventRecordID": "877750", "Correlation": {"ActivityID": "", "RealatedActivityID": ""}, "Execution": {"ProcessID": "5992", "ThreadID": "8020"}, "Channel": "Microsoft-Windows-Sysmon/Operational", "Computer": "MSI", "Security": {"UserID": "S-1-5-18"}}, "Event Data": {"RuleName": "-", "UtcTime": "2022-04-20 06:29:40.413", "ProcessGuid": "{7590a8e8-a854-625f-318e-000000003600}", "ProcessId": "14752", "Image": "C:\\Windows\\System32\\taskhostw.exe", "FileVersion": "10.0.19041.1503 (WinBuild.160101.0800)", "Description": "Host Process for Windows Tasks", "Product": "Microsoft&#174; Windows&#174; Operating System", "Company": "Microsoft Corporation", "OriginalFileName": "taskhostw.exe", "CommandLine": "taskhostw.exe Install $(Arg0)", "CurrentDirectory": "C:\\Windows\\system32\\", "User": "MSI\\Annie", "LogonGuid": "{7590a8e8-5540-625f-79b5-c80f00000000}", "LogonId": "0x000000000fc8b579", "TerminalSessionId": "5", "IntegrityLevel": "Medium", "Hashes": "MD5=5CFC093FCEA45CF8978D2304B6063C91,SHA256=F1E8525FE2FBFF523B2E56472231D4AC9AA102BA614694213E59B5EB2590CC15,IMPHASH=3A0C6863CDE566AF997DB2DEFFF9D924", "ParentProcessGuid": "{7590a8e8-8a52-625b-2100-000000003600}", "ParentProcessId": "2044", "ParentImage": "C:\\Windows\\System32\\svchost.exe", "ParentCommandLine": "C:\\Windows\\system32\\svchost.exe -k netsvcs -p -s Schedule", "ParentUser": "NT AUTHORITY\\SYSTEM"}}
{"Record": "38", "System": {"EventID": "1", "Version": "5", "Level": "4", "Task": "1", "Opcode": "0", "Keywords": "0x8000000000000000", "TimeCreated": {"SystemTime": "2022-04-20 06:29:40.438496"}, "EventRecordID": "877751", "Correlation": {"ActivityID": "", "RealatedActivityID": ""}, "Execution": {"ProcessID": "5992", "ThreadID": "8020"}, "Channel": "Microsoft-Windows-Sysmon/Operational", "Computer": "MSI", "Security": {"UserID": "S-1-5-18"}}, "Event Data": {"RuleName": "-", "UtcTime": "2022-04-20 06:29:40.436", "ProcessGuid": "{7590a8e8-a854-625f-328e-000000003600}", "ProcessId": "15936", "Image": "C:\\Windows\\servicing\\TrustedInstaller.exe", "FileVersion": "10.0.19041.1566 (WinBuild.160101.0800)", "Description": "Windows Modules Installer", "Product": "Microsoft&#174; Windows&#174; Operating System", "Company": "Microsoft Corporation", "OriginalFileName": "TrustedInstaller.exe", "CommandLine": "C:\\Windows\\servicing\\TrustedInstaller.exe", "CurrentDirectory": "C:\\Windows\\system32\\", "User": "NT AUTHORITY\\SYSTEM", "LogonGuid": "{7590a8e8-8a52-625b-e703-000000000000}", "LogonId": "0x00000000000003e7", "TerminalSessionId": "0", "IntegrityLevel": "System", "Hashes": "MD5=8139E510C272F2A86EE3815C618B80DC,SHA256=983BF0D8B16D4729779812F88AA854AA4B27E2097304E9022A2F031EAB088D11,IMPHASH=3D7CFD2D98D9502AE326C803141EB885", "ParentProcessGuid": "{7590a8e8-8a52-625b-0b00-000000003600}", "ParentProcessId": "880", "ParentImage": "C:\\Windows\\System32\\services.exe", "ParentCommandLine": "C:\\Windows\\system32\\services.exe", "ParentUser": "NT AUTHORITY\\SYSTEM"}}
{"Record": "39", "System": {"EventID": "1", "Version": "5", "Level": "4", "Task": "1", "Opcode": "0", "Keywords": "0x8000000000000000", "TimeCreated": {"SystemTime": "2022-04-20 06:29:40.460419"}, "EventRecordID": "877752", "Correlation": {"ActivityID": "", "RealatedActivityID": ""}, "Execution": {"ProcessID": "5992", "ThreadID": "8020"}, "Channel": "Microsoft-Windows-Sysmon/Operational", "Computer": "MSI", "Security": {"UserID": "S-1-5-18"}}, "Event Data": {"RuleName": "-", "UtcTime": "2022-04-20 06:29:40.458", "ProcessGuid": "{7590a8e8-a854-625f-338e-000000003600}", "ProcessId": "27304", "Image": "C:\\Windows\\WinSxS\\amd64_microsoft-windows-servicingstack_31bf3856ad364e35_10.0.19041.1613_none_7df538047ca074bb\\TiWorker.exe", "FileVersion": "10.0.19041.1613 (WinBuild.160101.0800)", "Description": "Windows Modules Installer Worker", "Product": "Microsoft&#174; Windows&#174; Operating System", "Company": "Microsoft Corporation", "OriginalFileName": "TiWorker.exe", "CommandLine": "C:\\Windows\\winsxs\\amd64_microsoft-windows-servicingstack_31bf3856ad364e35_10.0.19041.1613_none_7df538047ca074bb\\TiWorker.exe -Embedding", "CurrentDirectory": "C:\\Windows\\system32\\", "User": "NT AUTHORITY\\SYSTEM", "LogonGuid": "{7590a8e8-8a52-625b-e703-000000000000}", "LogonId": "0x00000000000003e7", "TerminalSessionId": "0", "IntegrityLevel": "System", "Hashes": "MD5=47FC0F9DD477E952978C16C7CEBF71C6,SHA256=389B97813D8EB75F70C9FF7287CE730ED2CA80061C45D1FF68D3DBEAC7E54443,IMPHASH=19197046B87EADE5256133B37DE63C35", "ParentProcessGuid": "{7590a8e8-8a52-625b-0e00-000000003600}", "ParentProcessId": "1156", "ParentImage": "C:\\Windows\\System32\\svchost.exe", "ParentCommandLine": "C:\\Windows\\system32\\svchost.exe -k DcomLaunch -p", "ParentUser": "NT AUTHORITY\\SYSTEM"}}
{"Record": "40", "System": {"EventID": "1", "Version": "5", "Level": "4", "Task": "1", "Opcode": "0", "Keywords": "0x8000000000000000", "TimeCreated": {"SystemTime": "2022-04-20 06:31:06.232576"}, "EventRecordID": "877753", "Correlation": {"ActivityID": "", "RealatedActivityID": ""}, "Execution": {"ProcessID": "5992", "ThreadID": "8020"}, "Channel": "Microsoft-Windows-Sysmon/Operational", "Computer": "MSI", "Security": {"UserID": "S-1-5-18"}}, "Event Data": {"RuleName": "-", "UtcTime": "2022-04-20 06:31:06.230", "ProcessGuid": "{7590a8e8-a8aa-625f-398e-000000003600}", "ProcessId": "26052", "Image": "C:\\Program Files\\Mozilla Firefox\\default-browser-agent.exe", "FileVersion": "99.0.1", "Description": "Firefox Default Browser Agent", "Product": "Firefox", "Company": "Mozilla Foundation", "OriginalFileName": "default-browser-agent.exe", "CommandLine": "\"C:\\Program Files\\Mozilla Firefox\\default-browser-agent.exe\" do-task \"308046B0AF4A39CB\"", "CurrentDirectory": "C:\\Windows\\system32\\", "User": "MSI\\Annie", "LogonGuid": "{7590a8e8-5540-625f-79b5-c80f00000000}", "LogonId": "0x000000000fc8b579", "TerminalSessionId": "5", "IntegrityLevel": "Medium", "Hashes": "MD5=A74C9AC360CAAA35DD8ADA73B0755F9B,SHA256=A0B64BCEAF2CACFF04B255B85D4AA447CE3FEB26B2295F72D1EB68ED2891E18A,IMPHASH=5B30604631AE323C65AF686239752915", "ParentProcessGuid": "{7590a8e8-8a52-625b-2100-000000003600}", "ParentProcessId": "2044", "ParentImage": "C:\\Windows\\System32\\svchost.exe", "ParentCommandLine": "C:\\Windows\\system32\\svchost.exe -k netsvcs -p -s Schedule", "ParentUser": "NT AUTHORITY\\SYSTEM"}}
{"Record": "41", "System": {"EventID": "1", "Version": "5", "Level": "4", "Task": "1", "Opcode": "0", "Keywords": "0x8000000000000000", "TimeCreated": {"SystemTime": "2022-04-20 06:31:06.804064"}, "EventRecordID": "877754", "Correlation": {"ActivityID": "", "RealatedActivityID": ""}, "Execution": {"ProcessID": "5992", "ThreadID": "8020"}, "Channel": "Microsoft-Windows-Sysmon/Operational", "Computer": "MSI", "Security": {"UserID": "S-1-5-18"}}, "Event Data": {"RuleName": "-", "UtcTime": "2022-04-20 06:31:06.802", "ProcessGuid": "{7590a8e8-a8aa-625f-3a8e-000000003600}", "ProcessId": "5068", "Image": "C:\\Program Files\\Mozilla Firefox\\pingsender.exe", "FileVersion": "99.0.1", "Description": "-", "Product": "Firefox", "Company": "Mozilla Foundation", "OriginalFileName": "pingsender.exe", "CommandLine": "\"C:\\Program Files\\Mozilla Firefox\\pingsender.exe\" https://incoming.telemetry.mozilla.org/submit/default-browser-agent/default-browser/1/1922B081-02E7-49DA-9F3F-0913F3882DE9 \"C:\\Users\\Annie\\AppData\\Roaming\\Mozilla\\Firefox\\Pending Pings\\1922B081-02E7-49DA-9F3F-0913F3882DE9\"", "CurrentDirectory": "C:\\Windows\\system32\\", "User": "MSI\\Annie", "LogonGuid": "{7590a8e8-5540-625f-79b5-c80f00000000}", "LogonId": "0x000000000fc8b579", "TerminalSessionId": "5", "IntegrityLevel": "Medium", "Hashes": "MD5=117E9B7653F3EC6E8D5A03665B2B8A8A,SHA256=76E5267DB4E73EB4F611784ED4C58D96B92E8F2493655A3753157AFCE39EDEE7,IMPHASH=AF27FA7223A9B6FE80447A0E6715E632", "ParentProcessGuid": "{7590a8e8-a8aa-625f-398e-000000003600}", "ParentProcessId": "26052", "ParentImage": "C:\\Program Files\\Mozilla Firefox\\default-browser-agent.exe", "ParentCommandLine": "\"C:\\Program Files\\Mozilla Firefox\\default-browser-agent.exe\" do-task \"308046B0AF4A39CB\"", "ParentUser": "MSI\\Annie"}}
{"Record": "42", "System": {"EventID": "1", "Version": "5", "Level": "4", "Task": "1", "Opcode": "0", "Keywords": "0x8000000000000000", "TimeCreated": {"SystemTime": "2022-04-20 06:31:08.694695"}, "EventRecordID": "877755", "Correlation": {"ActivityID": "", "RealatedActivityID": ""}, "Execution": {"ProcessID": "5992", "ThreadID": "8020"}, "Channel": "Microsoft-Windows-Sysmon/Operational", "Computer": "MSI", "Security": {"UserID": "S-1-5-18"}}, "Event Data": {"RuleName": "-", "UtcTime": "2022-04-20 06:31:08.693", "ProcessGuid": "{7590a8e8-a8ac-625f-3c8e-000000003600}", "ProcessId": "23348", "Image": "C:\\Program Files\\Common Files\\Adobe\\Creative Cloud Libraries\\libs\\node.exe", "FileVersion": "16.13.2", "Description": "Node.js JavaScript Runtime", "Product": "Node.js", "Company": "Node.js", "OriginalFileName": "node.exe", "CommandLine": "\"C:\\Program Files\\Common Files\\Adobe\\Creative Cloud Libraries\\libs\\node.exe\" \"C:\\Program Files\\Common Files\\Adobe\\Creative Cloud Libraries\\js\\systemFontsProcess.js\"", "CurrentDirectory": "C:\\Program Files\\Common Files\\Adobe\\Creative Cloud Libraries\\", "User": "MSI\\Annie", "LogonGuid": "{7590a8e8-5540-625f-79b5-c80f00000000}", "LogonId": "0x000000000fc8b579", "TerminalSessionId": "5", "IntegrityLevel": "Medium", "Hashes": "MD5=0B8597DBA8198D74EC9A959E04900870,SHA256=B30D47D1450739F14A1E6DFD187CF0944C6464FFF18D60989BD89860DA6C9FA4,IMPHASH=620B4A1E3C44872C4187AA329CDAD68E", "ParentProcessGuid": "{7590a8e8-5578-625f-f166-000000003600}", "ParentProcessId": "12828", "ParentImage": "C:\\Program Files\\Common Files\\Adobe\\Creative Cloud Libraries\\libs\\node.exe", "ParentCommandLine": "\"C:\\Program Files\\Common Files\\Adobe\\Creative Cloud Libraries\\libs\\node.exe\" \"C:\\Program Files\\Common Files\\Adobe\\Creative Cloud Libraries\\js\\server.js\"", "ParentUser": "MSI\\Annie"}}
{"Record": "43", "System": {"EventID": "1", "Version": "5", "Level": "4", "Task": "1", "Opcode": "0", "Keywords": "0x8000000000000000", "TimeCreated": {"SystemTime": "2022-04-20 06:31:31.943445"}, "EventRecordID": "877756", "Correlation": {"ActivityID": "", "RealatedActivityID": ""}, "Execution": {"ProcessID": "5992", "ThreadID": "8020"}, "Channel": "Microsoft-Windows-Sysmon/Operational", "Computer": "MSI", "Security": {"UserID": "S-1-5-18"}}, "Event Data": {"RuleName": "-", "UtcTime": "2022-04-20 06:31:31.940", "ProcessGuid": "{7590a8e8-a8c3-625f-3e8e-000000003600}", "ProcessId": "19876", "Image": "C:\\Windows\\System32\\taskhostw.exe", "FileVersion": "10.0.19041.1503 (WinBuild.160101.0800)", "Description": "Host Process for Windows Tasks", "Product": "Microsoft&#174; Windows&#174; Operating System", "Company": "Microsoft Corporation", "OriginalFileName": "taskhostw.exe", "CommandLine": "taskhostw.exe Install $(Arg0)", "CurrentDirectory": "C:\\Windows\\system32\\", "User": "MSI\\Annie", "LogonGuid": "{7590a8e8-5540-625f-79b5-c80f00000000}", "LogonId": "0x000000000fc8b579", "TerminalSessionId": "5", "IntegrityLevel": "Medium", "Hashes": "MD5=5CFC093FCEA45CF8978D2304B6063C91,SHA256=F1E8525FE2FBFF523B2E56472231D4AC9AA102BA614694213E59B5EB2590CC15,IMPHASH=3A0C6863CDE566AF997DB2DEFFF9D924", "ParentProcessGuid": "{7590a8e8-8a52-625b-2100-000000003600}", "ParentProcessId": "2044", "ParentImage": "C:\\Windows\\System32\\svchost.exe", "ParentCommandLine": "C:\\Windows\\system32\\svchost.exe -k netsvcs -p -s Schedule", "ParentUser": "NT AUTHORITY\\SYSTEM"}}
{"Record": "44", "System": {"EventID": "1", "Version": "5", "Level": "4", "Task": "1", "Opcode": "0", "Keywords": "0x8000000000000000", "TimeCreated": {"SystemTime": "2022-04-20 06:31:31.944311"}, "EventRecordID": "877757", "Correlation": {"ActivityID": "", "RealatedActivityID": ""}, "Execution": {"ProcessID": "5992", "ThreadID": "8020"}, "Channel": "Microsoft-Windows-Sysmon/Operational", "Computer": "MSI", "Security": {"UserID": "S-1-5-18"}}, "Event Data": {"RuleName": "-", "UtcTime": "2022-04-20 06:31:31.941", "ProcessGuid": "{7590a8e8-a8c3-625f-3f8e-000000003600}", "ProcessId": "20892", "Image": "C:\\Program Files (x86)\\Microsoft Visual Studio\\Installer\\resources\\app\\ServiceHub\\Services\\Microsoft.VisualStudio.Setup.Service\\BackgroundDownload.exe", "FileVersion": "3.0.4496.34889", "Description": "Visual Studio Background Download", "Product": "Visual Studio", "Company": "Microsoft", "OriginalFileName": "BackgroundDownload.exe", "CommandLine": "\"C:\\Program Files (x86)\\Microsoft Visual Studio\\Installer\\resources\\app\\ServiceHub\\Services\\Microsoft.VisualStudio.Setup.Service\\BackgroundDownload.exe\"", "CurrentDirectory": "C:\\Windows\\system32\\", "User": "MSI\\Annie", "LogonGuid": "{7590a8e8-5540-625f-79b5-c80f00000000}", "LogonId": "0x000000000fc8b579", "TerminalSessionId": "5", "IntegrityLevel": "Medium", "Hashes": "MD5=A268D98AD580055E7C2FA49CCFCE1D64,SHA256=F115F3788EE4A4BED3D797DA29863E037280C23422FAA0855DC13840FA926E64,IMPHASH=F34D5F2D4577ED6D9CEEC516C1F5A744", "ParentProcessGuid": "{7590a8e8-8a52-625b-2100-000000003600}", "ParentProcessId": "2044", "ParentImage": "C:\\Windows\\System32\\svchost.exe", "ParentCommandLine": "C:\\Windows\\system32\\svchost.exe -k netsvcs -p -s Schedule", "ParentUser": "NT AUTHORITY\\SYSTEM"}}
{"Record": "45", "System": {"EventID": "22", "Version": "5", "Level": "4", "Task": "22", "Opcode": "0", "Keywords": "0x8000000000000000", "TimeCreated": {"SystemTime": "2022-04-20 06:31:35.249023"}, "EventRecordID": "877758", "Correlation": {"ActivityID": "", "RealatedActivityID": ""}, "Execution": {"ProcessID": "5992", "ThreadID": "8084"}, "Channel": "Microsoft-Windows-Sysmon/Operational", "Computer": "MSI", "Security": {"UserID": "S-1-5-18"}}, "Event Data": {"RuleName": "-", "UtcTime": "2022-04-20 06:33:42.987", "ProcessGuid": "{7590a8e8-a8c3-625f-408e-000000003600}", "ProcessId": "21480", "QueryName": "2022-04-20 06:33:42.987", "QueryStatus": "{7590a8e8-a8c3-625f-408e-000000003600}", "QueryResults": "21480", "Image": "&lt;unknown process&gt;", "User": "NT AUTHORITY\\SYSTEM"}}
{"Record": "46", "System": {"EventID": "22", "Version": "5", "Level": "4", "Task": "22", "Opcode": "0", "Keywords": "0x8000000000000000", "TimeCreated": {"SystemTime": "2022-04-20 06:31:35.249218"}, "EventRecordID": "877759", "Correlation": {"ActivityID": "", "RealatedActivityID": ""}, "Execution": {"ProcessID": "5992", "ThreadID": "8084"}, "Channel": "Microsoft-Windows-Sysmon/Operational", "Computer": "MSI", "Security": {"UserID": "S-1-5-18"}}, "Event Data": {"RuleName": "-", "UtcTime": "2022-04-20 06:33:44.204", "ProcessGuid": "{7590a8e8-a8c3-625f-3f8e-000000003600}", "ProcessId": "20892", "QueryName": "2022-04-20 06:33:44.204", "QueryStatus": "{7590a8e8-a8c3-625f-3f8e-000000003600}", "QueryResults": "20892", "Image": "&lt;unknown process&gt;", "User": "MSI\\Annie"}}
{"Record": "47", "System": {"EventID": "22", "Version": "5", "Level": "4", "Task": "22", "Opcode": "0", "Keywords": "0x8000000000000000", "TimeCreated": {"SystemTime": "2022-04-20 06:31:35.249254"}, "EventRecordID": "877760", "Correlation": {"ActivityID": "", "RealatedActivityID": ""}, "Execution": {"ProcessID": "5992", "ThreadID": "8084"}, "Channel": "Microsoft-Windows-Sysmon/Operational", "Computer": "MSI", "Security": {"UserID": "S-1-5-18"}}, "Event Data": {"RuleName": "-", "UtcTime": "2022-04-20 06:33:44.206", "ProcessGuid": "{7590a8e8-a8c3-625f-3f8e-000000003600}", "ProcessId": "20892", "QueryName": "2022-04-20 06:33:44.206", "QueryStatus": "{7590a8e8-a8c3-625f-3f8e-000000003600}", "QueryResults": "20892", "Image": "C:\\Program Files (x86)\\Microsoft Visual Studio\\Installer\\resources\\app\\ServiceHub\\Services\\Microsoft.VisualStudio.Setup.Service\\BackgroundDownload.exe", "User": "MSI\\Annie"}}
{"Record": "48", "System": {"EventID": "1", "Version": "5", "Level": "4", "Task": "1", "Opcode": "0", "Keywords": "0x8000000000000000", "TimeCreated": {"SystemTime": "2022-04-20 06:32:33.009218"}, "EventRecordID": "877761", "Correlation": {"ActivityID": "", "RealatedActivityID": ""}, "Execution": {"ProcessID": "5992", "ThreadID": "8020"}, "Channel": "Microsoft-Windows-Sysmon/Operational", "Computer": "MSI", "Security": {"UserID": "S-1-5-18"}}, "Event Data": {"RuleName": "-", "UtcTime": "2022-04-20 06:32:33.005", "ProcessGuid": "{7590a8e8-a901-625f-438e-000000003600}", "ProcessId": "6136", "Image": "C:\\Windows\\System32\\LogonUI.exe", "FileVersion": "10.0.19041.1 (WinBuild.160101.0800)", "Description": "Windows Logon User Interface Host", "Product": "Microsoft&#174; Windows&#174; Operating System", "Company": "Microsoft Corporation", "OriginalFileName": "logonui.exe", "CommandLine": "\"LogonUI.exe\" /flags:0x0 /state0:0xa44c9055 /state1:0x41c64e6d", "CurrentDirectory": "C:\\Windows\\System32\\", "User": "NT AUTHORITY\\SYSTEM", "LogonGuid": "{7590a8e8-8a52-625b-e703-000000000000}", "LogonId": "0x00000000000003e7", "TerminalSessionId": "5", "IntegrityLevel": "System", "Hashes": "MD5=893144FE49AA16124B5BD3034E79BBC6,SHA256=CF01E46C146699F6C0E3DD447043F59BC9438DBBCB9563AF6C60EBC6D82727F2,IMPHASH=B9B0B64B08B38276711093CA94348D39", "ParentProcessGuid": "{7590a8e8-1443-625f-2666-000000003600}", "ParentProcessId": "23872", "ParentImage": "C:\\Windows\\System32\\winlogon.exe", "ParentCommandLine": "C:\\Windows\\System32\\WinLogon.exe -SpecialSession", "ParentUser": "NT AUTHORITY\\SYSTEM"}}
{"Record": "49", "System": {"EventID": "1", "Version": "5", "Level": "4", "Task": "1", "Opcode": "0", "Keywords": "0x8000000000000000", "TimeCreated": {"SystemTime": "2022-04-20 06:32:33.445784"}, "EventRecordID": "877762", "Correlation": {"ActivityID": "", "RealatedActivityID": ""}, "Execution": {"ProcessID": "5992", "ThreadID": "8020"}, "Channel": "Microsoft-Windows-Sysmon/Operational", "Computer": "MSI", "Security": {"UserID": "S-1-5-18"}}, "Event Data": {"RuleName": "-", "UtcTime": "2022-04-20 06:32:33.440", "ProcessGuid": "{7590a8e8-a901-625f-448e-000000003600}", "ProcessId": "23380", "Image": "C:\\Windows\\System32\\taskhostw.exe", "FileVersion": "10.0.19041.1503 (WinBuild.160101.0800)", "Description": "Host Process for Windows Tasks", "Product": "Microsoft&#174; Windows&#174; Operating System", "Company": "Microsoft Corporation", "OriginalFileName": "taskhostw.exe", "CommandLine": "taskhostw.exe KEYROAMING", "CurrentDirectory": "C:\\Windows\\system32\\", "User": "MSI\\Annie", "LogonGuid": "{7590a8e8-5540-625f-79b5-c80f00000000}", "LogonId": "0x000000000fc8b579", "TerminalSessionId": "5", "IntegrityLevel": "Medium", "Hashes": "MD5=5CFC093FCEA45CF8978D2304B6063C91,SHA256=F1E8525FE2FBFF523B2E56472231D4AC9AA102BA614694213E59B5EB2590CC15,IMPHASH=3A0C6863CDE566AF997DB2DEFFF9D924", "ParentProcessGuid": "{7590a8e8-8a52-625b-2100-000000003600}", "ParentProcessId": "2044", "ParentImage": "C:\\Windows\\System32\\svchost.exe", "ParentCommandLine": "C:\\Windows\\system32\\svchost.exe -k netsvcs -p -s Schedule", "ParentUser": "NT AUTHORITY\\SYSTEM"}}
{"Record": "50", "System": {"EventID": "1", "Version": "5", "Level": "4", "Task": "1", "Opcode": "0", "Keywords": "0x8000000000000000", "TimeCreated": {"SystemTime": "2022-04-20 06:32:48.644850"}, "EventRecordID": "877763", "Correlation": {"ActivityID": "", "RealatedActivityID": ""}, "Execution": {"ProcessID": "5992", "ThreadID": "8020"}, "Channel": "Microsoft-Windows-Sysmon/Operational", "Computer": "MSI", "Security": {"UserID": "S-1-5-18"}}, "Event Data": {"RuleName": "-", "UtcTime": "2022-04-20 06:32:48.643", "ProcessGuid": "{7590a8e8-a910-625f-4c8e-000000003600}", "ProcessId": "27700", "Image": "C:\\Program Files (x86)\\Google\\Update\\GoogleUpdate.exe", "FileVersion": "1.3.36.111", "Description": "Google Installer", "Product": "Google Update", "Company": "Google LLC", "OriginalFileName": "GoogleUpdate.exe", "CommandLine": "\"C:\\Program Files (x86)\\Google\\Update\\GoogleUpdate.exe\" /ua /installsource scheduler", "CurrentDirectory": "C:\\Windows\\system32\\", "User": "NT AUTHORITY\\SYSTEM", "LogonGuid": "{7590a8e8-8a52-625b-e703-000000000000}", "LogonId": "0x00000000000003e7", "TerminalSessionId": "0", "IntegrityLevel": "System", "Hashes": "MD5=6BF197B8C7DE4B004C5D6FA415FC7867,SHA256=61A92167587E540275B374890BE8FD0319FE03C4F19CC79A8C2FB6871CF21E73,IMPHASH=7DF1816239C5BC855600D41210406C5B", "ParentProcessGuid": "{7590a8e8-8a52-625b-2100-000000003600}", "ParentProcessId": "2044", "ParentImage": "C:\\Windows\\System32\\svchost.exe", "ParentCommandLine": "C:\\Windows\\system32\\svchost.exe -k netsvcs -p -s Schedule", "ParentUser": "NT AUTHORITY\\SYSTEM"}}
{"Record": "51", "System": {"EventID": "1", "Version": "5", "Level": "4", "Task": "1", "Opcode": "0", "Keywords": "0x8000000000000000", "TimeCreated": {"SystemTime": "2022-04-20 06:32:53.510508"}, "EventRecordID": "877764", "Correlation": {"ActivityID": "", "RealatedActivityID": ""}, "Execution": {"ProcessID": "5992", "ThreadID": "8020"}, "Channel": "Microsoft-Windows-Sysmon/Operational", "Computer": "MSI", "Security": {"UserID": "S-1-5-18"}}, "Event Data": {"RuleName": "-", "UtcTime": "2022-04-20 06:32:53.509", "ProcessGuid": "{7590a8e8-a915-625f-4e8e-000000003600}", "ProcessId": "32048", "Image": "C:\\Windows\\System32\\wermgr.exe", "FileVersion": "10.0.19041.1620 (WinBuild.160101.0800)", "Description": "Windows Problem Reporting", "Product": "Microsoft&#174; Windows&#174; Operating System", "Company": "Microsoft Corporation", "OriginalFileName": "WerMgr", "CommandLine": "\"C:\\Windows\\system32\\wermgr.exe\" \"-outproc\" \"0\" \"4508\" \"3624\" \"928\" \"3468\" \"0\" \"0\" \"0\" \"0\" \"0\" \"0\" \"0\" \"0\" ", "CurrentDirectory": "C:\\Windows\\system32\\", "User": "NT AUTHORITY\\SYSTEM", "LogonGuid": "{7590a8e8-8a52-625b-e703-000000000000}", "LogonId": "0x00000000000003e7", "TerminalSessionId": "0", "IntegrityLevel": "System", "Hashes": "MD5=A48575DBAF9C6175F181EE4C174BBF73,SHA256=D11FB2F1510919D62CF5CF3D0B3A043DEC4453EC59F775B6E96059A645AD30FB,IMPHASH=37D12206E28F2B50E948F011F2BBBDAD", "ParentProcessGuid": "{7590a8e8-8a53-625b-5b00-000000003600}", "ParentProcessId": "4508", "ParentImage": "C:\\Windows\\System32\\svchost.exe", "ParentCommandLine": "C:\\Windows\\system32\\svchost.exe -k WbioSvcGroup -s WbioSrvc", "ParentUser": "NT AUTHORITY\\SYSTEM"}}
{"Record": "52", "System": {"EventID": "1", "Version": "5", "Level": "4", "Task": "1", "Opcode": "0", "Keywords": "0x8000000000000000", "TimeCreated": {"SystemTime": "2022-04-20 06:33:11.468750"}, "EventRecordID": "877765", "Correlation": {"ActivityID": "", "RealatedActivityID": ""}, "Execution": {"ProcessID": "5992", "ThreadID": "8020"}, "Channel": "Microsoft-Windows-Sysmon/Operational", "Computer": "MSI", "Security": {"UserID": "S-1-5-18"}}, "Event Data": {"RuleName": "-", "UtcTime": "2022-04-20 06:33:11.462", "ProcessGuid": "{7590a8e8-a927-625f-508e-000000003600}", "ProcessId": "28608", "Image": "C:\\Program Files (x86)\\Microsoft Visual Studio\\Installer\\resources\\app\\ServiceHub\\Services\\Microsoft.VisualStudio.Setup.Service\\BackgroundDownload.exe", "FileVersion": "3.0.4496.34889", "Description": "Visual Studio Background Download", "Product": "Visual Studio", "Company": "Microsoft", "OriginalFileName": "BackgroundDownload.exe", "CommandLine": "\"C:\\Program Files (x86)\\Microsoft Visual Studio\\Installer\\resources\\app\\ServiceHub\\Services\\Microsoft.VisualStudio.Setup.Service\\BackgroundDownload.exe\"", "CurrentDirectory": "C:\\Windows\\system32\\", "User": "MSI\\Annie", "LogonGuid": "{7590a8e8-5540-625f-79b5-c80f00000000}", "LogonId": "0x000000000fc8b579", "TerminalSessionId": "5", "IntegrityLevel": "Medium", "Hashes": "MD5=A268D98AD580055E7C2FA49CCFCE1D64,SHA256=F115F3788EE4A4BED3D797DA29863E037280C23422FAA0855DC13840FA926E64,IMPHASH=F34D5F2D4577ED6D9CEEC516C1F5A744", "ParentProcessGuid": "{7590a8e8-8a52-625b-2100-000000003600}", "ParentProcessId": "2044", "ParentImage": "C:\\Windows\\System32\\svchost.exe", "ParentCommandLine": "C:\\Windows\\system32\\svchost.exe -k netsvcs -p -s Schedule", "ParentUser": "NT AUTHORITY\\SYSTEM"}}
{"Record": "53", "System": {"EventID": "1", "Version": "5", "Level": "4", "Task": "1", "Opcode": "0", "Keywords": "0x8000000000000000", "TimeCreated": {"SystemTime": "2022-04-20 06:33:11.470287"}, "EventRecordID": "877766", "Correlation": {"ActivityID": "", "RealatedActivityID": ""}, "Execution": {"ProcessID": "5992", "ThreadID": "8020"}, "Channel": "Microsoft-Windows-Sysmon/Operational", "Computer": "MSI", "Security": {"UserID": "S-1-5-18"}}, "Event Data": {"RuleName": "-", "UtcTime": "2022-04-20 06:33:11.462", "ProcessGuid": "{7590a8e8-a927-625f-518e-000000003600}", "ProcessId": "26564", "Image": "C:\\Windows\\System32\\taskhostw.exe", "FileVersion": "10.0.19041.1503 (WinBuild.160101.0800)", "Description": "Host Process for Windows Tasks", "Product": "Microsoft&#174; Windows&#174; Operating System", "Company": "Microsoft Corporation", "OriginalFileName": "taskhostw.exe", "CommandLine": "taskhostw.exe Install $(Arg0)", "CurrentDirectory": "C:\\Windows\\system32\\", "User": "MSI\\Annie", "LogonGuid": "{7590a8e8-5540-625f-79b5-c80f00000000}", "LogonId": "0x000000000fc8b579", "TerminalSessionId": "5", "IntegrityLevel": "Medium", "Hashes": "MD5=5CFC093FCEA45CF8978D2304B6063C91,SHA256=F1E8525FE2FBFF523B2E56472231D4AC9AA102BA614694213E59B5EB2590CC15,IMPHASH=3A0C6863CDE566AF997DB2DEFFF9D924", "ParentProcessGuid": "{7590a8e8-8a52-625b-2100-000000003600}", "ParentProcessId": "2044", "ParentImage": "C:\\Windows\\System32\\svchost.exe", "ParentCommandLine": "C:\\Windows\\system32\\svchost.exe -k netsvcs -p -s Schedule", "ParentUser": "NT AUTHORITY\\SYSTEM"}}
{"Record": "54", "System": {"EventID": "22", "Version": "5", "Level": "4", "Task": "22", "Opcode": "0", "Keywords": "0x8000000000000000", "TimeCreated": {"SystemTime": "2022-04-20 06:33:14.718262"}, "EventRecordID": "877767", "Correlation": {"ActivityID": "", "RealatedActivityID": ""}, "Execution": {"ProcessID": "5992", "ThreadID": "8084"}, "Channel": "Microsoft-Windows-Sysmon/Operational", "Computer": "MSI", "Security": {"UserID": "S-1-5-18"}}, "Event Data": {"RuleName": "-", "UtcTime": "2022-04-20 06:35:23.449", "ProcessGuid": "{7590a8e8-a927-625f-508e-000000003600}", "ProcessId": "28608", "QueryName": "2022-04-20 06:35:23.449", "QueryStatus": "{7590a8e8-a927-625f-508e-000000003600}", "QueryResults": "28608", "Image": "&lt;unknown process&gt;", "User": "MSI\\Annie"}}
{"Record": "55", "System": {"EventID": "22", "Version": "5", "Level": "4", "Task": "22", "Opcode": "0", "Keywords": "0x8000000000000000", "TimeCreated": {"SystemTime": "2022-04-20 06:33:14.718307"}, "EventRecordID": "877768", "Correlation": {"ActivityID": "", "RealatedActivityID": ""}, "Execution": {"ProcessID": "5992", "ThreadID": "8084"}, "Channel": "Microsoft-Windows-Sysmon/Operational", "Computer": "MSI", "Security": {"UserID": "S-1-5-18"}}, "Event Data": {"RuleName": "-", "UtcTime": "2022-04-20 06:35:23.453", "ProcessGuid": "{7590a8e8-a927-625f-508e-000000003600}", "ProcessId": "28608", "QueryName": "2022-04-20 06:35:23.453", "QueryStatus": "{7590a8e8-a927-625f-508e-000000003600}", "QueryResults": "28608", "Image": "C:\\Program Files (x86)\\Microsoft Visual Studio\\Installer\\resources\\app\\ServiceHub\\Services\\Microsoft.VisualStudio.Setup.Service\\BackgroundDownload.exe", "User": "MSI\\Annie"}}
{"Record": "56", "System": {"EventID": "3", "Version": "5", "Level": "4", "Task": "3", "Opcode": "0", "Keywords": "0x8000000000000000", "TimeCreated": {"SystemTime": "2022-04-20 06:34:15.905302"}, "EventRecordID": "877769", "Correlation": {"ActivityID": "", "RealatedActivityID": ""}, "Execution": {"ProcessID": "5992", "ThreadID": "8060"}, "Channel": "Microsoft-Windows-Sysmon/Operational", "Computer": "MSI", "Security": {"UserID": "S-1-5-18"}}, "Event Data": {"RuleName": "-", "UtcTime": "2022-04-20 06:36:24.528", "ProcessGuid": "{7590a8e8-5fdc-625f-7b6f-000000003600}", "ProcessId": "27728", "Image": "C:\\Program Files\\Microsoft Office\\root\\Office16\\EXCEL.EXE", "User": "MSI\\Annie", "Protocol": "tcp", "Initiated": "True", "SourceIsIpv6": "False", "SourceIp": "192.168.1.2", "SourceHostname": "MSI.lan", "SourcePort": "58406", "SourcePortName": "-", "DestinationIsIpv6": "False", "DestinationIp": "131.253.14.229", "DestinationHostname": "bn2b-cor004.api.p001.1drv.com", "DestinationPort": "443", "DestinationPortName": "https"}}
{"Record": "57", "System": {"EventID": "11", "Version": "2", "Level": "4", "Task": "11", "Opcode": "0", "Keywords": "0x8000000000000000", "TimeCreated": {"SystemTime": "2022-04-20 06:34:32.181135"}, "EventRecordID": "877770", "Correlation": {"ActivityID": "", "RealatedActivityID": ""}, "Execution": {"ProcessID": "5992", "ThreadID": "8020"}, "Channel": "Microsoft-Windows-Sysmon/Operational", "Computer": "MSI", "Security": {"UserID": "S-1-5-18"}}, "Event Data": {"RuleName": "-", "UtcTime": "2022-04-20 06:34:32.180", "ProcessGuid": "{7590a8e8-8a53-625b-7500-000000003600}", "ProcessId": "5828", "Image": "C:\\Program Files (x86)\\MSI\\MSI NBFoundation Service\\Sendevsvc.exe", "TargetFilename": "C:\\Program Files (x86)\\MSI\\MSI NBFoundation Service\\Sendevsvc.sys", "CreationUtcTime": "2022-04-20 06:34:32.180", "User": "NT AUTHORITY\\SYSTEM"}}
{"Record": "58", "System": {"EventID": "11", "Version": "2", "Level": "4", "Task": "11", "Opcode": "0", "Keywords": "0x8000000000000000", "TimeCreated": {"SystemTime": "2022-04-20 06:34:33.335361"}, "EventRecordID": "877771", "Correlation": {"ActivityID": "", "RealatedActivityID": ""}, "Execution": {"ProcessID": "5992", "ThreadID": "8020"}, "Channel": "Microsoft-Windows-Sysmon/Operational", "Computer": "MSI", "Security": {"UserID": "S-1-5-18"}}, "Event Data": {"RuleName": "-", "UtcTime": "2022-04-20 06:34:33.334", "ProcessGuid": "{7590a8e8-8a53-625b-7500-000000003600}", "ProcessId": "5828", "Image": "C:\\Program Files (x86)\\MSI\\MSI NBFoundation Service\\Sendevsvc.exe", "TargetFilename": "C:\\Program Files (x86)\\MSI\\MSI NBFoundation Service\\Sendevsvc.sys", "CreationUtcTime": "2022-04-20 06:34:32.180", "User": "NT AUTHORITY\\SYSTEM"}}
{"Record": "59", "System": {"EventID": "22", "Version": "5", "Level": "4", "Task": "22", "Opcode": "0", "Keywords": "0x8000000000000000", "TimeCreated": {"SystemTime": "2022-04-20 06:34:35.230610"}, "EventRecordID": "877772", "Correlation": {"ActivityID": "", "RealatedActivityID": ""}, "Execution": {"ProcessID": "5992", "ThreadID": "8084"}, "Channel": "Microsoft-Windows-Sysmon/Operational", "Computer": "MSI", "Security": {"UserID": "S-1-5-18"}}, "Event Data": {"RuleName": "-", "UtcTime": "2022-04-20 06:36:43.972", "ProcessGuid": "{7590a8e8-8a55-625b-cc00-000000003600}", "ProcessId": "9840", "QueryName": "2022-04-20 06:36:43.972", "QueryStatus": "{7590a8e8-8a55-625b-cc00-000000003600}", "QueryResults": "9840", "Image": "C:\\Program Files\\WindowsApps\\Microsoft.GamingServices_3.63.31001.0_x64__8wekyb3d8bbwe\\gamingservices.exe", "User": "NT AUTHORITY\\SYSTEM"}}
{"Record": "60", "System": {"EventID": "11", "Version": "2", "Level": "4", "Task": "11", "Opcode": "0", "Keywords": "0x8000000000000000", "TimeCreated": {"SystemTime": "2022-04-20 06:34:36.035765"}, "EventRecordID": "877773", "Correlation": {"ActivityID": "", "RealatedActivityID": ""}, "Execution": {"ProcessID": "5992", "ThreadID": "8020"}, "Channel": "Microsoft-Windows-Sysmon/Operational", "Computer": "MSI", "Security": {"UserID": "S-1-5-18"}}, "Event Data": {"RuleName": "-", "UtcTime": "2022-04-20 06:34:36.034", "ProcessGuid": "{7590a8e8-8a53-625b-7500-000000003600}", "ProcessId": "5828", "Image": "C:\\Program Files (x86)\\MSI\\MSI NBFoundation Service\\Sendevsvc.exe", "TargetFilename": "C:\\Program Files (x86)\\MSI\\MSI NBFoundation Service\\Sendevsvc.sys", "CreationUtcTime": "2022-04-20 06:34:32.180", "User": "NT AUTHORITY\\SYSTEM"}}
{"Record": "61", "System": {"EventID": "11", "Version": "2", "Level": "4", "Task": "11", "Opcode": "0", "Keywords": "0x8000000000000000", "TimeCreated": {"SystemTime": "2022-04-20 06:34:37.213272"}, "EventRecordID": "877774", "Correlation": {"ActivityID": "", "RealatedActivityID": ""}, "Execution": {"ProcessID": "5992", "ThreadID": "8020"}, "Channel": "Microsoft-Windows-Sysmon/Operational", "Computer": "MSI", "Security": {"UserID": "S-1-5-18"}}, "Event Data": {"RuleName": "-", "UtcTime": "2022-04-20 06:34:37.212", "ProcessGuid": "{7590a8e8-8a53-625b-7500-000000003600}", "ProcessId": "5828", "Image": "C:\\Program Files (x86)\\MSI\\MSI NBFoundation Service\\Sendevsvc.exe", "TargetFilename": "C:\\Program Files (x86)\\MSI\\MSI NBFoundation Service\\Sendevsvc.sys", "CreationUtcTime": "2022-04-20 06:34:32.180", "User": "NT AUTHORITY\\SYSTEM"}}
{"Record": "62", "System": {"EventID": "3", "Version": "5", "Level": "4", "Task": "3", "Opcode": "0", "Keywords": "0x8000000000000000", "TimeCreated": {"SystemTime": "2022-04-20 06:35:16.319311"}, "EventRecordID": "877775", "Correlation": {"ActivityID": "", "RealatedActivityID": ""}, "Execution": {"ProcessID": "5992", "ThreadID": "8060"}, "Channel": "Microsoft-Windows-Sysmon/Operational", "Computer": "MSI", "Security": {"UserID": "S-1-5-18"}}, "Event Data": {"RuleName": "-", "UtcTime": "2022-04-20 06:37:24.965", "ProcessGuid": "{7590a8e8-5fdc-625f-7b6f-000000003600}", "ProcessId": "27728", "Image": "C:\\Program Files\\Microsoft Office\\root\\Office16\\EXCEL.EXE", "User": "MSI\\Annie", "Protocol": "tcp", "Initiated": "True", "SourceIsIpv6": "False", "SourceIp": "192.168.1.2", "SourceHostname": "MSI.lan", "SourcePort": "63167", "SourcePortName": "-", "DestinationIsIpv6": "False", "DestinationIp": "131.253.14.229", "DestinationHostname": "bn2b-cor004.api.p001.1drv.com", "DestinationPort": "443", "DestinationPortName": "https"}}
{"Record": "63", "System": {"EventID": "3", "Version": "5", "Level": "4", "Task": "3", "Opcode": "0", "Keywords": "0x8000000000000000", "TimeCreated": {"SystemTime": "2022-04-20 06:35:36.162680"}, "EventRecordID": "877776", "Correlation": {"ActivityID": "", "RealatedActivityID": ""}, "Execution": {"ProcessID": "5992", "ThreadID": "8060"}, "Channel": "Microsoft-Windows-Sysmon/Operational", "Computer": "MSI", "Security": {"UserID": "S-1-5-18"}}, "Event Data": {"RuleName": "-", "UtcTime": "2022-04-20 06:37:45.028", "ProcessGuid": "{7590a8e8-5fdc-625f-7b6f-000000003600}", "ProcessId": "27728", "Image": "C:\\Program Files\\Microsoft Office\\root\\Office16\\EXCEL.EXE", "User": "MSI\\Annie", "Protocol": "tcp", "Initiated": "True", "SourceIsIpv6": "True", "SourceIp": "2603:8001:bf00:d61:44ce:83a9:b84f:ddb0", "SourceHostname": "MSI", "SourcePort": "63169", "SourcePortName": "-", "DestinationIsIpv6": "True", "DestinationIp": "2600:1406:bc00:686:0:0:0:753", "DestinationHostname": "g2600-1406-bc00-0686-0000-0000-0000-0753.deploy.static.akamaitechnologies.com", "DestinationPort": "443", "DestinationPortName": "https"}}
{"Record": "64", "System": {"EventID": "3", "Version": "5", "Level": "4", "Task": "3", "Opcode": "0", "Keywords": "0x8000000000000000", "TimeCreated": {"SystemTime": "2022-04-20 06:35:37.192694"}, "EventRecordID": "877777", "Correlation": {"ActivityID": "", "RealatedActivityID": ""}, "Execution": {"ProcessID": "5992", "ThreadID": "8060"}, "Channel": "Microsoft-Windows-Sysmon/Operational", "Computer": "MSI", "Security": {"UserID": "S-1-5-18"}}, "Event Data": {"RuleName": "-", "UtcTime": "2022-04-20 06:37:45.207", "ProcessGuid": "{7590a8e8-5fdc-625f-7b6f-000000003600}", "ProcessId": "27728", "Image": "C:\\Program Files\\Microsoft Office\\root\\Office16\\EXCEL.EXE", "User": "MSI\\Annie", "Protocol": "tcp", "Initiated": "True", "SourceIsIpv6": "False", "SourceIp": "192.168.1.2", "SourceHostname": "MSI.lan", "SourcePort": "63170", "SourcePortName": "-", "DestinationIsIpv6": "False", "DestinationIp": "13.107.18.254", "DestinationHostname": "-", "DestinationPort": "443", "DestinationPortName": "https"}}
{"Record": "65", "System": {"EventID": "3", "Version": "5", "Level": "4", "Task": "3", "Opcode": "0", "Keywords": "0x8000000000000000", "TimeCreated": {"SystemTime": "2022-04-20 06:35:37.192808"}, "EventRecordID": "877778", "Correlation": {"ActivityID": "", "RealatedActivityID": ""}, "Execution": {"ProcessID": "5992", "ThreadID": "8060"}, "Channel": "Microsoft-Windows-Sysmon/Operational", "Computer": "MSI", "Security": {"UserID": "S-1-5-18"}}, "Event Data": {"RuleName": "-", "UtcTime": "2022-04-20 06:37:45.709", "ProcessGuid": "{7590a8e8-5fdc-625f-7b6f-000000003600}", "ProcessId": "27728", "Image": "C:\\Program Files\\Microsoft Office\\root\\Office16\\EXCEL.EXE", "User": "MSI\\Annie", "Protocol": "tcp", "Initiated": "True", "SourceIsIpv6": "True", "SourceIp": "2603:8001:bf00:d61:44ce:83a9:b84f:ddb0", "SourceHostname": "MSI", "SourcePort": "63171", "SourcePortName": "-", "DestinationIsIpv6": "True", "DestinationIp": "2620:1ec:a92:0:0:0:0:171", "DestinationHostname": "-", "DestinationPort": "443", "DestinationPortName": "https"}}
{"Record": "66", "System": {"EventID": "3", "Version": "5", "Level": "4", "Task": "3", "Opcode": "0", "Keywords": "0x8000000000000000", "TimeCreated": {"SystemTime": "2022-04-20 06:35:37.192898"}, "EventRecordID": "877779", "Correlation": {"ActivityID": "", "RealatedActivityID": ""}, "Execution": {"ProcessID": "5992", "ThreadID": "8060"}, "Channel": "Microsoft-Windows-Sysmon/Operational", "Computer": "MSI", "Security": {"UserID": "S-1-5-18"}}, "Event Data": {"RuleName": "-", "UtcTime": "2022-04-20 06:37:46.021", "ProcessGuid": "{7590a8e8-5fdc-625f-7b6f-000000003600}", "ProcessId": "27728", "Image": "C:\\Program Files\\Microsoft Office\\root\\Office16\\EXCEL.EXE", "User": "MSI\\Annie", "Protocol": "tcp", "Initiated": "True", "SourceIsIpv6": "True", "SourceIp": "2603:8001:bf00:d61:44ce:83a9:b84f:ddb0", "SourceHostname": "MSI", "SourcePort": "63172", "SourcePortName": "-", "DestinationIsIpv6": "True", "DestinationIp": "2603:1036:307:486d:0:0:0:2", "DestinationHostname": "-", "DestinationPort": "443", "DestinationPortName": "https"}}
{"Record": "67", "System": {"EventID": "3", "Version": "5", "Level": "4", "Task": "3", "Opcode": "0", "Keywords": "0x8000000000000000", "TimeCreated": {"SystemTime": "2022-04-20 06:35:37.192972"}, "EventRecordID": "877780", "Correlation": {"ActivityID": "", "RealatedActivityID": ""}, "Execution": {"ProcessID": "5992", "ThreadID": "8060"}, "Channel": "Microsoft-Windows-Sysmon/Operational", "Computer": "MSI", "Security": {"UserID": "S-1-5-18"}}, "Event Data": {"RuleName": "-", "UtcTime": "2022-04-20 06:37:46.194", "ProcessGuid": "{7590a8e8-5fdc-625f-7b6f-000000003600}", "ProcessId": "27728", "Image": "C:\\Program Files\\Microsoft Office\\root\\Office16\\EXCEL.EXE", "User": "MSI\\Annie", "Protocol": "tcp", "Initiated": "True", "SourceIsIpv6": "False", "SourceIp": "192.168.1.2", "SourceHostname": "MSI.lan", "SourcePort": "63173", "SourcePortName": "-", "DestinationIsIpv6": "False", "DestinationIp": "13.107.6.163", "DestinationHostname": "-", "DestinationPort": "443", "DestinationPortName": "https"}}
{"Record": "68", "System": {"EventID": "3", "Version": "5", "Level": "4", "Task": "3", "Opcode": "0", "Keywords": "0x8000000000000000", "TimeCreated": {"SystemTime": "2022-04-20 06:35:41.361462"}, "EventRecordID": "877781", "Correlation": {"ActivityID": "", "RealatedActivityID": ""}, "Execution": {"ProcessID": "5992", "ThreadID": "8060"}, "Channel": "Microsoft-Windows-Sysmon/Operational", "Computer": "MSI", "Security": {"UserID": "S-1-5-18"}}, "Event Data": {"RuleName": "-", "UtcTime": "2022-04-20 06:37:50.068", "ProcessGuid": "{7590a8e8-5fdc-625f-7b6f-000000003600}", "ProcessId": "27728", "Image": "C:\\Program Files\\Microsoft Office\\root\\Office16\\EXCEL.EXE", "User": "MSI\\Annie", "Protocol": "tcp", "Initiated": "True", "SourceIsIpv6": "True", "SourceIp": "2603:8001:bf00:d61:44ce:83a9:b84f:ddb0", "SourceHostname": "MSI", "SourcePort": "63174", "SourcePortName": "-", "DestinationIsIpv6": "True", "DestinationIp": "2620:1ec:42:0:0:0:0:132", "DestinationHostname": "-", "DestinationPort": "443", "DestinationPortName": "https"}}
