{"Record": "1", "System": {"EventID": "1", "Version": "5", "Level": "4", "Task": "1", "Opcode": "0", "Keywords": "0x8000000000000000", "TimeCreated": {"SystemTime": "2022-04-20 01:52:41.271778"}, "EventRecordID": "870774", "Correlation": {"ActivityID": "", "RealatedActivityID": ""}, "Execution": {"ProcessID": "5992", "ThreadID": "8020"}, "Channel": "Microsoft-Windows-Sysmon/Operational", "Computer": "MSI", "Security": {"UserID": "S-1-5-18"}}, "Event Data": {"RuleName": "-", "UtcTime": "2022-04-20 01:52:41.267", "ProcessGuid": "{7590a8e8-6769-625f-1372-000000003600}", "ProcessId": "3780", "Image": "C:\\Windows\\System32\\WindowsPowerShell\\v1.0\\powershell.exe", "FileVersion": "10.0.19041.546 (WinBuild.160101.0800)", "Description": "Windows PowerShell", "Product": "Microsoft&#174; Windows&#174; Operating System", "Company": "Microsoft Corporation", "OriginalFileName": "PowerShell.EXE", "CommandLine": "powershell.exe \"C:\\Users\\Annie\\Desktop\\attackhost_v_1_0_2DEV\\powershell\\execution\\Attack-Script-T1047_5.ps1 C:\\Users\\Annie\\Desktop\\attackhost_v_1_0_2DEV\\data\\output\\AttackResults\\Attack-T1047_5-1.out\"", "CurrentDirectory": "C:\\Users\\Annie\\Desktop\\attackhost_v_1_0_2DEV\\", "User": "MSI\\Annie", "LogonGuid": "{7590a8e8-5540-625f-cdb4-c80f00000000}", "LogonId": "0x000000000fc8b4cd", "TerminalSessionId": "5", "IntegrityLevel": "High", "Hashes": "MD5=04029E121A0CFA5991749937DD22A1D9,SHA256=9F914D42706FE215501044ACD85A32D58AAEF1419D404FDDFA5D3B48F66CCD9F,IMPHASH=7C955A0ABC747F57CCC4324480737EF7", "ParentProcessGuid": "{7590a8e8-6562-625f-2771-000000003600}", "ParentProcessId": "15740", "ParentImage": "C:\\Users\\Annie\\anaconda3\\python.exe", "ParentCommandLine": "C:\\Users\\Annie\\anaconda3\\python.exe c:\\Users\\Annie\\Desktop\\attackhost_v_1_0_2DEV\\app.py", "ParentUser": "MSI\\Annie"}}
{"Record": "2", "System": {"EventID": "22", "Version": "5", "Level": "4", "Task": "22", "Opcode": "0", "Keywords": "0x8000000000000000", "TimeCreated": {"SystemTime": "2022-04-20 01:52:41.354811"}, "EventRecordID": "870775", "Correlation": {"ActivityID": "", "RealatedActivityID": ""}, "Execution": {"ProcessID": "5992", "ThreadID": "8084"}, "Channel": "Microsoft-Windows-Sysmon/Operational", "Computer": "MSI", "Security": {"UserID": "S-1-5-18"}}, "Event Data": {"RuleName": "-", "UtcTime": "2022-04-20 01:54:43.873", "ProcessGuid": "{7590a8e8-8a55-625b-cc00-000000003600}", "ProcessId": "9840", "QueryName": "2022-04-20 01:54:43.873", "QueryStatus": "{7590a8e8-8a55-625b-cc00-000000003600}", "QueryResults": "9840", "Image": "C:\\Program Files\\WindowsApps\\Microsoft.GamingServices_3.63.31001.0_x64__8wekyb3d8bbwe\\gamingservices.exe", "User": "NT AUTHORITY\\SYSTEM"}}
{"Record": "3", "System": {"EventID": "11", "Version": "2", "Level": "4", "Task": "11", "Opcode": "0", "Keywords": "0x8000000000000000", "TimeCreated": {"SystemTime": "2022-04-20 01:52:41.358570"}, "EventRecordID": "870776", "Correlation": {"ActivityID": "", "RealatedActivityID": ""}, "Execution": {"ProcessID": "5992", "ThreadID": "8020"}, "Channel": "Microsoft-Windows-Sysmon/Operational", "Computer": "MSI", "Security": {"UserID": "S-1-5-18"}}, "Event Data": {"RuleName": "-", "UtcTime": "2022-04-20 01:52:41.358", "ProcessGuid": "{7590a8e8-6769-625f-1372-000000003600}", "ProcessId": "3780", "Image": "C:\\Windows\\System32\\WindowsPowerShell\\v1.0\\powershell.exe", "TargetFilename": "C:\\Users\\Annie\\AppData\\Local\\Temp\\__PSScriptPolicyTest_g1qd50fk.iv3.ps1", "CreationUtcTime": "2022-04-20 01:52:41.357", "User": "MSI\\Annie"}}
{"Record": "4", "System": {"EventID": "1", "Version": "5", "Level": "4", "Task": "1", "Opcode": "0", "Keywords": "0x8000000000000000", "TimeCreated": {"SystemTime": "2022-04-20 01:52:41.607679"}, "EventRecordID": "870777", "Correlation": {"ActivityID": "", "RealatedActivityID": ""}, "Execution": {"ProcessID": "5992", "ThreadID": "8020"}, "Channel": "Microsoft-Windows-Sysmon/Operational", "Computer": "MSI", "Security": {"UserID": "S-1-5-18"}}, "Event Data": {"RuleName": "-", "UtcTime": "2022-04-20 01:52:41.605", "ProcessGuid": "{7590a8e8-6769-625f-1472-000000003600}", "ProcessId": "9024", "Image": "C:\\Windows\\System32\\cmd.exe", "FileVersion": "10.0.19041.746 (WinBuild.160101.0800)", "Description": "Windows Command Processor", "Product": "Microsoft&#174; Windows&#174; Operating System", "Company": "Microsoft Corporation", "OriginalFileName": "Cmd.Exe", "CommandLine": "\"C:\\Windows\\system32\\cmd.exe\" /c \"wmic process call create cmd.exe\"", "CurrentDirectory": "C:\\Users\\Annie\\Desktop\\attackhost_v_1_0_2DEV\\", "User": "MSI\\Annie", "LogonGuid": "{7590a8e8-5540-625f-cdb4-c80f00000000}", "LogonId": "0x000000000fc8b4cd", "TerminalSessionId": "5", "IntegrityLevel": "High", "Hashes": "MD5=8A2122E8162DBEF04694B9C3E0B6CDEE,SHA256=B99D61D874728EDC0918CA0EB10EAB93D381E7367E377406E65963366C874450,IMPHASH=272245E2988E1E430500B852C4FB5E18", "ParentProcessGuid": "{7590a8e8-6769-625f-1372-000000003600}", "ParentProcessId": "3780", "ParentImage": "C:\\Windows\\System32\\WindowsPowerShell\\v1.0\\powershell.exe", "ParentCommandLine": "powershell.exe \"C:\\Users\\Annie\\Desktop\\attackhost_v_1_0_2DEV\\powershell\\execution\\Attack-Script-T1047_5.ps1 C:\\Users\\Annie\\Desktop\\attackhost_v_1_0_2DEV\\data\\output\\AttackResults\\Attack-T1047_5-1.out\"", "ParentUser": "MSI\\Annie"}}
{"Record": "5", "System": {"EventID": "1", "Version": "5", "Level": "4", "Task": "1", "Opcode": "0", "Keywords": "0x8000000000000000", "TimeCreated": {"SystemTime": "2022-04-20 01:52:41.620672"}, "EventRecordID": "870778", "Correlation": {"ActivityID": "", "RealatedActivityID": ""}, "Execution": {"ProcessID": "5992", "ThreadID": "8020"}, "Channel": "Microsoft-Windows-Sysmon/Operational", "Computer": "MSI", "Security": {"UserID": "S-1-5-18"}}, "Event Data": {"RuleName": "-", "UtcTime": "2022-04-20 01:52:41.619", "ProcessGuid": "{7590a8e8-6769-625f-1572-000000003600}", "ProcessId": "27060", "Image": "C:\\Windows\\System32\\wbem\\WMIC.exe", "FileVersion": "10.0.19041.1566 (WinBuild.160101.0800)", "Description": "WMI Commandline Utility", "Product": "Microsoft&#174; Windows&#174; Operating System", "Company": "Microsoft Corporation", "OriginalFileName": "wmic.exe", "CommandLine": "wmic  process call create cmd.exe", "CurrentDirectory": "C:\\Users\\Annie\\Desktop\\attackhost_v_1_0_2DEV\\", "User": "MSI\\Annie", "LogonGuid": "{7590a8e8-5540-625f-cdb4-c80f00000000}", "LogonId": "0x000000000fc8b4cd", "TerminalSessionId": "5", "IntegrityLevel": "High", "Hashes": "MD5=631D1967C3065C581A78CC873DDA08F6,SHA256=77F600A11B1D9E96C274E1AB4D6ACEC97255CB504EF25975AC34597BC57F8ADF,IMPHASH=527C7C66CDD13D72D793BCA3A417BCBE", "ParentProcessGuid": "{7590a8e8-6769-625f-1472-000000003600}", "ParentProcessId": "9024", "ParentImage": "C:\\Windows\\System32\\cmd.exe", "ParentCommandLine": "\"C:\\Windows\\system32\\cmd.exe\" /c \"wmic process call create cmd.exe\"", "ParentUser": "MSI\\Annie"}}
{"Record": "6", "System": {"EventID": "1", "Version": "5", "Level": "4", "Task": "1", "Opcode": "0", "Keywords": "0x8000000000000000", "TimeCreated": {"SystemTime": "2022-04-20 01:52:41.700891"}, "EventRecordID": "870779", "Correlation": {"ActivityID": "", "RealatedActivityID": ""}, "Execution": {"ProcessID": "5992", "ThreadID": "8020"}, "Channel": "Microsoft-Windows-Sysmon/Operational", "Computer": "MSI", "Security": {"UserID": "S-1-5-18"}}, "Event Data": {"RuleName": "-", "UtcTime": "2022-04-20 01:52:41.699", "ProcessGuid": "{7590a8e8-6769-625f-1672-000000003600}", "ProcessId": "14616", "Image": "C:\\Windows\\System32\\cmd.exe", "FileVersion": "10.0.19041.746 (WinBuild.160101.0800)", "Description": "Windows Command Processor", "Product": "Microsoft&#174; Windows&#174; Operating System", "Company": "Microsoft Corporation", "OriginalFileName": "Cmd.Exe", "CommandLine": "cmd.exe", "CurrentDirectory": "C:\\Windows\\system32\\", "User": "MSI\\Annie", "LogonGuid": "{7590a8e8-5540-625f-cdb4-c80f00000000}", "LogonId": "0x000000000fc8b4cd", "TerminalSessionId": "5", "IntegrityLevel": "High", "Hashes": "MD5=8A2122E8162DBEF04694B9C3E0B6CDEE,SHA256=B99D61D874728EDC0918CA0EB10EAB93D381E7367E377406E65963366C874450,IMPHASH=272245E2988E1E430500B852C4FB5E18", "ParentProcessGuid": "{7590a8e8-8a53-625b-6600-000000003600}", "ParentProcessId": "5412", "ParentImage": "C:\\Windows\\System32\\wbem\\WmiPrvSE.exe", "ParentCommandLine": "C:\\Windows\\system32\\wbem\\wmiprvse.exe -secured -Embedding", "ParentUser": "NT AUTHORITY\\NETWORK SERVICE"}}
{"Record": "7", "System": {"EventID": "1", "Version": "5", "Level": "4", "Task": "1", "Opcode": "0", "Keywords": "0x8000000000000000", "TimeCreated": {"SystemTime": "2022-04-20 01:53:01.390156"}, "EventRecordID": "870780", "Correlation": {"ActivityID": "", "RealatedActivityID": ""}, "Execution": {"ProcessID": "5992", "ThreadID": "8020"}, "Channel": "Microsoft-Windows-Sysmon/Operational", "Computer": "MSI", "Security": {"UserID": "S-1-5-18"}}, "Event Data": {"RuleName": "-", "UtcTime": "2022-04-20 01:53:01.388", "ProcessGuid": "{7590a8e8-677d-625f-1872-000000003600}", "ProcessId": "656", "Image": "C:\\Program Files (x86)\\Common Files\\Adobe\\AdobeGCClient\\AGCInvokerUtility.exe", "FileVersion": "7.6.0.52", "Description": "Adobe GC Invoker Utility", "Product": "GC Invoker Utility", "Company": "Adobe Systems, Incorporated", "OriginalFileName": "AGCInvokerUtility.exe", "CommandLine": "\"C:\\Program Files (x86)\\Common Files\\Adobe\\AdobeGCClient\\AGCInvokerUtility.exe\" -mode=scheduled", "CurrentDirectory": "C:\\Windows\\system32\\", "User": "MSI\\Annie", "LogonGuid": "{7590a8e8-5540-625f-79b5-c80f00000000}", "LogonId": "0x000000000fc8b579", "TerminalSessionId": "5", "IntegrityLevel": "Medium", "Hashes": "MD5=879906DA97862C0267118A0D390CE28A,SHA256=3E0CEA1868AAE37452B1E51BD0F2FBFDD4484BAB99C486B82F8A13ACA8891FAA,IMPHASH=904056C3AF6C376EE9DEEBD103467ACF", "ParentProcessGuid": "{7590a8e8-8a52-625b-2100-000000003600}", "ParentProcessId": "2044", "ParentImage": "C:\\Windows\\System32\\svchost.exe", "ParentCommandLine": "C:\\Windows\\system32\\svchost.exe -k netsvcs -p -s Schedule", "ParentUser": "NT AUTHORITY\\SYSTEM"}}
