{"Record": "69", "System": {"EventID": "22", "Version": "5", "Level": "4", "Task": "22", "Opcode": "0", "Keywords": "0x8000000000000000", "TimeCreated": {"SystemTime": "2022-04-20 06:36:15.940331"}, "EventRecordID": "877782", "Correlation": {"ActivityID": "", "RealatedActivityID": ""}, "Execution": {"ProcessID": "5992", "ThreadID": "8084"}, "Channel": "Microsoft-Windows-Sysmon/Operational", "Computer": "MSI", "Security": {"UserID": "S-1-5-18"}}, "Event Data": {"RuleName": "-", "UtcTime": "2022-04-20 06:38:25.427", "ProcessGuid": "{7590a8e8-5579-625f-f666-000000003600}", "ProcessId": "17492", "QueryName": "2022-04-20 06:38:25.427", "QueryStatus": "{7590a8e8-5579-625f-f666-000000003600}", "QueryResults": "17492", "Image": "C:\\Program Files (x86)\\Adobe\\Adobe Sync\\CoreSync\\CoreSync.exe", "User": "MSI\\Annie"}}
{"Record": "70", "System": {"EventID": "3", "Version": "5", "Level": "4", "Task": "3", "Opcode": "0", "Keywords": "0x8000000000000000", "TimeCreated": {"SystemTime": "2022-04-20 06:36:16.111641"}, "EventRecordID": "877783", "Correlation": {"ActivityID": "", "RealatedActivityID": ""}, "Execution": {"ProcessID": "5992", "ThreadID": "8060"}, "Channel": "Microsoft-Windows-Sysmon/Operational", "Computer": "MSI", "Security": {"UserID": "S-1-5-18"}}, "Event Data": {"RuleName": "-", "UtcTime": "2022-04-20 06:38:25.404", "ProcessGuid": "{7590a8e8-5fdc-625f-7b6f-000000003600}", "ProcessId": "27728", "Image": "C:\\Program Files\\Microsoft Office\\root\\Office16\\EXCEL.EXE", "User": "MSI\\Annie", "Protocol": "tcp", "Initiated": "True", "SourceIsIpv6": "False", "SourceIp": "192.168.1.2", "SourceHostname": "MSI.lan", "SourcePort": "55187", "SourcePortName": "-", "DestinationIsIpv6": "False", "DestinationIp": "131.253.14.229", "DestinationHostname": "bn2b-cor004.api.p001.1drv.com", "DestinationPort": "443", "DestinationPortName": "https"}}
{"Record": "71", "System": {"EventID": "3", "Version": "5", "Level": "4", "Task": "3", "Opcode": "0", "Keywords": "0x8000000000000000", "TimeCreated": {"SystemTime": "2022-04-20 06:37:17.307814"}, "EventRecordID": "877784", "Correlation": {"ActivityID": "", "RealatedActivityID": ""}, "Execution": {"ProcessID": "5992", "ThreadID": "8060"}, "Channel": "Microsoft-Windows-Sysmon/Operational", "Computer": "MSI", "Security": {"UserID": "S-1-5-18"}}, "Event Data": {"RuleName": "-", "UtcTime": "2022-04-20 06:39:25.862", "ProcessGuid": "{7590a8e8-5fdc-625f-7b6f-000000003600}", "ProcessId": "27728", "Image": "C:\\Program Files\\Microsoft Office\\root\\Office16\\EXCEL.EXE", "User": "MSI\\Annie", "Protocol": "tcp", "Initiated": "True", "SourceIsIpv6": "False", "SourceIp": "192.168.1.2", "SourceHostname": "MSI.lan", "SourcePort": "53654", "SourcePortName": "-", "DestinationIsIpv6": "False", "DestinationIp": "131.253.14.229", "DestinationHostname": "bn2b-cor004.api.p001.1drv.com", "DestinationPort": "443", "DestinationPortName": "https"}}
{"Record": "72", "System": {"EventID": "3", "Version": "5", "Level": "4", "Task": "3", "Opcode": "0", "Keywords": "0x8000000000000000", "TimeCreated": {"SystemTime": "2022-04-20 06:37:45.884974"}, "EventRecordID": "877785", "Correlation": {"ActivityID": "", "RealatedActivityID": ""}, "Execution": {"ProcessID": "5992", "ThreadID": "8060"}, "Channel": "Microsoft-Windows-Sysmon/Operational", "Computer": "MSI", "Security": {"UserID": "S-1-5-18"}}, "Event Data": {"RuleName": "-", "UtcTime": "2022-04-20 06:39:54.493", "ProcessGuid": "{7590a8e8-5fdc-625f-7b6f-000000003600}", "ProcessId": "27728", "Image": "C:\\Program Files\\Microsoft Office\\root\\Office16\\EXCEL.EXE", "User": "MSI\\Annie", "Protocol": "tcp", "Initiated": "True", "SourceIsIpv6": "False", "SourceIp": "192.168.1.2", "SourceHostname": "MSI.lan", "SourcePort": "53656", "SourcePortName": "-", "DestinationIsIpv6": "False", "DestinationIp": "20.189.173.5", "DestinationHostname": "-", "DestinationPort": "443", "DestinationPortName": "https"}}
{"Record": "73", "System": {"EventID": "1", "Version": "5", "Level": "4", "Task": "1", "Opcode": "0", "Keywords": "0x8000000000000000", "TimeCreated": {"SystemTime": "2022-04-20 06:38:10.785666"}, "EventRecordID": "877786", "Correlation": {"ActivityID": "", "RealatedActivityID": ""}, "Execution": {"ProcessID": "5992", "ThreadID": "8020"}, "Channel": "Microsoft-Windows-Sysmon/Operational", "Computer": "MSI", "Security": {"UserID": "S-1-5-18"}}, "Event Data": {"RuleName": "-", "UtcTime": "2022-04-20 06:38:10.783", "ProcessGuid": "{7590a8e8-aa52-625f-588e-000000003600}", "ProcessId": "11636", "Image": "C:\\Program Files (x86)\\Google\\Update\\GoogleUpdate.exe", "FileVersion": "1.3.36.111", "Description": "Google Installer", "Product": "Google Update", "Company": "Google LLC", "OriginalFileName": "GoogleUpdate.exe", "CommandLine": "\"C:\\Program Files (x86)\\Google\\Update\\GoogleUpdate.exe\" /ua /installsource scheduler", "CurrentDirectory": "C:\\Windows\\system32\\", "User": "NT AUTHORITY\\SYSTEM", "LogonGuid": "{7590a8e8-8a52-625b-e703-000000000000}", "LogonId": "0x00000000000003e7", "TerminalSessionId": "0", "IntegrityLevel": "System", "Hashes": "MD5=6BF197B8C7DE4B004C5D6FA415FC7867,SHA256=61A92167587E540275B374890BE8FD0319FE03C4F19CC79A8C2FB6871CF21E73,IMPHASH=7DF1816239C5BC855600D41210406C5B", "ParentProcessGuid": "{7590a8e8-8a52-625b-2100-000000003600}", "ParentProcessId": "2044", "ParentImage": "C:\\Windows\\System32\\svchost.exe", "ParentCommandLine": "C:\\Windows\\system32\\svchost.exe -k netsvcs -p -s Schedule", "ParentUser": "NT AUTHORITY\\SYSTEM"}}
{"Record": "74", "System": {"EventID": "1", "Version": "5", "Level": "4", "Task": "1", "Opcode": "0", "Keywords": "0x8000000000000000", "TimeCreated": {"SystemTime": "2022-04-20 06:38:10.786457"}, "EventRecordID": "877787", "Correlation": {"ActivityID": "", "RealatedActivityID": ""}, "Execution": {"ProcessID": "5992", "ThreadID": "8020"}, "Channel": "Microsoft-Windows-Sysmon/Operational", "Computer": "MSI", "Security": {"UserID": "S-1-5-18"}}, "Event Data": {"RuleName": "-", "UtcTime": "2022-04-20 06:38:10.783", "ProcessGuid": "{7590a8e8-aa52-625f-598e-000000003600}", "ProcessId": "24668", "Image": "C:\\Program Files (x86)\\Microsoft\\EdgeUpdate\\MicrosoftEdgeUpdate.exe", "FileVersion": "1.3.133.5", "Description": "Microsoft Edge Update", "Product": "Microsoft Edge Update", "Company": "Microsoft Corporation", "OriginalFileName": "msedgeupdate.dll", "CommandLine": "\"C:\\Program Files (x86)\\Microsoft\\EdgeUpdate\\MicrosoftEdgeUpdate.exe\" /ua /installsource scheduler", "CurrentDirectory": "C:\\Windows\\system32\\", "User": "NT AUTHORITY\\SYSTEM", "LogonGuid": "{7590a8e8-8a52-625b-e703-000000000000}", "LogonId": "0x00000000000003e7", "TerminalSessionId": "0", "IntegrityLevel": "System", "Hashes": "MD5=B55AD19C6C110E9BF985BC8674F7BCB3,SHA256=9991BA022173F283EE99068B708F60AC5143FE0C81C9E3673CC7835B108A4F44,IMPHASH=30AD68B9DC9737D8C720DD9284051ADD", "ParentProcessGuid": "{7590a8e8-8a52-625b-2100-000000003600}", "ParentProcessId": "2044", "ParentImage": "C:\\Windows\\System32\\svchost.exe", "ParentCommandLine": "C:\\Windows\\system32\\svchost.exe -k netsvcs -p -s Schedule", "ParentUser": "NT AUTHORITY\\SYSTEM"}}
{"Record": "75", "System": {"EventID": "1", "Version": "5", "Level": "4", "Task": "1", "Opcode": "0", "Keywords": "0x8000000000000000", "TimeCreated": {"SystemTime": "2022-04-20 06:38:12.870872"}, "EventRecordID": "877788", "Correlation": {"ActivityID": "", "RealatedActivityID": ""}, "Execution": {"ProcessID": "5992", "ThreadID": "8020"}, "Channel": "Microsoft-Windows-Sysmon/Operational", "Computer": "MSI", "Security": {"UserID": "S-1-5-18"}}, "Event Data": {"RuleName": "-", "UtcTime": "2022-04-20 06:38:12.866", "ProcessGuid": "{7590a8e8-aa54-625f-5d8e-000000003600}", "ProcessId": "13812", "Image": "C:\\Windows\\System32\\svchost.exe", "FileVersion": "10.0.19041.1566 (WinBuild.160101.0800)", "Description": "Host Process for Windows Services", "Product": "Microsoft&#174; Windows&#174; Operating System", "Company": "Microsoft Corporation", "OriginalFileName": "svchost.exe", "CommandLine": "C:\\Windows\\system32\\svchost.exe -k netsvcs -p -s gpsvc", "CurrentDirectory": "C:\\Windows\\system32\\", "User": "NT AUTHORITY\\SYSTEM", "LogonGuid": "{7590a8e8-8a52-625b-e703-000000000000}", "LogonId": "0x00000000000003e7", "TerminalSessionId": "0", "IntegrityLevel": "System", "Hashes": "MD5=CD10CB894BE2128FCA0BF0E2B0C27C16,SHA256=F3FEB95E7BCFB0766A694D93FCA29EDA7E2CA977C2395B4BE75242814EB6D881,IMPHASH=F9BBD96FAE53B7A31264A703CAFA0666", "ParentProcessGuid": "{7590a8e8-8a52-625b-0b00-000000003600}", "ParentProcessId": "880", "ParentImage": "C:\\Windows\\System32\\services.exe", "ParentCommandLine": "C:\\Windows\\system32\\services.exe", "ParentUser": "NT AUTHORITY\\SYSTEM"}}
{"Record": "76", "System": {"EventID": "3", "Version": "5", "Level": "4", "Task": "3", "Opcode": "0", "Keywords": "0x8000000000000000", "TimeCreated": {"SystemTime": "2022-04-20 06:38:18.029505"}, "EventRecordID": "877789", "Correlation": {"ActivityID": "", "RealatedActivityID": ""}, "Execution": {"ProcessID": "5992", "ThreadID": "8060"}, "Channel": "Microsoft-Windows-Sysmon/Operational", "Computer": "MSI", "Security": {"UserID": "S-1-5-18"}}, "Event Data": {"RuleName": "-", "UtcTime": "2022-04-20 06:40:26.884", "ProcessGuid": "{7590a8e8-5fdc-625f-7b6f-000000003600}", "ProcessId": "27728", "Image": "C:\\Program Files\\Microsoft Office\\root\\Office16\\EXCEL.EXE", "User": "MSI\\Annie", "Protocol": "tcp", "Initiated": "True", "SourceIsIpv6": "False", "SourceIp": "192.168.1.2", "SourceHostname": "MSI.lan", "SourcePort": "53660", "SourcePortName": "-", "DestinationIsIpv6": "False", "DestinationIp": "131.253.14.229", "DestinationHostname": "bn2b-cor004.api.p001.1drv.com", "DestinationPort": "443", "DestinationPortName": "https"}}
{"Record": "77", "System": {"EventID": "3", "Version": "5", "Level": "4", "Task": "3", "Opcode": "0", "Keywords": "0x8000000000000000", "TimeCreated": {"SystemTime": "2022-04-20 06:39:18.868385"}, "EventRecordID": "877790", "Correlation": {"ActivityID": "", "RealatedActivityID": ""}, "Execution": {"ProcessID": "5992", "ThreadID": "8060"}, "Channel": "Microsoft-Windows-Sysmon/Operational", "Computer": "MSI", "Security": {"UserID": "S-1-5-18"}}, "Event Data": {"RuleName": "-", "UtcTime": "2022-04-20 06:41:27.529", "ProcessGuid": "{7590a8e8-5fdc-625f-7b6f-000000003600}", "ProcessId": "27728", "Image": "C:\\Program Files\\Microsoft Office\\root\\Office16\\EXCEL.EXE", "User": "MSI\\Annie", "Protocol": "tcp", "Initiated": "True", "SourceIsIpv6": "False", "SourceIp": "192.168.1.2", "SourceHostname": "MSI.lan", "SourcePort": "64315", "SourcePortName": "-", "DestinationIsIpv6": "False", "DestinationIp": "131.253.14.229", "DestinationHostname": "bn2b-cor004.api.p001.1drv.com", "DestinationPort": "443", "DestinationPortName": "https"}}
{"Record": "78", "System": {"EventID": "22", "Version": "5", "Level": "4", "Task": "22", "Opcode": "0", "Keywords": "0x8000000000000000", "TimeCreated": {"SystemTime": "2022-04-20 06:39:36.063265"}, "EventRecordID": "877791", "Correlation": {"ActivityID": "", "RealatedActivityID": ""}, "Execution": {"ProcessID": "5992", "ThreadID": "8084"}, "Channel": "Microsoft-Windows-Sysmon/Operational", "Computer": "MSI", "Security": {"UserID": "S-1-5-18"}}, "Event Data": {"RuleName": "-", "UtcTime": "2022-04-20 06:41:43.975", "ProcessGuid": "{7590a8e8-8a55-625b-cc00-000000003600}", "ProcessId": "9840", "QueryName": "2022-04-20 06:41:43.975", "QueryStatus": "{7590a8e8-8a55-625b-cc00-000000003600}", "QueryResults": "9840", "Image": "C:\\Program Files\\WindowsApps\\Microsoft.GamingServices_3.63.31001.0_x64__8wekyb3d8bbwe\\gamingservices.exe", "User": "NT AUTHORITY\\SYSTEM"}}
{"Record": "79", "System": {"EventID": "1", "Version": "5", "Level": "4", "Task": "1", "Opcode": "0", "Keywords": "0x8000000000000000", "TimeCreated": {"SystemTime": "2022-04-20 06:40:59.949797"}, "EventRecordID": "877792", "Correlation": {"ActivityID": "", "RealatedActivityID": ""}, "Execution": {"ProcessID": "5992", "ThreadID": "8020"}, "Channel": "Microsoft-Windows-Sysmon/Operational", "Computer": "MSI", "Security": {"UserID": "S-1-5-18"}}, "Event Data": {"RuleName": "-", "UtcTime": "2022-04-20 06:40:59.948", "ProcessGuid": "{7590a8e8-aafb-625f-5e8e-000000003600}", "ProcessId": "20980", "Image": "C:\\Program Files (x86)\\Microsoft\\EdgeUpdate\\MicrosoftEdgeUpdate.exe", "FileVersion": "1.3.133.5", "Description": "Microsoft Edge Update", "Product": "Microsoft Edge Update", "Company": "Microsoft Corporation", "OriginalFileName": "msedgeupdate.dll", "CommandLine": "\"C:\\Program Files (x86)\\Microsoft\\EdgeUpdate\\MicrosoftEdgeUpdate.exe\" /ua /installsource scheduler", "CurrentDirectory": "C:\\Windows\\system32\\", "User": "NT AUTHORITY\\SYSTEM", "LogonGuid": "{7590a8e8-8a52-625b-e703-000000000000}", "LogonId": "0x00000000000003e7", "TerminalSessionId": "0", "IntegrityLevel": "System", "Hashes": "MD5=B55AD19C6C110E9BF985BC8674F7BCB3,SHA256=9991BA022173F283EE99068B708F60AC5143FE0C81C9E3673CC7835B108A4F44,IMPHASH=30AD68B9DC9737D8C720DD9284051ADD", "ParentProcessGuid": "{7590a8e8-8a52-625b-2100-000000003600}", "ParentProcessId": "2044", "ParentImage": "C:\\Windows\\System32\\svchost.exe", "ParentCommandLine": "C:\\Windows\\system32\\svchost.exe -k netsvcs -p -s Schedule", "ParentUser": "NT AUTHORITY\\SYSTEM"}}
{"Record": "80", "System": {"EventID": "3", "Version": "5", "Level": "4", "Task": "3", "Opcode": "0", "Keywords": "0x8000000000000000", "TimeCreated": {"SystemTime": "2022-04-20 06:41:19.996834"}, "EventRecordID": "877793", "Correlation": {"ActivityID": "", "RealatedActivityID": ""}, "Execution": {"ProcessID": "5992", "ThreadID": "8060"}, "Channel": "Microsoft-Windows-Sysmon/Operational", "Computer": "MSI", "Security": {"UserID": "S-1-5-18"}}, "Event Data": {"RuleName": "-", "UtcTime": "2022-04-20 06:43:29.260", "ProcessGuid": "{7590a8e8-5fdc-625f-7b6f-000000003600}", "ProcessId": "27728", "Image": "C:\\Program Files\\Microsoft Office\\root\\Office16\\EXCEL.EXE", "User": "MSI\\Annie", "Protocol": "tcp", "Initiated": "True", "SourceIsIpv6": "False", "SourceIp": "192.168.1.2", "SourceHostname": "MSI.lan", "SourcePort": "64323", "SourcePortName": "-", "DestinationIsIpv6": "False", "DestinationIp": "131.253.14.229", "DestinationHostname": "bn2b-cor004.api.p001.1drv.com", "DestinationPort": "443", "DestinationPortName": "https"}}
{"Record": "81", "System": {"EventID": "3", "Version": "5", "Level": "4", "Task": "3", "Opcode": "0", "Keywords": "0x8000000000000000", "TimeCreated": {"SystemTime": "2022-04-20 06:42:20.309721"}, "EventRecordID": "877794", "Correlation": {"ActivityID": "", "RealatedActivityID": ""}, "Execution": {"ProcessID": "5992", "ThreadID": "8060"}, "Channel": "Microsoft-Windows-Sysmon/Operational", "Computer": "MSI", "Security": {"UserID": "S-1-5-18"}}, "Event Data": {"RuleName": "-", "UtcTime": "2022-04-20 06:44:29.715", "ProcessGuid": "{7590a8e8-5fdc-625f-7b6f-000000003600}", "ProcessId": "27728", "Image": "C:\\Program Files\\Microsoft Office\\root\\Office16\\EXCEL.EXE", "User": "MSI\\Annie", "Protocol": "tcp", "Initiated": "True", "SourceIsIpv6": "False", "SourceIp": "192.168.1.2", "SourceHostname": "MSI.lan", "SourcePort": "64325", "SourcePortName": "-", "DestinationIsIpv6": "False", "DestinationIp": "131.253.14.229", "DestinationHostname": "bn2b-cor004.api.p001.1drv.com", "DestinationPort": "443", "DestinationPortName": "https"}}
{"Record": "82", "System": {"EventID": "3", "Version": "5", "Level": "4", "Task": "3", "Opcode": "0", "Keywords": "0x8000000000000000", "TimeCreated": {"SystemTime": "2022-04-20 06:43:03.488831"}, "EventRecordID": "877795", "Correlation": {"ActivityID": "", "RealatedActivityID": ""}, "Execution": {"ProcessID": "5992", "ThreadID": "8060"}, "Channel": "Microsoft-Windows-Sysmon/Operational", "Computer": "MSI", "Security": {"UserID": "S-1-5-18"}}, "Event Data": {"RuleName": "Usermode", "UtcTime": "2022-04-20 06:45:12.181", "ProcessGuid": "{7590a8e8-56c2-625f-4a68-000000003600}", "ProcessId": "9156", "Image": "C:\\Users\\Annie\\AppData\\Local\\Programs\\Microsoft VS Code\\Code.exe", "User": "MSI\\Annie", "Protocol": "tcp", "Initiated": "True", "SourceIsIpv6": "False", "SourceIp": "192.168.1.2", "SourceHostname": "MSI.lan", "SourcePort": "64327", "SourcePortName": "-", "DestinationIsIpv6": "False", "DestinationIp": "13.107.5.93", "DestinationHostname": "-", "DestinationPort": "443", "DestinationPortName": "https"}}
{"Record": "83", "System": {"EventID": "3", "Version": "5", "Level": "4", "Task": "3", "Opcode": "0", "Keywords": "0x8000000000000000", "TimeCreated": {"SystemTime": "2022-04-20 06:43:03.488857"}, "EventRecordID": "877796", "Correlation": {"ActivityID": "", "RealatedActivityID": ""}, "Execution": {"ProcessID": "5992", "ThreadID": "8060"}, "Channel": "Microsoft-Windows-Sysmon/Operational", "Computer": "MSI", "Security": {"UserID": "S-1-5-18"}}, "Event Data": {"RuleName": "Usermode", "UtcTime": "2022-04-20 06:45:12.186", "ProcessGuid": "{7590a8e8-56c2-625f-4a68-000000003600}", "ProcessId": "9156", "Image": "C:\\Users\\Annie\\AppData\\Local\\Programs\\Microsoft VS Code\\Code.exe", "User": "MSI\\Annie", "Protocol": "tcp", "Initiated": "True", "SourceIsIpv6": "False", "SourceIp": "192.168.1.2", "SourceHostname": "MSI.lan", "SourcePort": "64328", "SourcePortName": "-", "DestinationIsIpv6": "False", "DestinationIp": "13.107.5.93", "DestinationHostname": "-", "DestinationPort": "443", "DestinationPortName": "https"}}
{"Record": "84", "System": {"EventID": "3", "Version": "5", "Level": "4", "Task": "3", "Opcode": "0", "Keywords": "0x8000000000000000", "TimeCreated": {"SystemTime": "2022-04-20 06:43:03.488880"}, "EventRecordID": "877797", "Correlation": {"ActivityID": "", "RealatedActivityID": ""}, "Execution": {"ProcessID": "5992", "ThreadID": "8060"}, "Channel": "Microsoft-Windows-Sysmon/Operational", "Computer": "MSI", "Security": {"UserID": "S-1-5-18"}}, "Event Data": {"RuleName": "Usermode", "UtcTime": "2022-04-20 06:45:12.213", "ProcessGuid": "{7590a8e8-56c2-625f-4a68-000000003600}", "ProcessId": "9156", "Image": "C:\\Users\\Annie\\AppData\\Local\\Programs\\Microsoft VS Code\\Code.exe", "User": "MSI\\Annie", "Protocol": "tcp", "Initiated": "True", "SourceIsIpv6": "False", "SourceIp": "192.168.1.2", "SourceHostname": "MSI.lan", "SourcePort": "64330", "SourcePortName": "-", "DestinationIsIpv6": "False", "DestinationIp": "13.107.5.93", "DestinationHostname": "-", "DestinationPort": "443", "DestinationPortName": "https"}}
{"Record": "85", "System": {"EventID": "3", "Version": "5", "Level": "4", "Task": "3", "Opcode": "0", "Keywords": "0x8000000000000000", "TimeCreated": {"SystemTime": "2022-04-20 06:43:03.488911"}, "EventRecordID": "877798", "Correlation": {"ActivityID": "", "RealatedActivityID": ""}, "Execution": {"ProcessID": "5992", "ThreadID": "8060"}, "Channel": "Microsoft-Windows-Sysmon/Operational", "Computer": "MSI", "Security": {"UserID": "S-1-5-18"}}, "Event Data": {"RuleName": "Usermode", "UtcTime": "2022-04-20 06:45:12.218", "ProcessGuid": "{7590a8e8-56c0-625f-4768-000000003600}", "ProcessId": "19844", "Image": "C:\\Users\\Annie\\AppData\\Local\\Programs\\Microsoft VS Code\\Code.exe", "User": "MSI\\Annie", "Protocol": "tcp", "Initiated": "True", "SourceIsIpv6": "False", "SourceIp": "192.168.1.2", "SourceHostname": "MSI.lan", "SourcePort": "64329", "SourcePortName": "-", "DestinationIsIpv6": "False", "DestinationIp": "40.64.128.224", "DestinationHostname": "-", "DestinationPort": "443", "DestinationPortName": "https"}}
{"Record": "86", "System": {"EventID": "3", "Version": "5", "Level": "4", "Task": "3", "Opcode": "0", "Keywords": "0x8000000000000000", "TimeCreated": {"SystemTime": "2022-04-20 06:43:03.488937"}, "EventRecordID": "877799", "Correlation": {"ActivityID": "", "RealatedActivityID": ""}, "Execution": {"ProcessID": "5992", "ThreadID": "8060"}, "Channel": "Microsoft-Windows-Sysmon/Operational", "Computer": "MSI", "Security": {"UserID": "S-1-5-18"}}, "Event Data": {"RuleName": "Usermode", "UtcTime": "2022-04-20 06:45:12.244", "ProcessGuid": "{7590a8e8-56c2-625f-4a68-000000003600}", "ProcessId": "9156", "Image": "C:\\Users\\Annie\\AppData\\Local\\Programs\\Microsoft VS Code\\Code.exe", "User": "MSI\\Annie", "Protocol": "tcp", "Initiated": "True", "SourceIsIpv6": "False", "SourceIp": "192.168.1.2", "SourceHostname": "MSI.lan", "SourcePort": "64331", "SourcePortName": "-", "DestinationIsIpv6": "False", "DestinationIp": "13.107.5.93", "DestinationHostname": "-", "DestinationPort": "443", "DestinationPortName": "https"}}
{"Record": "87", "System": {"EventID": "3", "Version": "5", "Level": "4", "Task": "3", "Opcode": "0", "Keywords": "0x8000000000000000", "TimeCreated": {"SystemTime": "2022-04-20 06:43:03.488966"}, "EventRecordID": "877800", "Correlation": {"ActivityID": "", "RealatedActivityID": ""}, "Execution": {"ProcessID": "5992", "ThreadID": "8060"}, "Channel": "Microsoft-Windows-Sysmon/Operational", "Computer": "MSI", "Security": {"UserID": "S-1-5-18"}}, "Event Data": {"RuleName": "Usermode", "UtcTime": "2022-04-20 06:45:12.279", "ProcessGuid": "{7590a8e8-56c2-625f-4a68-000000003600}", "ProcessId": "9156", "Image": "C:\\Users\\Annie\\AppData\\Local\\Programs\\Microsoft VS Code\\Code.exe", "User": "MSI\\Annie", "Protocol": "tcp", "Initiated": "True", "SourceIsIpv6": "False", "SourceIp": "192.168.1.2", "SourceHostname": "MSI.lan", "SourcePort": "64332", "SourcePortName": "-", "DestinationIsIpv6": "False", "DestinationIp": "13.107.5.93", "DestinationHostname": "-", "DestinationPort": "443", "DestinationPortName": "https"}}
{"Record": "88", "System": {"EventID": "22", "Version": "5", "Level": "4", "Task": "22", "Opcode": "0", "Keywords": "0x8000000000000000", "TimeCreated": {"SystemTime": "2022-04-20 06:43:05.373960"}, "EventRecordID": "877801", "Correlation": {"ActivityID": "", "RealatedActivityID": ""}, "Execution": {"ProcessID": "5992", "ThreadID": "8084"}, "Channel": "Microsoft-Windows-Sysmon/Operational", "Computer": "MSI", "Security": {"UserID": "S-1-5-18"}}, "Event Data": {"RuleName": "-", "UtcTime": "2022-04-20 06:45:13.179", "ProcessGuid": "{7590a8e8-556e-625f-ca66-000000003600}", "ProcessId": "22888", "QueryName": "2022-04-20 06:45:13.179", "QueryStatus": "{7590a8e8-556e-625f-ca66-000000003600}", "QueryResults": "22888", "Image": "C:\\Program Files\\SteelSeries\\SteelSeries Engine 3\\SteelSeriesEngine3.exe", "User": "MSI\\Annie"}}
{"Record": "89", "System": {"EventID": "1", "Version": "5", "Level": "4", "Task": "1", "Opcode": "0", "Keywords": "0x8000000000000000", "TimeCreated": {"SystemTime": "2022-04-20 06:58:03.593082"}, "EventRecordID": "877802", "Correlation": {"ActivityID": "", "RealatedActivityID": ""}, "Execution": {"ProcessID": "5992", "ThreadID": "8020"}, "Channel": "Microsoft-Windows-Sysmon/Operational", "Computer": "MSI", "Security": {"UserID": "S-1-5-18"}}, "Event Data": {"RuleName": "-", "UtcTime": "2022-04-20 06:58:02.993", "ProcessGuid": "{7590a8e8-aefa-625f-5f8e-000000003600}", "ProcessId": "27352", "Image": "C:\\Windows\\System32\\taskhostw.exe", "FileVersion": "10.0.19041.1503 (WinBuild.160101.0800)", "Description": "Host Process for Windows Tasks", "Product": "Microsoft&#174; Windows&#174; Operating System", "Company": "Microsoft Corporation", "OriginalFileName": "taskhostw.exe", "CommandLine": "taskhostw.exe Install $(Arg0)", "CurrentDirectory": "C:\\Windows\\system32\\", "User": "MSI\\Annie", "LogonGuid": "{7590a8e8-5540-625f-79b5-c80f00000000}", "LogonId": "0x000000000fc8b579", "TerminalSessionId": "5", "IntegrityLevel": "Medium", "Hashes": "MD5=5CFC093FCEA45CF8978D2304B6063C91,SHA256=F1E8525FE2FBFF523B2E56472231D4AC9AA102BA614694213E59B5EB2590CC15,IMPHASH=3A0C6863CDE566AF997DB2DEFFF9D924", "ParentProcessGuid": "{7590a8e8-8a52-625b-2100-000000003600}", "ParentProcessId": "2044", "ParentImage": "C:\\Windows\\System32\\svchost.exe", "ParentCommandLine": "C:\\Windows\\system32\\svchost.exe -k netsvcs -p -s Schedule", "ParentUser": "NT AUTHORITY\\SYSTEM"}}
{"Record": "90", "System": {"EventID": "2", "Version": "5", "Level": "4", "Task": "2", "Opcode": "0", "Keywords": "0x8000000000000000", "TimeCreated": {"SystemTime": "2022-04-20 06:58:04.181976"}, "EventRecordID": "877803", "Correlation": {"ActivityID": "", "RealatedActivityID": ""}, "Execution": {"ProcessID": "5992", "ThreadID": "8020"}, "Channel": "Microsoft-Windows-Sysmon/Operational", "Computer": "MSI", "Security": {"UserID": "S-1-5-18"}}, "Event Data": {"RuleName": "T1099", "UtcTime": "2022-04-20 06:58:04.181", "ProcessGuid": "{7590a8e8-56c0-625f-4768-000000003600}", "ProcessId": "19844", "Image": "C:\\Users\\Annie\\AppData\\Local\\Programs\\Microsoft VS Code\\Code.exe", "Target Filename": "C:\\Users\\Annie\\AppData\\Roaming\\Code\\Network\\83766813-c11f-49a1-8d42-5f734d84f066.tmp", "Create Utc Time": "2022-04-02 03:16:41.710", "Product": "2022-04-20 06:58:04.175", "Company": "MSI\\Annie"}}
{"Record": "91", "System": {"EventID": "1", "Version": "5", "Level": "4", "Task": "1", "Opcode": "0", "Keywords": "0x8000000000000000", "TimeCreated": {"SystemTime": "2022-04-20 06:58:04.220753"}, "EventRecordID": "877804", "Correlation": {"ActivityID": "", "RealatedActivityID": ""}, "Execution": {"ProcessID": "5992", "ThreadID": "8020"}, "Channel": "Microsoft-Windows-Sysmon/Operational", "Computer": "MSI", "Security": {"UserID": "S-1-5-18"}}, "Event Data": {"RuleName": "-", "UtcTime": "2022-04-20 06:58:04.215", "ProcessGuid": "{7590a8e8-aefc-625f-608e-000000003600}", "ProcessId": "22144", "Image": "C:\\Windows\\servicing\\TrustedInstaller.exe", "FileVersion": "10.0.19041.1566 (WinBuild.160101.0800)", "Description": "Windows Modules Installer", "Product": "Microsoft&#174; Windows&#174; Operating System", "Company": "Microsoft Corporation", "OriginalFileName": "TrustedInstaller.exe", "CommandLine": "C:\\Windows\\servicing\\TrustedInstaller.exe", "CurrentDirectory": "C:\\Windows\\system32\\", "User": "NT AUTHORITY\\SYSTEM", "LogonGuid": "{7590a8e8-8a52-625b-e703-000000000000}", "LogonId": "0x00000000000003e7", "TerminalSessionId": "0", "IntegrityLevel": "System", "Hashes": "MD5=8139E510C272F2A86EE3815C618B80DC,SHA256=983BF0D8B16D4729779812F88AA854AA4B27E2097304E9022A2F031EAB088D11,IMPHASH=3D7CFD2D98D9502AE326C803141EB885", "ParentProcessGuid": "{7590a8e8-8a52-625b-0b00-000000003600}", "ParentProcessId": "880", "ParentImage": "C:\\Windows\\System32\\services.exe", "ParentCommandLine": "C:\\Windows\\system32\\services.exe", "ParentUser": "NT AUTHORITY\\SYSTEM"}}
{"Record": "92", "System": {"EventID": "1", "Version": "5", "Level": "4", "Task": "1", "Opcode": "0", "Keywords": "0x8000000000000000", "TimeCreated": {"SystemTime": "2022-04-20 06:58:04.319181"}, "EventRecordID": "877805", "Correlation": {"ActivityID": "", "RealatedActivityID": ""}, "Execution": {"ProcessID": "5992", "ThreadID": "8020"}, "Channel": "Microsoft-Windows-Sysmon/Operational", "Computer": "MSI", "Security": {"UserID": "S-1-5-18"}}, "Event Data": {"RuleName": "-", "UtcTime": "2022-04-20 06:58:04.313", "ProcessGuid": "{7590a8e8-aefc-625f-618e-000000003600}", "ProcessId": "23960", "Image": "C:\\Windows\\WinSxS\\amd64_microsoft-windows-servicingstack_31bf3856ad364e35_10.0.19041.1613_none_7df538047ca074bb\\TiWorker.exe", "FileVersion": "10.0.19041.1613 (WinBuild.160101.0800)", "Description": "Windows Modules Installer Worker", "Product": "Microsoft&#174; Windows&#174; Operating System", "Company": "Microsoft Corporation", "OriginalFileName": "TiWorker.exe", "CommandLine": "C:\\Windows\\winsxs\\amd64_microsoft-windows-servicingstack_31bf3856ad364e35_10.0.19041.1613_none_7df538047ca074bb\\TiWorker.exe -Embedding", "CurrentDirectory": "C:\\Windows\\system32\\", "User": "NT AUTHORITY\\SYSTEM", "LogonGuid": "{7590a8e8-8a52-625b-e703-000000000000}", "LogonId": "0x00000000000003e7", "TerminalSessionId": "0", "IntegrityLevel": "System", "Hashes": "MD5=47FC0F9DD477E952978C16C7CEBF71C6,SHA256=389B97813D8EB75F70C9FF7287CE730ED2CA80061C45D1FF68D3DBEAC7E54443,IMPHASH=19197046B87EADE5256133B37DE63C35", "ParentProcessGuid": "{7590a8e8-8a52-625b-0e00-000000003600}", "ParentProcessId": "1156", "ParentImage": "C:\\Windows\\System32\\svchost.exe", "ParentCommandLine": "C:\\Windows\\system32\\svchost.exe -k DcomLaunch -p", "ParentUser": "NT AUTHORITY\\SYSTEM"}}
{"Record": "93", "System": {"EventID": "1", "Version": "5", "Level": "4", "Task": "1", "Opcode": "0", "Keywords": "0x8000000000000000", "TimeCreated": {"SystemTime": "2022-04-20 06:58:04.599329"}, "EventRecordID": "877806", "Correlation": {"ActivityID": "", "RealatedActivityID": ""}, "Execution": {"ProcessID": "5992", "ThreadID": "8020"}, "Channel": "Microsoft-Windows-Sysmon/Operational", "Computer": "MSI", "Security": {"UserID": "S-1-5-18"}}, "Event Data": {"RuleName": "-", "UtcTime": "2022-04-20 06:58:04.592", "ProcessGuid": "{7590a8e8-aefc-625f-628e-000000003600}", "ProcessId": "20836", "Image": "C:\\Program Files\\Common Files\\Adobe\\Creative Cloud Libraries\\libs\\node.exe", "FileVersion": "16.13.2", "Description": "Node.js JavaScript Runtime", "Product": "Node.js", "Company": "Node.js", "OriginalFileName": "node.exe", "CommandLine": "\"C:\\Program Files\\Common Files\\Adobe\\Creative Cloud Libraries\\libs\\node.exe\" \"C:\\Program Files\\Common Files\\Adobe\\Creative Cloud Libraries\\js\\systemFontsProcess.js\"", "CurrentDirectory": "C:\\Program Files\\Common Files\\Adobe\\Creative Cloud Libraries\\", "User": "MSI\\Annie", "LogonGuid": "{7590a8e8-5540-625f-79b5-c80f00000000}", "LogonId": "0x000000000fc8b579", "TerminalSessionId": "5", "IntegrityLevel": "Medium", "Hashes": "MD5=0B8597DBA8198D74EC9A959E04900870,SHA256=B30D47D1450739F14A1E6DFD187CF0944C6464FFF18D60989BD89860DA6C9FA4,IMPHASH=620B4A1E3C44872C4187AA329CDAD68E", "ParentProcessGuid": "{7590a8e8-5578-625f-f166-000000003600}", "ParentProcessId": "12828", "ParentImage": "C:\\Program Files\\Common Files\\Adobe\\Creative Cloud Libraries\\libs\\node.exe", "ParentCommandLine": "\"C:\\Program Files\\Common Files\\Adobe\\Creative Cloud Libraries\\libs\\node.exe\" \"C:\\Program Files\\Common Files\\Adobe\\Creative Cloud Libraries\\js\\server.js\"", "ParentUser": "MSI\\Annie"}}
{"Record": "94", "System": {"EventID": "3", "Version": "5", "Level": "4", "Task": "3", "Opcode": "0", "Keywords": "0x8000000000000000", "TimeCreated": {"SystemTime": "2022-04-20 06:58:05.036177"}, "EventRecordID": "877807", "Correlation": {"ActivityID": "", "RealatedActivityID": ""}, "Execution": {"ProcessID": "5992", "ThreadID": "8060"}, "Channel": "Microsoft-Windows-Sysmon/Operational", "Computer": "MSI", "Security": {"UserID": "S-1-5-18"}}, "Event Data": {"RuleName": "Usermode", "UtcTime": "2022-04-20 07:00:14.538", "ProcessGuid": "{7590a8e8-56c2-625f-4b68-000000003600}", "ProcessId": "14332", "Image": "C:\\Users\\Annie\\AppData\\Local\\Programs\\Microsoft VS Code\\Code.exe", "User": "MSI\\Annie", "Protocol": "tcp", "Initiated": "True", "SourceIsIpv6": "False", "SourceIp": "192.168.1.2", "SourceHostname": "MSI.lan", "SourcePort": "62692", "SourcePortName": "-", "DestinationIsIpv6": "False", "DestinationIp": "20.189.173.7", "DestinationHostname": "-", "DestinationPort": "443", "DestinationPortName": "https"}}
{"Record": "95", "System": {"EventID": "1", "Version": "5", "Level": "4", "Task": "1", "Opcode": "0", "Keywords": "0x8000000000000000", "TimeCreated": {"SystemTime": "2022-04-20 06:58:05.298611"}, "EventRecordID": "877808", "Correlation": {"ActivityID": "", "RealatedActivityID": ""}, "Execution": {"ProcessID": "5992", "ThreadID": "8020"}, "Channel": "Microsoft-Windows-Sysmon/Operational", "Computer": "MSI", "Security": {"UserID": "S-1-5-18"}}, "Event Data": {"RuleName": "-", "UtcTime": "2022-04-20 06:58:05.294", "ProcessGuid": "{7590a8e8-aefd-625f-658e-000000003600}", "ProcessId": "27604", "Image": "C:\\Windows\\System32\\LocationNotificationWindows.exe", "FileVersion": "10.0.19041.1 (WinBuild.160101.0800)", "Description": "Location Notification", "Product": "Microsoft&#174; Windows&#174; Operating System", "Company": "Microsoft Corporation", "OriginalFileName": "LocationNotificationWindows.exe", "CommandLine": "C:\\Windows\\System32\\LocationNotificationWindows.exe", "CurrentDirectory": "C:\\Windows\\system32\\", "User": "MSI\\Annie", "LogonGuid": "{7590a8e8-5540-625f-79b5-c80f00000000}", "LogonId": "0x000000000fc8b579", "TerminalSessionId": "5", "IntegrityLevel": "Medium", "Hashes": "MD5=9BAD04696E81E4420A99660C8D1388A1,SHA256=A9024C4C0ED03730085FB529828A917F701E3DCA30D3286AE0D41E9FFF33F445,IMPHASH=43770938065E918EAD8F8E36EA492A75", "ParentProcessGuid": "{7590a8e8-8a52-625b-2100-000000003600}", "ParentProcessId": "2044", "ParentImage": "C:\\Windows\\System32\\svchost.exe", "ParentCommandLine": "C:\\Windows\\system32\\svchost.exe -k netsvcs -p -s Schedule", "ParentUser": "NT AUTHORITY\\SYSTEM"}}
{"Record": "96", "System": {"EventID": "1", "Version": "5", "Level": "4", "Task": "1", "Opcode": "0", "Keywords": "0x8000000000000000", "TimeCreated": {"SystemTime": "2022-04-20 06:58:06.043468"}, "EventRecordID": "877809", "Correlation": {"ActivityID": "", "RealatedActivityID": ""}, "Execution": {"ProcessID": "5992", "ThreadID": "8020"}, "Channel": "Microsoft-Windows-Sysmon/Operational", "Computer": "MSI", "Security": {"UserID": "S-1-5-18"}}, "Event Data": {"RuleName": "-", "UtcTime": "2022-04-20 06:58:06.038", "ProcessGuid": "{7590a8e8-aefe-625f-668e-000000003600}", "ProcessId": "12832", "Image": "C:\\Windows\\System32\\svchost.exe", "FileVersion": "10.0.19041.1566 (WinBuild.160101.0800)", "Description": "Host Process for Windows Services", "Product": "Microsoft&#174; Windows&#174; Operating System", "Company": "Microsoft Corporation", "OriginalFileName": "svchost.exe", "CommandLine": "C:\\Windows\\system32\\svchost.exe -k netsvcs -p -s XblAuthManager", "CurrentDirectory": "C:\\Windows\\system32\\", "User": "NT AUTHORITY\\SYSTEM", "LogonGuid": "{7590a8e8-8a52-625b-e703-000000000000}", "LogonId": "0x00000000000003e7", "TerminalSessionId": "0", "IntegrityLevel": "System", "Hashes": "MD5=CD10CB894BE2128FCA0BF0E2B0C27C16,SHA256=F3FEB95E7BCFB0766A694D93FCA29EDA7E2CA977C2395B4BE75242814EB6D881,IMPHASH=F9BBD96FAE53B7A31264A703CAFA0666", "ParentProcessGuid": "{7590a8e8-8a52-625b-0b00-000000003600}", "ParentProcessId": "880", "ParentImage": "C:\\Windows\\System32\\services.exe", "ParentCommandLine": "C:\\Windows\\system32\\services.exe", "ParentUser": "NT AUTHORITY\\SYSTEM"}}
{"Record": "97", "System": {"EventID": "1", "Version": "5", "Level": "4", "Task": "1", "Opcode": "0", "Keywords": "0x8000000000000000", "TimeCreated": {"SystemTime": "2022-04-20 06:58:07.804205"}, "EventRecordID": "877810", "Correlation": {"ActivityID": "", "RealatedActivityID": ""}, "Execution": {"ProcessID": "5992", "ThreadID": "8020"}, "Channel": "Microsoft-Windows-Sysmon/Operational", "Computer": "MSI", "Security": {"UserID": "S-1-5-18"}}, "Event Data": {"RuleName": "-", "UtcTime": "2022-04-20 06:58:07.802", "ProcessGuid": "{7590a8e8-aeff-625f-678e-000000003600}", "ProcessId": "8576", "Image": "C:\\Program Files\\Common Files\\Adobe\\Creative Cloud Libraries\\libs\\node.exe", "FileVersion": "16.13.2", "Description": "Node.js JavaScript Runtime", "Product": "Node.js", "Company": "Node.js", "OriginalFileName": "node.exe", "CommandLine": "\"C:\\Program Files\\Common Files\\Adobe\\Creative Cloud Libraries\\libs\\node.exe\" \"C:\\Program Files\\Common Files\\Adobe\\Creative Cloud Libraries\\js\\systemFontsProcess.js\"", "CurrentDirectory": "C:\\Program Files\\Common Files\\Adobe\\Creative Cloud Libraries\\", "User": "MSI\\Annie", "LogonGuid": "{7590a8e8-5540-625f-79b5-c80f00000000}", "LogonId": "0x000000000fc8b579", "TerminalSessionId": "5", "IntegrityLevel": "Medium", "Hashes": "MD5=0B8597DBA8198D74EC9A959E04900870,SHA256=B30D47D1450739F14A1E6DFD187CF0944C6464FFF18D60989BD89860DA6C9FA4,IMPHASH=620B4A1E3C44872C4187AA329CDAD68E", "ParentProcessGuid": "{7590a8e8-5578-625f-f166-000000003600}", "ParentProcessId": "12828", "ParentImage": "C:\\Program Files\\Common Files\\Adobe\\Creative Cloud Libraries\\libs\\node.exe", "ParentCommandLine": "\"C:\\Program Files\\Common Files\\Adobe\\Creative Cloud Libraries\\libs\\node.exe\" \"C:\\Program Files\\Common Files\\Adobe\\Creative Cloud Libraries\\js\\server.js\"", "ParentUser": "MSI\\Annie"}}
{"Record": "98", "System": {"EventID": "22", "Version": "5", "Level": "4", "Task": "22", "Opcode": "0", "Keywords": "0x8000000000000000", "TimeCreated": {"SystemTime": "2022-04-20 06:58:07.991829"}, "EventRecordID": "877811", "Correlation": {"ActivityID": "", "RealatedActivityID": ""}, "Execution": {"ProcessID": "5992", "ThreadID": "8084"}, "Channel": "Microsoft-Windows-Sysmon/Operational", "Computer": "MSI", "Security": {"UserID": "S-1-5-18"}}, "Event Data": {"RuleName": "-", "UtcTime": "2022-04-20 07:00:16.331", "ProcessGuid": "{7590a8e8-555e-625f-a366-000000003600}", "ProcessId": "28396", "QueryName": "2022-04-20 07:00:16.331", "QueryStatus": "{7590a8e8-555e-625f-a366-000000003600}", "QueryResults": "28396", "Image": "C:\\Program Files\\Microsoft OneDrive\\OneDrive.exe", "User": "MSI\\Annie"}}
{"Record": "99", "System": {"EventID": "22", "Version": "5", "Level": "4", "Task": "22", "Opcode": "0", "Keywords": "0x8000000000000000", "TimeCreated": {"SystemTime": "2022-04-20 06:58:07.991888"}, "EventRecordID": "877812", "Correlation": {"ActivityID": "", "RealatedActivityID": ""}, "Execution": {"ProcessID": "5992", "ThreadID": "8084"}, "Channel": "Microsoft-Windows-Sysmon/Operational", "Computer": "MSI", "Security": {"UserID": "S-1-5-18"}}, "Event Data": {"RuleName": "-", "UtcTime": "2022-04-20 07:00:17.165", "ProcessGuid": "{7590a8e8-555e-625f-a366-000000003600}", "ProcessId": "28396", "QueryName": "2022-04-20 07:00:17.165", "QueryStatus": "{7590a8e8-555e-625f-a366-000000003600}", "QueryResults": "28396", "Image": "C:\\Program Files\\Microsoft OneDrive\\OneDrive.exe", "User": "MSI\\Annie"}}
{"Record": "100", "System": {"EventID": "1", "Version": "5", "Level": "4", "Task": "1", "Opcode": "0", "Keywords": "0x8000000000000000", "TimeCreated": {"SystemTime": "2022-04-20 06:58:14.910490"}, "EventRecordID": "877813", "Correlation": {"ActivityID": "", "RealatedActivityID": ""}, "Execution": {"ProcessID": "5992", "ThreadID": "8020"}, "Channel": "Microsoft-Windows-Sysmon/Operational", "Computer": "MSI", "Security": {"UserID": "S-1-5-18"}}, "Event Data": {"RuleName": "-", "UtcTime": "2022-04-20 06:58:14.904", "ProcessGuid": "{7590a8e8-af06-625f-688e-000000003600}", "ProcessId": "25756", "Image": "C:\\Windows\\System32\\svchost.exe", "FileVersion": "10.0.19041.1566 (WinBuild.160101.0800)", "Description": "Host Process for Windows Services", "Product": "Microsoft&#174; Windows&#174; Operating System", "Company": "Microsoft Corporation", "OriginalFileName": "svchost.exe", "CommandLine": "C:\\Windows\\System32\\svchost.exe -k netsvcs -p -s NetSetupSvc", "CurrentDirectory": "C:\\Windows\\system32\\", "User": "NT AUTHORITY\\SYSTEM", "LogonGuid": "{7590a8e8-8a52-625b-e703-000000000000}", "LogonId": "0x00000000000003e7", "TerminalSessionId": "0", "IntegrityLevel": "System", "Hashes": "MD5=CD10CB894BE2128FCA0BF0E2B0C27C16,SHA256=F3FEB95E7BCFB0766A694D93FCA29EDA7E2CA977C2395B4BE75242814EB6D881,IMPHASH=F9BBD96FAE53B7A31264A703CAFA0666", "ParentProcessGuid": "{7590a8e8-8a52-625b-0b00-000000003600}", "ParentProcessId": "880", "ParentImage": "C:\\Windows\\System32\\services.exe", "ParentCommandLine": "C:\\Windows\\system32\\services.exe", "ParentUser": "NT AUTHORITY\\SYSTEM"}}
{"Record": "101", "System": {"EventID": "1", "Version": "5", "Level": "4", "Task": "1", "Opcode": "0", "Keywords": "0x8000000000000000", "TimeCreated": {"SystemTime": "2022-04-20 06:59:26.820227"}, "EventRecordID": "877814", "Correlation": {"ActivityID": "", "RealatedActivityID": ""}, "Execution": {"ProcessID": "5992", "ThreadID": "8020"}, "Channel": "Microsoft-Windows-Sysmon/Operational", "Computer": "MSI", "Security": {"UserID": "S-1-5-18"}}, "Event Data": {"RuleName": "-", "UtcTime": "2022-04-20 06:59:26.692", "ProcessGuid": "{7590a8e8-af4e-625f-698e-000000003600}", "ProcessId": "30600", "Image": "C:\\Windows\\System32\\svchost.exe", "FileVersion": "10.0.19041.1566 (WinBuild.160101.0800)", "Description": "Host Process for Windows Services", "Product": "Microsoft&#174; Windows&#174; Operating System", "Company": "Microsoft Corporation", "OriginalFileName": "svchost.exe", "CommandLine": "C:\\Windows\\system32\\svchost.exe -k LocalService -p -s tzautoupdate", "CurrentDirectory": "C:\\Windows\\system32\\", "User": "NT AUTHORITY\\LOCAL SERVICE", "LogonGuid": "{7590a8e8-8a52-625b-e503-000000000000}", "LogonId": "0x00000000000003e5", "TerminalSessionId": "0", "IntegrityLevel": "System", "Hashes": "MD5=CD10CB894BE2128FCA0BF0E2B0C27C16,SHA256=F3FEB95E7BCFB0766A694D93FCA29EDA7E2CA977C2395B4BE75242814EB6D881,IMPHASH=F9BBD96FAE53B7A31264A703CAFA0666", "ParentProcessGuid": "{7590a8e8-8a52-625b-0b00-000000003600}", "ParentProcessId": "880", "ParentImage": "C:\\Windows\\System32\\services.exe", "ParentCommandLine": "C:\\Windows\\system32\\services.exe", "ParentUser": "NT AUTHORITY\\SYSTEM"}}
{"Record": "102", "System": {"EventID": "13", "Version": "2", "Level": "4", "Task": "13", "Opcode": "0", "Keywords": "0x8000000000000000", "TimeCreated": {"SystemTime": "2022-04-20 06:59:27.402063"}, "EventRecordID": "877815", "Correlation": {"ActivityID": "", "RealatedActivityID": ""}, "Execution": {"ProcessID": "5992", "ThreadID": "8020"}, "Channel": "Microsoft-Windows-Sysmon/Operational", "Computer": "MSI", "Security": {"UserID": "S-1-5-18"}}, "Event Data": {"RuleName": "-", "EventType": "SetValue", "UtcTime": "2022-04-20 06:59:27.399", "ProcessGuid": "{7590a8e8-8a53-625b-3700-000000003600}", "ProcessId": "2940", "Image": "C:\\Windows\\System32\\svchost.exe", "TargetObject": "HKLM\\SOFTWARE\\Microsoft\\Windows NT\\CurrentVersion\\NetworkList\\Profiles\\{6C10BF1F-41AF-43CE-A476-9E7468F1E304}\\DateLastConnected", "Details": "Binary Data", "User": "NT AUTHORITY\\LOCAL SERVICE"}}
{"Record": "103", "System": {"EventID": "1", "Version": "5", "Level": "4", "Task": "1", "Opcode": "0", "Keywords": "0x8000000000000000", "TimeCreated": {"SystemTime": "2022-04-20 06:59:28.011345"}, "EventRecordID": "877816", "Correlation": {"ActivityID": "", "RealatedActivityID": ""}, "Execution": {"ProcessID": "5992", "ThreadID": "8020"}, "Channel": "Microsoft-Windows-Sysmon/Operational", "Computer": "MSI", "Security": {"UserID": "S-1-5-18"}}, "Event Data": {"RuleName": "-", "UtcTime": "2022-04-20 06:59:28.001", "ProcessGuid": "{7590a8e8-af50-625f-6c8e-000000003600}", "ProcessId": "15988", "Image": "C:\\Windows\\System32\\LocationNotificationWindows.exe", "FileVersion": "10.0.19041.1 (WinBuild.160101.0800)", "Description": "Location Notification", "Product": "Microsoft&#174; Windows&#174; Operating System", "Company": "Microsoft Corporation", "OriginalFileName": "LocationNotificationWindows.exe", "CommandLine": "C:\\Windows\\System32\\LocationNotificationWindows.exe", "CurrentDirectory": "C:\\Windows\\system32\\", "User": "MSI\\Annie", "LogonGuid": "{7590a8e8-5540-625f-79b5-c80f00000000}", "LogonId": "0x000000000fc8b579", "TerminalSessionId": "5", "IntegrityLevel": "Medium", "Hashes": "MD5=9BAD04696E81E4420A99660C8D1388A1,SHA256=A9024C4C0ED03730085FB529828A917F701E3DCA30D3286AE0D41E9FFF33F445,IMPHASH=43770938065E918EAD8F8E36EA492A75", "ParentProcessGuid": "{7590a8e8-8a52-625b-2100-000000003600}", "ParentProcessId": "2044", "ParentImage": "C:\\Windows\\System32\\svchost.exe", "ParentCommandLine": "C:\\Windows\\system32\\svchost.exe -k netsvcs -p -s Schedule", "ParentUser": "NT AUTHORITY\\SYSTEM"}}
{"Record": "104", "System": {"EventID": "1", "Version": "5", "Level": "4", "Task": "1", "Opcode": "0", "Keywords": "0x8000000000000000", "TimeCreated": {"SystemTime": "2022-04-20 06:59:28.122797"}, "EventRecordID": "877817", "Correlation": {"ActivityID": "", "RealatedActivityID": ""}, "Execution": {"ProcessID": "5992", "ThreadID": "8020"}, "Channel": "Microsoft-Windows-Sysmon/Operational", "Computer": "MSI", "Security": {"UserID": "S-1-5-18"}}, "Event Data": {"RuleName": "-", "UtcTime": "2022-04-20 06:59:28.111", "ProcessGuid": "{7590a8e8-af50-625f-6d8e-000000003600}", "ProcessId": "24584", "Image": "C:\\Windows\\System32\\svchost.exe", "FileVersion": "10.0.19041.1566 (WinBuild.160101.0800)", "Description": "Host Process for Windows Services", "Product": "Microsoft&#174; Windows&#174; Operating System", "Company": "Microsoft Corporation", "OriginalFileName": "svchost.exe", "CommandLine": "C:\\Windows\\system32\\svchost.exe -k netsvcs -p -s gpsvc", "CurrentDirectory": "C:\\Windows\\system32\\", "User": "NT AUTHORITY\\SYSTEM", "LogonGuid": "{7590a8e8-8a52-625b-e703-000000000000}", "LogonId": "0x00000000000003e7", "TerminalSessionId": "0", "IntegrityLevel": "System", "Hashes": "MD5=CD10CB894BE2128FCA0BF0E2B0C27C16,SHA256=F3FEB95E7BCFB0766A694D93FCA29EDA7E2CA977C2395B4BE75242814EB6D881,IMPHASH=F9BBD96FAE53B7A31264A703CAFA0666", "ParentProcessGuid": "{7590a8e8-8a52-625b-0b00-000000003600}", "ParentProcessId": "880", "ParentImage": "C:\\Windows\\System32\\services.exe", "ParentCommandLine": "C:\\Windows\\system32\\services.exe", "ParentUser": "NT AUTHORITY\\SYSTEM"}}
{"Record": "105", "System": {"EventID": "1", "Version": "5", "Level": "4", "Task": "1", "Opcode": "0", "Keywords": "0x8000000000000000", "TimeCreated": {"SystemTime": "2022-04-20 06:59:28.240105"}, "EventRecordID": "877818", "Correlation": {"ActivityID": "", "RealatedActivityID": ""}, "Execution": {"ProcessID": "5992", "ThreadID": "8020"}, "Channel": "Microsoft-Windows-Sysmon/Operational", "Computer": "MSI", "Security": {"UserID": "S-1-5-18"}}, "Event Data": {"RuleName": "-", "UtcTime": "2022-04-20 06:59:28.191", "ProcessGuid": "{7590a8e8-af50-625f-6e8e-000000003600}", "ProcessId": "7568", "Image": "C:\\Windows\\System32\\taskhostw.exe", "FileVersion": "10.0.19041.1503 (WinBuild.160101.0800)", "Description": "Host Process for Windows Tasks", "Product": "Microsoft&#174; Windows&#174; Operating System", "Company": "Microsoft Corporation", "OriginalFileName": "taskhostw.exe", "CommandLine": "taskhostw.exe", "CurrentDirectory": "C:\\Windows\\system32\\", "User": "MSI\\Annie", "LogonGuid": "{7590a8e8-5540-625f-79b5-c80f00000000}", "LogonId": "0x000000000fc8b579", "TerminalSessionId": "5", "IntegrityLevel": "Medium", "Hashes": "MD5=5CFC093FCEA45CF8978D2304B6063C91,SHA256=F1E8525FE2FBFF523B2E56472231D4AC9AA102BA614694213E59B5EB2590CC15,IMPHASH=3A0C6863CDE566AF997DB2DEFFF9D924", "ParentProcessGuid": "{7590a8e8-8a52-625b-2100-000000003600}", "ParentProcessId": "2044", "ParentImage": "C:\\Windows\\System32\\svchost.exe", "ParentCommandLine": "C:\\Windows\\system32\\svchost.exe -k netsvcs -p -s Schedule", "ParentUser": "NT AUTHORITY\\SYSTEM"}}
{"Record": "106", "System": {"EventID": "1", "Version": "5", "Level": "4", "Task": "1", "Opcode": "0", "Keywords": "0x8000000000000000", "TimeCreated": {"SystemTime": "2022-04-20 06:59:28.268644"}, "EventRecordID": "877819", "Correlation": {"ActivityID": "", "RealatedActivityID": ""}, "Execution": {"ProcessID": "5992", "ThreadID": "8020"}, "Channel": "Microsoft-Windows-Sysmon/Operational", "Computer": "MSI", "Security": {"UserID": "S-1-5-18"}}, "Event Data": {"RuleName": "-", "UtcTime": "2022-04-20 06:59:28.239", "ProcessGuid": "{7590a8e8-af50-625f-6f8e-000000003600}", "ProcessId": "14928", "Image": "C:\\Windows\\System32\\svchost.exe", "FileVersion": "10.0.19041.1566 (WinBuild.160101.0800)", "Description": "Host Process for Windows Services", "Product": "Microsoft&#174; Windows&#174; Operating System", "Company": "Microsoft Corporation", "OriginalFileName": "svchost.exe", "CommandLine": "C:\\Windows\\System32\\svchost.exe -k LocalServiceNetworkRestricted -p -s lmhosts", "CurrentDirectory": "C:\\Windows\\system32\\", "User": "NT AUTHORITY\\LOCAL SERVICE", "LogonGuid": "{7590a8e8-8a52-625b-e503-000000000000}", "LogonId": "0x00000000000003e5", "TerminalSessionId": "0", "IntegrityLevel": "System", "Hashes": "MD5=CD10CB894BE2128FCA0BF0E2B0C27C16,SHA256=F3FEB95E7BCFB0766A694D93FCA29EDA7E2CA977C2395B4BE75242814EB6D881,IMPHASH=F9BBD96FAE53B7A31264A703CAFA0666", "ParentProcessGuid": "{7590a8e8-8a52-625b-0b00-000000003600}", "ParentProcessId": "880", "ParentImage": "C:\\Windows\\System32\\services.exe", "ParentCommandLine": "C:\\Windows\\system32\\services.exe", "ParentUser": "NT AUTHORITY\\SYSTEM"}}
{"Record": "107", "System": {"EventID": "22", "Version": "5", "Level": "4", "Task": "22", "Opcode": "0", "Keywords": "0x8000000000000000", "TimeCreated": {"SystemTime": "2022-04-20 06:59:28.597075"}, "EventRecordID": "877820", "Correlation": {"ActivityID": "", "RealatedActivityID": ""}, "Execution": {"ProcessID": "5992", "ThreadID": "8084"}, "Channel": "Microsoft-Windows-Sysmon/Operational", "Computer": "MSI", "Security": {"UserID": "S-1-5-18"}}, "Event Data": {"RuleName": "-", "UtcTime": "2022-04-20 07:01:39.448", "ProcessGuid": "{7590a8e8-556c-625f-c066-000000003600}", "ProcessId": "31480", "QueryName": "2022-04-20 07:01:39.448", "QueryStatus": "{7590a8e8-556c-625f-c066-000000003600}", "QueryResults": "31480", "Image": "C:\\Program Files\\WindowsApps\\Microsoft.SkypeApp_15.82.404.0_x86__kzf8qxf38zg5c\\Skype\\Skype.exe", "User": "MSI\\Annie"}}
