{"Record": "1", "System": {"EventID": "1", "Version": "5", "Level": "4", "Task": "1", "Opcode": "0", "Keywords": "0x8000000000000000", "TimeCreated": {"SystemTime": "2022-04-20 01:41:11.962662"}, "EventRecordID": "870516", "Correlation": {"ActivityID": "", "RealatedActivityID": ""}, "Execution": {"ProcessID": "5992", "ThreadID": "8020"}, "Channel": "Microsoft-Windows-Sysmon/Operational", "Computer": "MSI", "Security": {"UserID": "S-1-5-18"}}, "Event Data": {"RuleName": "-", "UtcTime": "2022-04-20 01:41:11.959", "ProcessGuid": "{7590a8e8-64b7-625f-bf70-000000003600}", "ProcessId": "28568", "Image": "C:\\Windows\\System32\\WindowsPowerShell\\v1.0\\powershell.exe", "FileVersion": "10.0.19041.546 (WinBuild.160101.0800)", "Description": "Windows PowerShell", "Product": "Microsoft&#174; Windows&#174; Operating System", "Company": "Microsoft Corporation", "OriginalFileName": "PowerShell.EXE", "CommandLine": "powershell.exe \"C:\\Users\\Annie\\Desktop\\attackhost_v_1_0_2DEV\\powershell\\execution\\Attack-Script-T1053_002_1.ps1 C:\\Users\\Annie\\Desktop\\attackhost_v_1_0_2DEV\\data\\output\\AttackResults\\Attack-T1053_002_1-1.out\"", "CurrentDirectory": "C:\\Users\\Annie\\Desktop\\attackhost_v_1_0_2DEV\\", "User": "MSI\\Annie", "LogonGuid": "{7590a8e8-5540-625f-cdb4-c80f00000000}", "LogonId": "0x000000000fc8b4cd", "TerminalSessionId": "5", "IntegrityLevel": "High", "Hashes": "MD5=04029E121A0CFA5991749937DD22A1D9,SHA256=9F914D42706FE215501044ACD85A32D58AAEF1419D404FDDFA5D3B48F66CCD9F,IMPHASH=7C955A0ABC747F57CCC4324480737EF7", "ParentProcessGuid": "{7590a8e8-5d37-625f-366e-000000003600}", "ParentProcessId": "25880", "ParentImage": "C:\\Users\\Annie\\anaconda3\\python.exe", "ParentCommandLine": "C:\\Users\\Annie\\anaconda3\\python.exe c:\\Users\\Annie\\Desktop\\attackhost_v_1_0_2DEV\\app.py", "ParentUser": "MSI\\Annie"}}
{"Record": "2", "System": {"EventID": "11", "Version": "2", "Level": "4", "Task": "11", "Opcode": "0", "Keywords": "0x8000000000000000", "TimeCreated": {"SystemTime": "2022-04-20 01:41:12.036142"}, "EventRecordID": "870517", "Correlation": {"ActivityID": "", "RealatedActivityID": ""}, "Execution": {"ProcessID": "5992", "ThreadID": "8020"}, "Channel": "Microsoft-Windows-Sysmon/Operational", "Computer": "MSI", "Security": {"UserID": "S-1-5-18"}}, "Event Data": {"RuleName": "-", "UtcTime": "2022-04-20 01:41:12.035", "ProcessGuid": "{7590a8e8-64b7-625f-bf70-000000003600}", "ProcessId": "28568", "Image": "C:\\Windows\\System32\\WindowsPowerShell\\v1.0\\powershell.exe", "TargetFilename": "C:\\Users\\Annie\\AppData\\Local\\Temp\\__PSScriptPolicyTest_aurnbnx1.rnv.ps1", "CreationUtcTime": "2022-04-20 01:41:12.035", "User": "MSI\\Annie"}}
{"Record": "3", "System": {"EventID": "1", "Version": "5", "Level": "4", "Task": "1", "Opcode": "0", "Keywords": "0x8000000000000000", "TimeCreated": {"SystemTime": "2022-04-20 01:41:12.261114"}, "EventRecordID": "870518", "Correlation": {"ActivityID": "", "RealatedActivityID": ""}, "Execution": {"ProcessID": "5992", "ThreadID": "8020"}, "Channel": "Microsoft-Windows-Sysmon/Operational", "Computer": "MSI", "Security": {"UserID": "S-1-5-18"}}, "Event Data": {"RuleName": "-", "UtcTime": "2022-04-20 01:41:12.259", "ProcessGuid": "{7590a8e8-64b8-625f-c070-000000003600}", "ProcessId": "25196", "Image": "C:\\Windows\\System32\\cmd.exe", "FileVersion": "10.0.19041.746 (WinBuild.160101.0800)", "Description": "Windows Command Processor", "Product": "Microsoft&#174; Windows&#174; Operating System", "Company": "Microsoft Corporation", "OriginalFileName": "Cmd.Exe", "CommandLine": "\"C:\\Windows\\system32\\cmd.exe\" /c \"at 13:20 /interactive cmd\"", "CurrentDirectory": "C:\\Users\\Annie\\Desktop\\attackhost_v_1_0_2DEV\\", "User": "MSI\\Annie", "LogonGuid": "{7590a8e8-5540-625f-cdb4-c80f00000000}", "LogonId": "0x000000000fc8b4cd", "TerminalSessionId": "5", "IntegrityLevel": "High", "Hashes": "MD5=8A2122E8162DBEF04694B9C3E0B6CDEE,SHA256=B99D61D874728EDC0918CA0EB10EAB93D381E7367E377406E65963366C874450,IMPHASH=272245E2988E1E430500B852C4FB5E18", "ParentProcessGuid": "{7590a8e8-64b7-625f-bf70-000000003600}", "ParentProcessId": "28568", "ParentImage": "C:\\Windows\\System32\\WindowsPowerShell\\v1.0\\powershell.exe", "ParentCommandLine": "powershell.exe \"C:\\Users\\Annie\\Desktop\\attackhost_v_1_0_2DEV\\powershell\\execution\\Attack-Script-T1053_002_1.ps1 C:\\Users\\Annie\\Desktop\\attackhost_v_1_0_2DEV\\data\\output\\AttackResults\\Attack-T1053_002_1-1.out\"", "ParentUser": "MSI\\Annie"}}
{"Record": "4", "System": {"EventID": "1", "Version": "5", "Level": "4", "Task": "1", "Opcode": "0", "Keywords": "0x8000000000000000", "TimeCreated": {"SystemTime": "2022-04-20 01:41:12.271557"}, "EventRecordID": "870519", "Correlation": {"ActivityID": "", "RealatedActivityID": ""}, "Execution": {"ProcessID": "5992", "ThreadID": "8020"}, "Channel": "Microsoft-Windows-Sysmon/Operational", "Computer": "MSI", "Security": {"UserID": "S-1-5-18"}}, "Event Data": {"RuleName": "-", "UtcTime": "2022-04-20 01:41:12.270", "ProcessGuid": "{7590a8e8-64b8-625f-c170-000000003600}", "ProcessId": "2696", "Image": "C:\\Windows\\System32\\at.exe", "FileVersion": "10.0.19041.1 (WinBuild.160101.0800)", "Description": "Schedule service command line interface", "Product": "Microsoft&#174; Windows&#174; Operating System", "Company": "Microsoft Corporation", "OriginalFileName": "AT.EXE", "CommandLine": "at  13:20 /interactive cmd", "CurrentDirectory": "C:\\Users\\Annie\\Desktop\\attackhost_v_1_0_2DEV\\", "User": "MSI\\Annie", "LogonGuid": "{7590a8e8-5540-625f-cdb4-c80f00000000}", "LogonId": "0x000000000fc8b4cd", "TerminalSessionId": "5", "IntegrityLevel": "High", "Hashes": "MD5=15FE2283B40819234C9909E841EBCA0A,SHA256=5B97C39D87AD627C53023BFEBB0EA1B5227C3F4E86E3BF06B23F3E4B0D6726E2,IMPHASH=CBFC405CA679EDA11C11371ED3CE65EB", "ParentProcessGuid": "{7590a8e8-64b8-625f-c070-000000003600}", "ParentProcessId": "25196", "ParentImage": "C:\\Windows\\System32\\cmd.exe", "ParentCommandLine": "\"C:\\Windows\\system32\\cmd.exe\" /c \"at 13:20 /interactive cmd\"", "ParentUser": "MSI\\Annie"}}
{"Record": "5", "System": {"EventID": "22", "Version": "5", "Level": "4", "Task": "22", "Opcode": "0", "Keywords": "0x8000000000000000", "TimeCreated": {"SystemTime": "2022-04-20 01:41:19.203888"}, "EventRecordID": "870520", "Correlation": {"ActivityID": "", "RealatedActivityID": ""}, "Execution": {"ProcessID": "5992", "ThreadID": "8084"}, "Channel": "Microsoft-Windows-Sysmon/Operational", "Computer": "MSI", "Security": {"UserID": "S-1-5-18"}}, "Event Data": {"RuleName": "-", "UtcTime": "2022-04-20 01:43:21.719", "ProcessGuid": "{7590a8e8-5a72-625f-a56b-000000003600}", "ProcessId": "1424", "QueryName": "2022-04-20 01:43:21.719", "QueryStatus": "{7590a8e8-5a72-625f-a56b-000000003600}", "QueryResults": "1424", "Image": "C:\\Program Files\\Google\\Chrome\\Application\\chrome.exe", "User": "MSI\\Annie"}}
{"Record": "6", "System": {"EventID": "1", "Version": "5", "Level": "4", "Task": "1", "Opcode": "0", "Keywords": "0x8000000000000000", "TimeCreated": {"SystemTime": "2022-04-20 01:41:23.957846"}, "EventRecordID": "870521", "Correlation": {"ActivityID": "", "RealatedActivityID": ""}, "Execution": {"ProcessID": "5992", "ThreadID": "8020"}, "Channel": "Microsoft-Windows-Sysmon/Operational", "Computer": "MSI", "Security": {"UserID": "S-1-5-18"}}, "Event Data": {"RuleName": "-", "UtcTime": "2022-04-20 01:41:23.956", "ProcessGuid": "{7590a8e8-64c3-625f-c370-000000003600}", "ProcessId": "13540", "Image": "C:\\Program Files\\Common Files\\Adobe\\Creative Cloud Libraries\\libs\\node.exe", "FileVersion": "16.13.2", "Description": "Node.js JavaScript Runtime", "Product": "Node.js", "Company": "Node.js", "OriginalFileName": "node.exe", "CommandLine": "\"C:\\Program Files\\Common Files\\Adobe\\Creative Cloud Libraries\\libs\\node.exe\" \"C:\\Program Files\\Common Files\\Adobe\\Creative Cloud Libraries\\js\\systemFontsProcess.js\"", "CurrentDirectory": "C:\\Program Files\\Common Files\\Adobe\\Creative Cloud Libraries\\", "User": "MSI\\Annie", "LogonGuid": "{7590a8e8-5540-625f-79b5-c80f00000000}", "LogonId": "0x000000000fc8b579", "TerminalSessionId": "5", "IntegrityLevel": "Medium", "Hashes": "MD5=0B8597DBA8198D74EC9A959E04900870,SHA256=B30D47D1450739F14A1E6DFD187CF0944C6464FFF18D60989BD89860DA6C9FA4,IMPHASH=620B4A1E3C44872C4187AA329CDAD68E", "ParentProcessGuid": "{7590a8e8-5578-625f-f166-000000003600}", "ParentProcessId": "12828", "ParentImage": "C:\\Program Files\\Common Files\\Adobe\\Creative Cloud Libraries\\libs\\node.exe", "ParentCommandLine": "\"C:\\Program Files\\Common Files\\Adobe\\Creative Cloud Libraries\\libs\\node.exe\" \"C:\\Program Files\\Common Files\\Adobe\\Creative Cloud Libraries\\js\\server.js\"", "ParentUser": "MSI\\Annie"}}
{"Record": "7", "System": {"EventID": "1", "Version": "5", "Level": "4", "Task": "1", "Opcode": "0", "Keywords": "0x8000000000000000", "TimeCreated": {"SystemTime": "2022-04-20 01:41:25.767933"}, "EventRecordID": "870522", "Correlation": {"ActivityID": "", "RealatedActivityID": ""}, "Execution": {"ProcessID": "5992", "ThreadID": "8020"}, "Channel": "Microsoft-Windows-Sysmon/Operational", "Computer": "MSI", "Security": {"UserID": "S-1-5-18"}}, "Event Data": {"RuleName": "-", "UtcTime": "2022-04-20 01:41:25.766", "ProcessGuid": "{7590a8e8-64c5-625f-c470-000000003600}", "ProcessId": "28700", "Image": "C:\\Program Files\\Common Files\\Adobe\\Creative Cloud Libraries\\libs\\node.exe", "FileVersion": "16.13.2", "Description": "Node.js JavaScript Runtime", "Product": "Node.js", "Company": "Node.js", "OriginalFileName": "node.exe", "CommandLine": "\"C:\\Program Files\\Common Files\\Adobe\\Creative Cloud Libraries\\libs\\node.exe\" \"C:\\Program Files\\Common Files\\Adobe\\Creative Cloud Libraries\\js\\systemFontsProcess.js\"", "CurrentDirectory": "C:\\Program Files\\Common Files\\Adobe\\Creative Cloud Libraries\\", "User": "MSI\\Annie", "LogonGuid": "{7590a8e8-5540-625f-79b5-c80f00000000}", "LogonId": "0x000000000fc8b579", "TerminalSessionId": "5", "IntegrityLevel": "Medium", "Hashes": "MD5=0B8597DBA8198D74EC9A959E04900870,SHA256=B30D47D1450739F14A1E6DFD187CF0944C6464FFF18D60989BD89860DA6C9FA4,IMPHASH=620B4A1E3C44872C4187AA329CDAD68E", "ParentProcessGuid": "{7590a8e8-5578-625f-f166-000000003600}", "ParentProcessId": "12828", "ParentImage": "C:\\Program Files\\Common Files\\Adobe\\Creative Cloud Libraries\\libs\\node.exe", "ParentCommandLine": "\"C:\\Program Files\\Common Files\\Adobe\\Creative Cloud Libraries\\libs\\node.exe\" \"C:\\Program Files\\Common Files\\Adobe\\Creative Cloud Libraries\\js\\server.js\"", "ParentUser": "MSI\\Annie"}}
{"Record": "8", "System": {"EventID": "1", "Version": "5", "Level": "4", "Task": "1", "Opcode": "0", "Keywords": "0x8000000000000000", "TimeCreated": {"SystemTime": "2022-04-20 01:41:36.544161"}, "EventRecordID": "870523", "Correlation": {"ActivityID": "", "RealatedActivityID": ""}, "Execution": {"ProcessID": "5992", "ThreadID": "8020"}, "Channel": "Microsoft-Windows-Sysmon/Operational", "Computer": "MSI", "Security": {"UserID": "S-1-5-18"}}, "Event Data": {"RuleName": "-", "UtcTime": "2022-04-20 01:41:36.540", "ProcessGuid": "{7590a8e8-64d0-625f-c570-000000003600}", "ProcessId": "33368", "Image": "C:\\Windows\\System32\\svchost.exe", "FileVersion": "10.0.19041.1566 (WinBuild.160101.0800)", "Description": "Host Process for Windows Services", "Product": "Microsoft&#174; Windows&#174; Operating System", "Company": "Microsoft Corporation", "OriginalFileName": "svchost.exe", "CommandLine": "C:\\Windows\\system32\\svchost.exe -k netsvcs -p -s gpsvc", "CurrentDirectory": "C:\\Windows\\system32\\", "User": "NT AUTHORITY\\SYSTEM", "LogonGuid": "{7590a8e8-8a52-625b-e703-000000000000}", "LogonId": "0x00000000000003e7", "TerminalSessionId": "0", "IntegrityLevel": "System", "Hashes": "MD5=CD10CB894BE2128FCA0BF0E2B0C27C16,SHA256=F3FEB95E7BCFB0766A694D93FCA29EDA7E2CA977C2395B4BE75242814EB6D881,IMPHASH=F9BBD96FAE53B7A31264A703CAFA0666", "ParentProcessGuid": "{7590a8e8-8a52-625b-0b00-000000003600}", "ParentProcessId": "880", "ParentImage": "C:\\Windows\\System32\\services.exe", "ParentCommandLine": "C:\\Windows\\system32\\services.exe", "ParentUser": "NT AUTHORITY\\SYSTEM"}}
