{"Record": "31", "System": {"EventID": "1", "Version": "5", "Level": "4", "Task": "1", "Opcode": "0", "Keywords": "0x8000000000000000", "TimeCreated": {"SystemTime": "2022-04-20 00:47:41.153370"}, "EventRecordID": "869287", "Correlation": {"ActivityID": "", "RealatedActivityID": ""}, "Execution": {"ProcessID": "5992", "ThreadID": "8020"}, "Channel": "Microsoft-Windows-Sysmon/Operational", "Computer": "MSI", "Security": {"UserID": "S-1-5-18"}}, "Event Data": {"RuleName": "-", "UtcTime": "2022-04-20 00:47:41.151", "ProcessGuid": "{7590a8e8-582d-625f-9a6a-000000003600}", "ProcessId": "14276", "Image": "C:\\Program Files\\Git\\mingw64\\bin\\git.exe", "FileVersion": "-", "Description": "Git for Windows", "Product": "Git", "Company": "The Git Development Community", "OriginalFileName": "git.exe", "CommandLine": "git.exe for-each-ref --sort -committerdate --format \"%%(refname) %%(objectname) %%(*objectname)\"", "CurrentDirectory": "C:\\Users\\Annie\\Desktop\\attackhost_v_1_0_2DEV\\", "User": "MSI\\Annie", "LogonGuid": "{7590a8e8-5540-625f-cdb4-c80f00000000}", "LogonId": "0x000000000fc8b4cd", "TerminalSessionId": "5", "IntegrityLevel": "High", "Hashes": "MD5=22C0A120BDA9ACBDDABAAE6924DE4193,SHA256=D8385BFFD3F8967F46DC79AF7155D8847EB09B95C8D97B60AC14E0970AF1B596,IMPHASH=E7CB32FC4DCDC36BEE46960CD7653FF9", "ParentProcessGuid": "{7590a8e8-582d-625f-966a-000000003600}", "ParentProcessId": "3356", "ParentImage": "C:\\Program Files\\Git\\cmd\\git.exe", "ParentCommandLine": "\"C:\\Program Files\\Git\\cmd\\git.exe\" for-each-ref --sort -committerdate --format \"%(refname) %(objectname) %(*objectname)\"", "ParentUser": "MSI\\Annie"}}
{"Record": "32", "System": {"EventID": "1", "Version": "5", "Level": "4", "Task": "1", "Opcode": "0", "Keywords": "0x8000000000000000", "TimeCreated": {"SystemTime": "2022-04-20 00:47:41.155926"}, "EventRecordID": "869288", "Correlation": {"ActivityID": "", "RealatedActivityID": ""}, "Execution": {"ProcessID": "5992", "ThreadID": "8020"}, "Channel": "Microsoft-Windows-Sysmon/Operational", "Computer": "MSI", "Security": {"UserID": "S-1-5-18"}}, "Event Data": {"RuleName": "-", "UtcTime": "2022-04-20 00:47:41.153", "ProcessGuid": "{7590a8e8-582d-625f-9b6a-000000003600}", "ProcessId": "18528", "Image": "C:\\Program Files\\Git\\mingw64\\bin\\git.exe", "FileVersion": "-", "Description": "Git for Windows", "Product": "Git", "Company": "The Git Development Community", "OriginalFileName": "git.exe", "CommandLine": "git.exe remote --verbose", "CurrentDirectory": "C:\\Users\\Annie\\Desktop\\attackhost_v_1_0_2DEV\\", "User": "MSI\\Annie", "LogonGuid": "{7590a8e8-5540-625f-cdb4-c80f00000000}", "LogonId": "0x000000000fc8b4cd", "TerminalSessionId": "5", "IntegrityLevel": "High", "Hashes": "MD5=22C0A120BDA9ACBDDABAAE6924DE4193,SHA256=D8385BFFD3F8967F46DC79AF7155D8847EB09B95C8D97B60AC14E0970AF1B596,IMPHASH=E7CB32FC4DCDC36BEE46960CD7653FF9", "ParentProcessGuid": "{7590a8e8-582d-625f-976a-000000003600}", "ParentProcessId": "24288", "ParentImage": "C:\\Program Files\\Git\\cmd\\git.exe", "ParentCommandLine": "\"C:\\Program Files\\Git\\cmd\\git.exe\" remote --verbose", "ParentUser": "MSI\\Annie"}}
{"Record": "33", "System": {"EventID": "1", "Version": "5", "Level": "4", "Task": "1", "Opcode": "0", "Keywords": "0x8000000000000000", "TimeCreated": {"SystemTime": "2022-04-20 00:47:41.187553"}, "EventRecordID": "869289", "Correlation": {"ActivityID": "", "RealatedActivityID": ""}, "Execution": {"ProcessID": "5992", "ThreadID": "8020"}, "Channel": "Microsoft-Windows-Sysmon/Operational", "Computer": "MSI", "Security": {"UserID": "S-1-5-18"}}, "Event Data": {"RuleName": "-", "UtcTime": "2022-04-20 00:47:41.186", "ProcessGuid": "{7590a8e8-582d-625f-9c6a-000000003600}", "ProcessId": "14580", "Image": "C:\\Program Files\\Git\\cmd\\git.exe", "FileVersion": "-", "Description": "Git for Windows", "Product": "Git", "Company": "The Git Development Community", "OriginalFileName": "git.exe", "CommandLine": "\"C:\\Program Files\\Git\\cmd\\git.exe\" config --get commit.template", "CurrentDirectory": "C:\\Users\\Annie\\Desktop\\attackhost_v_1_0_2DEV\\", "User": "MSI\\Annie", "LogonGuid": "{7590a8e8-5540-625f-cdb4-c80f00000000}", "LogonId": "0x000000000fc8b4cd", "TerminalSessionId": "5", "IntegrityLevel": "High", "Hashes": "MD5=3D4B3E854AC83AA892C3A7824355F814,SHA256=AE463CAD04C2B15FC91DE68AB096933EC08C44752E205AEBD7D64C3A482DF62D,IMPHASH=B5C28AB8B10670F75EB53AFFC23558E6", "ParentProcessGuid": "{7590a8e8-56c2-625f-4a68-000000003600}", "ParentProcessId": "9156", "ParentImage": "C:\\Users\\Annie\\AppData\\Local\\Programs\\Microsoft VS Code\\Code.exe", "ParentCommandLine": "\"C:\\Users\\Annie\\AppData\\Local\\Programs\\Microsoft VS Code\\Code.exe\" --ms-enable-electron-run-as-node --inspect-port=0 \"c:\\Users\\Annie\\AppData\\Local\\Programs\\Microsoft VS Code\\resources\\app\\out\\bootstrap-fork\" --type=extensionHost --skipWorkspaceStorageLock", "ParentUser": "MSI\\Annie"}}
{"Record": "34", "System": {"EventID": "1", "Version": "5", "Level": "4", "Task": "1", "Opcode": "0", "Keywords": "0x8000000000000000", "TimeCreated": {"SystemTime": "2022-04-20 00:47:41.215675"}, "EventRecordID": "869290", "Correlation": {"ActivityID": "", "RealatedActivityID": ""}, "Execution": {"ProcessID": "5992", "ThreadID": "8020"}, "Channel": "Microsoft-Windows-Sysmon/Operational", "Computer": "MSI", "Security": {"UserID": "S-1-5-18"}}, "Event Data": {"RuleName": "-", "UtcTime": "2022-04-20 00:47:41.213", "ProcessGuid": "{7590a8e8-582d-625f-9e6a-000000003600}", "ProcessId": "12140", "Image": "C:\\Program Files\\Git\\mingw64\\bin\\git.exe", "FileVersion": "-", "Description": "Git for Windows", "Product": "Git", "Company": "The Git Development Community", "OriginalFileName": "git.exe", "CommandLine": "git.exe config --get commit.template", "CurrentDirectory": "C:\\Users\\Annie\\Desktop\\attackhost_v_1_0_2DEV\\", "User": "MSI\\Annie", "LogonGuid": "{7590a8e8-5540-625f-cdb4-c80f00000000}", "LogonId": "0x000000000fc8b4cd", "TerminalSessionId": "5", "IntegrityLevel": "High", "Hashes": "MD5=22C0A120BDA9ACBDDABAAE6924DE4193,SHA256=D8385BFFD3F8967F46DC79AF7155D8847EB09B95C8D97B60AC14E0970AF1B596,IMPHASH=E7CB32FC4DCDC36BEE46960CD7653FF9", "ParentProcessGuid": "{7590a8e8-582d-625f-9c6a-000000003600}", "ParentProcessId": "14580", "ParentImage": "C:\\Program Files\\Git\\cmd\\git.exe", "ParentCommandLine": "\"C:\\Program Files\\Git\\cmd\\git.exe\" config --get commit.template", "ParentUser": "MSI\\Annie"}}
{"Record": "35", "System": {"EventID": "1", "Version": "5", "Level": "4", "Task": "1", "Opcode": "0", "Keywords": "0x8000000000000000", "TimeCreated": {"SystemTime": "2022-04-20 00:48:01.264410"}, "EventRecordID": "869291", "Correlation": {"ActivityID": "", "RealatedActivityID": ""}, "Execution": {"ProcessID": "5992", "ThreadID": "8020"}, "Channel": "Microsoft-Windows-Sysmon/Operational", "Computer": "MSI", "Security": {"UserID": "S-1-5-18"}}, "Event Data": {"RuleName": "-", "UtcTime": "2022-04-20 00:48:01.261", "ProcessGuid": "{7590a8e8-5841-625f-9f6a-000000003600}", "ProcessId": "29768", "Image": "C:\\Program Files\\Git\\cmd\\git.exe", "FileVersion": "-", "Description": "Git for Windows", "Product": "Git", "Company": "The Git Development Community", "OriginalFileName": "git.exe", "CommandLine": "\"C:\\Program Files\\Git\\cmd\\git.exe\" -c core.longpaths=true -c core.quotepath=false -c color.ui=false ls-files -- powershell/command-and-control/Attack-Script-T1105_12.ps1", "CurrentDirectory": "c:\\Users\\Annie\\Desktop\\attackhost_v_1_0_2DEV\\", "User": "MSI\\Annie", "LogonGuid": "{7590a8e8-5540-625f-cdb4-c80f00000000}", "LogonId": "0x000000000fc8b4cd", "TerminalSessionId": "5", "IntegrityLevel": "High", "Hashes": "MD5=3D4B3E854AC83AA892C3A7824355F814,SHA256=AE463CAD04C2B15FC91DE68AB096933EC08C44752E205AEBD7D64C3A482DF62D,IMPHASH=B5C28AB8B10670F75EB53AFFC23558E6", "ParentProcessGuid": "{7590a8e8-56c2-625f-4a68-000000003600}", "ParentProcessId": "9156", "ParentImage": "C:\\Users\\Annie\\AppData\\Local\\Programs\\Microsoft VS Code\\Code.exe", "ParentCommandLine": "\"C:\\Users\\Annie\\AppData\\Local\\Programs\\Microsoft VS Code\\Code.exe\" --ms-enable-electron-run-as-node --inspect-port=0 \"c:\\Users\\Annie\\AppData\\Local\\Programs\\Microsoft VS Code\\resources\\app\\out\\bootstrap-fork\" --type=extensionHost --skipWorkspaceStorageLock", "ParentUser": "MSI\\Annie"}}
{"Record": "36", "System": {"EventID": "1", "Version": "5", "Level": "4", "Task": "1", "Opcode": "0", "Keywords": "0x8000000000000000", "TimeCreated": {"SystemTime": "2022-04-20 00:48:01.316437"}, "EventRecordID": "869292", "Correlation": {"ActivityID": "", "RealatedActivityID": ""}, "Execution": {"ProcessID": "5992", "ThreadID": "8020"}, "Channel": "Microsoft-Windows-Sysmon/Operational", "Computer": "MSI", "Security": {"UserID": "S-1-5-18"}}, "Event Data": {"RuleName": "-", "UtcTime": "2022-04-20 00:48:01.314", "ProcessGuid": "{7590a8e8-5841-625f-a16a-000000003600}", "ProcessId": "7568", "Image": "C:\\Program Files\\Git\\mingw64\\bin\\git.exe", "FileVersion": "-", "Description": "Git for Windows", "Product": "Git", "Company": "The Git Development Community", "OriginalFileName": "git.exe", "CommandLine": "git.exe -c core.longpaths=true -c core.quotepath=false -c color.ui=false ls-files -- powershell/command-and-control/Attack-Script-T1105_12.ps1", "CurrentDirectory": "c:\\Users\\Annie\\Desktop\\attackhost_v_1_0_2DEV\\", "User": "MSI\\Annie", "LogonGuid": "{7590a8e8-5540-625f-cdb4-c80f00000000}", "LogonId": "0x000000000fc8b4cd", "TerminalSessionId": "5", "IntegrityLevel": "High", "Hashes": "MD5=22C0A120BDA9ACBDDABAAE6924DE4193,SHA256=D8385BFFD3F8967F46DC79AF7155D8847EB09B95C8D97B60AC14E0970AF1B596,IMPHASH=E7CB32FC4DCDC36BEE46960CD7653FF9", "ParentProcessGuid": "{7590a8e8-5841-625f-9f6a-000000003600}", "ParentProcessId": "29768", "ParentImage": "C:\\Program Files\\Git\\cmd\\git.exe", "ParentCommandLine": "\"C:\\Program Files\\Git\\cmd\\git.exe\" -c core.longpaths=true -c core.quotepath=false -c color.ui=false ls-files -- powershell/command-and-control/Attack-Script-T1105_12.ps1", "ParentUser": "MSI\\Annie"}}
{"Record": "37", "System": {"EventID": "1", "Version": "5", "Level": "4", "Task": "1", "Opcode": "0", "Keywords": "0x8000000000000000", "TimeCreated": {"SystemTime": "2022-04-20 00:48:01.457422"}, "EventRecordID": "869293", "Correlation": {"ActivityID": "", "RealatedActivityID": ""}, "Execution": {"ProcessID": "5992", "ThreadID": "8020"}, "Channel": "Microsoft-Windows-Sysmon/Operational", "Computer": "MSI", "Security": {"UserID": "S-1-5-18"}}, "Event Data": {"RuleName": "-", "UtcTime": "2022-04-20 00:48:01.456", "ProcessGuid": "{7590a8e8-5841-625f-a26a-000000003600}", "ProcessId": "20040", "Image": "C:\\Program Files\\Git\\cmd\\git.exe", "FileVersion": "-", "Description": "Git for Windows", "Product": "Git", "Company": "The Git Development Community", "OriginalFileName": "git.exe", "CommandLine": "\"C:\\Program Files\\Git\\cmd\\git.exe\" show --textconv :powershell/command-and-control/Attack-Script-T1105_12.ps1", "CurrentDirectory": "C:\\Users\\Annie\\Desktop\\attackhost_v_1_0_2DEV\\", "User": "MSI\\Annie", "LogonGuid": "{7590a8e8-5540-625f-cdb4-c80f00000000}", "LogonId": "0x000000000fc8b4cd", "TerminalSessionId": "5", "IntegrityLevel": "High", "Hashes": "MD5=3D4B3E854AC83AA892C3A7824355F814,SHA256=AE463CAD04C2B15FC91DE68AB096933EC08C44752E205AEBD7D64C3A482DF62D,IMPHASH=B5C28AB8B10670F75EB53AFFC23558E6", "ParentProcessGuid": "{7590a8e8-56c2-625f-4a68-000000003600}", "ParentProcessId": "9156", "ParentImage": "C:\\Users\\Annie\\AppData\\Local\\Programs\\Microsoft VS Code\\Code.exe", "ParentCommandLine": "\"C:\\Users\\Annie\\AppData\\Local\\Programs\\Microsoft VS Code\\Code.exe\" --ms-enable-electron-run-as-node --inspect-port=0 \"c:\\Users\\Annie\\AppData\\Local\\Programs\\Microsoft VS Code\\resources\\app\\out\\bootstrap-fork\" --type=extensionHost --skipWorkspaceStorageLock", "ParentUser": "MSI\\Annie"}}
{"Record": "38", "System": {"EventID": "1", "Version": "5", "Level": "4", "Task": "1", "Opcode": "0", "Keywords": "0x8000000000000000", "TimeCreated": {"SystemTime": "2022-04-20 00:48:01.459923"}, "EventRecordID": "869294", "Correlation": {"ActivityID": "", "RealatedActivityID": ""}, "Execution": {"ProcessID": "5992", "ThreadID": "8020"}, "Channel": "Microsoft-Windows-Sysmon/Operational", "Computer": "MSI", "Security": {"UserID": "S-1-5-18"}}, "Event Data": {"RuleName": "-", "UtcTime": "2022-04-20 00:48:01.459", "ProcessGuid": "{7590a8e8-5841-625f-a36a-000000003600}", "ProcessId": "29824", "Image": "C:\\Program Files\\Git\\cmd\\git.exe", "FileVersion": "-", "Description": "Git for Windows", "Product": "Git", "Company": "The Git Development Community", "OriginalFileName": "git.exe", "CommandLine": "\"C:\\Program Files\\Git\\cmd\\git.exe\" ls-files --stage -- C:\\Users\\Annie\\Desktop\\attackhost_v_1_0_2DEV\\powershell\\command-and-control\\Attack-Script-T1105_12.ps1", "CurrentDirectory": "C:\\Users\\Annie\\Desktop\\attackhost_v_1_0_2DEV\\", "User": "MSI\\Annie", "LogonGuid": "{7590a8e8-5540-625f-cdb4-c80f00000000}", "LogonId": "0x000000000fc8b4cd", "TerminalSessionId": "5", "IntegrityLevel": "High", "Hashes": "MD5=3D4B3E854AC83AA892C3A7824355F814,SHA256=AE463CAD04C2B15FC91DE68AB096933EC08C44752E205AEBD7D64C3A482DF62D,IMPHASH=B5C28AB8B10670F75EB53AFFC23558E6", "ParentProcessGuid": "{7590a8e8-56c2-625f-4a68-000000003600}", "ParentProcessId": "9156", "ParentImage": "C:\\Users\\Annie\\AppData\\Local\\Programs\\Microsoft VS Code\\Code.exe", "ParentCommandLine": "\"C:\\Users\\Annie\\AppData\\Local\\Programs\\Microsoft VS Code\\Code.exe\" --ms-enable-electron-run-as-node --inspect-port=0 \"c:\\Users\\Annie\\AppData\\Local\\Programs\\Microsoft VS Code\\resources\\app\\out\\bootstrap-fork\" --type=extensionHost --skipWorkspaceStorageLock", "ParentUser": "MSI\\Annie"}}
{"Record": "39", "System": {"EventID": "1", "Version": "5", "Level": "4", "Task": "1", "Opcode": "0", "Keywords": "0x8000000000000000", "TimeCreated": {"SystemTime": "2022-04-20 00:48:01.472683"}, "EventRecordID": "869295", "Correlation": {"ActivityID": "", "RealatedActivityID": ""}, "Execution": {"ProcessID": "5992", "ThreadID": "8020"}, "Channel": "Microsoft-Windows-Sysmon/Operational", "Computer": "MSI", "Security": {"UserID": "S-1-5-18"}}, "Event Data": {"RuleName": "-", "UtcTime": "2022-04-20 00:48:01.470", "ProcessGuid": "{7590a8e8-5841-625f-a66a-000000003600}", "ProcessId": "12652", "Image": "C:\\Program Files\\Git\\cmd\\git.exe", "FileVersion": "-", "Description": "Git for Windows", "Product": "Git", "Company": "The Git Development Community", "OriginalFileName": "git.exe", "CommandLine": "\"C:\\Program Files\\Git\\cmd\\git.exe\" -c core.longpaths=true -c core.quotepath=false -c color.ui=false blame --root --incremental -- powershell/command-and-control/Attack-Script-T1105_12.ps1", "CurrentDirectory": "c:\\Users\\Annie\\Desktop\\attackhost_v_1_0_2DEV\\", "User": "MSI\\Annie", "LogonGuid": "{7590a8e8-5540-625f-cdb4-c80f00000000}", "LogonId": "0x000000000fc8b4cd", "TerminalSessionId": "5", "IntegrityLevel": "High", "Hashes": "MD5=3D4B3E854AC83AA892C3A7824355F814,SHA256=AE463CAD04C2B15FC91DE68AB096933EC08C44752E205AEBD7D64C3A482DF62D,IMPHASH=B5C28AB8B10670F75EB53AFFC23558E6", "ParentProcessGuid": "{7590a8e8-56c2-625f-4a68-000000003600}", "ParentProcessId": "9156", "ParentImage": "C:\\Users\\Annie\\AppData\\Local\\Programs\\Microsoft VS Code\\Code.exe", "ParentCommandLine": "\"C:\\Users\\Annie\\AppData\\Local\\Programs\\Microsoft VS Code\\Code.exe\" --ms-enable-electron-run-as-node --inspect-port=0 \"c:\\Users\\Annie\\AppData\\Local\\Programs\\Microsoft VS Code\\resources\\app\\out\\bootstrap-fork\" --type=extensionHost --skipWorkspaceStorageLock", "ParentUser": "MSI\\Annie"}}
{"Record": "40", "System": {"EventID": "1", "Version": "5", "Level": "4", "Task": "1", "Opcode": "0", "Keywords": "0x8000000000000000", "TimeCreated": {"SystemTime": "2022-04-20 00:48:01.510981"}, "EventRecordID": "869296", "Correlation": {"ActivityID": "", "RealatedActivityID": ""}, "Execution": {"ProcessID": "5992", "ThreadID": "8020"}, "Channel": "Microsoft-Windows-Sysmon/Operational", "Computer": "MSI", "Security": {"UserID": "S-1-5-18"}}, "Event Data": {"RuleName": "-", "UtcTime": "2022-04-20 00:48:01.508", "ProcessGuid": "{7590a8e8-5841-625f-a86a-000000003600}", "ProcessId": "30500", "Image": "C:\\Program Files\\Git\\mingw64\\bin\\git.exe", "FileVersion": "-", "Description": "Git for Windows", "Product": "Git", "Company": "The Git Development Community", "OriginalFileName": "git.exe", "CommandLine": "git.exe ls-files --stage -- C:\\Users\\Annie\\Desktop\\attackhost_v_1_0_2DEV\\powershell\\command-and-control\\Attack-Script-T1105_12.ps1", "CurrentDirectory": "C:\\Users\\Annie\\Desktop\\attackhost_v_1_0_2DEV\\", "User": "MSI\\Annie", "LogonGuid": "{7590a8e8-5540-625f-cdb4-c80f00000000}", "LogonId": "0x000000000fc8b4cd", "TerminalSessionId": "5", "IntegrityLevel": "High", "Hashes": "MD5=22C0A120BDA9ACBDDABAAE6924DE4193,SHA256=D8385BFFD3F8967F46DC79AF7155D8847EB09B95C8D97B60AC14E0970AF1B596,IMPHASH=E7CB32FC4DCDC36BEE46960CD7653FF9", "ParentProcessGuid": "{7590a8e8-5841-625f-a36a-000000003600}", "ParentProcessId": "29824", "ParentImage": "C:\\Program Files\\Git\\cmd\\git.exe", "ParentCommandLine": "\"C:\\Program Files\\Git\\cmd\\git.exe\" ls-files --stage -- C:\\Users\\Annie\\Desktop\\attackhost_v_1_0_2DEV\\powershell\\command-and-control\\Attack-Script-T1105_12.ps1", "ParentUser": "MSI\\Annie"}}
{"Record": "41", "System": {"EventID": "1", "Version": "5", "Level": "4", "Task": "1", "Opcode": "0", "Keywords": "0x8000000000000000", "TimeCreated": {"SystemTime": "2022-04-20 00:48:01.513020"}, "EventRecordID": "869297", "Correlation": {"ActivityID": "", "RealatedActivityID": ""}, "Execution": {"ProcessID": "5992", "ThreadID": "8020"}, "Channel": "Microsoft-Windows-Sysmon/Operational", "Computer": "MSI", "Security": {"UserID": "S-1-5-18"}}, "Event Data": {"RuleName": "-", "UtcTime": "2022-04-20 00:48:01.510", "ProcessGuid": "{7590a8e8-5841-625f-a96a-000000003600}", "ProcessId": "11392", "Image": "C:\\Program Files\\Git\\mingw64\\bin\\git.exe", "FileVersion": "-", "Description": "Git for Windows", "Product": "Git", "Company": "The Git Development Community", "OriginalFileName": "git.exe", "CommandLine": "git.exe show --textconv :powershell/command-and-control/Attack-Script-T1105_12.ps1", "CurrentDirectory": "C:\\Users\\Annie\\Desktop\\attackhost_v_1_0_2DEV\\", "User": "MSI\\Annie", "LogonGuid": "{7590a8e8-5540-625f-cdb4-c80f00000000}", "LogonId": "0x000000000fc8b4cd", "TerminalSessionId": "5", "IntegrityLevel": "High", "Hashes": "MD5=22C0A120BDA9ACBDDABAAE6924DE4193,SHA256=D8385BFFD3F8967F46DC79AF7155D8847EB09B95C8D97B60AC14E0970AF1B596,IMPHASH=E7CB32FC4DCDC36BEE46960CD7653FF9", "ParentProcessGuid": "{7590a8e8-5841-625f-a26a-000000003600}", "ParentProcessId": "20040", "ParentImage": "C:\\Program Files\\Git\\cmd\\git.exe", "ParentCommandLine": "\"C:\\Program Files\\Git\\cmd\\git.exe\" show --textconv :powershell/command-and-control/Attack-Script-T1105_12.ps1", "ParentUser": "MSI\\Annie"}}
{"Record": "42", "System": {"EventID": "1", "Version": "5", "Level": "4", "Task": "1", "Opcode": "0", "Keywords": "0x8000000000000000", "TimeCreated": {"SystemTime": "2022-04-20 00:48:01.534447"}, "EventRecordID": "869298", "Correlation": {"ActivityID": "", "RealatedActivityID": ""}, "Execution": {"ProcessID": "5992", "ThreadID": "8020"}, "Channel": "Microsoft-Windows-Sysmon/Operational", "Computer": "MSI", "Security": {"UserID": "S-1-5-18"}}, "Event Data": {"RuleName": "-", "UtcTime": "2022-04-20 00:48:01.532", "ProcessGuid": "{7590a8e8-5841-625f-aa6a-000000003600}", "ProcessId": "23564", "Image": "C:\\Program Files\\Git\\mingw64\\bin\\git.exe", "FileVersion": "-", "Description": "Git for Windows", "Product": "Git", "Company": "The Git Development Community", "OriginalFileName": "git.exe", "CommandLine": "git.exe -c core.longpaths=true -c core.quotepath=false -c color.ui=false blame --root --incremental -- powershell/command-and-control/Attack-Script-T1105_12.ps1", "CurrentDirectory": "c:\\Users\\Annie\\Desktop\\attackhost_v_1_0_2DEV\\", "User": "MSI\\Annie", "LogonGuid": "{7590a8e8-5540-625f-cdb4-c80f00000000}", "LogonId": "0x000000000fc8b4cd", "TerminalSessionId": "5", "IntegrityLevel": "High", "Hashes": "MD5=22C0A120BDA9ACBDDABAAE6924DE4193,SHA256=D8385BFFD3F8967F46DC79AF7155D8847EB09B95C8D97B60AC14E0970AF1B596,IMPHASH=E7CB32FC4DCDC36BEE46960CD7653FF9", "ParentProcessGuid": "{7590a8e8-5841-625f-a66a-000000003600}", "ParentProcessId": "12652", "ParentImage": "C:\\Program Files\\Git\\cmd\\git.exe", "ParentCommandLine": "\"C:\\Program Files\\Git\\cmd\\git.exe\" -c core.longpaths=true -c core.quotepath=false -c color.ui=false blame --root --incremental -- powershell/command-and-control/Attack-Script-T1105_12.ps1", "ParentUser": "MSI\\Annie"}}
{"Record": "43", "System": {"EventID": "1", "Version": "5", "Level": "4", "Task": "1", "Opcode": "0", "Keywords": "0x8000000000000000", "TimeCreated": {"SystemTime": "2022-04-20 00:48:01.545000"}, "EventRecordID": "869299", "Correlation": {"ActivityID": "", "RealatedActivityID": ""}, "Execution": {"ProcessID": "5992", "ThreadID": "8020"}, "Channel": "Microsoft-Windows-Sysmon/Operational", "Computer": "MSI", "Security": {"UserID": "S-1-5-18"}}, "Event Data": {"RuleName": "-", "UtcTime": "2022-04-20 00:48:01.543", "ProcessGuid": "{7590a8e8-5841-625f-ab6a-000000003600}", "ProcessId": "32552", "Image": "C:\\Program Files\\Git\\cmd\\git.exe", "FileVersion": "-", "Description": "Git for Windows", "Product": "Git", "Company": "The Git Development Community", "OriginalFileName": "git.exe", "CommandLine": "\"C:\\Program Files\\Git\\cmd\\git.exe\" cat-file -s 25e77e8c5386c1d929880ac5a2e2f687e20a7e85", "CurrentDirectory": "C:\\Users\\Annie\\Desktop\\attackhost_v_1_0_2DEV\\", "User": "MSI\\Annie", "LogonGuid": "{7590a8e8-5540-625f-cdb4-c80f00000000}", "LogonId": "0x000000000fc8b4cd", "TerminalSessionId": "5", "IntegrityLevel": "High", "Hashes": "MD5=3D4B3E854AC83AA892C3A7824355F814,SHA256=AE463CAD04C2B15FC91DE68AB096933EC08C44752E205AEBD7D64C3A482DF62D,IMPHASH=B5C28AB8B10670F75EB53AFFC23558E6", "ParentProcessGuid": "{7590a8e8-56c2-625f-4a68-000000003600}", "ParentProcessId": "9156", "ParentImage": "C:\\Users\\Annie\\AppData\\Local\\Programs\\Microsoft VS Code\\Code.exe", "ParentCommandLine": "\"C:\\Users\\Annie\\AppData\\Local\\Programs\\Microsoft VS Code\\Code.exe\" --ms-enable-electron-run-as-node --inspect-port=0 \"c:\\Users\\Annie\\AppData\\Local\\Programs\\Microsoft VS Code\\resources\\app\\out\\bootstrap-fork\" --type=extensionHost --skipWorkspaceStorageLock", "ParentUser": "MSI\\Annie"}}
{"Record": "44", "System": {"EventID": "1", "Version": "5", "Level": "4", "Task": "1", "Opcode": "0", "Keywords": "0x8000000000000000", "TimeCreated": {"SystemTime": "2022-04-20 00:48:01.584713"}, "EventRecordID": "869300", "Correlation": {"ActivityID": "", "RealatedActivityID": ""}, "Execution": {"ProcessID": "5992", "ThreadID": "8020"}, "Channel": "Microsoft-Windows-Sysmon/Operational", "Computer": "MSI", "Security": {"UserID": "S-1-5-18"}}, "Event Data": {"RuleName": "-", "UtcTime": "2022-04-20 00:48:01.583", "ProcessGuid": "{7590a8e8-5841-625f-ad6a-000000003600}", "ProcessId": "21964", "Image": "C:\\Program Files\\Git\\mingw64\\bin\\git.exe", "FileVersion": "-", "Description": "Git for Windows", "Product": "Git", "Company": "The Git Development Community", "OriginalFileName": "git.exe", "CommandLine": "git.exe cat-file -s 25e77e8c5386c1d929880ac5a2e2f687e20a7e85", "CurrentDirectory": "C:\\Users\\Annie\\Desktop\\attackhost_v_1_0_2DEV\\", "User": "MSI\\Annie", "LogonGuid": "{7590a8e8-5540-625f-cdb4-c80f00000000}", "LogonId": "0x000000000fc8b4cd", "TerminalSessionId": "5", "IntegrityLevel": "High", "Hashes": "MD5=22C0A120BDA9ACBDDABAAE6924DE4193,SHA256=D8385BFFD3F8967F46DC79AF7155D8847EB09B95C8D97B60AC14E0970AF1B596,IMPHASH=E7CB32FC4DCDC36BEE46960CD7653FF9", "ParentProcessGuid": "{7590a8e8-5841-625f-ab6a-000000003600}", "ParentProcessId": "32552", "ParentImage": "C:\\Program Files\\Git\\cmd\\git.exe", "ParentCommandLine": "\"C:\\Program Files\\Git\\cmd\\git.exe\" cat-file -s 25e77e8c5386c1d929880ac5a2e2f687e20a7e85", "ParentUser": "MSI\\Annie"}}
{"Record": "45", "System": {"EventID": "1", "Version": "5", "Level": "4", "Task": "1", "Opcode": "0", "Keywords": "0x8000000000000000", "TimeCreated": {"SystemTime": "2022-04-20 00:48:02.094107"}, "EventRecordID": "869301", "Correlation": {"ActivityID": "", "RealatedActivityID": ""}, "Execution": {"ProcessID": "5992", "ThreadID": "8020"}, "Channel": "Microsoft-Windows-Sysmon/Operational", "Computer": "MSI", "Security": {"UserID": "S-1-5-18"}}, "Event Data": {"RuleName": "-", "UtcTime": "2022-04-20 00:48:02.091", "ProcessGuid": "{7590a8e8-5842-625f-ae6a-000000003600}", "ProcessId": "19652", "Image": "C:\\Program Files\\Git\\cmd\\git.exe", "FileVersion": "-", "Description": "Git for Windows", "Product": "Git", "Company": "The Git Development Community", "OriginalFileName": "git.exe", "CommandLine": "\"C:\\Program Files\\Git\\cmd\\git.exe\" -c core.longpaths=true -c core.quotepath=false -c color.ui=false -c diff.renameLimit=0 -c log.showSignature=false log --name-status --format=%%x3c%%x2ff%%x3e%%n%%x3cr%%x3e%%x20%%H%%n%%x3ca%%x3e%%x20%%aN%%n%%x3ce%%x3e%%x20%%aE%%n%%x3cd%%x3e%%x20%%at%%n%%x3cn%%x3e%%x20%%cN%%n%%x3cm%%x3e%%x20%%cE%%n%%x3cc%%x3e%%x20%%ct%%n%%x3cp%%x3e%%x20%%P%%n%%x3cs%%x3e%%n%%B%%n%%x3c%%x2fs%%x3e%%n%%x3cf%%x3e --full-history -M -m -n3 4b6c9cde3cf7f5fdd03f5a990bee50d6877b8343 --", "CurrentDirectory": "c:\\Users\\Annie\\Desktop\\attackhost_v_1_0_2DEV\\", "User": "MSI\\Annie", "LogonGuid": "{7590a8e8-5540-625f-cdb4-c80f00000000}", "LogonId": "0x000000000fc8b4cd", "TerminalSessionId": "5", "IntegrityLevel": "High", "Hashes": "MD5=3D4B3E854AC83AA892C3A7824355F814,SHA256=AE463CAD04C2B15FC91DE68AB096933EC08C44752E205AEBD7D64C3A482DF62D,IMPHASH=B5C28AB8B10670F75EB53AFFC23558E6", "ParentProcessGuid": "{7590a8e8-56c2-625f-4a68-000000003600}", "ParentProcessId": "9156", "ParentImage": "C:\\Users\\Annie\\AppData\\Local\\Programs\\Microsoft VS Code\\Code.exe", "ParentCommandLine": "\"C:\\Users\\Annie\\AppData\\Local\\Programs\\Microsoft VS Code\\Code.exe\" --ms-enable-electron-run-as-node --inspect-port=0 \"c:\\Users\\Annie\\AppData\\Local\\Programs\\Microsoft VS Code\\resources\\app\\out\\bootstrap-fork\" --type=extensionHost --skipWorkspaceStorageLock", "ParentUser": "MSI\\Annie"}}
{"Record": "46", "System": {"EventID": "1", "Version": "5", "Level": "4", "Task": "1", "Opcode": "0", "Keywords": "0x8000000000000000", "TimeCreated": {"SystemTime": "2022-04-20 00:48:02.100897"}, "EventRecordID": "869302", "Correlation": {"ActivityID": "", "RealatedActivityID": ""}, "Execution": {"ProcessID": "5992", "ThreadID": "8020"}, "Channel": "Microsoft-Windows-Sysmon/Operational", "Computer": "MSI", "Security": {"UserID": "S-1-5-18"}}, "Event Data": {"RuleName": "-", "UtcTime": "2022-04-20 00:48:02.097", "ProcessGuid": "{7590a8e8-5842-625f-b06a-000000003600}", "ProcessId": "21640", "Image": "C:\\Program Files\\Git\\cmd\\git.exe", "FileVersion": "-", "Description": "Git for Windows", "Product": "Git", "Company": "The Git Development Community", "OriginalFileName": "git.exe", "CommandLine": "\"C:\\Program Files\\Git\\cmd\\git.exe\" -c core.longpaths=true -c core.quotepath=false -c color.ui=false rev-parse --verify --end-of-options 4b6c9cde3cf7f5fdd03f5a990bee50d6877b8343^:./powershell/command-and-control/Attack-Script-T1105_12.ps1", "CurrentDirectory": "c:\\Users\\Annie\\Desktop\\attackhost_v_1_0_2DEV\\", "User": "MSI\\Annie", "LogonGuid": "{7590a8e8-5540-625f-cdb4-c80f00000000}", "LogonId": "0x000000000fc8b4cd", "TerminalSessionId": "5", "IntegrityLevel": "High", "Hashes": "MD5=3D4B3E854AC83AA892C3A7824355F814,SHA256=AE463CAD04C2B15FC91DE68AB096933EC08C44752E205AEBD7D64C3A482DF62D,IMPHASH=B5C28AB8B10670F75EB53AFFC23558E6", "ParentProcessGuid": "{7590a8e8-56c2-625f-4a68-000000003600}", "ParentProcessId": "9156", "ParentImage": "C:\\Users\\Annie\\AppData\\Local\\Programs\\Microsoft VS Code\\Code.exe", "ParentCommandLine": "\"C:\\Users\\Annie\\AppData\\Local\\Programs\\Microsoft VS Code\\Code.exe\" --ms-enable-electron-run-as-node --inspect-port=0 \"c:\\Users\\Annie\\AppData\\Local\\Programs\\Microsoft VS Code\\resources\\app\\out\\bootstrap-fork\" --type=extensionHost --skipWorkspaceStorageLock", "ParentUser": "MSI\\Annie"}}
{"Record": "47", "System": {"EventID": "1", "Version": "5", "Level": "4", "Task": "1", "Opcode": "0", "Keywords": "0x8000000000000000", "TimeCreated": {"SystemTime": "2022-04-20 00:48:02.158188"}, "EventRecordID": "869303", "Correlation": {"ActivityID": "", "RealatedActivityID": ""}, "Execution": {"ProcessID": "5992", "ThreadID": "8020"}, "Channel": "Microsoft-Windows-Sysmon/Operational", "Computer": "MSI", "Security": {"UserID": "S-1-5-18"}}, "Event Data": {"RuleName": "-", "UtcTime": "2022-04-20 00:48:02.155", "ProcessGuid": "{7590a8e8-5842-625f-b26a-000000003600}", "ProcessId": "19780", "Image": "C:\\Program Files\\Git\\mingw64\\bin\\git.exe", "FileVersion": "-", "Description": "Git for Windows", "Product": "Git", "Company": "The Git Development Community", "OriginalFileName": "git.exe", "CommandLine": "git.exe -c core.longpaths=true -c core.quotepath=false -c color.ui=false -c diff.renameLimit=0 -c log.showSignature=false log --name-status --format=%%x3c%%x2ff%%x3e%%n%%x3cr%%x3e%%x20%%H%%n%%x3ca%%x3e%%x20%%aN%%n%%x3ce%%x3e%%x20%%aE%%n%%x3cd%%x3e%%x20%%at%%n%%x3cn%%x3e%%x20%%cN%%n%%x3cm%%x3e%%x20%%cE%%n%%x3cc%%x3e%%x20%%ct%%n%%x3cp%%x3e%%x20%%P%%n%%x3cs%%x3e%%n%%B%%n%%x3c%%x2fs%%x3e%%n%%x3cf%%x3e --full-history -M -m -n3 4b6c9cde3cf7f5fdd03f5a990bee50d6877b8343 --", "CurrentDirectory": "c:\\Users\\Annie\\Desktop\\attackhost_v_1_0_2DEV\\", "User": "MSI\\Annie", "LogonGuid": "{7590a8e8-5540-625f-cdb4-c80f00000000}", "LogonId": "0x000000000fc8b4cd", "TerminalSessionId": "5", "IntegrityLevel": "High", "Hashes": "MD5=22C0A120BDA9ACBDDABAAE6924DE4193,SHA256=D8385BFFD3F8967F46DC79AF7155D8847EB09B95C8D97B60AC14E0970AF1B596,IMPHASH=E7CB32FC4DCDC36BEE46960CD7653FF9", "ParentProcessGuid": "{7590a8e8-5842-625f-ae6a-000000003600}", "ParentProcessId": "19652", "ParentImage": "C:\\Program Files\\Git\\cmd\\git.exe", "ParentCommandLine": "\"C:\\Program Files\\Git\\cmd\\git.exe\" -c core.longpaths=true -c core.quotepath=false -c color.ui=false -c diff.renameLimit=0 -c log.showSignature=false log --name-status --format=%x3c%x2ff%x3e%n%x3cr%x3e%x20%H%n%x3ca%x3e%x20%aN%n%x3ce%x3e%x20%aE%n%x3cd%x3e%x20%at%n%x3cn%x3e%x20%cN%n%x3cm%x3e%x20%cE%n%x3cc%x3e%x20%ct%n%x3cp%x3e%x20%P%n%x3cs%x3e%n%B%n%x3c%x2fs%x3e%n%x3cf%x3e --full-history -M -m -n3 4b6c9cde3cf7f5fdd03f5a990bee50d6877b8343 --", "ParentUser": "MSI\\Annie"}}
{"Record": "48", "System": {"EventID": "1", "Version": "5", "Level": "4", "Task": "1", "Opcode": "0", "Keywords": "0x8000000000000000", "TimeCreated": {"SystemTime": "2022-04-20 00:48:02.165319"}, "EventRecordID": "869304", "Correlation": {"ActivityID": "", "RealatedActivityID": ""}, "Execution": {"ProcessID": "5992", "ThreadID": "8020"}, "Channel": "Microsoft-Windows-Sysmon/Operational", "Computer": "MSI", "Security": {"UserID": "S-1-5-18"}}, "Event Data": {"RuleName": "-", "UtcTime": "2022-04-20 00:48:02.162", "ProcessGuid": "{7590a8e8-5842-625f-b36a-000000003600}", "ProcessId": "10744", "Image": "C:\\Program Files\\Git\\mingw64\\bin\\git.exe", "FileVersion": "-", "Description": "Git for Windows", "Product": "Git", "Company": "The Git Development Community", "OriginalFileName": "git.exe", "CommandLine": "git.exe -c core.longpaths=true -c core.quotepath=false -c color.ui=false rev-parse --verify --end-of-options 4b6c9cde3cf7f5fdd03f5a990bee50d6877b8343^:./powershell/command-and-control/Attack-Script-T1105_12.ps1", "CurrentDirectory": "c:\\Users\\Annie\\Desktop\\attackhost_v_1_0_2DEV\\", "User": "MSI\\Annie", "LogonGuid": "{7590a8e8-5540-625f-cdb4-c80f00000000}", "LogonId": "0x000000000fc8b4cd", "TerminalSessionId": "5", "IntegrityLevel": "High", "Hashes": "MD5=22C0A120BDA9ACBDDABAAE6924DE4193,SHA256=D8385BFFD3F8967F46DC79AF7155D8847EB09B95C8D97B60AC14E0970AF1B596,IMPHASH=E7CB32FC4DCDC36BEE46960CD7653FF9", "ParentProcessGuid": "{7590a8e8-5842-625f-b06a-000000003600}", "ParentProcessId": "21640", "ParentImage": "C:\\Program Files\\Git\\cmd\\git.exe", "ParentCommandLine": "\"C:\\Program Files\\Git\\cmd\\git.exe\" -c core.longpaths=true -c core.quotepath=false -c color.ui=false rev-parse --verify --end-of-options 4b6c9cde3cf7f5fdd03f5a990bee50d6877b8343^:./powershell/command-and-control/Attack-Script-T1105_12.ps1", "ParentUser": "MSI\\Annie"}}
{"Record": "49", "System": {"EventID": "3", "Version": "5", "Level": "4", "Task": "3", "Opcode": "0", "Keywords": "0x8000000000000000", "TimeCreated": {"SystemTime": "2022-04-20 00:48:18.202063"}, "EventRecordID": "869305", "Correlation": {"ActivityID": "", "RealatedActivityID": ""}, "Execution": {"ProcessID": "5992", "ThreadID": "8060"}, "Channel": "Microsoft-Windows-Sysmon/Operational", "Computer": "MSI", "Security": {"UserID": "S-1-5-18"}}, "Event Data": {"RuleName": "Usermode", "UtcTime": "2022-04-20 00:50:20.874", "ProcessGuid": "{7590a8e8-56c2-625f-4b68-000000003600}", "ProcessId": "14332", "Image": "C:\\Users\\Annie\\AppData\\Local\\Programs\\Microsoft VS Code\\Code.exe", "User": "MSI\\Annie", "Protocol": "tcp", "Initiated": "True", "SourceIsIpv6": "False", "SourceIp": "192.168.1.2", "SourceHostname": "MSI.lan", "SourcePort": "56128", "SourcePortName": "-", "DestinationIsIpv6": "False", "DestinationIp": "20.50.201.195", "DestinationHostname": "-", "DestinationPort": "443", "DestinationPortName": "https"}}
