{"Record": "1", "System": {"EventID": "22", "Version": "5", "Level": "4", "Task": "22", "Opcode": "0", "Keywords": "0x8000000000000000", "TimeCreated": {"SystemTime": "2022-04-20 04:48:27.855429"}, "EventRecordID": "876336", "Correlation": {"ActivityID": "", "RealatedActivityID": ""}, "Execution": {"ProcessID": "5992", "ThreadID": "8084"}, "Channel": "Microsoft-Windows-Sysmon/Operational", "Computer": "MSI", "Security": {"UserID": "S-1-5-18"}}, "Event Data": {"RuleName": "-", "UtcTime": "2022-04-20 04:50:36.593", "ProcessGuid": "{7590a8e8-5a72-625f-a56b-000000003600}", "ProcessId": "1424", "QueryName": "2022-04-20 04:50:36.593", "QueryStatus": "{7590a8e8-5a72-625f-a56b-000000003600}", "QueryResults": "1424", "Image": "C:\\Program Files\\Google\\Chrome\\Application\\chrome.exe", "User": "MSI\\Annie"}}
{"Record": "2", "System": {"EventID": "1", "Version": "5", "Level": "4", "Task": "1", "Opcode": "0", "Keywords": "0x8000000000000000", "TimeCreated": {"SystemTime": "2022-04-20 04:48:49.642864"}, "EventRecordID": "876337", "Correlation": {"ActivityID": "", "RealatedActivityID": ""}, "Execution": {"ProcessID": "5992", "ThreadID": "8020"}, "Channel": "Microsoft-Windows-Sysmon/Operational", "Computer": "MSI", "Security": {"UserID": "S-1-5-18"}}, "Event Data": {"RuleName": "-", "UtcTime": "2022-04-20 04:48:49.639", "ProcessGuid": "{7590a8e8-90b1-625f-4487-000000003600}", "ProcessId": "26236", "Image": "C:\\Windows\\System32\\WindowsPowerShell\\v1.0\\powershell.exe", "FileVersion": "10.0.19041.546 (WinBuild.160101.0800)", "Description": "Windows PowerShell", "Product": "Microsoft&#174; Windows&#174; Operating System", "Company": "Microsoft Corporation", "OriginalFileName": "PowerShell.EXE", "CommandLine": "powershell.exe \"C:\\Users\\Annie\\Desktop\\attackhost_v_1_0_2DEV\\powershell\\defense-evasion\\Attack-Script-T1112_1.ps1 C:\\Users\\Annie\\Desktop\\attackhost_v_1_0_2DEV\\data\\output\\AttackResults\\Attack-T1112_1-1.out\"", "CurrentDirectory": "C:\\Users\\Annie\\Desktop\\attackhost_v_1_0_2DEV\\", "User": "MSI\\Annie", "LogonGuid": "{7590a8e8-5540-625f-cdb4-c80f00000000}", "LogonId": "0x000000000fc8b4cd", "TerminalSessionId": "5", "IntegrityLevel": "High", "Hashes": "MD5=04029E121A0CFA5991749937DD22A1D9,SHA256=9F914D42706FE215501044ACD85A32D58AAEF1419D404FDDFA5D3B48F66CCD9F,IMPHASH=7C955A0ABC747F57CCC4324480737EF7", "ParentProcessGuid": "{7590a8e8-8e7c-625f-a886-000000003600}", "ParentProcessId": "33656", "ParentImage": "C:\\Users\\Annie\\anaconda3\\python.exe", "ParentCommandLine": "C:\\Users\\Annie\\anaconda3\\python.exe c:\\Users\\Annie\\Desktop\\attackhost_v_1_0_2DEV\\app.py", "ParentUser": "MSI\\Annie"}}
{"Record": "3", "System": {"EventID": "11", "Version": "2", "Level": "4", "Task": "11", "Opcode": "0", "Keywords": "0x8000000000000000", "TimeCreated": {"SystemTime": "2022-04-20 04:48:49.710562"}, "EventRecordID": "876338", "Correlation": {"ActivityID": "", "RealatedActivityID": ""}, "Execution": {"ProcessID": "5992", "ThreadID": "8020"}, "Channel": "Microsoft-Windows-Sysmon/Operational", "Computer": "MSI", "Security": {"UserID": "S-1-5-18"}}, "Event Data": {"RuleName": "-", "UtcTime": "2022-04-20 04:48:49.710", "ProcessGuid": "{7590a8e8-90b1-625f-4487-000000003600}", "ProcessId": "26236", "Image": "C:\\Windows\\System32\\WindowsPowerShell\\v1.0\\powershell.exe", "TargetFilename": "C:\\Users\\Annie\\AppData\\Local\\Temp\\__PSScriptPolicyTest_pj1seynh.1vv.ps1", "CreationUtcTime": "2022-04-20 04:48:49.710", "User": "MSI\\Annie"}}
{"Record": "4", "System": {"EventID": "1", "Version": "5", "Level": "4", "Task": "1", "Opcode": "0", "Keywords": "0x8000000000000000", "TimeCreated": {"SystemTime": "2022-04-20 04:48:49.958273"}, "EventRecordID": "876339", "Correlation": {"ActivityID": "", "RealatedActivityID": ""}, "Execution": {"ProcessID": "5992", "ThreadID": "8020"}, "Channel": "Microsoft-Windows-Sysmon/Operational", "Computer": "MSI", "Security": {"UserID": "S-1-5-18"}}, "Event Data": {"RuleName": "-", "UtcTime": "2022-04-20 04:48:49.956", "ProcessGuid": "{7590a8e8-90b1-625f-4587-000000003600}", "ProcessId": "32808", "Image": "C:\\Windows\\System32\\cmd.exe", "FileVersion": "10.0.19041.746 (WinBuild.160101.0800)", "Description": "Windows Command Processor", "Product": "Microsoft&#174; Windows&#174; Operating System", "Company": "Microsoft Corporation", "OriginalFileName": "Cmd.Exe", "CommandLine": "\"C:\\Windows\\system32\\cmd.exe\" /c \"reg add HKEY_CURRENT_USER\\Software\\Microsoft\\Windows\\CurrentVersion\\Explorer\\Advanced /t REG_DWORD /v HideFileExt /d 1 /f\"", "CurrentDirectory": "C:\\Users\\Annie\\Desktop\\attackhost_v_1_0_2DEV\\", "User": "MSI\\Annie", "LogonGuid": "{7590a8e8-5540-625f-cdb4-c80f00000000}", "LogonId": "0x000000000fc8b4cd", "TerminalSessionId": "5", "IntegrityLevel": "High", "Hashes": "MD5=8A2122E8162DBEF04694B9C3E0B6CDEE,SHA256=B99D61D874728EDC0918CA0EB10EAB93D381E7367E377406E65963366C874450,IMPHASH=272245E2988E1E430500B852C4FB5E18", "ParentProcessGuid": "{7590a8e8-90b1-625f-4487-000000003600}", "ParentProcessId": "26236", "ParentImage": "C:\\Windows\\System32\\WindowsPowerShell\\v1.0\\powershell.exe", "ParentCommandLine": "powershell.exe \"C:\\Users\\Annie\\Desktop\\attackhost_v_1_0_2DEV\\powershell\\defense-evasion\\Attack-Script-T1112_1.ps1 C:\\Users\\Annie\\Desktop\\attackhost_v_1_0_2DEV\\data\\output\\AttackResults\\Attack-T1112_1-1.out\"", "ParentUser": "MSI\\Annie"}}
{"Record": "5", "System": {"EventID": "1", "Version": "5", "Level": "4", "Task": "1", "Opcode": "0", "Keywords": "0x8000000000000000", "TimeCreated": {"SystemTime": "2022-04-20 04:48:49.969934"}, "EventRecordID": "876340", "Correlation": {"ActivityID": "", "RealatedActivityID": ""}, "Execution": {"ProcessID": "5992", "ThreadID": "8020"}, "Channel": "Microsoft-Windows-Sysmon/Operational", "Computer": "MSI", "Security": {"UserID": "S-1-5-18"}}, "Event Data": {"RuleName": "-", "UtcTime": "2022-04-20 04:48:49.968", "ProcessGuid": "{7590a8e8-90b1-625f-4687-000000003600}", "ProcessId": "29344", "Image": "C:\\Windows\\System32\\reg.exe", "FileVersion": "10.0.19041.1 (WinBuild.160101.0800)", "Description": "Registry Console Tool", "Product": "Microsoft&#174; Windows&#174; Operating System", "Company": "Microsoft Corporation", "OriginalFileName": "reg.exe", "CommandLine": "reg  add HKEY_CURRENT_USER\\Software\\Microsoft\\Windows\\CurrentVersion\\Explorer\\Advanced /t REG_DWORD /v HideFileExt /d 1 /f", "CurrentDirectory": "C:\\Users\\Annie\\Desktop\\attackhost_v_1_0_2DEV\\", "User": "MSI\\Annie", "LogonGuid": "{7590a8e8-5540-625f-cdb4-c80f00000000}", "LogonId": "0x000000000fc8b4cd", "TerminalSessionId": "5", "IntegrityLevel": "High", "Hashes": "MD5=227F63E1D9008B36BDBCC4B397780BE4,SHA256=C0E25B1F9B22DE445298C1E96DDFCEAD265CA030FA6626F61A4A4786CC4A3B7D,IMPHASH=BE482BE427FE212CFEF2CDA0E61F19AC", "ParentProcessGuid": "{7590a8e8-90b1-625f-4587-000000003600}", "ParentProcessId": "32808", "ParentImage": "C:\\Windows\\System32\\cmd.exe", "ParentCommandLine": "\"C:\\Windows\\system32\\cmd.exe\" /c \"reg add HKEY_CURRENT_USER\\Software\\Microsoft\\Windows\\CurrentVersion\\Explorer\\Advanced /t REG_DWORD /v HideFileExt /d 1 /f\"", "ParentUser": "MSI\\Annie"}}
{"Record": "6", "System": {"EventID": "13", "Version": "2", "Level": "4", "Task": "13", "Opcode": "0", "Keywords": "0x8000000000000000", "TimeCreated": {"SystemTime": "2022-04-20 04:48:49.976370"}, "EventRecordID": "876341", "Correlation": {"ActivityID": "", "RealatedActivityID": ""}, "Execution": {"ProcessID": "5992", "ThreadID": "8020"}, "Channel": "Microsoft-Windows-Sysmon/Operational", "Computer": "MSI", "Security": {"UserID": "S-1-5-18"}}, "Event Data": {"RuleName": "T1158", "EventType": "SetValue", "UtcTime": "2022-04-20 04:48:49.976", "ProcessGuid": "{7590a8e8-90b1-625f-4687-000000003600}", "ProcessId": "29344", "Image": "C:\\Windows\\system32\\reg.exe", "TargetObject": "HKU\\S-1-5-21-1171994212-2127204841-3399983368-1001\\SOFTWARE\\Microsoft\\Windows\\CurrentVersion\\Explorer\\Advanced\\HideFileExt", "Details": "DWORD (0x00000001)", "User": "MSI\\Annie"}}
