{"Record": "1", "System": {"EventID": "1", "Version": "5", "Level": "4", "Task": "1", "Opcode": "0", "Keywords": "0x8000000000000000", "TimeCreated": {"SystemTime": "2022-04-20 04:56:31.020386"}, "EventRecordID": "876489", "Correlation": {"ActivityID": "", "RealatedActivityID": ""}, "Execution": {"ProcessID": "5992", "ThreadID": "8020"}, "Channel": "Microsoft-Windows-Sysmon/Operational", "Computer": "MSI", "Security": {"UserID": "S-1-5-18"}}, "Event Data": {"RuleName": "-", "UtcTime": "2022-04-20 04:56:31.019", "ProcessGuid": "{7590a8e8-927f-625f-0488-000000003600}", "ProcessId": "21616", "Image": "C:\\Windows\\System32\\taskhostw.exe", "FileVersion": "10.0.19041.1503 (WinBuild.160101.0800)", "Description": "Host Process for Windows Tasks", "Product": "Microsoft&#174; Windows&#174; Operating System", "Company": "Microsoft Corporation", "OriginalFileName": "taskhostw.exe", "CommandLine": "taskhostw.exe Install $(Arg0)", "CurrentDirectory": "C:\\Windows\\system32\\", "User": "MSI\\Annie", "LogonGuid": "{7590a8e8-5540-625f-79b5-c80f00000000}", "LogonId": "0x000000000fc8b579", "TerminalSessionId": "5", "IntegrityLevel": "Medium", "Hashes": "MD5=5CFC093FCEA45CF8978D2304B6063C91,SHA256=F1E8525FE2FBFF523B2E56472231D4AC9AA102BA614694213E59B5EB2590CC15,IMPHASH=3A0C6863CDE566AF997DB2DEFFF9D924", "ParentProcessGuid": "{7590a8e8-8a52-625b-2100-000000003600}", "ParentProcessId": "2044", "ParentImage": "C:\\Windows\\System32\\svchost.exe", "ParentCommandLine": "C:\\Windows\\system32\\svchost.exe -k netsvcs -p -s Schedule", "ParentUser": "NT AUTHORITY\\SYSTEM"}}
{"Record": "2", "System": {"EventID": "1", "Version": "5", "Level": "4", "Task": "1", "Opcode": "0", "Keywords": "0x8000000000000000", "TimeCreated": {"SystemTime": "2022-04-20 04:56:31.045496"}, "EventRecordID": "876490", "Correlation": {"ActivityID": "", "RealatedActivityID": ""}, "Execution": {"ProcessID": "5992", "ThreadID": "8020"}, "Channel": "Microsoft-Windows-Sysmon/Operational", "Computer": "MSI", "Security": {"UserID": "S-1-5-18"}}, "Event Data": {"RuleName": "-", "UtcTime": "2022-04-20 04:56:31.043", "ProcessGuid": "{7590a8e8-927f-625f-0588-000000003600}", "ProcessId": "10020", "Image": "C:\\Windows\\servicing\\TrustedInstaller.exe", "FileVersion": "10.0.19041.1566 (WinBuild.160101.0800)", "Description": "Windows Modules Installer", "Product": "Microsoft&#174; Windows&#174; Operating System", "Company": "Microsoft Corporation", "OriginalFileName": "TrustedInstaller.exe", "CommandLine": "C:\\Windows\\servicing\\TrustedInstaller.exe", "CurrentDirectory": "C:\\Windows\\system32\\", "User": "NT AUTHORITY\\SYSTEM", "LogonGuid": "{7590a8e8-8a52-625b-e703-000000000000}", "LogonId": "0x00000000000003e7", "TerminalSessionId": "0", "IntegrityLevel": "System", "Hashes": "MD5=8139E510C272F2A86EE3815C618B80DC,SHA256=983BF0D8B16D4729779812F88AA854AA4B27E2097304E9022A2F031EAB088D11,IMPHASH=3D7CFD2D98D9502AE326C803141EB885", "ParentProcessGuid": "{7590a8e8-8a52-625b-0b00-000000003600}", "ParentProcessId": "880", "ParentImage": "C:\\Windows\\System32\\services.exe", "ParentCommandLine": "C:\\Windows\\system32\\services.exe", "ParentUser": "NT AUTHORITY\\SYSTEM"}}
{"Record": "3", "System": {"EventID": "1", "Version": "5", "Level": "4", "Task": "1", "Opcode": "0", "Keywords": "0x8000000000000000", "TimeCreated": {"SystemTime": "2022-04-20 04:56:31.070955"}, "EventRecordID": "876491", "Correlation": {"ActivityID": "", "RealatedActivityID": ""}, "Execution": {"ProcessID": "5992", "ThreadID": "8020"}, "Channel": "Microsoft-Windows-Sysmon/Operational", "Computer": "MSI", "Security": {"UserID": "S-1-5-18"}}, "Event Data": {"RuleName": "-", "UtcTime": "2022-04-20 04:56:31.067", "ProcessGuid": "{7590a8e8-927f-625f-0688-000000003600}", "ProcessId": "30204", "Image": "C:\\Windows\\WinSxS\\amd64_microsoft-windows-servicingstack_31bf3856ad364e35_10.0.19041.1613_none_7df538047ca074bb\\TiWorker.exe", "FileVersion": "10.0.19041.1613 (WinBuild.160101.0800)", "Description": "Windows Modules Installer Worker", "Product": "Microsoft&#174; Windows&#174; Operating System", "Company": "Microsoft Corporation", "OriginalFileName": "TiWorker.exe", "CommandLine": "C:\\Windows\\winsxs\\amd64_microsoft-windows-servicingstack_31bf3856ad364e35_10.0.19041.1613_none_7df538047ca074bb\\TiWorker.exe -Embedding", "CurrentDirectory": "C:\\Windows\\system32\\", "User": "NT AUTHORITY\\SYSTEM", "LogonGuid": "{7590a8e8-8a52-625b-e703-000000000000}", "LogonId": "0x00000000000003e7", "TerminalSessionId": "0", "IntegrityLevel": "System", "Hashes": "MD5=47FC0F9DD477E952978C16C7CEBF71C6,SHA256=389B97813D8EB75F70C9FF7287CE730ED2CA80061C45D1FF68D3DBEAC7E54443,IMPHASH=19197046B87EADE5256133B37DE63C35", "ParentProcessGuid": "{7590a8e8-8a52-625b-0e00-000000003600}", "ParentProcessId": "1156", "ParentImage": "C:\\Windows\\System32\\svchost.exe", "ParentCommandLine": "C:\\Windows\\system32\\svchost.exe -k DcomLaunch -p", "ParentUser": "NT AUTHORITY\\SYSTEM"}}
{"Record": "4", "System": {"EventID": "1", "Version": "5", "Level": "4", "Task": "1", "Opcode": "0", "Keywords": "0x8000000000000000", "TimeCreated": {"SystemTime": "2022-04-20 04:56:44.490063"}, "EventRecordID": "876492", "Correlation": {"ActivityID": "", "RealatedActivityID": ""}, "Execution": {"ProcessID": "5992", "ThreadID": "8020"}, "Channel": "Microsoft-Windows-Sysmon/Operational", "Computer": "MSI", "Security": {"UserID": "S-1-5-18"}}, "Event Data": {"RuleName": "-", "UtcTime": "2022-04-20 04:56:44.488", "ProcessGuid": "{7590a8e8-928c-625f-0888-000000003600}", "ProcessId": "15032", "Image": "C:\\Windows\\System32\\WindowsPowerShell\\v1.0\\powershell.exe", "FileVersion": "10.0.19041.546 (WinBuild.160101.0800)", "Description": "Windows PowerShell", "Product": "Microsoft&#174; Windows&#174; Operating System", "Company": "Microsoft Corporation", "OriginalFileName": "PowerShell.EXE", "CommandLine": "powershell.exe \"C:\\Users\\Annie\\Desktop\\attackhost_v_1_0_2DEV\\powershell\\defense-evasion\\Attack-Script-T1112_14.ps1 C:\\Users\\Annie\\Desktop\\attackhost_v_1_0_2DEV\\data\\output\\AttackResults\\Attack-T1112_14-1.out\"", "CurrentDirectory": "C:\\Users\\Annie\\Desktop\\attackhost_v_1_0_2DEV\\", "User": "MSI\\Annie", "LogonGuid": "{7590a8e8-5540-625f-cdb4-c80f00000000}", "LogonId": "0x000000000fc8b4cd", "TerminalSessionId": "5", "IntegrityLevel": "High", "Hashes": "MD5=04029E121A0CFA5991749937DD22A1D9,SHA256=9F914D42706FE215501044ACD85A32D58AAEF1419D404FDDFA5D3B48F66CCD9F,IMPHASH=7C955A0ABC747F57CCC4324480737EF7", "ParentProcessGuid": "{7590a8e8-8e7c-625f-a886-000000003600}", "ParentProcessId": "33656", "ParentImage": "C:\\Users\\Annie\\anaconda3\\python.exe", "ParentCommandLine": "C:\\Users\\Annie\\anaconda3\\python.exe c:\\Users\\Annie\\Desktop\\attackhost_v_1_0_2DEV\\app.py", "ParentUser": "MSI\\Annie"}}
{"Record": "5", "System": {"EventID": "11", "Version": "2", "Level": "4", "Task": "11", "Opcode": "0", "Keywords": "0x8000000000000000", "TimeCreated": {"SystemTime": "2022-04-20 04:56:44.551262"}, "EventRecordID": "876493", "Correlation": {"ActivityID": "", "RealatedActivityID": ""}, "Execution": {"ProcessID": "5992", "ThreadID": "8020"}, "Channel": "Microsoft-Windows-Sysmon/Operational", "Computer": "MSI", "Security": {"UserID": "S-1-5-18"}}, "Event Data": {"RuleName": "-", "UtcTime": "2022-04-20 04:56:44.550", "ProcessGuid": "{7590a8e8-928c-625f-0888-000000003600}", "ProcessId": "15032", "Image": "C:\\Windows\\System32\\WindowsPowerShell\\v1.0\\powershell.exe", "TargetFilename": "C:\\Users\\Annie\\AppData\\Local\\Temp\\__PSScriptPolicyTest_gvig02bx.nit.ps1", "CreationUtcTime": "2022-04-20 04:56:44.550", "User": "MSI\\Annie"}}
{"Record": "6", "System": {"EventID": "1", "Version": "5", "Level": "4", "Task": "1", "Opcode": "0", "Keywords": "0x8000000000000000", "TimeCreated": {"SystemTime": "2022-04-20 04:56:44.781143"}, "EventRecordID": "876494", "Correlation": {"ActivityID": "", "RealatedActivityID": ""}, "Execution": {"ProcessID": "5992", "ThreadID": "8020"}, "Channel": "Microsoft-Windows-Sysmon/Operational", "Computer": "MSI", "Security": {"UserID": "S-1-5-18"}}, "Event Data": {"RuleName": "-", "UtcTime": "2022-04-20 04:56:44.779", "ProcessGuid": "{7590a8e8-928c-625f-0988-000000003600}", "ProcessId": "32372", "Image": "C:\\Windows\\System32\\cmd.exe", "FileVersion": "10.0.19041.746 (WinBuild.160101.0800)", "Description": "Windows Command Processor", "Product": "Microsoft&#174; Windows&#174; Operating System", "Company": "Microsoft Corporation", "OriginalFileName": "Cmd.Exe", "CommandLine": "\"C:\\Windows\\system32\\cmd.exe\" /c \"reg add \"HKEY_CURRENT_USER\\Software\\Microsoft\\Windows\\CurrentVersion\\Policies\\Explorer\" /v NoLogOff /t REG_DWORD /d 1 /f\"", "CurrentDirectory": "C:\\Users\\Annie\\Desktop\\attackhost_v_1_0_2DEV\\", "User": "MSI\\Annie", "LogonGuid": "{7590a8e8-5540-625f-cdb4-c80f00000000}", "LogonId": "0x000000000fc8b4cd", "TerminalSessionId": "5", "IntegrityLevel": "High", "Hashes": "MD5=8A2122E8162DBEF04694B9C3E0B6CDEE,SHA256=B99D61D874728EDC0918CA0EB10EAB93D381E7367E377406E65963366C874450,IMPHASH=272245E2988E1E430500B852C4FB5E18", "ParentProcessGuid": "{7590a8e8-928c-625f-0888-000000003600}", "ParentProcessId": "15032", "ParentImage": "C:\\Windows\\System32\\WindowsPowerShell\\v1.0\\powershell.exe", "ParentCommandLine": "powershell.exe \"C:\\Users\\Annie\\Desktop\\attackhost_v_1_0_2DEV\\powershell\\defense-evasion\\Attack-Script-T1112_14.ps1 C:\\Users\\Annie\\Desktop\\attackhost_v_1_0_2DEV\\data\\output\\AttackResults\\Attack-T1112_14-1.out\"", "ParentUser": "MSI\\Annie"}}
{"Record": "7", "System": {"EventID": "1", "Version": "5", "Level": "4", "Task": "1", "Opcode": "0", "Keywords": "0x8000000000000000", "TimeCreated": {"SystemTime": "2022-04-20 04:56:44.790800"}, "EventRecordID": "876495", "Correlation": {"ActivityID": "", "RealatedActivityID": ""}, "Execution": {"ProcessID": "5992", "ThreadID": "8020"}, "Channel": "Microsoft-Windows-Sysmon/Operational", "Computer": "MSI", "Security": {"UserID": "S-1-5-18"}}, "Event Data": {"RuleName": "-", "UtcTime": "2022-04-20 04:56:44.789", "ProcessGuid": "{7590a8e8-928c-625f-0a88-000000003600}", "ProcessId": "6848", "Image": "C:\\Windows\\System32\\reg.exe", "FileVersion": "10.0.19041.1 (WinBuild.160101.0800)", "Description": "Registry Console Tool", "Product": "Microsoft&#174; Windows&#174; Operating System", "Company": "Microsoft Corporation", "OriginalFileName": "reg.exe", "CommandLine": "reg  add \"HKEY_CURRENT_USER\\Software\\Microsoft\\Windows\\CurrentVersion\\Policies\\Explorer\" /v NoLogOff /t REG_DWORD /d 1 /f", "CurrentDirectory": "C:\\Users\\Annie\\Desktop\\attackhost_v_1_0_2DEV\\", "User": "MSI\\Annie", "LogonGuid": "{7590a8e8-5540-625f-cdb4-c80f00000000}", "LogonId": "0x000000000fc8b4cd", "TerminalSessionId": "5", "IntegrityLevel": "High", "Hashes": "MD5=227F63E1D9008B36BDBCC4B397780BE4,SHA256=C0E25B1F9B22DE445298C1E96DDFCEAD265CA030FA6626F61A4A4786CC4A3B7D,IMPHASH=BE482BE427FE212CFEF2CDA0E61F19AC", "ParentProcessGuid": "{7590a8e8-928c-625f-0988-000000003600}", "ParentProcessId": "32372", "ParentImage": "C:\\Windows\\System32\\cmd.exe", "ParentCommandLine": "\"C:\\Windows\\system32\\cmd.exe\" /c \"reg add \"HKEY_CURRENT_USER\\Software\\Microsoft\\Windows\\CurrentVersion\\Policies\\Explorer\" /v NoLogOff /t REG_DWORD /d 1 /f\"", "ParentUser": "MSI\\Annie"}}
{"Record": "8", "System": {"EventID": "1", "Version": "5", "Level": "4", "Task": "1", "Opcode": "0", "Keywords": "0x8000000000000000", "TimeCreated": {"SystemTime": "2022-04-20 04:56:44.804663"}, "EventRecordID": "876496", "Correlation": {"ActivityID": "", "RealatedActivityID": ""}, "Execution": {"ProcessID": "5992", "ThreadID": "8020"}, "Channel": "Microsoft-Windows-Sysmon/Operational", "Computer": "MSI", "Security": {"UserID": "S-1-5-18"}}, "Event Data": {"RuleName": "-", "UtcTime": "2022-04-20 04:56:44.801", "ProcessGuid": "{7590a8e8-928c-625f-0b88-000000003600}", "ProcessId": "23432", "Image": "C:\\Windows\\System32\\cmd.exe", "FileVersion": "10.0.19041.746 (WinBuild.160101.0800)", "Description": "Windows Command Processor", "Product": "Microsoft&#174; Windows&#174; Operating System", "Company": "Microsoft Corporation", "OriginalFileName": "Cmd.Exe", "CommandLine": "\"C:\\Windows\\system32\\cmd.exe\" /c \"reg add \"HKEY_CURRENT_USER\\Software\\Microsoft\\Windows\\CurrentVersion\\Policies\\Explorer\" /v StartMenuLogOff /t REG_DWORD /d 1 /f\"", "CurrentDirectory": "C:\\Users\\Annie\\Desktop\\attackhost_v_1_0_2DEV\\", "User": "MSI\\Annie", "LogonGuid": "{7590a8e8-5540-625f-cdb4-c80f00000000}", "LogonId": "0x000000000fc8b4cd", "TerminalSessionId": "5", "IntegrityLevel": "High", "Hashes": "MD5=8A2122E8162DBEF04694B9C3E0B6CDEE,SHA256=B99D61D874728EDC0918CA0EB10EAB93D381E7367E377406E65963366C874450,IMPHASH=272245E2988E1E430500B852C4FB5E18", "ParentProcessGuid": "{7590a8e8-928c-625f-0888-000000003600}", "ParentProcessId": "15032", "ParentImage": "C:\\Windows\\System32\\WindowsPowerShell\\v1.0\\powershell.exe", "ParentCommandLine": "powershell.exe \"C:\\Users\\Annie\\Desktop\\attackhost_v_1_0_2DEV\\powershell\\defense-evasion\\Attack-Script-T1112_14.ps1 C:\\Users\\Annie\\Desktop\\attackhost_v_1_0_2DEV\\data\\output\\AttackResults\\Attack-T1112_14-1.out\"", "ParentUser": "MSI\\Annie"}}
{"Record": "9", "System": {"EventID": "1", "Version": "5", "Level": "4", "Task": "1", "Opcode": "0", "Keywords": "0x8000000000000000", "TimeCreated": {"SystemTime": "2022-04-20 04:56:44.814671"}, "EventRecordID": "876497", "Correlation": {"ActivityID": "", "RealatedActivityID": ""}, "Execution": {"ProcessID": "5992", "ThreadID": "8020"}, "Channel": "Microsoft-Windows-Sysmon/Operational", "Computer": "MSI", "Security": {"UserID": "S-1-5-18"}}, "Event Data": {"RuleName": "-", "UtcTime": "2022-04-20 04:56:44.811", "ProcessGuid": "{7590a8e8-928c-625f-0c88-000000003600}", "ProcessId": "5520", "Image": "C:\\Windows\\System32\\reg.exe", "FileVersion": "10.0.19041.1 (WinBuild.160101.0800)", "Description": "Registry Console Tool", "Product": "Microsoft&#174; Windows&#174; Operating System", "Company": "Microsoft Corporation", "OriginalFileName": "reg.exe", "CommandLine": "reg  add \"HKEY_CURRENT_USER\\Software\\Microsoft\\Windows\\CurrentVersion\\Policies\\Explorer\" /v StartMenuLogOff /t REG_DWORD /d 1 /f", "CurrentDirectory": "C:\\Users\\Annie\\Desktop\\attackhost_v_1_0_2DEV\\", "User": "MSI\\Annie", "LogonGuid": "{7590a8e8-5540-625f-cdb4-c80f00000000}", "LogonId": "0x000000000fc8b4cd", "TerminalSessionId": "5", "IntegrityLevel": "High", "Hashes": "MD5=227F63E1D9008B36BDBCC4B397780BE4,SHA256=C0E25B1F9B22DE445298C1E96DDFCEAD265CA030FA6626F61A4A4786CC4A3B7D,IMPHASH=BE482BE427FE212CFEF2CDA0E61F19AC", "ParentProcessGuid": "{7590a8e8-928c-625f-0b88-000000003600}", "ParentProcessId": "23432", "ParentImage": "C:\\Windows\\System32\\cmd.exe", "ParentCommandLine": "\"C:\\Windows\\system32\\cmd.exe\" /c \"reg add \"HKEY_CURRENT_USER\\Software\\Microsoft\\Windows\\CurrentVersion\\Policies\\Explorer\" /v StartMenuLogOff /t REG_DWORD /d 1 /f\"", "ParentUser": "MSI\\Annie"}}
{"Record": "10", "System": {"EventID": "1", "Version": "5", "Level": "4", "Task": "1", "Opcode": "0", "Keywords": "0x8000000000000000", "TimeCreated": {"SystemTime": "2022-04-20 04:56:44.826139"}, "EventRecordID": "876498", "Correlation": {"ActivityID": "", "RealatedActivityID": ""}, "Execution": {"ProcessID": "5992", "ThreadID": "8020"}, "Channel": "Microsoft-Windows-Sysmon/Operational", "Computer": "MSI", "Security": {"UserID": "S-1-5-18"}}, "Event Data": {"RuleName": "-", "UtcTime": "2022-04-20 04:56:44.824", "ProcessGuid": "{7590a8e8-928c-625f-0d88-000000003600}", "ProcessId": "17064", "Image": "C:\\Windows\\System32\\cmd.exe", "FileVersion": "10.0.19041.746 (WinBuild.160101.0800)", "Description": "Windows Command Processor", "Product": "Microsoft&#174; Windows&#174; Operating System", "Company": "Microsoft Corporation", "OriginalFileName": "Cmd.Exe", "CommandLine": "\"C:\\Windows\\system32\\cmd.exe\" /c \"Timeout / t 5\"", "CurrentDirectory": "C:\\Users\\Annie\\Desktop\\attackhost_v_1_0_2DEV\\", "User": "MSI\\Annie", "LogonGuid": "{7590a8e8-5540-625f-cdb4-c80f00000000}", "LogonId": "0x000000000fc8b4cd", "TerminalSessionId": "5", "IntegrityLevel": "High", "Hashes": "MD5=8A2122E8162DBEF04694B9C3E0B6CDEE,SHA256=B99D61D874728EDC0918CA0EB10EAB93D381E7367E377406E65963366C874450,IMPHASH=272245E2988E1E430500B852C4FB5E18", "ParentProcessGuid": "{7590a8e8-928c-625f-0888-000000003600}", "ParentProcessId": "15032", "ParentImage": "C:\\Windows\\System32\\WindowsPowerShell\\v1.0\\powershell.exe", "ParentCommandLine": "powershell.exe \"C:\\Users\\Annie\\Desktop\\attackhost_v_1_0_2DEV\\powershell\\defense-evasion\\Attack-Script-T1112_14.ps1 C:\\Users\\Annie\\Desktop\\attackhost_v_1_0_2DEV\\data\\output\\AttackResults\\Attack-T1112_14-1.out\"", "ParentUser": "MSI\\Annie"}}
{"Record": "11", "System": {"EventID": "1", "Version": "5", "Level": "4", "Task": "1", "Opcode": "0", "Keywords": "0x8000000000000000", "TimeCreated": {"SystemTime": "2022-04-20 04:56:44.837151"}, "EventRecordID": "876499", "Correlation": {"ActivityID": "", "RealatedActivityID": ""}, "Execution": {"ProcessID": "5992", "ThreadID": "8020"}, "Channel": "Microsoft-Windows-Sysmon/Operational", "Computer": "MSI", "Security": {"UserID": "S-1-5-18"}}, "Event Data": {"RuleName": "-", "UtcTime": "2022-04-20 04:56:44.835", "ProcessGuid": "{7590a8e8-928c-625f-0e88-000000003600}", "ProcessId": "31356", "Image": "C:\\Windows\\System32\\timeout.exe", "FileVersion": "10.0.19041.1 (WinBuild.160101.0800)", "Description": "timeout - pauses command processing", "Product": "Microsoft&#174; Windows&#174; Operating System", "Company": "Microsoft Corporation", "OriginalFileName": "timeout.exe", "CommandLine": "Timeout  / t 5", "CurrentDirectory": "C:\\Users\\Annie\\Desktop\\attackhost_v_1_0_2DEV\\", "User": "MSI\\Annie", "LogonGuid": "{7590a8e8-5540-625f-cdb4-c80f00000000}", "LogonId": "0x000000000fc8b4cd", "TerminalSessionId": "5", "IntegrityLevel": "High", "Hashes": "MD5=100065E21CFBBDE57CBA2838921F84D6,SHA256=C8C350FAB1130644536DB6A84F605791367308B995079AD494D46A8C617C21D6,IMPHASH=0C91A5CE0FB26F4C5CE39E340F43873B", "ParentProcessGuid": "{7590a8e8-928c-625f-0d88-000000003600}", "ParentProcessId": "17064", "ParentImage": "C:\\Windows\\System32\\cmd.exe", "ParentCommandLine": "\"C:\\Windows\\system32\\cmd.exe\" /c \"Timeout / t 5\"", "ParentUser": "MSI\\Annie"}}
{"Record": "12", "System": {"EventID": "1", "Version": "5", "Level": "4", "Task": "1", "Opcode": "0", "Keywords": "0x8000000000000000", "TimeCreated": {"SystemTime": "2022-04-20 04:56:58.007053"}, "EventRecordID": "876500", "Correlation": {"ActivityID": "", "RealatedActivityID": ""}, "Execution": {"ProcessID": "5992", "ThreadID": "8020"}, "Channel": "Microsoft-Windows-Sysmon/Operational", "Computer": "MSI", "Security": {"UserID": "S-1-5-18"}}, "Event Data": {"RuleName": "-", "UtcTime": "2022-04-20 04:56:58.002", "ProcessGuid": "{7590a8e8-929a-625f-0f88-000000003600}", "ProcessId": "17752", "Image": "C:\\Program Files\\Git\\cmd\\git.exe", "FileVersion": "-", "Description": "Git for Windows", "Product": "Git", "Company": "The Git Development Community", "OriginalFileName": "git.exe", "CommandLine": "\"C:\\Program Files\\Git\\cmd\\git.exe\" status -z -u", "CurrentDirectory": "C:\\Users\\Annie\\Desktop\\attackhost_v_1_0_2DEV\\", "User": "MSI\\Annie", "LogonGuid": "{7590a8e8-5540-625f-cdb4-c80f00000000}", "LogonId": "0x000000000fc8b4cd", "TerminalSessionId": "5", "IntegrityLevel": "High", "Hashes": "MD5=3D4B3E854AC83AA892C3A7824355F814,SHA256=AE463CAD04C2B15FC91DE68AB096933EC08C44752E205AEBD7D64C3A482DF62D,IMPHASH=B5C28AB8B10670F75EB53AFFC23558E6", "ParentProcessGuid": "{7590a8e8-56c2-625f-4a68-000000003600}", "ParentProcessId": "9156", "ParentImage": "C:\\Users\\Annie\\AppData\\Local\\Programs\\Microsoft VS Code\\Code.exe", "ParentCommandLine": "\"C:\\Users\\Annie\\AppData\\Local\\Programs\\Microsoft VS Code\\Code.exe\" --ms-enable-electron-run-as-node --inspect-port=0 \"c:\\Users\\Annie\\AppData\\Local\\Programs\\Microsoft VS Code\\resources\\app\\out\\bootstrap-fork\" --type=extensionHost --skipWorkspaceStorageLock", "ParentUser": "MSI\\Annie"}}
{"Record": "13", "System": {"EventID": "1", "Version": "5", "Level": "4", "Task": "1", "Opcode": "0", "Keywords": "0x8000000000000000", "TimeCreated": {"SystemTime": "2022-04-20 04:56:58.111137"}, "EventRecordID": "876501", "Correlation": {"ActivityID": "", "RealatedActivityID": ""}, "Execution": {"ProcessID": "5992", "ThreadID": "8020"}, "Channel": "Microsoft-Windows-Sysmon/Operational", "Computer": "MSI", "Security": {"UserID": "S-1-5-18"}}, "Event Data": {"RuleName": "-", "UtcTime": "2022-04-20 04:56:58.106", "ProcessGuid": "{7590a8e8-929a-625f-1188-000000003600}", "ProcessId": "20420", "Image": "C:\\Program Files\\Git\\mingw64\\bin\\git.exe", "FileVersion": "-", "Description": "Git for Windows", "Product": "Git", "Company": "The Git Development Community", "OriginalFileName": "git.exe", "CommandLine": "git.exe status -z -u", "CurrentDirectory": "C:\\Users\\Annie\\Desktop\\attackhost_v_1_0_2DEV\\", "User": "MSI\\Annie", "LogonGuid": "{7590a8e8-5540-625f-cdb4-c80f00000000}", "LogonId": "0x000000000fc8b4cd", "TerminalSessionId": "5", "IntegrityLevel": "High", "Hashes": "MD5=22C0A120BDA9ACBDDABAAE6924DE4193,SHA256=D8385BFFD3F8967F46DC79AF7155D8847EB09B95C8D97B60AC14E0970AF1B596,IMPHASH=E7CB32FC4DCDC36BEE46960CD7653FF9", "ParentProcessGuid": "{7590a8e8-929a-625f-0f88-000000003600}", "ParentProcessId": "17752", "ParentImage": "C:\\Program Files\\Git\\cmd\\git.exe", "ParentCommandLine": "\"C:\\Program Files\\Git\\cmd\\git.exe\" status -z -u", "ParentUser": "MSI\\Annie"}}
{"Record": "14", "System": {"EventID": "1", "Version": "5", "Level": "4", "Task": "1", "Opcode": "0", "Keywords": "0x8000000000000000", "TimeCreated": {"SystemTime": "2022-04-20 04:56:58.278240"}, "EventRecordID": "876502", "Correlation": {"ActivityID": "", "RealatedActivityID": ""}, "Execution": {"ProcessID": "5992", "ThreadID": "8020"}, "Channel": "Microsoft-Windows-Sysmon/Operational", "Computer": "MSI", "Security": {"UserID": "S-1-5-18"}}, "Event Data": {"RuleName": "-", "UtcTime": "2022-04-20 04:56:58.273", "ProcessGuid": "{7590a8e8-929a-625f-1288-000000003600}", "ProcessId": "9352", "Image": "C:\\Program Files\\Git\\cmd\\git.exe", "FileVersion": "-", "Description": "Git for Windows", "Product": "Git", "Company": "The Git Development Community", "OriginalFileName": "git.exe", "CommandLine": "\"C:\\Program Files\\Git\\cmd\\git.exe\" symbolic-ref --short HEAD", "CurrentDirectory": "C:\\Users\\Annie\\Desktop\\attackhost_v_1_0_2DEV\\", "User": "MSI\\Annie", "LogonGuid": "{7590a8e8-5540-625f-cdb4-c80f00000000}", "LogonId": "0x000000000fc8b4cd", "TerminalSessionId": "5", "IntegrityLevel": "High", "Hashes": "MD5=3D4B3E854AC83AA892C3A7824355F814,SHA256=AE463CAD04C2B15FC91DE68AB096933EC08C44752E205AEBD7D64C3A482DF62D,IMPHASH=B5C28AB8B10670F75EB53AFFC23558E6", "ParentProcessGuid": "{7590a8e8-56c2-625f-4a68-000000003600}", "ParentProcessId": "9156", "ParentImage": "C:\\Users\\Annie\\AppData\\Local\\Programs\\Microsoft VS Code\\Code.exe", "ParentCommandLine": "\"C:\\Users\\Annie\\AppData\\Local\\Programs\\Microsoft VS Code\\Code.exe\" --ms-enable-electron-run-as-node --inspect-port=0 \"c:\\Users\\Annie\\AppData\\Local\\Programs\\Microsoft VS Code\\resources\\app\\out\\bootstrap-fork\" --type=extensionHost --skipWorkspaceStorageLock", "ParentUser": "MSI\\Annie"}}
{"Record": "15", "System": {"EventID": "1", "Version": "5", "Level": "4", "Task": "1", "Opcode": "0", "Keywords": "0x8000000000000000", "TimeCreated": {"SystemTime": "2022-04-20 04:56:58.357227"}, "EventRecordID": "876503", "Correlation": {"ActivityID": "", "RealatedActivityID": ""}, "Execution": {"ProcessID": "5992", "ThreadID": "8020"}, "Channel": "Microsoft-Windows-Sysmon/Operational", "Computer": "MSI", "Security": {"UserID": "S-1-5-18"}}, "Event Data": {"RuleName": "-", "UtcTime": "2022-04-20 04:56:58.354", "ProcessGuid": "{7590a8e8-929a-625f-1488-000000003600}", "ProcessId": "9372", "Image": "C:\\Program Files\\Git\\mingw64\\bin\\git.exe", "FileVersion": "-", "Description": "Git for Windows", "Product": "Git", "Company": "The Git Development Community", "OriginalFileName": "git.exe", "CommandLine": "git.exe symbolic-ref --short HEAD", "CurrentDirectory": "C:\\Users\\Annie\\Desktop\\attackhost_v_1_0_2DEV\\", "User": "MSI\\Annie", "LogonGuid": "{7590a8e8-5540-625f-cdb4-c80f00000000}", "LogonId": "0x000000000fc8b4cd", "TerminalSessionId": "5", "IntegrityLevel": "High", "Hashes": "MD5=22C0A120BDA9ACBDDABAAE6924DE4193,SHA256=D8385BFFD3F8967F46DC79AF7155D8847EB09B95C8D97B60AC14E0970AF1B596,IMPHASH=E7CB32FC4DCDC36BEE46960CD7653FF9", "ParentProcessGuid": "{7590a8e8-929a-625f-1288-000000003600}", "ParentProcessId": "9352", "ParentImage": "C:\\Program Files\\Git\\cmd\\git.exe", "ParentCommandLine": "\"C:\\Program Files\\Git\\cmd\\git.exe\" symbolic-ref --short HEAD", "ParentUser": "MSI\\Annie"}}
{"Record": "16", "System": {"EventID": "1", "Version": "5", "Level": "4", "Task": "1", "Opcode": "0", "Keywords": "0x8000000000000000", "TimeCreated": {"SystemTime": "2022-04-20 04:56:58.393482"}, "EventRecordID": "876504", "Correlation": {"ActivityID": "", "RealatedActivityID": ""}, "Execution": {"ProcessID": "5992", "ThreadID": "8020"}, "Channel": "Microsoft-Windows-Sysmon/Operational", "Computer": "MSI", "Security": {"UserID": "S-1-5-18"}}, "Event Data": {"RuleName": "-", "UtcTime": "2022-04-20 04:56:58.390", "ProcessGuid": "{7590a8e8-929a-625f-1588-000000003600}", "ProcessId": "24692", "Image": "C:\\Program Files\\Git\\cmd\\git.exe", "FileVersion": "-", "Description": "Git for Windows", "Product": "Git", "Company": "The Git Development Community", "OriginalFileName": "git.exe", "CommandLine": "\"C:\\Program Files\\Git\\cmd\\git.exe\" for-each-ref --format=%%(refname)%%00%%(upstream:short)%%00%%(objectname)%%00%%(upstream:track) refs/heads/master refs/remotes/master", "CurrentDirectory": "C:\\Users\\Annie\\Desktop\\attackhost_v_1_0_2DEV\\", "User": "MSI\\Annie", "LogonGuid": "{7590a8e8-5540-625f-cdb4-c80f00000000}", "LogonId": "0x000000000fc8b4cd", "TerminalSessionId": "5", "IntegrityLevel": "High", "Hashes": "MD5=3D4B3E854AC83AA892C3A7824355F814,SHA256=AE463CAD04C2B15FC91DE68AB096933EC08C44752E205AEBD7D64C3A482DF62D,IMPHASH=B5C28AB8B10670F75EB53AFFC23558E6", "ParentProcessGuid": "{7590a8e8-56c2-625f-4a68-000000003600}", "ParentProcessId": "9156", "ParentImage": "C:\\Users\\Annie\\AppData\\Local\\Programs\\Microsoft VS Code\\Code.exe", "ParentCommandLine": "\"C:\\Users\\Annie\\AppData\\Local\\Programs\\Microsoft VS Code\\Code.exe\" --ms-enable-electron-run-as-node --inspect-port=0 \"c:\\Users\\Annie\\AppData\\Local\\Programs\\Microsoft VS Code\\resources\\app\\out\\bootstrap-fork\" --type=extensionHost --skipWorkspaceStorageLock", "ParentUser": "MSI\\Annie"}}
{"Record": "17", "System": {"EventID": "1", "Version": "5", "Level": "4", "Task": "1", "Opcode": "0", "Keywords": "0x8000000000000000", "TimeCreated": {"SystemTime": "2022-04-20 04:56:58.445635"}, "EventRecordID": "876505", "Correlation": {"ActivityID": "", "RealatedActivityID": ""}, "Execution": {"ProcessID": "5992", "ThreadID": "8020"}, "Channel": "Microsoft-Windows-Sysmon/Operational", "Computer": "MSI", "Security": {"UserID": "S-1-5-18"}}, "Event Data": {"RuleName": "-", "UtcTime": "2022-04-20 04:56:58.443", "ProcessGuid": "{7590a8e8-929a-625f-1788-000000003600}", "ProcessId": "30964", "Image": "C:\\Program Files\\Git\\mingw64\\bin\\git.exe", "FileVersion": "-", "Description": "Git for Windows", "Product": "Git", "Company": "The Git Development Community", "OriginalFileName": "git.exe", "CommandLine": "git.exe for-each-ref --format=%%(refname)%%00%%(upstream:short)%%00%%(objectname)%%00%%(upstream:track) refs/heads/master refs/remotes/master", "CurrentDirectory": "C:\\Users\\Annie\\Desktop\\attackhost_v_1_0_2DEV\\", "User": "MSI\\Annie", "LogonGuid": "{7590a8e8-5540-625f-cdb4-c80f00000000}", "LogonId": "0x000000000fc8b4cd", "TerminalSessionId": "5", "IntegrityLevel": "High", "Hashes": "MD5=22C0A120BDA9ACBDDABAAE6924DE4193,SHA256=D8385BFFD3F8967F46DC79AF7155D8847EB09B95C8D97B60AC14E0970AF1B596,IMPHASH=E7CB32FC4DCDC36BEE46960CD7653FF9", "ParentProcessGuid": "{7590a8e8-929a-625f-1588-000000003600}", "ParentProcessId": "24692", "ParentImage": "C:\\Program Files\\Git\\cmd\\git.exe", "ParentCommandLine": "\"C:\\Program Files\\Git\\cmd\\git.exe\" for-each-ref --format=%(refname)%00%(upstream:short)%00%(objectname)%00%(upstream:track) refs/heads/master refs/remotes/master", "ParentUser": "MSI\\Annie"}}
{"Record": "18", "System": {"EventID": "1", "Version": "5", "Level": "4", "Task": "1", "Opcode": "0", "Keywords": "0x8000000000000000", "TimeCreated": {"SystemTime": "2022-04-20 04:56:58.498941"}, "EventRecordID": "876506", "Correlation": {"ActivityID": "", "RealatedActivityID": ""}, "Execution": {"ProcessID": "5992", "ThreadID": "8020"}, "Channel": "Microsoft-Windows-Sysmon/Operational", "Computer": "MSI", "Security": {"UserID": "S-1-5-18"}}, "Event Data": {"RuleName": "-", "UtcTime": "2022-04-20 04:56:58.497", "ProcessGuid": "{7590a8e8-929a-625f-1888-000000003600}", "ProcessId": "13060", "Image": "C:\\Program Files\\Git\\cmd\\git.exe", "FileVersion": "-", "Description": "Git for Windows", "Product": "Git", "Company": "The Git Development Community", "OriginalFileName": "git.exe", "CommandLine": "\"C:\\Program Files\\Git\\cmd\\git.exe\" for-each-ref --sort -committerdate --format \"%%(refname) %%(objectname) %%(*objectname)\"", "CurrentDirectory": "C:\\Users\\Annie\\Desktop\\attackhost_v_1_0_2DEV\\", "User": "MSI\\Annie", "LogonGuid": "{7590a8e8-5540-625f-cdb4-c80f00000000}", "LogonId": "0x000000000fc8b4cd", "TerminalSessionId": "5", "IntegrityLevel": "High", "Hashes": "MD5=3D4B3E854AC83AA892C3A7824355F814,SHA256=AE463CAD04C2B15FC91DE68AB096933EC08C44752E205AEBD7D64C3A482DF62D,IMPHASH=B5C28AB8B10670F75EB53AFFC23558E6", "ParentProcessGuid": "{7590a8e8-56c2-625f-4a68-000000003600}", "ParentProcessId": "9156", "ParentImage": "C:\\Users\\Annie\\AppData\\Local\\Programs\\Microsoft VS Code\\Code.exe", "ParentCommandLine": "\"C:\\Users\\Annie\\AppData\\Local\\Programs\\Microsoft VS Code\\Code.exe\" --ms-enable-electron-run-as-node --inspect-port=0 \"c:\\Users\\Annie\\AppData\\Local\\Programs\\Microsoft VS Code\\resources\\app\\out\\bootstrap-fork\" --type=extensionHost --skipWorkspaceStorageLock", "ParentUser": "MSI\\Annie"}}
{"Record": "19", "System": {"EventID": "1", "Version": "5", "Level": "4", "Task": "1", "Opcode": "0", "Keywords": "0x8000000000000000", "TimeCreated": {"SystemTime": "2022-04-20 04:56:58.503445"}, "EventRecordID": "876507", "Correlation": {"ActivityID": "", "RealatedActivityID": ""}, "Execution": {"ProcessID": "5992", "ThreadID": "8020"}, "Channel": "Microsoft-Windows-Sysmon/Operational", "Computer": "MSI", "Security": {"UserID": "S-1-5-18"}}, "Event Data": {"RuleName": "-", "UtcTime": "2022-04-20 04:56:58.501", "ProcessGuid": "{7590a8e8-929a-625f-1988-000000003600}", "ProcessId": "18136", "Image": "C:\\Program Files\\Git\\cmd\\git.exe", "FileVersion": "-", "Description": "Git for Windows", "Product": "Git", "Company": "The Git Development Community", "OriginalFileName": "git.exe", "CommandLine": "\"C:\\Program Files\\Git\\cmd\\git.exe\" remote --verbose", "CurrentDirectory": "C:\\Users\\Annie\\Desktop\\attackhost_v_1_0_2DEV\\", "User": "MSI\\Annie", "LogonGuid": "{7590a8e8-5540-625f-cdb4-c80f00000000}", "LogonId": "0x000000000fc8b4cd", "TerminalSessionId": "5", "IntegrityLevel": "High", "Hashes": "MD5=3D4B3E854AC83AA892C3A7824355F814,SHA256=AE463CAD04C2B15FC91DE68AB096933EC08C44752E205AEBD7D64C3A482DF62D,IMPHASH=B5C28AB8B10670F75EB53AFFC23558E6", "ParentProcessGuid": "{7590a8e8-56c2-625f-4a68-000000003600}", "ParentProcessId": "9156", "ParentImage": "C:\\Users\\Annie\\AppData\\Local\\Programs\\Microsoft VS Code\\Code.exe", "ParentCommandLine": "\"C:\\Users\\Annie\\AppData\\Local\\Programs\\Microsoft VS Code\\Code.exe\" --ms-enable-electron-run-as-node --inspect-port=0 \"c:\\Users\\Annie\\AppData\\Local\\Programs\\Microsoft VS Code\\resources\\app\\out\\bootstrap-fork\" --type=extensionHost --skipWorkspaceStorageLock", "ParentUser": "MSI\\Annie"}}
{"Record": "20", "System": {"EventID": "1", "Version": "5", "Level": "4", "Task": "1", "Opcode": "0", "Keywords": "0x8000000000000000", "TimeCreated": {"SystemTime": "2022-04-20 04:56:58.543697"}, "EventRecordID": "876508", "Correlation": {"ActivityID": "", "RealatedActivityID": ""}, "Execution": {"ProcessID": "5992", "ThreadID": "8020"}, "Channel": "Microsoft-Windows-Sysmon/Operational", "Computer": "MSI", "Security": {"UserID": "S-1-5-18"}}, "Event Data": {"RuleName": "-", "UtcTime": "2022-04-20 04:56:58.541", "ProcessGuid": "{7590a8e8-929a-625f-1c88-000000003600}", "ProcessId": "9396", "Image": "C:\\Program Files\\Git\\mingw64\\bin\\git.exe", "FileVersion": "-", "Description": "Git for Windows", "Product": "Git", "Company": "The Git Development Community", "OriginalFileName": "git.exe", "CommandLine": "git.exe for-each-ref --sort -committerdate --format \"%%(refname) %%(objectname) %%(*objectname)\"", "CurrentDirectory": "C:\\Users\\Annie\\Desktop\\attackhost_v_1_0_2DEV\\", "User": "MSI\\Annie", "LogonGuid": "{7590a8e8-5540-625f-cdb4-c80f00000000}", "LogonId": "0x000000000fc8b4cd", "TerminalSessionId": "5", "IntegrityLevel": "High", "Hashes": "MD5=22C0A120BDA9ACBDDABAAE6924DE4193,SHA256=D8385BFFD3F8967F46DC79AF7155D8847EB09B95C8D97B60AC14E0970AF1B596,IMPHASH=E7CB32FC4DCDC36BEE46960CD7653FF9", "ParentProcessGuid": "{7590a8e8-929a-625f-1888-000000003600}", "ParentProcessId": "13060", "ParentImage": "C:\\Program Files\\Git\\cmd\\git.exe", "ParentCommandLine": "\"C:\\Program Files\\Git\\cmd\\git.exe\" for-each-ref --sort -committerdate --format \"%(refname) %(objectname) %(*objectname)\"", "ParentUser": "MSI\\Annie"}}
{"Record": "21", "System": {"EventID": "1", "Version": "5", "Level": "4", "Task": "1", "Opcode": "0", "Keywords": "0x8000000000000000", "TimeCreated": {"SystemTime": "2022-04-20 04:56:58.546301"}, "EventRecordID": "876509", "Correlation": {"ActivityID": "", "RealatedActivityID": ""}, "Execution": {"ProcessID": "5992", "ThreadID": "8020"}, "Channel": "Microsoft-Windows-Sysmon/Operational", "Computer": "MSI", "Security": {"UserID": "S-1-5-18"}}, "Event Data": {"RuleName": "-", "UtcTime": "2022-04-20 04:56:58.544", "ProcessGuid": "{7590a8e8-929a-625f-1d88-000000003600}", "ProcessId": "10944", "Image": "C:\\Program Files\\Git\\mingw64\\bin\\git.exe", "FileVersion": "-", "Description": "Git for Windows", "Product": "Git", "Company": "The Git Development Community", "OriginalFileName": "git.exe", "CommandLine": "git.exe remote --verbose", "CurrentDirectory": "C:\\Users\\Annie\\Desktop\\attackhost_v_1_0_2DEV\\", "User": "MSI\\Annie", "LogonGuid": "{7590a8e8-5540-625f-cdb4-c80f00000000}", "LogonId": "0x000000000fc8b4cd", "TerminalSessionId": "5", "IntegrityLevel": "High", "Hashes": "MD5=22C0A120BDA9ACBDDABAAE6924DE4193,SHA256=D8385BFFD3F8967F46DC79AF7155D8847EB09B95C8D97B60AC14E0970AF1B596,IMPHASH=E7CB32FC4DCDC36BEE46960CD7653FF9", "ParentProcessGuid": "{7590a8e8-929a-625f-1988-000000003600}", "ParentProcessId": "18136", "ParentImage": "C:\\Program Files\\Git\\cmd\\git.exe", "ParentCommandLine": "\"C:\\Program Files\\Git\\cmd\\git.exe\" remote --verbose", "ParentUser": "MSI\\Annie"}}
{"Record": "22", "System": {"EventID": "1", "Version": "5", "Level": "4", "Task": "1", "Opcode": "0", "Keywords": "0x8000000000000000", "TimeCreated": {"SystemTime": "2022-04-20 04:56:58.582178"}, "EventRecordID": "876510", "Correlation": {"ActivityID": "", "RealatedActivityID": ""}, "Execution": {"ProcessID": "5992", "ThreadID": "8020"}, "Channel": "Microsoft-Windows-Sysmon/Operational", "Computer": "MSI", "Security": {"UserID": "S-1-5-18"}}, "Event Data": {"RuleName": "-", "UtcTime": "2022-04-20 04:56:58.579", "ProcessGuid": "{7590a8e8-929a-625f-1e88-000000003600}", "ProcessId": "21440", "Image": "C:\\Program Files\\Git\\cmd\\git.exe", "FileVersion": "-", "Description": "Git for Windows", "Product": "Git", "Company": "The Git Development Community", "OriginalFileName": "git.exe", "CommandLine": "\"C:\\Program Files\\Git\\cmd\\git.exe\" config --get commit.template", "CurrentDirectory": "C:\\Users\\Annie\\Desktop\\attackhost_v_1_0_2DEV\\", "User": "MSI\\Annie", "LogonGuid": "{7590a8e8-5540-625f-cdb4-c80f00000000}", "LogonId": "0x000000000fc8b4cd", "TerminalSessionId": "5", "IntegrityLevel": "High", "Hashes": "MD5=3D4B3E854AC83AA892C3A7824355F814,SHA256=AE463CAD04C2B15FC91DE68AB096933EC08C44752E205AEBD7D64C3A482DF62D,IMPHASH=B5C28AB8B10670F75EB53AFFC23558E6", "ParentProcessGuid": "{7590a8e8-56c2-625f-4a68-000000003600}", "ParentProcessId": "9156", "ParentImage": "C:\\Users\\Annie\\AppData\\Local\\Programs\\Microsoft VS Code\\Code.exe", "ParentCommandLine": "\"C:\\Users\\Annie\\AppData\\Local\\Programs\\Microsoft VS Code\\Code.exe\" --ms-enable-electron-run-as-node --inspect-port=0 \"c:\\Users\\Annie\\AppData\\Local\\Programs\\Microsoft VS Code\\resources\\app\\out\\bootstrap-fork\" --type=extensionHost --skipWorkspaceStorageLock", "ParentUser": "MSI\\Annie"}}
{"Record": "23", "System": {"EventID": "1", "Version": "5", "Level": "4", "Task": "1", "Opcode": "0", "Keywords": "0x8000000000000000", "TimeCreated": {"SystemTime": "2022-04-20 04:56:58.620226"}, "EventRecordID": "876511", "Correlation": {"ActivityID": "", "RealatedActivityID": ""}, "Execution": {"ProcessID": "5992", "ThreadID": "8020"}, "Channel": "Microsoft-Windows-Sysmon/Operational", "Computer": "MSI", "Security": {"UserID": "S-1-5-18"}}, "Event Data": {"RuleName": "-", "UtcTime": "2022-04-20 04:56:58.617", "ProcessGuid": "{7590a8e8-929a-625f-2088-000000003600}", "ProcessId": "736", "Image": "C:\\Program Files\\Git\\mingw64\\bin\\git.exe", "FileVersion": "-", "Description": "Git for Windows", "Product": "Git", "Company": "The Git Development Community", "OriginalFileName": "git.exe", "CommandLine": "git.exe config --get commit.template", "CurrentDirectory": "C:\\Users\\Annie\\Desktop\\attackhost_v_1_0_2DEV\\", "User": "MSI\\Annie", "LogonGuid": "{7590a8e8-5540-625f-cdb4-c80f00000000}", "LogonId": "0x000000000fc8b4cd", "TerminalSessionId": "5", "IntegrityLevel": "High", "Hashes": "MD5=22C0A120BDA9ACBDDABAAE6924DE4193,SHA256=D8385BFFD3F8967F46DC79AF7155D8847EB09B95C8D97B60AC14E0970AF1B596,IMPHASH=E7CB32FC4DCDC36BEE46960CD7653FF9", "ParentProcessGuid": "{7590a8e8-929a-625f-1e88-000000003600}", "ParentProcessId": "21440", "ParentImage": "C:\\Program Files\\Git\\cmd\\git.exe", "ParentCommandLine": "\"C:\\Program Files\\Git\\cmd\\git.exe\" config --get commit.template", "ParentUser": "MSI\\Annie"}}
