{"Record": "1", "System": {"EventID": "1", "Version": "5", "Level": "4", "Task": "1", "Opcode": "0", "Keywords": "0x8000000000000000", "TimeCreated": {"SystemTime": "2022-04-20 00:45:02.890671"}, "EventRecordID": "869151", "Correlation": {"ActivityID": "", "RealatedActivityID": ""}, "Execution": {"ProcessID": "5992", "ThreadID": "8020"}, "Channel": "Microsoft-Windows-Sysmon/Operational", "Computer": "MSI", "Security": {"UserID": "S-1-5-18"}}, "Event Data": {"RuleName": "-", "UtcTime": "2022-04-20 00:45:02.865", "ProcessGuid": "{7590a8e8-578e-625f-ef69-000000003600}", "ProcessId": "9312", "Image": "C:\\Program Files\\Google\\Chrome\\Application\\chrome.exe", "FileVersion": "100.0.4896.127", "Description": "Google Chrome", "Product": "Google Chrome", "Company": "Google LLC", "OriginalFileName": "chrome.exe", "CommandLine": "\"C:\\Program Files\\Google\\Chrome\\Application\\chrome.exe\" ", "CurrentDirectory": "C:\\Program Files\\Google\\Chrome\\Application\\", "User": "MSI\\Annie", "LogonGuid": "{7590a8e8-5540-625f-79b5-c80f00000000}", "LogonId": "0x000000000fc8b579", "TerminalSessionId": "5", "IntegrityLevel": "Medium", "Hashes": "MD5=B23135134679E164FC01F904EE9CB3D7,SHA256=45DE9F5A25BF478C6A8D8625A984895C9B3FDEA6EB12A55DDD088DCEBD9DF5AB,IMPHASH=978A5DCDEC0106F8018622F48998E706", "ParentProcessGuid": "{7590a8e8-5545-625f-6566-000000003600}", "ParentProcessId": "11668", "ParentImage": "C:\\Windows\\explorer.exe", "ParentCommandLine": "C:\\Windows\\Explorer.EXE", "ParentUser": "MSI\\Annie"}}
{"Record": "3", "System": {"EventID": "13", "Version": "2", "Level": "4", "Task": "13", "Opcode": "0", "Keywords": "0x8000000000000000", "TimeCreated": {"SystemTime": "2022-04-20 00:45:02.900211"}, "EventRecordID": "869153", "Correlation": {"ActivityID": "", "RealatedActivityID": ""}, "Execution": {"ProcessID": "5992", "ThreadID": "8020"}, "Channel": "Microsoft-Windows-Sysmon/Operational", "Computer": "MSI", "Security": {"UserID": "S-1-5-18"}}, "Event Data": {"RuleName": "InvDB", "EventType": "SetValue", "UtcTime": "2022-04-20 00:45:02.899", "ProcessGuid": "{7590a8e8-8a5c-625b-6301-000000003600}", "ProcessId": "13188", "Image": "C:\\Windows\\system32\\svchost.exe", "TargetObject": "HKU\\S-1-5-21-1171994212-2127204841-3399983368-1001\\SOFTWARE\\Microsoft\\Windows NT\\CurrentVersion\\AppCompatFlags\\Compatibility Assistant\\Store\\C:\\Program Files\\Google\\Chrome\\Application\\chrome.exe", "Details": "Binary Data", "User": "NT AUTHORITY\\SYSTEM"}}
{"Record": "4", "System": {"EventID": "1", "Version": "5", "Level": "4", "Task": "1", "Opcode": "0", "Keywords": "0x8000000000000000", "TimeCreated": {"SystemTime": "2022-04-20 00:45:06.035864"}, "EventRecordID": "869154", "Correlation": {"ActivityID": "", "RealatedActivityID": ""}, "Execution": {"ProcessID": "5992", "ThreadID": "8020"}, "Channel": "Microsoft-Windows-Sysmon/Operational", "Computer": "MSI", "Security": {"UserID": "S-1-5-18"}}, "Event Data": {"RuleName": "-", "UtcTime": "2022-04-20 00:45:06.031", "ProcessGuid": "{7590a8e8-5792-625f-fe69-000000003600}", "ProcessId": "31600", "Image": "C:\\Windows\\System32\\cmd.exe", "FileVersion": "10.0.19041.746 (WinBuild.160101.0800)", "Description": "Windows Command Processor", "Product": "Microsoft&#174; Windows&#174; Operating System", "Company": "Microsoft Corporation", "OriginalFileName": "Cmd.Exe", "CommandLine": "C:\\Windows\\system32\\cmd.exe /d /c \"C:\\Program Files (x86)\\TotalAV\\PasswordExtension.Win.exe\" chrome-extension://nhmijhgkfdhekaofhdkgdpmgidbijbnh/ --parent-window=0 &lt; \\\\.\\pipe\\chrome.nativeMessaging.in.e8cbf09b271080e6 &gt; \\\\.\\pipe\\chrome.nativeMessaging.out.e8cbf09b271080e6", "CurrentDirectory": "C:\\Program Files (x86)\\TotalAV\\", "User": "MSI\\Annie", "LogonGuid": "{7590a8e8-5540-625f-79b5-c80f00000000}", "LogonId": "0x000000000fc8b579", "TerminalSessionId": "5", "IntegrityLevel": "Medium", "Hashes": "MD5=8A2122E8162DBEF04694B9C3E0B6CDEE,SHA256=B99D61D874728EDC0918CA0EB10EAB93D381E7367E377406E65963366C874450,IMPHASH=272245E2988E1E430500B852C4FB5E18", "ParentProcessGuid": "{7590a8e8-578e-625f-ef69-000000003600}", "ParentProcessId": "9312", "ParentImage": "C:\\Program Files\\Google\\Chrome\\Application\\chrome.exe", "ParentCommandLine": "\"C:\\Program Files\\Google\\Chrome\\Application\\chrome.exe\" ", "ParentUser": "MSI\\Annie"}}
{"Record": "5", "System": {"EventID": "1", "Version": "5", "Level": "4", "Task": "1", "Opcode": "0", "Keywords": "0x8000000000000000", "TimeCreated": {"SystemTime": "2022-04-20 00:45:06.169418"}, "EventRecordID": "869155", "Correlation": {"ActivityID": "", "RealatedActivityID": ""}, "Execution": {"ProcessID": "5992", "ThreadID": "8020"}, "Channel": "Microsoft-Windows-Sysmon/Operational", "Computer": "MSI", "Security": {"UserID": "S-1-5-18"}}, "Event Data": {"RuleName": "-", "UtcTime": "2022-04-20 00:45:06.165", "ProcessGuid": "{7590a8e8-5792-625f-006a-000000003600}", "ProcessId": "29412", "Image": "C:\\Program Files (x86)\\TotalAV\\PasswordExtension.Win.exe", "FileVersion": "5.16.203.0", "Description": "TotalAV  Password Vault Browser Assistant", "Product": "TotalAV Ultimate Antivirus", "Company": "TotalAV", "OriginalFileName": "PasswordExtension.Win.exe", "CommandLine": "\"C:\\Program Files (x86)\\TotalAV\\PasswordExtension.Win.exe\"  chrome-extension://nhmijhgkfdhekaofhdkgdpmgidbijbnh/ --parent-window=0 ", "CurrentDirectory": "C:\\Program Files (x86)\\TotalAV\\", "User": "MSI\\Annie", "LogonGuid": "{7590a8e8-5540-625f-79b5-c80f00000000}", "LogonId": "0x000000000fc8b579", "TerminalSessionId": "5", "IntegrityLevel": "Medium", "Hashes": "MD5=E14937C4646335017476A7464E880424,SHA256=F8CF2439CCF3B51AE76785BCD3FD9E9FF52FB3CFAA608CCD1AE21DAD4C8561BD,IMPHASH=BF1462CE2CFA173883D7AC57D7AF7B93", "ParentProcessGuid": "{7590a8e8-5792-625f-fe69-000000003600}", "ParentProcessId": "31600", "ParentImage": "C:\\Windows\\System32\\cmd.exe", "ParentCommandLine": "C:\\Windows\\system32\\cmd.exe /d /c \"C:\\Program Files (x86)\\TotalAV\\PasswordExtension.Win.exe\" chrome-extension://nhmijhgkfdhekaofhdkgdpmgidbijbnh/ --parent-window=0 &lt; \\\\.\\pipe\\chrome.nativeMessaging.in.e8cbf09b271080e6 &gt; \\\\.\\pipe\\chrome.nativeMessaging.out.e8cbf09b271080e6", "ParentUser": "MSI\\Annie"}}
{"Record": "6", "System": {"EventID": "1", "Version": "5", "Level": "4", "Task": "1", "Opcode": "0", "Keywords": "0x8000000000000000", "TimeCreated": {"SystemTime": "2022-04-20 00:45:06.418528"}, "EventRecordID": "869156", "Correlation": {"ActivityID": "", "RealatedActivityID": ""}, "Execution": {"ProcessID": "5992", "ThreadID": "8020"}, "Channel": "Microsoft-Windows-Sysmon/Operational", "Computer": "MSI", "Security": {"UserID": "S-1-5-18"}}, "Event Data": {"RuleName": "-", "UtcTime": "2022-04-20 00:45:06.414", "ProcessGuid": "{7590a8e8-5792-625f-016a-000000003600}", "ProcessId": "24308", "Image": "C:\\Windows\\System32\\CompPkgSrv.exe", "FileVersion": "10.0.19041.746 (WinBuild.160101.0800)", "Description": "Component Package Support Server", "Product": "Microsoft&#174; Windows&#174; Operating System", "Company": "Microsoft Corporation", "OriginalFileName": "CompPkgSrv.exe", "CommandLine": "C:\\Windows\\System32\\CompPkgSrv.exe -Embedding", "CurrentDirectory": "C:\\Windows\\system32\\", "User": "MSI\\Annie", "LogonGuid": "{7590a8e8-5540-625f-79b5-c80f00000000}", "LogonId": "0x000000000fc8b579", "TerminalSessionId": "5", "IntegrityLevel": "Low", "Hashes": "MD5=CEFF6949F934D465DB8F19B07E81AC78,SHA256=34D5F40785A62BB26B49976212CCE6673BF0CCA04F50038626C704236F497E13,IMPHASH=A806C273820A599A220B6B95DB94A6ED", "ParentProcessGuid": "{7590a8e8-8a52-625b-0e00-000000003600}", "ParentProcessId": "1156", "ParentImage": "C:\\Windows\\System32\\svchost.exe", "ParentCommandLine": "C:\\Windows\\system32\\svchost.exe -k DcomLaunch -p", "ParentUser": "NT AUTHORITY\\SYSTEM"}}
{"Record": "7", "System": {"EventID": "1", "Version": "5", "Level": "4", "Task": "1", "Opcode": "0", "Keywords": "0x8000000000000000", "TimeCreated": {"SystemTime": "2022-04-20 00:45:08.086716"}, "EventRecordID": "869157", "Correlation": {"ActivityID": "", "RealatedActivityID": ""}, "Execution": {"ProcessID": "5992", "ThreadID": "8020"}, "Channel": "Microsoft-Windows-Sysmon/Operational", "Computer": "MSI", "Security": {"UserID": "S-1-5-18"}}, "Event Data": {"RuleName": "-", "UtcTime": "2022-04-20 00:45:08.077", "ProcessGuid": "{7590a8e8-5794-625f-086a-000000003600}", "ProcessId": "20136", "Image": "C:\\Windows\\System32\\svchost.exe", "FileVersion": "10.0.19041.1566 (WinBuild.160101.0800)", "Description": "Host Process for Windows Services", "Product": "Microsoft&#174; Windows&#174; Operating System", "Company": "Microsoft Corporation", "OriginalFileName": "svchost.exe", "CommandLine": "C:\\Windows\\system32\\svchost.exe -k netsvcs -p -s gpsvc", "CurrentDirectory": "C:\\Windows\\system32\\", "User": "NT AUTHORITY\\SYSTEM", "LogonGuid": "{7590a8e8-8a52-625b-e703-000000000000}", "LogonId": "0x00000000000003e7", "TerminalSessionId": "0", "IntegrityLevel": "System", "Hashes": "MD5=CD10CB894BE2128FCA0BF0E2B0C27C16,SHA256=F3FEB95E7BCFB0766A694D93FCA29EDA7E2CA977C2395B4BE75242814EB6D881,IMPHASH=F9BBD96FAE53B7A31264A703CAFA0666", "ParentProcessGuid": "{7590a8e8-8a52-625b-0b00-000000003600}", "ParentProcessId": "880", "ParentImage": "C:\\Windows\\System32\\services.exe", "ParentCommandLine": "C:\\Windows\\system32\\services.exe", "ParentUser": "NT AUTHORITY\\SYSTEM"}}
{"Record": "8", "System": {"EventID": "22", "Version": "5", "Level": "4", "Task": "22", "Opcode": "0", "Keywords": "0x8000000000000000", "TimeCreated": {"SystemTime": "2022-04-20 00:45:08.110355"}, "EventRecordID": "869158", "Correlation": {"ActivityID": "", "RealatedActivityID": ""}, "Execution": {"ProcessID": "5992", "ThreadID": "8084"}, "Channel": "Microsoft-Windows-Sysmon/Operational", "Computer": "MSI", "Security": {"UserID": "S-1-5-18"}}, "Event Data": {"RuleName": "-", "UtcTime": "2022-04-20 00:47:09.608", "ProcessGuid": "{7590a8e8-5790-625f-f269-000000003600}", "ProcessId": "13676", "QueryName": "2022-04-20 00:47:09.608", "QueryStatus": "{7590a8e8-5790-625f-f269-000000003600}", "QueryResults": "13676", "Image": "C:\\Program Files\\Google\\Chrome\\Application\\chrome.exe", "User": "MSI\\Annie"}}
{"Record": "9", "System": {"EventID": "22", "Version": "5", "Level": "4", "Task": "22", "Opcode": "0", "Keywords": "0x8000000000000000", "TimeCreated": {"SystemTime": "2022-04-20 00:45:08.110922"}, "EventRecordID": "869159", "Correlation": {"ActivityID": "", "RealatedActivityID": ""}, "Execution": {"ProcessID": "5992", "ThreadID": "8084"}, "Channel": "Microsoft-Windows-Sysmon/Operational", "Computer": "MSI", "Security": {"UserID": "S-1-5-18"}}, "Event Data": {"RuleName": "-", "UtcTime": "2022-04-20 00:47:11.501", "ProcessGuid": "{7590a8e8-5790-625f-f269-000000003600}", "ProcessId": "13676", "QueryName": "2022-04-20 00:47:11.501", "QueryStatus": "{7590a8e8-5790-625f-f269-000000003600}", "QueryResults": "13676", "Image": "C:\\Program Files\\Google\\Chrome\\Application\\chrome.exe", "User": "MSI\\Annie"}}
{"Record": "10", "System": {"EventID": "22", "Version": "5", "Level": "4", "Task": "22", "Opcode": "0", "Keywords": "0x8000000000000000", "TimeCreated": {"SystemTime": "2022-04-20 00:45:08.111071"}, "EventRecordID": "869160", "Correlation": {"ActivityID": "", "RealatedActivityID": ""}, "Execution": {"ProcessID": "5992", "ThreadID": "8084"}, "Channel": "Microsoft-Windows-Sysmon/Operational", "Computer": "MSI", "Security": {"UserID": "S-1-5-18"}}, "Event Data": {"RuleName": "-", "UtcTime": "2022-04-20 00:47:11.507", "ProcessGuid": "{7590a8e8-5790-625f-f269-000000003600}", "ProcessId": "13676", "QueryName": "2022-04-20 00:47:11.507", "QueryStatus": "{7590a8e8-5790-625f-f269-000000003600}", "QueryResults": "13676", "Image": "C:\\Program Files\\Google\\Chrome\\Application\\chrome.exe", "User": "MSI\\Annie"}}
{"Record": "11", "System": {"EventID": "22", "Version": "5", "Level": "4", "Task": "22", "Opcode": "0", "Keywords": "0x8000000000000000", "TimeCreated": {"SystemTime": "2022-04-20 00:45:08.111332"}, "EventRecordID": "869161", "Correlation": {"ActivityID": "", "RealatedActivityID": ""}, "Execution": {"ProcessID": "5992", "ThreadID": "8084"}, "Channel": "Microsoft-Windows-Sysmon/Operational", "Computer": "MSI", "Security": {"UserID": "S-1-5-18"}}, "Event Data": {"RuleName": "-", "UtcTime": "2022-04-20 00:47:11.526", "ProcessGuid": "{7590a8e8-5790-625f-f269-000000003600}", "ProcessId": "13676", "QueryName": "2022-04-20 00:47:11.526", "QueryStatus": "{7590a8e8-5790-625f-f269-000000003600}", "QueryResults": "13676", "Image": "C:\\Program Files\\Google\\Chrome\\Application\\chrome.exe", "User": "MSI\\Annie"}}
{"Record": "12", "System": {"EventID": "22", "Version": "5", "Level": "4", "Task": "22", "Opcode": "0", "Keywords": "0x8000000000000000", "TimeCreated": {"SystemTime": "2022-04-20 00:45:08.111475"}, "EventRecordID": "869162", "Correlation": {"ActivityID": "", "RealatedActivityID": ""}, "Execution": {"ProcessID": "5992", "ThreadID": "8084"}, "Channel": "Microsoft-Windows-Sysmon/Operational", "Computer": "MSI", "Security": {"UserID": "S-1-5-18"}}, "Event Data": {"RuleName": "-", "UtcTime": "2022-04-20 00:47:11.545", "ProcessGuid": "{7590a8e8-5790-625f-f269-000000003600}", "ProcessId": "13676", "QueryName": "2022-04-20 00:47:11.545", "QueryStatus": "{7590a8e8-5790-625f-f269-000000003600}", "QueryResults": "13676", "Image": "C:\\Program Files\\Google\\Chrome\\Application\\chrome.exe", "User": "MSI\\Annie"}}
{"Record": "13", "System": {"EventID": "22", "Version": "5", "Level": "4", "Task": "22", "Opcode": "0", "Keywords": "0x8000000000000000", "TimeCreated": {"SystemTime": "2022-04-20 00:45:11.140352"}, "EventRecordID": "869163", "Correlation": {"ActivityID": "", "RealatedActivityID": ""}, "Execution": {"ProcessID": "5992", "ThreadID": "8084"}, "Channel": "Microsoft-Windows-Sysmon/Operational", "Computer": "MSI", "Security": {"UserID": "S-1-5-18"}}, "Event Data": {"RuleName": "-", "UtcTime": "2022-04-20 00:47:13.227", "ProcessGuid": "{7590a8e8-5790-625f-f269-000000003600}", "ProcessId": "13676", "QueryName": "2022-04-20 00:47:13.227", "QueryStatus": "{7590a8e8-5790-625f-f269-000000003600}", "QueryResults": "13676", "Image": "C:\\Program Files\\Google\\Chrome\\Application\\chrome.exe", "User": "MSI\\Annie"}}
{"Record": "14", "System": {"EventID": "22", "Version": "5", "Level": "4", "Task": "22", "Opcode": "0", "Keywords": "0x8000000000000000", "TimeCreated": {"SystemTime": "2022-04-20 00:45:11.140699"}, "EventRecordID": "869164", "Correlation": {"ActivityID": "", "RealatedActivityID": ""}, "Execution": {"ProcessID": "5992", "ThreadID": "8084"}, "Channel": "Microsoft-Windows-Sysmon/Operational", "Computer": "MSI", "Security": {"UserID": "S-1-5-18"}}, "Event Data": {"RuleName": "-", "UtcTime": "2022-04-20 00:47:13.389", "ProcessGuid": "{7590a8e8-5790-625f-f269-000000003600}", "ProcessId": "13676", "QueryName": "2022-04-20 00:47:13.389", "QueryStatus": "{7590a8e8-5790-625f-f269-000000003600}", "QueryResults": "13676", "Image": "C:\\Program Files\\Google\\Chrome\\Application\\chrome.exe", "User": "MSI\\Annie"}}
{"Record": "15", "System": {"EventID": "22", "Version": "5", "Level": "4", "Task": "22", "Opcode": "0", "Keywords": "0x8000000000000000", "TimeCreated": {"SystemTime": "2022-04-20 00:45:11.140888"}, "EventRecordID": "869165", "Correlation": {"ActivityID": "", "RealatedActivityID": ""}, "Execution": {"ProcessID": "5992", "ThreadID": "8084"}, "Channel": "Microsoft-Windows-Sysmon/Operational", "Computer": "MSI", "Security": {"UserID": "S-1-5-18"}}, "Event Data": {"RuleName": "-", "UtcTime": "2022-04-20 00:47:13.808", "ProcessGuid": "{7590a8e8-5790-625f-f269-000000003600}", "ProcessId": "13676", "QueryName": "2022-04-20 00:47:13.808", "QueryStatus": "{7590a8e8-5790-625f-f269-000000003600}", "QueryResults": "13676", "Image": "C:\\Program Files\\Google\\Chrome\\Application\\chrome.exe", "User": "MSI\\Annie"}}
{"Record": "16", "System": {"EventID": "22", "Version": "5", "Level": "4", "Task": "22", "Opcode": "0", "Keywords": "0x8000000000000000", "TimeCreated": {"SystemTime": "2022-04-20 00:45:11.141098"}, "EventRecordID": "869166", "Correlation": {"ActivityID": "", "RealatedActivityID": ""}, "Execution": {"ProcessID": "5992", "ThreadID": "8084"}, "Channel": "Microsoft-Windows-Sysmon/Operational", "Computer": "MSI", "Security": {"UserID": "S-1-5-18"}}, "Event Data": {"RuleName": "-", "UtcTime": "2022-04-20 00:47:14.077", "ProcessGuid": "{7590a8e8-5790-625f-f269-000000003600}", "ProcessId": "13676", "QueryName": "2022-04-20 00:47:14.077", "QueryStatus": "{7590a8e8-5790-625f-f269-000000003600}", "QueryResults": "13676", "Image": "C:\\Program Files\\Google\\Chrome\\Application\\chrome.exe", "User": "MSI\\Annie"}}
{"Record": "17", "System": {"EventID": "22", "Version": "5", "Level": "4", "Task": "22", "Opcode": "0", "Keywords": "0x8000000000000000", "TimeCreated": {"SystemTime": "2022-04-20 00:45:11.141251"}, "EventRecordID": "869167", "Correlation": {"ActivityID": "", "RealatedActivityID": ""}, "Execution": {"ProcessID": "5992", "ThreadID": "8084"}, "Channel": "Microsoft-Windows-Sysmon/Operational", "Computer": "MSI", "Security": {"UserID": "S-1-5-18"}}, "Event Data": {"RuleName": "-", "UtcTime": "2022-04-20 00:47:14.096", "ProcessGuid": "{7590a8e8-5790-625f-f269-000000003600}", "ProcessId": "13676", "QueryName": "2022-04-20 00:47:14.096", "QueryStatus": "{7590a8e8-5790-625f-f269-000000003600}", "QueryResults": "13676", "Image": "C:\\Program Files\\Google\\Chrome\\Application\\chrome.exe", "User": "MSI\\Annie"}}
{"Record": "18", "System": {"EventID": "22", "Version": "5", "Level": "4", "Task": "22", "Opcode": "0", "Keywords": "0x8000000000000000", "TimeCreated": {"SystemTime": "2022-04-20 00:45:11.141434"}, "EventRecordID": "869168", "Correlation": {"ActivityID": "", "RealatedActivityID": ""}, "Execution": {"ProcessID": "5992", "ThreadID": "8084"}, "Channel": "Microsoft-Windows-Sysmon/Operational", "Computer": "MSI", "Security": {"UserID": "S-1-5-18"}}, "Event Data": {"RuleName": "-", "UtcTime": "2022-04-20 00:47:14.124", "ProcessGuid": "{7590a8e8-5790-625f-f269-000000003600}", "ProcessId": "13676", "QueryName": "2022-04-20 00:47:14.124", "QueryStatus": "{7590a8e8-5790-625f-f269-000000003600}", "QueryResults": "13676", "Image": "C:\\Program Files\\Google\\Chrome\\Application\\chrome.exe", "User": "MSI\\Annie"}}
{"Record": "19", "System": {"EventID": "22", "Version": "5", "Level": "4", "Task": "22", "Opcode": "0", "Keywords": "0x8000000000000000", "TimeCreated": {"SystemTime": "2022-04-20 00:45:11.141882"}, "EventRecordID": "869169", "Correlation": {"ActivityID": "", "RealatedActivityID": ""}, "Execution": {"ProcessID": "5992", "ThreadID": "8084"}, "Channel": "Microsoft-Windows-Sysmon/Operational", "Computer": "MSI", "Security": {"UserID": "S-1-5-18"}}, "Event Data": {"RuleName": "-", "UtcTime": "2022-04-20 00:47:14.173", "ProcessGuid": "{7590a8e8-5790-625f-f269-000000003600}", "ProcessId": "13676", "QueryName": "2022-04-20 00:47:14.173", "QueryStatus": "{7590a8e8-5790-625f-f269-000000003600}", "QueryResults": "13676", "Image": "C:\\Program Files\\Google\\Chrome\\Application\\chrome.exe", "User": "MSI\\Annie"}}
{"Record": "20", "System": {"EventID": "22", "Version": "5", "Level": "4", "Task": "22", "Opcode": "0", "Keywords": "0x8000000000000000", "TimeCreated": {"SystemTime": "2022-04-20 00:45:12.152218"}, "EventRecordID": "869170", "Correlation": {"ActivityID": "", "RealatedActivityID": ""}, "Execution": {"ProcessID": "5992", "ThreadID": "8084"}, "Channel": "Microsoft-Windows-Sysmon/Operational", "Computer": "MSI", "Security": {"UserID": "S-1-5-18"}}, "Event Data": {"RuleName": "-", "UtcTime": "2022-04-20 00:47:14.196", "ProcessGuid": "{7590a8e8-5790-625f-f269-000000003600}", "ProcessId": "13676", "QueryName": "2022-04-20 00:47:14.196", "QueryStatus": "{7590a8e8-5790-625f-f269-000000003600}", "QueryResults": "13676", "Image": "C:\\Program Files\\Google\\Chrome\\Application\\chrome.exe", "User": "MSI\\Annie"}}
{"Record": "21", "System": {"EventID": "22", "Version": "5", "Level": "4", "Task": "22", "Opcode": "0", "Keywords": "0x8000000000000000", "TimeCreated": {"SystemTime": "2022-04-20 00:45:12.152300"}, "EventRecordID": "869171", "Correlation": {"ActivityID": "", "RealatedActivityID": ""}, "Execution": {"ProcessID": "5992", "ThreadID": "8084"}, "Channel": "Microsoft-Windows-Sysmon/Operational", "Computer": "MSI", "Security": {"UserID": "S-1-5-18"}}, "Event Data": {"RuleName": "-", "UtcTime": "2022-04-20 00:47:14.211", "ProcessGuid": "{7590a8e8-5790-625f-f269-000000003600}", "ProcessId": "13676", "QueryName": "2022-04-20 00:47:14.211", "QueryStatus": "{7590a8e8-5790-625f-f269-000000003600}", "QueryResults": "13676", "Image": "C:\\Program Files\\Google\\Chrome\\Application\\chrome.exe", "User": "MSI\\Annie"}}
{"Record": "22", "System": {"EventID": "22", "Version": "5", "Level": "4", "Task": "22", "Opcode": "0", "Keywords": "0x8000000000000000", "TimeCreated": {"SystemTime": "2022-04-20 00:45:12.152374"}, "EventRecordID": "869172", "Correlation": {"ActivityID": "", "RealatedActivityID": ""}, "Execution": {"ProcessID": "5992", "ThreadID": "8084"}, "Channel": "Microsoft-Windows-Sysmon/Operational", "Computer": "MSI", "Security": {"UserID": "S-1-5-18"}}, "Event Data": {"RuleName": "-", "UtcTime": "2022-04-20 00:47:14.212", "ProcessGuid": "{7590a8e8-5790-625f-f269-000000003600}", "ProcessId": "13676", "QueryName": "2022-04-20 00:47:14.212", "QueryStatus": "{7590a8e8-5790-625f-f269-000000003600}", "QueryResults": "13676", "Image": "C:\\Program Files\\Google\\Chrome\\Application\\chrome.exe", "User": "MSI\\Annie"}}
{"Record": "23", "System": {"EventID": "22", "Version": "5", "Level": "4", "Task": "22", "Opcode": "0", "Keywords": "0x8000000000000000", "TimeCreated": {"SystemTime": "2022-04-20 00:45:12.152504"}, "EventRecordID": "869173", "Correlation": {"ActivityID": "", "RealatedActivityID": ""}, "Execution": {"ProcessID": "5992", "ThreadID": "8084"}, "Channel": "Microsoft-Windows-Sysmon/Operational", "Computer": "MSI", "Security": {"UserID": "S-1-5-18"}}, "Event Data": {"RuleName": "-", "UtcTime": "2022-04-20 00:47:15.171", "ProcessGuid": "{7590a8e8-5790-625f-f269-000000003600}", "ProcessId": "13676", "QueryName": "2022-04-20 00:47:15.171", "QueryStatus": "{7590a8e8-5790-625f-f269-000000003600}", "QueryResults": "13676", "Image": "C:\\Program Files\\Google\\Chrome\\Application\\chrome.exe", "User": "MSI\\Annie"}}
{"Record": "24", "System": {"EventID": "22", "Version": "5", "Level": "4", "Task": "22", "Opcode": "0", "Keywords": "0x8000000000000000", "TimeCreated": {"SystemTime": "2022-04-20 00:45:13.167513"}, "EventRecordID": "869174", "Correlation": {"ActivityID": "", "RealatedActivityID": ""}, "Execution": {"ProcessID": "5992", "ThreadID": "8084"}, "Channel": "Microsoft-Windows-Sysmon/Operational", "Computer": "MSI", "Security": {"UserID": "S-1-5-18"}}, "Event Data": {"RuleName": "-", "UtcTime": "2022-04-20 00:47:15.595", "ProcessGuid": "{7590a8e8-5790-625f-f269-000000003600}", "ProcessId": "13676", "QueryName": "2022-04-20 00:47:15.595", "QueryStatus": "{7590a8e8-5790-625f-f269-000000003600}", "QueryResults": "13676", "Image": "C:\\Program Files\\Google\\Chrome\\Application\\chrome.exe", "User": "MSI\\Annie"}}
{"Record": "25", "System": {"EventID": "22", "Version": "5", "Level": "4", "Task": "22", "Opcode": "0", "Keywords": "0x8000000000000000", "TimeCreated": {"SystemTime": "2022-04-20 00:45:13.167576"}, "EventRecordID": "869175", "Correlation": {"ActivityID": "", "RealatedActivityID": ""}, "Execution": {"ProcessID": "5992", "ThreadID": "8084"}, "Channel": "Microsoft-Windows-Sysmon/Operational", "Computer": "MSI", "Security": {"UserID": "S-1-5-18"}}, "Event Data": {"RuleName": "-", "UtcTime": "2022-04-20 00:47:15.596", "ProcessGuid": "{7590a8e8-5790-625f-f269-000000003600}", "ProcessId": "13676", "QueryName": "2022-04-20 00:47:15.596", "QueryStatus": "{7590a8e8-5790-625f-f269-000000003600}", "QueryResults": "13676", "Image": "C:\\Program Files\\Google\\Chrome\\Application\\chrome.exe", "User": "MSI\\Annie"}}
{"Record": "26", "System": {"EventID": "22", "Version": "5", "Level": "4", "Task": "22", "Opcode": "0", "Keywords": "0x8000000000000000", "TimeCreated": {"SystemTime": "2022-04-20 00:45:13.168020"}, "EventRecordID": "869176", "Correlation": {"ActivityID": "", "RealatedActivityID": ""}, "Execution": {"ProcessID": "5992", "ThreadID": "8084"}, "Channel": "Microsoft-Windows-Sysmon/Operational", "Computer": "MSI", "Security": {"UserID": "S-1-5-18"}}, "Event Data": {"RuleName": "-", "UtcTime": "2022-04-20 00:47:15.893", "ProcessGuid": "{7590a8e8-5790-625f-f269-000000003600}", "ProcessId": "13676", "QueryName": "2022-04-20 00:47:15.893", "QueryStatus": "{7590a8e8-5790-625f-f269-000000003600}", "QueryResults": "13676", "Image": "C:\\Program Files\\Google\\Chrome\\Application\\chrome.exe", "User": "MSI\\Annie"}}
{"Record": "27", "System": {"EventID": "22", "Version": "5", "Level": "4", "Task": "22", "Opcode": "0", "Keywords": "0x8000000000000000", "TimeCreated": {"SystemTime": "2022-04-20 00:45:14.171024"}, "EventRecordID": "869177", "Correlation": {"ActivityID": "", "RealatedActivityID": ""}, "Execution": {"ProcessID": "5992", "ThreadID": "8084"}, "Channel": "Microsoft-Windows-Sysmon/Operational", "Computer": "MSI", "Security": {"UserID": "S-1-5-18"}}, "Event Data": {"RuleName": "-", "UtcTime": "2022-04-20 00:47:16.631", "ProcessGuid": "{7590a8e8-5790-625f-f269-000000003600}", "ProcessId": "13676", "QueryName": "2022-04-20 00:47:16.631", "QueryStatus": "{7590a8e8-5790-625f-f269-000000003600}", "QueryResults": "13676", "Image": "C:\\Program Files\\Google\\Chrome\\Application\\chrome.exe", "User": "MSI\\Annie"}}
{"Record": "28", "System": {"EventID": "22", "Version": "5", "Level": "4", "Task": "22", "Opcode": "0", "Keywords": "0x8000000000000000", "TimeCreated": {"SystemTime": "2022-04-20 00:45:14.171089"}, "EventRecordID": "869178", "Correlation": {"ActivityID": "", "RealatedActivityID": ""}, "Execution": {"ProcessID": "5992", "ThreadID": "8084"}, "Channel": "Microsoft-Windows-Sysmon/Operational", "Computer": "MSI", "Security": {"UserID": "S-1-5-18"}}, "Event Data": {"RuleName": "-", "UtcTime": "2022-04-20 00:47:16.679", "ProcessGuid": "{7590a8e8-5790-625f-f269-000000003600}", "ProcessId": "13676", "QueryName": "2022-04-20 00:47:16.679", "QueryStatus": "{7590a8e8-5790-625f-f269-000000003600}", "QueryResults": "13676", "Image": "C:\\Program Files\\Google\\Chrome\\Application\\chrome.exe", "User": "MSI\\Annie"}}
{"Record": "29", "System": {"EventID": "22", "Version": "5", "Level": "4", "Task": "22", "Opcode": "0", "Keywords": "0x8000000000000000", "TimeCreated": {"SystemTime": "2022-04-20 00:45:14.171232"}, "EventRecordID": "869179", "Correlation": {"ActivityID": "", "RealatedActivityID": ""}, "Execution": {"ProcessID": "5992", "ThreadID": "8084"}, "Channel": "Microsoft-Windows-Sysmon/Operational", "Computer": "MSI", "Security": {"UserID": "S-1-5-18"}}, "Event Data": {"RuleName": "-", "UtcTime": "2022-04-20 00:47:17.415", "ProcessGuid": "{7590a8e8-5790-625f-f269-000000003600}", "ProcessId": "13676", "QueryName": "2022-04-20 00:47:17.415", "QueryStatus": "{7590a8e8-5790-625f-f269-000000003600}", "QueryResults": "13676", "Image": "C:\\Program Files\\Google\\Chrome\\Application\\chrome.exe", "User": "MSI\\Annie"}}
{"Record": "30", "System": {"EventID": "1", "Version": "5", "Level": "4", "Task": "1", "Opcode": "0", "Keywords": "0x8000000000000000", "TimeCreated": {"SystemTime": "2022-04-20 00:45:15.390419"}, "EventRecordID": "869180", "Correlation": {"ActivityID": "", "RealatedActivityID": ""}, "Execution": {"ProcessID": "5992", "ThreadID": "8020"}, "Channel": "Microsoft-Windows-Sysmon/Operational", "Computer": "MSI", "Security": {"UserID": "S-1-5-18"}}, "Event Data": {"RuleName": "-", "UtcTime": "2022-04-20 00:45:15.386", "ProcessGuid": "{7590a8e8-579b-625f-116a-000000003600}", "ProcessId": "3088", "Image": "C:\\Windows\\System32\\WindowsPowerShell\\v1.0\\powershell.exe", "FileVersion": "10.0.19041.546 (WinBuild.160101.0800)", "Description": "Windows PowerShell", "Product": "Microsoft&#174; Windows&#174; Operating System", "Company": "Microsoft Corporation", "OriginalFileName": "PowerShell.EXE", "CommandLine": "powershell.exe \"C:\\Users\\Annie\\Desktop\\attackhost_v_1_0_2DEV\\powershell\\collection\\Attack-Script-T1119_4.ps1 C:\\Users\\Annie\\Desktop\\attackhost_v_1_0_2DEV\\data\\output\\AttackResults\\Attack-T1119_4-1.out\"", "CurrentDirectory": "C:\\Users\\Annie\\Desktop\\attackhost_v_1_0_2DEV\\", "User": "MSI\\Annie", "LogonGuid": "{7590a8e8-5540-625f-cdb4-c80f00000000}", "LogonId": "0x000000000fc8b4cd", "TerminalSessionId": "5", "IntegrityLevel": "High", "Hashes": "MD5=04029E121A0CFA5991749937DD22A1D9,SHA256=9F914D42706FE215501044ACD85A32D58AAEF1419D404FDDFA5D3B48F66CCD9F,IMPHASH=7C955A0ABC747F57CCC4324480737EF7", "ParentProcessGuid": "{7590a8e8-572d-625f-d369-000000003600}", "ParentProcessId": "19836", "ParentImage": "C:\\Users\\Annie\\anaconda3\\python.exe", "ParentCommandLine": "C:\\Users\\Annie\\anaconda3\\python.exe c:\\Users\\Annie\\Desktop\\attackhost_v_1_0_2DEV\\app.py", "ParentUser": "MSI\\Annie"}}
{"Record": "31", "System": {"EventID": "11", "Version": "2", "Level": "4", "Task": "11", "Opcode": "0", "Keywords": "0x8000000000000000", "TimeCreated": {"SystemTime": "2022-04-20 00:45:15.475069"}, "EventRecordID": "869181", "Correlation": {"ActivityID": "", "RealatedActivityID": ""}, "Execution": {"ProcessID": "5992", "ThreadID": "8020"}, "Channel": "Microsoft-Windows-Sysmon/Operational", "Computer": "MSI", "Security": {"UserID": "S-1-5-18"}}, "Event Data": {"RuleName": "-", "UtcTime": "2022-04-20 00:45:15.474", "ProcessGuid": "{7590a8e8-579b-625f-116a-000000003600}", "ProcessId": "3088", "Image": "C:\\Windows\\System32\\WindowsPowerShell\\v1.0\\powershell.exe", "TargetFilename": "C:\\Users\\Annie\\AppData\\Local\\Temp\\__PSScriptPolicyTest_lh0s1rer.iab.ps1", "CreationUtcTime": "2022-04-20 00:45:15.474", "User": "MSI\\Annie"}}
{"Record": "32", "System": {"EventID": "1", "Version": "5", "Level": "4", "Task": "1", "Opcode": "0", "Keywords": "0x8000000000000000", "TimeCreated": {"SystemTime": "2022-04-20 00:45:15.780195"}, "EventRecordID": "869182", "Correlation": {"ActivityID": "", "RealatedActivityID": ""}, "Execution": {"ProcessID": "5992", "ThreadID": "8020"}, "Channel": "Microsoft-Windows-Sysmon/Operational", "Computer": "MSI", "Security": {"UserID": "S-1-5-18"}}, "Event Data": {"RuleName": "-", "UtcTime": "2022-04-20 00:45:15.778", "ProcessGuid": "{7590a8e8-579b-625f-126a-000000003600}", "ProcessId": "11556", "Image": "C:\\Windows\\System32\\cmd.exe", "FileVersion": "10.0.19041.746 (WinBuild.160101.0800)", "Description": "Windows Command Processor", "Product": "Microsoft&#174; Windows&#174; Operating System", "Company": "Microsoft Corporation", "OriginalFileName": "Cmd.Exe", "CommandLine": "\"C:\\Windows\\system32\\cmd.exe\" /c \"sc query type=service\"", "CurrentDirectory": "C:\\Users\\Annie\\Desktop\\attackhost_v_1_0_2DEV\\", "User": "MSI\\Annie", "LogonGuid": "{7590a8e8-5540-625f-cdb4-c80f00000000}", "LogonId": "0x000000000fc8b4cd", "TerminalSessionId": "5", "IntegrityLevel": "High", "Hashes": "MD5=8A2122E8162DBEF04694B9C3E0B6CDEE,SHA256=B99D61D874728EDC0918CA0EB10EAB93D381E7367E377406E65963366C874450,IMPHASH=272245E2988E1E430500B852C4FB5E18", "ParentProcessGuid": "{7590a8e8-579b-625f-116a-000000003600}", "ParentProcessId": "3088", "ParentImage": "C:\\Windows\\System32\\WindowsPowerShell\\v1.0\\powershell.exe", "ParentCommandLine": "powershell.exe \"C:\\Users\\Annie\\Desktop\\attackhost_v_1_0_2DEV\\powershell\\collection\\Attack-Script-T1119_4.ps1 C:\\Users\\Annie\\Desktop\\attackhost_v_1_0_2DEV\\data\\output\\AttackResults\\Attack-T1119_4-1.out\"", "ParentUser": "MSI\\Annie"}}
{"Record": "33", "System": {"EventID": "1", "Version": "5", "Level": "4", "Task": "1", "Opcode": "0", "Keywords": "0x8000000000000000", "TimeCreated": {"SystemTime": "2022-04-20 00:45:15.797674"}, "EventRecordID": "869183", "Correlation": {"ActivityID": "", "RealatedActivityID": ""}, "Execution": {"ProcessID": "5992", "ThreadID": "8020"}, "Channel": "Microsoft-Windows-Sysmon/Operational", "Computer": "MSI", "Security": {"UserID": "S-1-5-18"}}, "Event Data": {"RuleName": "-", "UtcTime": "2022-04-20 00:45:15.795", "ProcessGuid": "{7590a8e8-579b-625f-136a-000000003600}", "ProcessId": "18888", "Image": "C:\\Windows\\System32\\sc.exe", "FileVersion": "10.0.19041.1 (WinBuild.160101.0800)", "Description": "Service Control Manager Configuration Tool", "Product": "Microsoft&#174; Windows&#174; Operating System", "Company": "Microsoft Corporation", "OriginalFileName": "sc.exe", "CommandLine": "sc  query type=service", "CurrentDirectory": "C:\\Users\\Annie\\Desktop\\attackhost_v_1_0_2DEV\\", "User": "MSI\\Annie", "LogonGuid": "{7590a8e8-5540-625f-cdb4-c80f00000000}", "LogonId": "0x000000000fc8b4cd", "TerminalSessionId": "5", "IntegrityLevel": "High", "Hashes": "MD5=3FB5CF71F7E7EB49790CB0E663434D80,SHA256=41F067C3A11B02FE39947F9EBA68AE5C7CB5BD1872A6009A4CD1506554A9ABA9,IMPHASH=803254E010814E69947095A2725B2AFD", "ParentProcessGuid": "{7590a8e8-579b-625f-126a-000000003600}", "ParentProcessId": "11556", "ParentImage": "C:\\Windows\\System32\\cmd.exe", "ParentCommandLine": "\"C:\\Windows\\system32\\cmd.exe\" /c \"sc query type=service\"", "ParentUser": "MSI\\Annie"}}
{"Record": "34", "System": {"EventID": "1", "Version": "5", "Level": "4", "Task": "1", "Opcode": "0", "Keywords": "0x8000000000000000", "TimeCreated": {"SystemTime": "2022-04-20 00:45:15.891951"}, "EventRecordID": "869184", "Correlation": {"ActivityID": "", "RealatedActivityID": ""}, "Execution": {"ProcessID": "5992", "ThreadID": "8020"}, "Channel": "Microsoft-Windows-Sysmon/Operational", "Computer": "MSI", "Security": {"UserID": "S-1-5-18"}}, "Event Data": {"RuleName": "-", "UtcTime": "2022-04-20 00:45:15.890", "ProcessGuid": "{7590a8e8-579b-625f-146a-000000003600}", "ProcessId": "12416", "Image": "C:\\Windows\\System32\\cmd.exe", "FileVersion": "10.0.19041.746 (WinBuild.160101.0800)", "Description": "Windows Command Processor", "Product": "Microsoft&#174; Windows&#174; Operating System", "Company": "Microsoft Corporation", "OriginalFileName": "Cmd.Exe", "CommandLine": "\"C:\\Windows\\system32\\cmd.exe\" /c \"doskey /history\"", "CurrentDirectory": "C:\\Users\\Annie\\Desktop\\attackhost_v_1_0_2DEV\\", "User": "MSI\\Annie", "LogonGuid": "{7590a8e8-5540-625f-cdb4-c80f00000000}", "LogonId": "0x000000000fc8b4cd", "TerminalSessionId": "5", "IntegrityLevel": "High", "Hashes": "MD5=8A2122E8162DBEF04694B9C3E0B6CDEE,SHA256=B99D61D874728EDC0918CA0EB10EAB93D381E7367E377406E65963366C874450,IMPHASH=272245E2988E1E430500B852C4FB5E18", "ParentProcessGuid": "{7590a8e8-579b-625f-116a-000000003600}", "ParentProcessId": "3088", "ParentImage": "C:\\Windows\\System32\\WindowsPowerShell\\v1.0\\powershell.exe", "ParentCommandLine": "powershell.exe \"C:\\Users\\Annie\\Desktop\\attackhost_v_1_0_2DEV\\powershell\\collection\\Attack-Script-T1119_4.ps1 C:\\Users\\Annie\\Desktop\\attackhost_v_1_0_2DEV\\data\\output\\AttackResults\\Attack-T1119_4-1.out\"", "ParentUser": "MSI\\Annie"}}
{"Record": "35", "System": {"EventID": "1", "Version": "5", "Level": "4", "Task": "1", "Opcode": "0", "Keywords": "0x8000000000000000", "TimeCreated": {"SystemTime": "2022-04-20 00:45:15.903067"}, "EventRecordID": "869185", "Correlation": {"ActivityID": "", "RealatedActivityID": ""}, "Execution": {"ProcessID": "5992", "ThreadID": "8020"}, "Channel": "Microsoft-Windows-Sysmon/Operational", "Computer": "MSI", "Security": {"UserID": "S-1-5-18"}}, "Event Data": {"RuleName": "-", "UtcTime": "2022-04-20 00:45:15.901", "ProcessGuid": "{7590a8e8-579b-625f-156a-000000003600}", "ProcessId": "29348", "Image": "C:\\Windows\\System32\\doskey.exe", "FileVersion": "10.0.19041.1 (WinBuild.160101.0800)", "Description": "Keyboard History Utility", "Product": "Microsoft&#174; Windows&#174; Operating System", "Company": "Microsoft Corporation", "OriginalFileName": "DOSKEY.EXE", "CommandLine": "doskey  /history", "CurrentDirectory": "C:\\Users\\Annie\\Desktop\\attackhost_v_1_0_2DEV\\", "User": "MSI\\Annie", "LogonGuid": "{7590a8e8-5540-625f-cdb4-c80f00000000}", "LogonId": "0x000000000fc8b4cd", "TerminalSessionId": "5", "IntegrityLevel": "High", "Hashes": "MD5=B830840C8EF48C927ABFF897022274C4,SHA256=543819E74FD619EA3D45D1AD1640907B16B576813F0F8DF9EA0C63B48DC4E323,IMPHASH=A1EA9D934205151494B8180E6C772F08", "ParentProcessGuid": "{7590a8e8-579b-625f-146a-000000003600}", "ParentProcessId": "12416", "ParentImage": "C:\\Windows\\System32\\cmd.exe", "ParentCommandLine": "\"C:\\Windows\\system32\\cmd.exe\" /c \"doskey /history\"", "ParentUser": "MSI\\Annie"}}
{"Record": "36", "System": {"EventID": "1", "Version": "5", "Level": "4", "Task": "1", "Opcode": "0", "Keywords": "0x8000000000000000", "TimeCreated": {"SystemTime": "2022-04-20 00:45:15.921223"}, "EventRecordID": "869186", "Correlation": {"ActivityID": "", "RealatedActivityID": ""}, "Execution": {"ProcessID": "5992", "ThreadID": "8020"}, "Channel": "Microsoft-Windows-Sysmon/Operational", "Computer": "MSI", "Security": {"UserID": "S-1-5-18"}}, "Event Data": {"RuleName": "-", "UtcTime": "2022-04-20 00:45:15.919", "ProcessGuid": "{7590a8e8-579b-625f-166a-000000003600}", "ProcessId": "20396", "Image": "C:\\Windows\\System32\\cmd.exe", "FileVersion": "10.0.19041.746 (WinBuild.160101.0800)", "Description": "Windows Command Processor", "Product": "Microsoft&#174; Windows&#174; Operating System", "Company": "Microsoft Corporation", "OriginalFileName": "Cmd.Exe", "CommandLine": "\"C:\\Windows\\system32\\cmd.exe\" /c \"wmic process list\"", "CurrentDirectory": "C:\\Users\\Annie\\Desktop\\attackhost_v_1_0_2DEV\\", "User": "MSI\\Annie", "LogonGuid": "{7590a8e8-5540-625f-cdb4-c80f00000000}", "LogonId": "0x000000000fc8b4cd", "TerminalSessionId": "5", "IntegrityLevel": "High", "Hashes": "MD5=8A2122E8162DBEF04694B9C3E0B6CDEE,SHA256=B99D61D874728EDC0918CA0EB10EAB93D381E7367E377406E65963366C874450,IMPHASH=272245E2988E1E430500B852C4FB5E18", "ParentProcessGuid": "{7590a8e8-579b-625f-116a-000000003600}", "ParentProcessId": "3088", "ParentImage": "C:\\Windows\\System32\\WindowsPowerShell\\v1.0\\powershell.exe", "ParentCommandLine": "powershell.exe \"C:\\Users\\Annie\\Desktop\\attackhost_v_1_0_2DEV\\powershell\\collection\\Attack-Script-T1119_4.ps1 C:\\Users\\Annie\\Desktop\\attackhost_v_1_0_2DEV\\data\\output\\AttackResults\\Attack-T1119_4-1.out\"", "ParentUser": "MSI\\Annie"}}
{"Record": "37", "System": {"EventID": "1", "Version": "5", "Level": "4", "Task": "1", "Opcode": "0", "Keywords": "0x8000000000000000", "TimeCreated": {"SystemTime": "2022-04-20 00:45:15.934467"}, "EventRecordID": "869187", "Correlation": {"ActivityID": "", "RealatedActivityID": ""}, "Execution": {"ProcessID": "5992", "ThreadID": "8020"}, "Channel": "Microsoft-Windows-Sysmon/Operational", "Computer": "MSI", "Security": {"UserID": "S-1-5-18"}}, "Event Data": {"RuleName": "-", "UtcTime": "2022-04-20 00:45:15.932", "ProcessGuid": "{7590a8e8-579b-625f-176a-000000003600}", "ProcessId": "31308", "Image": "C:\\Windows\\System32\\wbem\\WMIC.exe", "FileVersion": "10.0.19041.1566 (WinBuild.160101.0800)", "Description": "WMI Commandline Utility", "Product": "Microsoft&#174; Windows&#174; Operating System", "Company": "Microsoft Corporation", "OriginalFileName": "wmic.exe", "CommandLine": "wmic  process list", "CurrentDirectory": "C:\\Users\\Annie\\Desktop\\attackhost_v_1_0_2DEV\\", "User": "MSI\\Annie", "LogonGuid": "{7590a8e8-5540-625f-cdb4-c80f00000000}", "LogonId": "0x000000000fc8b4cd", "TerminalSessionId": "5", "IntegrityLevel": "High", "Hashes": "MD5=631D1967C3065C581A78CC873DDA08F6,SHA256=77F600A11B1D9E96C274E1AB4D6ACEC97255CB504EF25975AC34597BC57F8ADF,IMPHASH=527C7C66CDD13D72D793BCA3A417BCBE", "ParentProcessGuid": "{7590a8e8-579b-625f-166a-000000003600}", "ParentProcessId": "20396", "ParentImage": "C:\\Windows\\System32\\cmd.exe", "ParentCommandLine": "\"C:\\Windows\\system32\\cmd.exe\" /c \"wmic process list\"", "ParentUser": "MSI\\Annie"}}
{"Record": "38", "System": {"EventID": "1", "Version": "5", "Level": "4", "Task": "1", "Opcode": "0", "Keywords": "0x8000000000000000", "TimeCreated": {"SystemTime": "2022-04-20 00:45:16.945127"}, "EventRecordID": "869188", "Correlation": {"ActivityID": "", "RealatedActivityID": ""}, "Execution": {"ProcessID": "5992", "ThreadID": "8020"}, "Channel": "Microsoft-Windows-Sysmon/Operational", "Computer": "MSI", "Security": {"UserID": "S-1-5-18"}}, "Event Data": {"RuleName": "-", "UtcTime": "2022-04-20 00:45:16.942", "ProcessGuid": "{7590a8e8-579c-625f-186a-000000003600}", "ProcessId": "26284", "Image": "C:\\Program Files (x86)\\TotalAV\\TotalAV.exe", "FileVersion": "5.16.203.0", "Description": "TotalAV Ultimate Antivirus User Interface", "Product": "TotalAV Ultimate Antivirus", "Company": "TotalAV", "OriginalFileName": "TotalAV.exe", "CommandLine": "\"C:\\Program Files (x86)\\TotalAV\\TotalAV.exe\" --pwd-ext --hide", "CurrentDirectory": "C:\\Program Files (x86)\\TotalAV\\", "User": "MSI\\Annie", "LogonGuid": "{7590a8e8-5540-625f-79b5-c80f00000000}", "LogonId": "0x000000000fc8b579", "TerminalSessionId": "5", "IntegrityLevel": "Medium", "Hashes": "MD5=6C8E6D714324C278F21768124366631A,SHA256=29B30D885489251CA017C2BD0D09686B61DC5078F3B3D2153AF08D72C9C89BFE,IMPHASH=BF1462CE2CFA173883D7AC57D7AF7B93", "ParentProcessGuid": "{7590a8e8-5792-625f-006a-000000003600}", "ParentProcessId": "29412", "ParentImage": "C:\\Program Files (x86)\\TotalAV\\PasswordExtension.Win.exe", "ParentCommandLine": "\"C:\\Program Files (x86)\\TotalAV\\PasswordExtension.Win.exe\"  chrome-extension://nhmijhgkfdhekaofhdkgdpmgidbijbnh/ --parent-window=0 ", "ParentUser": "MSI\\Annie"}}
{"Record": "39", "System": {"EventID": "22", "Version": "5", "Level": "4", "Task": "22", "Opcode": "0", "Keywords": "0x8000000000000000", "TimeCreated": {"SystemTime": "2022-04-20 00:45:18.196644"}, "EventRecordID": "869189", "Correlation": {"ActivityID": "", "RealatedActivityID": ""}, "Execution": {"ProcessID": "5992", "ThreadID": "8084"}, "Channel": "Microsoft-Windows-Sysmon/Operational", "Computer": "MSI", "Security": {"UserID": "S-1-5-18"}}, "Event Data": {"RuleName": "-", "UtcTime": "2022-04-20 00:47:20.035", "ProcessGuid": "{7590a8e8-5790-625f-f269-000000003600}", "ProcessId": "13676", "QueryName": "2022-04-20 00:47:20.035", "QueryStatus": "{7590a8e8-5790-625f-f269-000000003600}", "QueryResults": "13676", "Image": "C:\\Program Files\\Google\\Chrome\\Application\\chrome.exe", "User": "MSI\\Annie"}}
{"Record": "40", "System": {"EventID": "1", "Version": "5", "Level": "4", "Task": "1", "Opcode": "0", "Keywords": "0x8000000000000000", "TimeCreated": {"SystemTime": "2022-04-20 00:45:28.211502"}, "EventRecordID": "869190", "Correlation": {"ActivityID": "", "RealatedActivityID": ""}, "Execution": {"ProcessID": "5992", "ThreadID": "8020"}, "Channel": "Microsoft-Windows-Sysmon/Operational", "Computer": "MSI", "Security": {"UserID": "S-1-5-18"}}, "Event Data": {"RuleName": "-", "UtcTime": "2022-04-20 00:45:28.208", "ProcessGuid": "{7590a8e8-57a8-625f-196a-000000003600}", "ProcessId": "10080", "Image": "C:\\Program Files\\Microsoft OneDrive\\22.065.0412.0004\\FileCoAuth.exe", "FileVersion": "22.065.0412.0004", "Description": "Microsoft OneDriveFile Co-Authoring Executable", "Product": "Microsoft OneDrive", "Company": "Microsoft Corporation", "OriginalFileName": "FileCoAuth.exe", "CommandLine": "\"C:\\Program Files\\Microsoft OneDrive\\22.065.0412.0004\\FileCoAuth.exe\" -Embedding", "CurrentDirectory": "C:\\Windows\\system32\\", "User": "MSI\\Annie", "LogonGuid": "{7590a8e8-5540-625f-79b5-c80f00000000}", "LogonId": "0x000000000fc8b579", "TerminalSessionId": "5", "IntegrityLevel": "Medium", "Hashes": "MD5=FA06DDA2F179F3632C0D170268B3984D,SHA256=3B99B267FE2B28A264D80E429EC5E978A1A06918BCE3D7906E20A91B7A6D73ED,IMPHASH=ED5D6B48E970BD6F89C948A335E0D564", "ParentProcessGuid": "{7590a8e8-8a52-625b-0e00-000000003600}", "ParentProcessId": "1156", "ParentImage": "C:\\Windows\\System32\\svchost.exe", "ParentCommandLine": "C:\\Windows\\system32\\svchost.exe -k DcomLaunch -p", "ParentUser": "NT AUTHORITY\\SYSTEM"}}
{"Record": "41", "System": {"EventID": "1", "Version": "5", "Level": "4", "Task": "1", "Opcode": "0", "Keywords": "0x8000000000000000", "TimeCreated": {"SystemTime": "2022-04-20 00:46:00.031935"}, "EventRecordID": "869191", "Correlation": {"ActivityID": "", "RealatedActivityID": ""}, "Execution": {"ProcessID": "5992", "ThreadID": "8020"}, "Channel": "Microsoft-Windows-Sysmon/Operational", "Computer": "MSI", "Security": {"UserID": "S-1-5-18"}}, "Event Data": {"RuleName": "-", "UtcTime": "2022-04-20 00:46:00.030", "ProcessGuid": "{7590a8e8-57c8-625f-226a-000000003600}", "ProcessId": "27400", "Image": "C:\\Program Files (x86)\\Adobe\\Acrobat DC\\Acrobat\\acrodist.exe", "FileVersion": "21.11.20039.0", "Description": "Acrobat  Distiller", "Product": "Acrobat  Distiller for Windows", "Company": "Adobe Systems Incorporated.", "OriginalFileName": "acrodist.exe", "CommandLine": "   /N /P --UseSystemFonts /Q:15", "CurrentDirectory": "C:\\Program Files (x86)\\Adobe\\Acrobat DC\\Acrobat\\", "User": "MSI\\Annie", "LogonGuid": "{7590a8e8-5540-625f-79b5-c80f00000000}", "LogonId": "0x000000000fc8b579", "TerminalSessionId": "5", "IntegrityLevel": "Medium", "Hashes": "MD5=C3D87536D0D072C1D080F3FCD8A154C9,SHA256=756C90E5F54B9A0B5C03A6E7C9587727E17D1D305E9C7B754891D68B810603C6,IMPHASH=08FBC89272932A70DE96404047050F65", "ParentProcessGuid": "{7590a8e8-556f-625f-d166-000000003600}", "ParentProcessId": "18880", "ParentImage": "C:\\Program Files (x86)\\Adobe\\Acrobat DC\\Acrobat\\acrotray.exe", "ParentCommandLine": "\"C:\\Program Files (x86)\\Adobe\\Acrobat DC\\Acrobat\\acrotray.exe\" ", "ParentUser": "MSI\\Annie"}}
