{"Record": "1", "System": {"EventID": "1", "Version": "5", "Level": "4", "Task": "1", "Opcode": "0", "Keywords": "0x8000000000000000", "TimeCreated": {"SystemTime": "2022-04-20 05:13:36.141106"}, "EventRecordID": "876753", "Correlation": {"ActivityID": "", "RealatedActivityID": ""}, "Execution": {"ProcessID": "5992", "ThreadID": "8020"}, "Channel": "Microsoft-Windows-Sysmon/Operational", "Computer": "MSI", "Security": {"UserID": "S-1-5-18"}}, "Event Data": {"RuleName": "-", "UtcTime": "2022-04-20 05:13:36.137", "ProcessGuid": "{7590a8e8-9680-625f-4d89-000000003600}", "ProcessId": "29388", "Image": "C:\\Program Files\\Git\\cmd\\git.exe", "FileVersion": "-", "Description": "Git for Windows", "Product": "Git", "Company": "The Git Development Community", "OriginalFileName": "git.exe", "CommandLine": "\"C:\\Program Files\\Git\\cmd\\git.exe\" status -z -u", "CurrentDirectory": "C:\\Users\\Annie\\Desktop\\attackhost_v_1_0_2DEV\\", "User": "MSI\\Annie", "LogonGuid": "{7590a8e8-5540-625f-cdb4-c80f00000000}", "LogonId": "0x000000000fc8b4cd", "TerminalSessionId": "5", "IntegrityLevel": "High", "Hashes": "MD5=3D4B3E854AC83AA892C3A7824355F814,SHA256=AE463CAD04C2B15FC91DE68AB096933EC08C44752E205AEBD7D64C3A482DF62D,IMPHASH=B5C28AB8B10670F75EB53AFFC23558E6", "ParentProcessGuid": "{7590a8e8-56c2-625f-4a68-000000003600}", "ParentProcessId": "9156", "ParentImage": "C:\\Users\\Annie\\AppData\\Local\\Programs\\Microsoft VS Code\\Code.exe", "ParentCommandLine": "\"C:\\Users\\Annie\\AppData\\Local\\Programs\\Microsoft VS Code\\Code.exe\" --ms-enable-electron-run-as-node --inspect-port=0 \"c:\\Users\\Annie\\AppData\\Local\\Programs\\Microsoft VS Code\\resources\\app\\out\\bootstrap-fork\" --type=extensionHost --skipWorkspaceStorageLock", "ParentUser": "MSI\\Annie"}}
{"Record": "2", "System": {"EventID": "1", "Version": "5", "Level": "4", "Task": "1", "Opcode": "0", "Keywords": "0x8000000000000000", "TimeCreated": {"SystemTime": "2022-04-20 05:13:36.201853"}, "EventRecordID": "876754", "Correlation": {"ActivityID": "", "RealatedActivityID": ""}, "Execution": {"ProcessID": "5992", "ThreadID": "8020"}, "Channel": "Microsoft-Windows-Sysmon/Operational", "Computer": "MSI", "Security": {"UserID": "S-1-5-18"}}, "Event Data": {"RuleName": "-", "UtcTime": "2022-04-20 05:13:36.199", "ProcessGuid": "{7590a8e8-9680-625f-4f89-000000003600}", "ProcessId": "23356", "Image": "C:\\Program Files\\Git\\mingw64\\bin\\git.exe", "FileVersion": "-", "Description": "Git for Windows", "Product": "Git", "Company": "The Git Development Community", "OriginalFileName": "git.exe", "CommandLine": "git.exe status -z -u", "CurrentDirectory": "C:\\Users\\Annie\\Desktop\\attackhost_v_1_0_2DEV\\", "User": "MSI\\Annie", "LogonGuid": "{7590a8e8-5540-625f-cdb4-c80f00000000}", "LogonId": "0x000000000fc8b4cd", "TerminalSessionId": "5", "IntegrityLevel": "High", "Hashes": "MD5=22C0A120BDA9ACBDDABAAE6924DE4193,SHA256=D8385BFFD3F8967F46DC79AF7155D8847EB09B95C8D97B60AC14E0970AF1B596,IMPHASH=E7CB32FC4DCDC36BEE46960CD7653FF9", "ParentProcessGuid": "{7590a8e8-9680-625f-4d89-000000003600}", "ParentProcessId": "29388", "ParentImage": "C:\\Program Files\\Git\\cmd\\git.exe", "ParentCommandLine": "\"C:\\Program Files\\Git\\cmd\\git.exe\" status -z -u", "ParentUser": "MSI\\Annie"}}
{"Record": "3", "System": {"EventID": "1", "Version": "5", "Level": "4", "Task": "1", "Opcode": "0", "Keywords": "0x8000000000000000", "TimeCreated": {"SystemTime": "2022-04-20 05:13:36.327265"}, "EventRecordID": "876755", "Correlation": {"ActivityID": "", "RealatedActivityID": ""}, "Execution": {"ProcessID": "5992", "ThreadID": "8020"}, "Channel": "Microsoft-Windows-Sysmon/Operational", "Computer": "MSI", "Security": {"UserID": "S-1-5-18"}}, "Event Data": {"RuleName": "-", "UtcTime": "2022-04-20 05:13:36.324", "ProcessGuid": "{7590a8e8-9680-625f-5089-000000003600}", "ProcessId": "2824", "Image": "C:\\Program Files\\Git\\cmd\\git.exe", "FileVersion": "-", "Description": "Git for Windows", "Product": "Git", "Company": "The Git Development Community", "OriginalFileName": "git.exe", "CommandLine": "\"C:\\Program Files\\Git\\cmd\\git.exe\" symbolic-ref --short HEAD", "CurrentDirectory": "C:\\Users\\Annie\\Desktop\\attackhost_v_1_0_2DEV\\", "User": "MSI\\Annie", "LogonGuid": "{7590a8e8-5540-625f-cdb4-c80f00000000}", "LogonId": "0x000000000fc8b4cd", "TerminalSessionId": "5", "IntegrityLevel": "High", "Hashes": "MD5=3D4B3E854AC83AA892C3A7824355F814,SHA256=AE463CAD04C2B15FC91DE68AB096933EC08C44752E205AEBD7D64C3A482DF62D,IMPHASH=B5C28AB8B10670F75EB53AFFC23558E6", "ParentProcessGuid": "{7590a8e8-56c2-625f-4a68-000000003600}", "ParentProcessId": "9156", "ParentImage": "C:\\Users\\Annie\\AppData\\Local\\Programs\\Microsoft VS Code\\Code.exe", "ParentCommandLine": "\"C:\\Users\\Annie\\AppData\\Local\\Programs\\Microsoft VS Code\\Code.exe\" --ms-enable-electron-run-as-node --inspect-port=0 \"c:\\Users\\Annie\\AppData\\Local\\Programs\\Microsoft VS Code\\resources\\app\\out\\bootstrap-fork\" --type=extensionHost --skipWorkspaceStorageLock", "ParentUser": "MSI\\Annie"}}
{"Record": "4", "System": {"EventID": "1", "Version": "5", "Level": "4", "Task": "1", "Opcode": "0", "Keywords": "0x8000000000000000", "TimeCreated": {"SystemTime": "2022-04-20 05:13:36.397936"}, "EventRecordID": "876756", "Correlation": {"ActivityID": "", "RealatedActivityID": ""}, "Execution": {"ProcessID": "5992", "ThreadID": "8020"}, "Channel": "Microsoft-Windows-Sysmon/Operational", "Computer": "MSI", "Security": {"UserID": "S-1-5-18"}}, "Event Data": {"RuleName": "-", "UtcTime": "2022-04-20 05:13:36.395", "ProcessGuid": "{7590a8e8-9680-625f-5289-000000003600}", "ProcessId": "33352", "Image": "C:\\Program Files\\Git\\mingw64\\bin\\git.exe", "FileVersion": "-", "Description": "Git for Windows", "Product": "Git", "Company": "The Git Development Community", "OriginalFileName": "git.exe", "CommandLine": "git.exe symbolic-ref --short HEAD", "CurrentDirectory": "C:\\Users\\Annie\\Desktop\\attackhost_v_1_0_2DEV\\", "User": "MSI\\Annie", "LogonGuid": "{7590a8e8-5540-625f-cdb4-c80f00000000}", "LogonId": "0x000000000fc8b4cd", "TerminalSessionId": "5", "IntegrityLevel": "High", "Hashes": "MD5=22C0A120BDA9ACBDDABAAE6924DE4193,SHA256=D8385BFFD3F8967F46DC79AF7155D8847EB09B95C8D97B60AC14E0970AF1B596,IMPHASH=E7CB32FC4DCDC36BEE46960CD7653FF9", "ParentProcessGuid": "{7590a8e8-9680-625f-5089-000000003600}", "ParentProcessId": "2824", "ParentImage": "C:\\Program Files\\Git\\cmd\\git.exe", "ParentCommandLine": "\"C:\\Program Files\\Git\\cmd\\git.exe\" symbolic-ref --short HEAD", "ParentUser": "MSI\\Annie"}}
{"Record": "5", "System": {"EventID": "1", "Version": "5", "Level": "4", "Task": "1", "Opcode": "0", "Keywords": "0x8000000000000000", "TimeCreated": {"SystemTime": "2022-04-20 05:13:36.424404"}, "EventRecordID": "876757", "Correlation": {"ActivityID": "", "RealatedActivityID": ""}, "Execution": {"ProcessID": "5992", "ThreadID": "8020"}, "Channel": "Microsoft-Windows-Sysmon/Operational", "Computer": "MSI", "Security": {"UserID": "S-1-5-18"}}, "Event Data": {"RuleName": "-", "UtcTime": "2022-04-20 05:13:36.422", "ProcessGuid": "{7590a8e8-9680-625f-5389-000000003600}", "ProcessId": "26060", "Image": "C:\\Program Files\\Git\\cmd\\git.exe", "FileVersion": "-", "Description": "Git for Windows", "Product": "Git", "Company": "The Git Development Community", "OriginalFileName": "git.exe", "CommandLine": "\"C:\\Program Files\\Git\\cmd\\git.exe\" for-each-ref --format=%%(refname)%%00%%(upstream:short)%%00%%(objectname)%%00%%(upstream:track) refs/heads/master refs/remotes/master", "CurrentDirectory": "C:\\Users\\Annie\\Desktop\\attackhost_v_1_0_2DEV\\", "User": "MSI\\Annie", "LogonGuid": "{7590a8e8-5540-625f-cdb4-c80f00000000}", "LogonId": "0x000000000fc8b4cd", "TerminalSessionId": "5", "IntegrityLevel": "High", "Hashes": "MD5=3D4B3E854AC83AA892C3A7824355F814,SHA256=AE463CAD04C2B15FC91DE68AB096933EC08C44752E205AEBD7D64C3A482DF62D,IMPHASH=B5C28AB8B10670F75EB53AFFC23558E6", "ParentProcessGuid": "{7590a8e8-56c2-625f-4a68-000000003600}", "ParentProcessId": "9156", "ParentImage": "C:\\Users\\Annie\\AppData\\Local\\Programs\\Microsoft VS Code\\Code.exe", "ParentCommandLine": "\"C:\\Users\\Annie\\AppData\\Local\\Programs\\Microsoft VS Code\\Code.exe\" --ms-enable-electron-run-as-node --inspect-port=0 \"c:\\Users\\Annie\\AppData\\Local\\Programs\\Microsoft VS Code\\resources\\app\\out\\bootstrap-fork\" --type=extensionHost --skipWorkspaceStorageLock", "ParentUser": "MSI\\Annie"}}
{"Record": "6", "System": {"EventID": "1", "Version": "5", "Level": "4", "Task": "1", "Opcode": "0", "Keywords": "0x8000000000000000", "TimeCreated": {"SystemTime": "2022-04-20 05:13:36.473007"}, "EventRecordID": "876758", "Correlation": {"ActivityID": "", "RealatedActivityID": ""}, "Execution": {"ProcessID": "5992", "ThreadID": "8020"}, "Channel": "Microsoft-Windows-Sysmon/Operational", "Computer": "MSI", "Security": {"UserID": "S-1-5-18"}}, "Event Data": {"RuleName": "-", "UtcTime": "2022-04-20 05:13:36.470", "ProcessGuid": "{7590a8e8-9680-625f-5589-000000003600}", "ProcessId": "4980", "Image": "C:\\Program Files\\Git\\mingw64\\bin\\git.exe", "FileVersion": "-", "Description": "Git for Windows", "Product": "Git", "Company": "The Git Development Community", "OriginalFileName": "git.exe", "CommandLine": "git.exe for-each-ref --format=%%(refname)%%00%%(upstream:short)%%00%%(objectname)%%00%%(upstream:track) refs/heads/master refs/remotes/master", "CurrentDirectory": "C:\\Users\\Annie\\Desktop\\attackhost_v_1_0_2DEV\\", "User": "MSI\\Annie", "LogonGuid": "{7590a8e8-5540-625f-cdb4-c80f00000000}", "LogonId": "0x000000000fc8b4cd", "TerminalSessionId": "5", "IntegrityLevel": "High", "Hashes": "MD5=22C0A120BDA9ACBDDABAAE6924DE4193,SHA256=D8385BFFD3F8967F46DC79AF7155D8847EB09B95C8D97B60AC14E0970AF1B596,IMPHASH=E7CB32FC4DCDC36BEE46960CD7653FF9", "ParentProcessGuid": "{7590a8e8-9680-625f-5389-000000003600}", "ParentProcessId": "26060", "ParentImage": "C:\\Program Files\\Git\\cmd\\git.exe", "ParentCommandLine": "\"C:\\Program Files\\Git\\cmd\\git.exe\" for-each-ref --format=%(refname)%00%(upstream:short)%00%(objectname)%00%(upstream:track) refs/heads/master refs/remotes/master", "ParentUser": "MSI\\Annie"}}
{"Record": "7", "System": {"EventID": "1", "Version": "5", "Level": "4", "Task": "1", "Opcode": "0", "Keywords": "0x8000000000000000", "TimeCreated": {"SystemTime": "2022-04-20 05:13:36.496597"}, "EventRecordID": "876759", "Correlation": {"ActivityID": "", "RealatedActivityID": ""}, "Execution": {"ProcessID": "5992", "ThreadID": "8020"}, "Channel": "Microsoft-Windows-Sysmon/Operational", "Computer": "MSI", "Security": {"UserID": "S-1-5-18"}}, "Event Data": {"RuleName": "-", "UtcTime": "2022-04-20 05:13:36.495", "ProcessGuid": "{7590a8e8-9680-625f-5689-000000003600}", "ProcessId": "7228", "Image": "C:\\Program Files\\Git\\cmd\\git.exe", "FileVersion": "-", "Description": "Git for Windows", "Product": "Git", "Company": "The Git Development Community", "OriginalFileName": "git.exe", "CommandLine": "\"C:\\Program Files\\Git\\cmd\\git.exe\" for-each-ref --sort -committerdate --format \"%%(refname) %%(objectname) %%(*objectname)\"", "CurrentDirectory": "C:\\Users\\Annie\\Desktop\\attackhost_v_1_0_2DEV\\", "User": "MSI\\Annie", "LogonGuid": "{7590a8e8-5540-625f-cdb4-c80f00000000}", "LogonId": "0x000000000fc8b4cd", "TerminalSessionId": "5", "IntegrityLevel": "High", "Hashes": "MD5=3D4B3E854AC83AA892C3A7824355F814,SHA256=AE463CAD04C2B15FC91DE68AB096933EC08C44752E205AEBD7D64C3A482DF62D,IMPHASH=B5C28AB8B10670F75EB53AFFC23558E6", "ParentProcessGuid": "{7590a8e8-56c2-625f-4a68-000000003600}", "ParentProcessId": "9156", "ParentImage": "C:\\Users\\Annie\\AppData\\Local\\Programs\\Microsoft VS Code\\Code.exe", "ParentCommandLine": "\"C:\\Users\\Annie\\AppData\\Local\\Programs\\Microsoft VS Code\\Code.exe\" --ms-enable-electron-run-as-node --inspect-port=0 \"c:\\Users\\Annie\\AppData\\Local\\Programs\\Microsoft VS Code\\resources\\app\\out\\bootstrap-fork\" --type=extensionHost --skipWorkspaceStorageLock", "ParentUser": "MSI\\Annie"}}
{"Record": "8", "System": {"EventID": "1", "Version": "5", "Level": "4", "Task": "1", "Opcode": "0", "Keywords": "0x8000000000000000", "TimeCreated": {"SystemTime": "2022-04-20 05:13:36.499702"}, "EventRecordID": "876760", "Correlation": {"ActivityID": "", "RealatedActivityID": ""}, "Execution": {"ProcessID": "5992", "ThreadID": "8020"}, "Channel": "Microsoft-Windows-Sysmon/Operational", "Computer": "MSI", "Security": {"UserID": "S-1-5-18"}}, "Event Data": {"RuleName": "-", "UtcTime": "2022-04-20 05:13:36.498", "ProcessGuid": "{7590a8e8-9680-625f-5789-000000003600}", "ProcessId": "6688", "Image": "C:\\Program Files\\Git\\cmd\\git.exe", "FileVersion": "-", "Description": "Git for Windows", "Product": "Git", "Company": "The Git Development Community", "OriginalFileName": "git.exe", "CommandLine": "\"C:\\Program Files\\Git\\cmd\\git.exe\" remote --verbose", "CurrentDirectory": "C:\\Users\\Annie\\Desktop\\attackhost_v_1_0_2DEV\\", "User": "MSI\\Annie", "LogonGuid": "{7590a8e8-5540-625f-cdb4-c80f00000000}", "LogonId": "0x000000000fc8b4cd", "TerminalSessionId": "5", "IntegrityLevel": "High", "Hashes": "MD5=3D4B3E854AC83AA892C3A7824355F814,SHA256=AE463CAD04C2B15FC91DE68AB096933EC08C44752E205AEBD7D64C3A482DF62D,IMPHASH=B5C28AB8B10670F75EB53AFFC23558E6", "ParentProcessGuid": "{7590a8e8-56c2-625f-4a68-000000003600}", "ParentProcessId": "9156", "ParentImage": "C:\\Users\\Annie\\AppData\\Local\\Programs\\Microsoft VS Code\\Code.exe", "ParentCommandLine": "\"C:\\Users\\Annie\\AppData\\Local\\Programs\\Microsoft VS Code\\Code.exe\" --ms-enable-electron-run-as-node --inspect-port=0 \"c:\\Users\\Annie\\AppData\\Local\\Programs\\Microsoft VS Code\\resources\\app\\out\\bootstrap-fork\" --type=extensionHost --skipWorkspaceStorageLock", "ParentUser": "MSI\\Annie"}}
{"Record": "9", "System": {"EventID": "1", "Version": "5", "Level": "4", "Task": "1", "Opcode": "0", "Keywords": "0x8000000000000000", "TimeCreated": {"SystemTime": "2022-04-20 05:13:36.546745"}, "EventRecordID": "876761", "Correlation": {"ActivityID": "", "RealatedActivityID": ""}, "Execution": {"ProcessID": "5992", "ThreadID": "8020"}, "Channel": "Microsoft-Windows-Sysmon/Operational", "Computer": "MSI", "Security": {"UserID": "S-1-5-18"}}, "Event Data": {"RuleName": "-", "UtcTime": "2022-04-20 05:13:36.545", "ProcessGuid": "{7590a8e8-9680-625f-5a89-000000003600}", "ProcessId": "14340", "Image": "C:\\Program Files\\Git\\mingw64\\bin\\git.exe", "FileVersion": "-", "Description": "Git for Windows", "Product": "Git", "Company": "The Git Development Community", "OriginalFileName": "git.exe", "CommandLine": "git.exe for-each-ref --sort -committerdate --format \"%%(refname) %%(objectname) %%(*objectname)\"", "CurrentDirectory": "C:\\Users\\Annie\\Desktop\\attackhost_v_1_0_2DEV\\", "User": "MSI\\Annie", "LogonGuid": "{7590a8e8-5540-625f-cdb4-c80f00000000}", "LogonId": "0x000000000fc8b4cd", "TerminalSessionId": "5", "IntegrityLevel": "High", "Hashes": "MD5=22C0A120BDA9ACBDDABAAE6924DE4193,SHA256=D8385BFFD3F8967F46DC79AF7155D8847EB09B95C8D97B60AC14E0970AF1B596,IMPHASH=E7CB32FC4DCDC36BEE46960CD7653FF9", "ParentProcessGuid": "{7590a8e8-9680-625f-5689-000000003600}", "ParentProcessId": "7228", "ParentImage": "C:\\Program Files\\Git\\cmd\\git.exe", "ParentCommandLine": "\"C:\\Program Files\\Git\\cmd\\git.exe\" for-each-ref --sort -committerdate --format \"%(refname) %(objectname) %(*objectname)\"", "ParentUser": "MSI\\Annie"}}
{"Record": "10", "System": {"EventID": "1", "Version": "5", "Level": "4", "Task": "1", "Opcode": "0", "Keywords": "0x8000000000000000", "TimeCreated": {"SystemTime": "2022-04-20 05:13:36.549580"}, "EventRecordID": "876762", "Correlation": {"ActivityID": "", "RealatedActivityID": ""}, "Execution": {"ProcessID": "5992", "ThreadID": "8020"}, "Channel": "Microsoft-Windows-Sysmon/Operational", "Computer": "MSI", "Security": {"UserID": "S-1-5-18"}}, "Event Data": {"RuleName": "-", "UtcTime": "2022-04-20 05:13:36.547", "ProcessGuid": "{7590a8e8-9680-625f-5b89-000000003600}", "ProcessId": "18484", "Image": "C:\\Program Files\\Git\\mingw64\\bin\\git.exe", "FileVersion": "-", "Description": "Git for Windows", "Product": "Git", "Company": "The Git Development Community", "OriginalFileName": "git.exe", "CommandLine": "git.exe remote --verbose", "CurrentDirectory": "C:\\Users\\Annie\\Desktop\\attackhost_v_1_0_2DEV\\", "User": "MSI\\Annie", "LogonGuid": "{7590a8e8-5540-625f-cdb4-c80f00000000}", "LogonId": "0x000000000fc8b4cd", "TerminalSessionId": "5", "IntegrityLevel": "High", "Hashes": "MD5=22C0A120BDA9ACBDDABAAE6924DE4193,SHA256=D8385BFFD3F8967F46DC79AF7155D8847EB09B95C8D97B60AC14E0970AF1B596,IMPHASH=E7CB32FC4DCDC36BEE46960CD7653FF9", "ParentProcessGuid": "{7590a8e8-9680-625f-5789-000000003600}", "ParentProcessId": "6688", "ParentImage": "C:\\Program Files\\Git\\cmd\\git.exe", "ParentCommandLine": "\"C:\\Program Files\\Git\\cmd\\git.exe\" remote --verbose", "ParentUser": "MSI\\Annie"}}
{"Record": "11", "System": {"EventID": "1", "Version": "5", "Level": "4", "Task": "1", "Opcode": "0", "Keywords": "0x8000000000000000", "TimeCreated": {"SystemTime": "2022-04-20 05:13:36.592192"}, "EventRecordID": "876763", "Correlation": {"ActivityID": "", "RealatedActivityID": ""}, "Execution": {"ProcessID": "5992", "ThreadID": "8020"}, "Channel": "Microsoft-Windows-Sysmon/Operational", "Computer": "MSI", "Security": {"UserID": "S-1-5-18"}}, "Event Data": {"RuleName": "-", "UtcTime": "2022-04-20 05:13:36.590", "ProcessGuid": "{7590a8e8-9680-625f-5c89-000000003600}", "ProcessId": "27236", "Image": "C:\\Program Files\\Git\\cmd\\git.exe", "FileVersion": "-", "Description": "Git for Windows", "Product": "Git", "Company": "The Git Development Community", "OriginalFileName": "git.exe", "CommandLine": "\"C:\\Program Files\\Git\\cmd\\git.exe\" config --get commit.template", "CurrentDirectory": "C:\\Users\\Annie\\Desktop\\attackhost_v_1_0_2DEV\\", "User": "MSI\\Annie", "LogonGuid": "{7590a8e8-5540-625f-cdb4-c80f00000000}", "LogonId": "0x000000000fc8b4cd", "TerminalSessionId": "5", "IntegrityLevel": "High", "Hashes": "MD5=3D4B3E854AC83AA892C3A7824355F814,SHA256=AE463CAD04C2B15FC91DE68AB096933EC08C44752E205AEBD7D64C3A482DF62D,IMPHASH=B5C28AB8B10670F75EB53AFFC23558E6", "ParentProcessGuid": "{7590a8e8-56c2-625f-4a68-000000003600}", "ParentProcessId": "9156", "ParentImage": "C:\\Users\\Annie\\AppData\\Local\\Programs\\Microsoft VS Code\\Code.exe", "ParentCommandLine": "\"C:\\Users\\Annie\\AppData\\Local\\Programs\\Microsoft VS Code\\Code.exe\" --ms-enable-electron-run-as-node --inspect-port=0 \"c:\\Users\\Annie\\AppData\\Local\\Programs\\Microsoft VS Code\\resources\\app\\out\\bootstrap-fork\" --type=extensionHost --skipWorkspaceStorageLock", "ParentUser": "MSI\\Annie"}}
{"Record": "12", "System": {"EventID": "1", "Version": "5", "Level": "4", "Task": "1", "Opcode": "0", "Keywords": "0x8000000000000000", "TimeCreated": {"SystemTime": "2022-04-20 05:13:36.664984"}, "EventRecordID": "876764", "Correlation": {"ActivityID": "", "RealatedActivityID": ""}, "Execution": {"ProcessID": "5992", "ThreadID": "8020"}, "Channel": "Microsoft-Windows-Sysmon/Operational", "Computer": "MSI", "Security": {"UserID": "S-1-5-18"}}, "Event Data": {"RuleName": "-", "UtcTime": "2022-04-20 05:13:36.661", "ProcessGuid": "{7590a8e8-9680-625f-5e89-000000003600}", "ProcessId": "11644", "Image": "C:\\Program Files\\Git\\mingw64\\bin\\git.exe", "FileVersion": "-", "Description": "Git for Windows", "Product": "Git", "Company": "The Git Development Community", "OriginalFileName": "git.exe", "CommandLine": "git.exe config --get commit.template", "CurrentDirectory": "C:\\Users\\Annie\\Desktop\\attackhost_v_1_0_2DEV\\", "User": "MSI\\Annie", "LogonGuid": "{7590a8e8-5540-625f-cdb4-c80f00000000}", "LogonId": "0x000000000fc8b4cd", "TerminalSessionId": "5", "IntegrityLevel": "High", "Hashes": "MD5=22C0A120BDA9ACBDDABAAE6924DE4193,SHA256=D8385BFFD3F8967F46DC79AF7155D8847EB09B95C8D97B60AC14E0970AF1B596,IMPHASH=E7CB32FC4DCDC36BEE46960CD7653FF9", "ParentProcessGuid": "{7590a8e8-9680-625f-5c89-000000003600}", "ParentProcessId": "27236", "ParentImage": "C:\\Program Files\\Git\\cmd\\git.exe", "ParentCommandLine": "\"C:\\Program Files\\Git\\cmd\\git.exe\" config --get commit.template", "ParentUser": "MSI\\Annie"}}
{"Record": "13", "System": {"EventID": "1", "Version": "5", "Level": "4", "Task": "1", "Opcode": "0", "Keywords": "0x8000000000000000", "TimeCreated": {"SystemTime": "2022-04-20 05:13:36.914799"}, "EventRecordID": "876765", "Correlation": {"ActivityID": "", "RealatedActivityID": ""}, "Execution": {"ProcessID": "5992", "ThreadID": "8020"}, "Channel": "Microsoft-Windows-Sysmon/Operational", "Computer": "MSI", "Security": {"UserID": "S-1-5-18"}}, "Event Data": {"RuleName": "-", "UtcTime": "2022-04-20 05:13:36.912", "ProcessGuid": "{7590a8e8-9680-625f-5f89-000000003600}", "ProcessId": "19840", "Image": "C:\\Program Files\\Git\\cmd\\git.exe", "FileVersion": "-", "Description": "Git for Windows", "Product": "Git", "Company": "The Git Development Community", "OriginalFileName": "git.exe", "CommandLine": "\"C:\\Program Files\\Git\\cmd\\git.exe\" -c core.longpaths=true -c core.quotepath=false -c color.ui=false -c diff.renameLimit=0 -c log.showSignature=false log --name-status --format=%%x3c%%x2ff%%x3e%%n%%x3cr%%x3e%%x20%%H%%n%%x3ca%%x3e%%x20%%aN%%n%%x3ce%%x3e%%x20%%aE%%n%%x3cd%%x3e%%x20%%at%%n%%x3cn%%x3e%%x20%%cN%%n%%x3cm%%x3e%%x20%%cE%%n%%x3cc%%x3e%%x20%%ct%%n%%x3cp%%x3e%%x20%%P%%n%%x3cs%%x3e%%n%%B%%n%%x3c%%x2fs%%x3e%%n%%x3cf%%x3e --full-history -M -m -n3 09608675c9ca6cbee8cff7aa14502647d02bd262 --", "CurrentDirectory": "c:\\Users\\Annie\\Desktop\\attackhost_v_1_0_2DEV\\", "User": "MSI\\Annie", "LogonGuid": "{7590a8e8-5540-625f-cdb4-c80f00000000}", "LogonId": "0x000000000fc8b4cd", "TerminalSessionId": "5", "IntegrityLevel": "High", "Hashes": "MD5=3D4B3E854AC83AA892C3A7824355F814,SHA256=AE463CAD04C2B15FC91DE68AB096933EC08C44752E205AEBD7D64C3A482DF62D,IMPHASH=B5C28AB8B10670F75EB53AFFC23558E6", "ParentProcessGuid": "{7590a8e8-56c2-625f-4a68-000000003600}", "ParentProcessId": "9156", "ParentImage": "C:\\Users\\Annie\\AppData\\Local\\Programs\\Microsoft VS Code\\Code.exe", "ParentCommandLine": "\"C:\\Users\\Annie\\AppData\\Local\\Programs\\Microsoft VS Code\\Code.exe\" --ms-enable-electron-run-as-node --inspect-port=0 \"c:\\Users\\Annie\\AppData\\Local\\Programs\\Microsoft VS Code\\resources\\app\\out\\bootstrap-fork\" --type=extensionHost --skipWorkspaceStorageLock", "ParentUser": "MSI\\Annie"}}
{"Record": "14", "System": {"EventID": "1", "Version": "5", "Level": "4", "Task": "1", "Opcode": "0", "Keywords": "0x8000000000000000", "TimeCreated": {"SystemTime": "2022-04-20 05:13:36.987087"}, "EventRecordID": "876766", "Correlation": {"ActivityID": "", "RealatedActivityID": ""}, "Execution": {"ProcessID": "5992", "ThreadID": "8020"}, "Channel": "Microsoft-Windows-Sysmon/Operational", "Computer": "MSI", "Security": {"UserID": "S-1-5-18"}}, "Event Data": {"RuleName": "-", "UtcTime": "2022-04-20 05:13:36.984", "ProcessGuid": "{7590a8e8-9680-625f-6189-000000003600}", "ProcessId": "24060", "Image": "C:\\Program Files\\Git\\mingw64\\bin\\git.exe", "FileVersion": "-", "Description": "Git for Windows", "Product": "Git", "Company": "The Git Development Community", "OriginalFileName": "git.exe", "CommandLine": "git.exe -c core.longpaths=true -c core.quotepath=false -c color.ui=false -c diff.renameLimit=0 -c log.showSignature=false log --name-status --format=%%x3c%%x2ff%%x3e%%n%%x3cr%%x3e%%x20%%H%%n%%x3ca%%x3e%%x20%%aN%%n%%x3ce%%x3e%%x20%%aE%%n%%x3cd%%x3e%%x20%%at%%n%%x3cn%%x3e%%x20%%cN%%n%%x3cm%%x3e%%x20%%cE%%n%%x3cc%%x3e%%x20%%ct%%n%%x3cp%%x3e%%x20%%P%%n%%x3cs%%x3e%%n%%B%%n%%x3c%%x2fs%%x3e%%n%%x3cf%%x3e --full-history -M -m -n3 09608675c9ca6cbee8cff7aa14502647d02bd262 --", "CurrentDirectory": "c:\\Users\\Annie\\Desktop\\attackhost_v_1_0_2DEV\\", "User": "MSI\\Annie", "LogonGuid": "{7590a8e8-5540-625f-cdb4-c80f00000000}", "LogonId": "0x000000000fc8b4cd", "TerminalSessionId": "5", "IntegrityLevel": "High", "Hashes": "MD5=22C0A120BDA9ACBDDABAAE6924DE4193,SHA256=D8385BFFD3F8967F46DC79AF7155D8847EB09B95C8D97B60AC14E0970AF1B596,IMPHASH=E7CB32FC4DCDC36BEE46960CD7653FF9", "ParentProcessGuid": "{7590a8e8-9680-625f-5f89-000000003600}", "ParentProcessId": "19840", "ParentImage": "C:\\Program Files\\Git\\cmd\\git.exe", "ParentCommandLine": "\"C:\\Program Files\\Git\\cmd\\git.exe\" -c core.longpaths=true -c core.quotepath=false -c color.ui=false -c diff.renameLimit=0 -c log.showSignature=false log --name-status --format=%x3c%x2ff%x3e%n%x3cr%x3e%x20%H%n%x3ca%x3e%x20%aN%n%x3ce%x3e%x20%aE%n%x3cd%x3e%x20%at%n%x3cn%x3e%x20%cN%n%x3cm%x3e%x20%cE%n%x3cc%x3e%x20%ct%n%x3cp%x3e%x20%P%n%x3cs%x3e%n%B%n%x3c%x2fs%x3e%n%x3cf%x3e --full-history -M -m -n3 09608675c9ca6cbee8cff7aa14502647d02bd262 --", "ParentUser": "MSI\\Annie"}}
{"Record": "15", "System": {"EventID": "1", "Version": "5", "Level": "4", "Task": "1", "Opcode": "0", "Keywords": "0x8000000000000000", "TimeCreated": {"SystemTime": "2022-04-20 05:13:44.629280"}, "EventRecordID": "876767", "Correlation": {"ActivityID": "", "RealatedActivityID": ""}, "Execution": {"ProcessID": "5992", "ThreadID": "8020"}, "Channel": "Microsoft-Windows-Sysmon/Operational", "Computer": "MSI", "Security": {"UserID": "S-1-5-18"}}, "Event Data": {"RuleName": "-", "UtcTime": "2022-04-20 05:13:44.626", "ProcessGuid": "{7590a8e8-9688-625f-6389-000000003600}", "ProcessId": "1604", "Image": "C:\\Windows\\System32\\WindowsPowerShell\\v1.0\\powershell.exe", "FileVersion": "10.0.19041.546 (WinBuild.160101.0800)", "Description": "Windows PowerShell", "Product": "Microsoft&#174; Windows&#174; Operating System", "Company": "Microsoft Corporation", "OriginalFileName": "PowerShell.EXE", "CommandLine": "powershell.exe \"C:\\Users\\Annie\\Desktop\\attackhost_v_1_0_2DEV\\powershell\\defense-evasion\\Attack-Script-T1112_30.ps1 C:\\Users\\Annie\\Desktop\\attackhost_v_1_0_2DEV\\data\\output\\AttackResults\\Attack-T1112_30-1.out\"", "CurrentDirectory": "C:\\Users\\Annie\\Desktop\\attackhost_v_1_0_2DEV\\", "User": "MSI\\Annie", "LogonGuid": "{7590a8e8-5540-625f-cdb4-c80f00000000}", "LogonId": "0x000000000fc8b4cd", "TerminalSessionId": "5", "IntegrityLevel": "High", "Hashes": "MD5=04029E121A0CFA5991749937DD22A1D9,SHA256=9F914D42706FE215501044ACD85A32D58AAEF1419D404FDDFA5D3B48F66CCD9F,IMPHASH=7C955A0ABC747F57CCC4324480737EF7", "ParentProcessGuid": "{7590a8e8-8e7c-625f-a886-000000003600}", "ParentProcessId": "33656", "ParentImage": "C:\\Users\\Annie\\anaconda3\\python.exe", "ParentCommandLine": "C:\\Users\\Annie\\anaconda3\\python.exe c:\\Users\\Annie\\Desktop\\attackhost_v_1_0_2DEV\\app.py", "ParentUser": "MSI\\Annie"}}
{"Record": "16", "System": {"EventID": "11", "Version": "2", "Level": "4", "Task": "11", "Opcode": "0", "Keywords": "0x8000000000000000", "TimeCreated": {"SystemTime": "2022-04-20 05:13:44.699093"}, "EventRecordID": "876768", "Correlation": {"ActivityID": "", "RealatedActivityID": ""}, "Execution": {"ProcessID": "5992", "ThreadID": "8020"}, "Channel": "Microsoft-Windows-Sysmon/Operational", "Computer": "MSI", "Security": {"UserID": "S-1-5-18"}}, "Event Data": {"RuleName": "-", "UtcTime": "2022-04-20 05:13:44.698", "ProcessGuid": "{7590a8e8-9688-625f-6389-000000003600}", "ProcessId": "1604", "Image": "C:\\Windows\\System32\\WindowsPowerShell\\v1.0\\powershell.exe", "TargetFilename": "C:\\Users\\Annie\\AppData\\Local\\Temp\\__PSScriptPolicyTest_zgbj0mlg.ox0.ps1", "CreationUtcTime": "2022-04-20 05:13:44.698", "User": "MSI\\Annie"}}
{"Record": "17", "System": {"EventID": "1", "Version": "5", "Level": "4", "Task": "1", "Opcode": "0", "Keywords": "0x8000000000000000", "TimeCreated": {"SystemTime": "2022-04-20 05:13:44.910889"}, "EventRecordID": "876769", "Correlation": {"ActivityID": "", "RealatedActivityID": ""}, "Execution": {"ProcessID": "5992", "ThreadID": "8020"}, "Channel": "Microsoft-Windows-Sysmon/Operational", "Computer": "MSI", "Security": {"UserID": "S-1-5-18"}}, "Event Data": {"RuleName": "-", "UtcTime": "2022-04-20 05:13:44.909", "ProcessGuid": "{7590a8e8-9688-625f-6489-000000003600}", "ProcessId": "12520", "Image": "C:\\Windows\\System32\\cmd.exe", "FileVersion": "10.0.19041.746 (WinBuild.160101.0800)", "Description": "Windows Command Processor", "Product": "Microsoft&#174; Windows&#174; Operating System", "Company": "Microsoft Corporation", "OriginalFileName": "Cmd.Exe", "CommandLine": "\"C:\\Windows\\system32\\cmd.exe\" /c \"reg add \"HKEY_CURRENT_USER\\Software\\Microsoft\\Windows\\CurrentVersion\\Policies\\Explorer\" /v HideSCAVolume /t REG_DWORD /d 1 /f\"", "CurrentDirectory": "C:\\Users\\Annie\\Desktop\\attackhost_v_1_0_2DEV\\", "User": "MSI\\Annie", "LogonGuid": "{7590a8e8-5540-625f-cdb4-c80f00000000}", "LogonId": "0x000000000fc8b4cd", "TerminalSessionId": "5", "IntegrityLevel": "High", "Hashes": "MD5=8A2122E8162DBEF04694B9C3E0B6CDEE,SHA256=B99D61D874728EDC0918CA0EB10EAB93D381E7367E377406E65963366C874450,IMPHASH=272245E2988E1E430500B852C4FB5E18", "ParentProcessGuid": "{7590a8e8-9688-625f-6389-000000003600}", "ParentProcessId": "1604", "ParentImage": "C:\\Windows\\System32\\WindowsPowerShell\\v1.0\\powershell.exe", "ParentCommandLine": "powershell.exe \"C:\\Users\\Annie\\Desktop\\attackhost_v_1_0_2DEV\\powershell\\defense-evasion\\Attack-Script-T1112_30.ps1 C:\\Users\\Annie\\Desktop\\attackhost_v_1_0_2DEV\\data\\output\\AttackResults\\Attack-T1112_30-1.out\"", "ParentUser": "MSI\\Annie"}}
{"Record": "18", "System": {"EventID": "1", "Version": "5", "Level": "4", "Task": "1", "Opcode": "0", "Keywords": "0x8000000000000000", "TimeCreated": {"SystemTime": "2022-04-20 05:13:44.923450"}, "EventRecordID": "876770", "Correlation": {"ActivityID": "", "RealatedActivityID": ""}, "Execution": {"ProcessID": "5992", "ThreadID": "8020"}, "Channel": "Microsoft-Windows-Sysmon/Operational", "Computer": "MSI", "Security": {"UserID": "S-1-5-18"}}, "Event Data": {"RuleName": "-", "UtcTime": "2022-04-20 05:13:44.920", "ProcessGuid": "{7590a8e8-9688-625f-6589-000000003600}", "ProcessId": "14380", "Image": "C:\\Windows\\System32\\reg.exe", "FileVersion": "10.0.19041.1 (WinBuild.160101.0800)", "Description": "Registry Console Tool", "Product": "Microsoft&#174; Windows&#174; Operating System", "Company": "Microsoft Corporation", "OriginalFileName": "reg.exe", "CommandLine": "reg  add \"HKEY_CURRENT_USER\\Software\\Microsoft\\Windows\\CurrentVersion\\Policies\\Explorer\" /v HideSCAVolume /t REG_DWORD /d 1 /f", "CurrentDirectory": "C:\\Users\\Annie\\Desktop\\attackhost_v_1_0_2DEV\\", "User": "MSI\\Annie", "LogonGuid": "{7590a8e8-5540-625f-cdb4-c80f00000000}", "LogonId": "0x000000000fc8b4cd", "TerminalSessionId": "5", "IntegrityLevel": "High", "Hashes": "MD5=227F63E1D9008B36BDBCC4B397780BE4,SHA256=C0E25B1F9B22DE445298C1E96DDFCEAD265CA030FA6626F61A4A4786CC4A3B7D,IMPHASH=BE482BE427FE212CFEF2CDA0E61F19AC", "ParentProcessGuid": "{7590a8e8-9688-625f-6489-000000003600}", "ParentProcessId": "12520", "ParentImage": "C:\\Windows\\System32\\cmd.exe", "ParentCommandLine": "\"C:\\Windows\\system32\\cmd.exe\" /c \"reg add \"HKEY_CURRENT_USER\\Software\\Microsoft\\Windows\\CurrentVersion\\Policies\\Explorer\" /v HideSCAVolume /t REG_DWORD /d 1 /f\"", "ParentUser": "MSI\\Annie"}}
{"Record": "19", "System": {"EventID": "1", "Version": "5", "Level": "4", "Task": "1", "Opcode": "0", "Keywords": "0x8000000000000000", "TimeCreated": {"SystemTime": "2022-04-20 05:13:44.937038"}, "EventRecordID": "876771", "Correlation": {"ActivityID": "", "RealatedActivityID": ""}, "Execution": {"ProcessID": "5992", "ThreadID": "8020"}, "Channel": "Microsoft-Windows-Sysmon/Operational", "Computer": "MSI", "Security": {"UserID": "S-1-5-18"}}, "Event Data": {"RuleName": "-", "UtcTime": "2022-04-20 05:13:44.935", "ProcessGuid": "{7590a8e8-9688-625f-6689-000000003600}", "ProcessId": "17280", "Image": "C:\\Windows\\System32\\cmd.exe", "FileVersion": "10.0.19041.746 (WinBuild.160101.0800)", "Description": "Windows Command Processor", "Product": "Microsoft&#174; Windows&#174; Operating System", "Company": "Microsoft Corporation", "OriginalFileName": "Cmd.Exe", "CommandLine": "\"C:\\Windows\\system32\\cmd.exe\" /c \"Timeout / t 5\"", "CurrentDirectory": "C:\\Users\\Annie\\Desktop\\attackhost_v_1_0_2DEV\\", "User": "MSI\\Annie", "LogonGuid": "{7590a8e8-5540-625f-cdb4-c80f00000000}", "LogonId": "0x000000000fc8b4cd", "TerminalSessionId": "5", "IntegrityLevel": "High", "Hashes": "MD5=8A2122E8162DBEF04694B9C3E0B6CDEE,SHA256=B99D61D874728EDC0918CA0EB10EAB93D381E7367E377406E65963366C874450,IMPHASH=272245E2988E1E430500B852C4FB5E18", "ParentProcessGuid": "{7590a8e8-9688-625f-6389-000000003600}", "ParentProcessId": "1604", "ParentImage": "C:\\Windows\\System32\\WindowsPowerShell\\v1.0\\powershell.exe", "ParentCommandLine": "powershell.exe \"C:\\Users\\Annie\\Desktop\\attackhost_v_1_0_2DEV\\powershell\\defense-evasion\\Attack-Script-T1112_30.ps1 C:\\Users\\Annie\\Desktop\\attackhost_v_1_0_2DEV\\data\\output\\AttackResults\\Attack-T1112_30-1.out\"", "ParentUser": "MSI\\Annie"}}
{"Record": "20", "System": {"EventID": "1", "Version": "5", "Level": "4", "Task": "1", "Opcode": "0", "Keywords": "0x8000000000000000", "TimeCreated": {"SystemTime": "2022-04-20 05:13:44.946165"}, "EventRecordID": "876772", "Correlation": {"ActivityID": "", "RealatedActivityID": ""}, "Execution": {"ProcessID": "5992", "ThreadID": "8020"}, "Channel": "Microsoft-Windows-Sysmon/Operational", "Computer": "MSI", "Security": {"UserID": "S-1-5-18"}}, "Event Data": {"RuleName": "-", "UtcTime": "2022-04-20 05:13:44.945", "ProcessGuid": "{7590a8e8-9688-625f-6789-000000003600}", "ProcessId": "19532", "Image": "C:\\Windows\\System32\\timeout.exe", "FileVersion": "10.0.19041.1 (WinBuild.160101.0800)", "Description": "timeout - pauses command processing", "Product": "Microsoft&#174; Windows&#174; Operating System", "Company": "Microsoft Corporation", "OriginalFileName": "timeout.exe", "CommandLine": "Timeout  / t 5", "CurrentDirectory": "C:\\Users\\Annie\\Desktop\\attackhost_v_1_0_2DEV\\", "User": "MSI\\Annie", "LogonGuid": "{7590a8e8-5540-625f-cdb4-c80f00000000}", "LogonId": "0x000000000fc8b4cd", "TerminalSessionId": "5", "IntegrityLevel": "High", "Hashes": "MD5=100065E21CFBBDE57CBA2838921F84D6,SHA256=C8C350FAB1130644536DB6A84F605791367308B995079AD494D46A8C617C21D6,IMPHASH=0C91A5CE0FB26F4C5CE39E340F43873B", "ParentProcessGuid": "{7590a8e8-9688-625f-6689-000000003600}", "ParentProcessId": "17280", "ParentImage": "C:\\Windows\\System32\\cmd.exe", "ParentCommandLine": "\"C:\\Windows\\system32\\cmd.exe\" /c \"Timeout / t 5\"", "ParentUser": "MSI\\Annie"}}
{"Record": "21", "System": {"EventID": "1", "Version": "5", "Level": "4", "Task": "1", "Opcode": "0", "Keywords": "0x8000000000000000", "TimeCreated": {"SystemTime": "2022-04-20 05:13:44.959951"}, "EventRecordID": "876773", "Correlation": {"ActivityID": "", "RealatedActivityID": ""}, "Execution": {"ProcessID": "5992", "ThreadID": "8020"}, "Channel": "Microsoft-Windows-Sysmon/Operational", "Computer": "MSI", "Security": {"UserID": "S-1-5-18"}}, "Event Data": {"RuleName": "-", "UtcTime": "2022-04-20 05:13:44.958", "ProcessGuid": "{7590a8e8-9688-625f-6889-000000003600}", "ProcessId": "12944", "Image": "C:\\Windows\\System32\\cmd.exe", "FileVersion": "10.0.19041.746 (WinBuild.160101.0800)", "Description": "Windows Command Processor", "Product": "Microsoft&#174; Windows&#174; Operating System", "Company": "Microsoft Corporation", "OriginalFileName": "Cmd.Exe", "CommandLine": "\"C:\\Windows\\system32\\cmd.exe\" /c \"reg delete \"HKEY_CURRENT_USER\\Software\\Microsoft\\Windows\\CurrentVersion\\Policies\\Explorer\" /v HideSCAVolume /f &gt;nul 2&gt;&amp;1\"", "CurrentDirectory": "C:\\Users\\Annie\\Desktop\\attackhost_v_1_0_2DEV\\", "User": "MSI\\Annie", "LogonGuid": "{7590a8e8-5540-625f-cdb4-c80f00000000}", "LogonId": "0x000000000fc8b4cd", "TerminalSessionId": "5", "IntegrityLevel": "High", "Hashes": "MD5=8A2122E8162DBEF04694B9C3E0B6CDEE,SHA256=B99D61D874728EDC0918CA0EB10EAB93D381E7367E377406E65963366C874450,IMPHASH=272245E2988E1E430500B852C4FB5E18", "ParentProcessGuid": "{7590a8e8-9688-625f-6389-000000003600}", "ParentProcessId": "1604", "ParentImage": "C:\\Windows\\System32\\WindowsPowerShell\\v1.0\\powershell.exe", "ParentCommandLine": "powershell.exe \"C:\\Users\\Annie\\Desktop\\attackhost_v_1_0_2DEV\\powershell\\defense-evasion\\Attack-Script-T1112_30.ps1 C:\\Users\\Annie\\Desktop\\attackhost_v_1_0_2DEV\\data\\output\\AttackResults\\Attack-T1112_30-1.out\"", "ParentUser": "MSI\\Annie"}}
{"Record": "22", "System": {"EventID": "1", "Version": "5", "Level": "4", "Task": "1", "Opcode": "0", "Keywords": "0x8000000000000000", "TimeCreated": {"SystemTime": "2022-04-20 05:13:44.968681"}, "EventRecordID": "876774", "Correlation": {"ActivityID": "", "RealatedActivityID": ""}, "Execution": {"ProcessID": "5992", "ThreadID": "8020"}, "Channel": "Microsoft-Windows-Sysmon/Operational", "Computer": "MSI", "Security": {"UserID": "S-1-5-18"}}, "Event Data": {"RuleName": "-", "UtcTime": "2022-04-20 05:13:44.967", "ProcessGuid": "{7590a8e8-9688-625f-6989-000000003600}", "ProcessId": "9112", "Image": "C:\\Windows\\System32\\reg.exe", "FileVersion": "10.0.19041.1 (WinBuild.160101.0800)", "Description": "Registry Console Tool", "Product": "Microsoft&#174; Windows&#174; Operating System", "Company": "Microsoft Corporation", "OriginalFileName": "reg.exe", "CommandLine": "reg  delete \"HKEY_CURRENT_USER\\Software\\Microsoft\\Windows\\CurrentVersion\\Policies\\Explorer\" /v HideSCAVolume /f ", "CurrentDirectory": "C:\\Users\\Annie\\Desktop\\attackhost_v_1_0_2DEV\\", "User": "MSI\\Annie", "LogonGuid": "{7590a8e8-5540-625f-cdb4-c80f00000000}", "LogonId": "0x000000000fc8b4cd", "TerminalSessionId": "5", "IntegrityLevel": "High", "Hashes": "MD5=227F63E1D9008B36BDBCC4B397780BE4,SHA256=C0E25B1F9B22DE445298C1E96DDFCEAD265CA030FA6626F61A4A4786CC4A3B7D,IMPHASH=BE482BE427FE212CFEF2CDA0E61F19AC", "ParentProcessGuid": "{7590a8e8-9688-625f-6889-000000003600}", "ParentProcessId": "12944", "ParentImage": "C:\\Windows\\System32\\cmd.exe", "ParentCommandLine": "\"C:\\Windows\\system32\\cmd.exe\" /c \"reg delete \"HKEY_CURRENT_USER\\Software\\Microsoft\\Windows\\CurrentVersion\\Policies\\Explorer\" /v HideSCAVolume /f &gt;nul 2&gt;&amp;1\"", "ParentUser": "MSI\\Annie"}}
{"Record": "23", "System": {"EventID": "3", "Version": "5", "Level": "4", "Task": "3", "Opcode": "0", "Keywords": "0x8000000000000000", "TimeCreated": {"SystemTime": "2022-04-20 05:13:53.603100"}, "EventRecordID": "876775", "Correlation": {"ActivityID": "", "RealatedActivityID": ""}, "Execution": {"ProcessID": "5992", "ThreadID": "8060"}, "Channel": "Microsoft-Windows-Sysmon/Operational", "Computer": "MSI", "Security": {"UserID": "S-1-5-18"}}, "Event Data": {"RuleName": "Usermode", "UtcTime": "2022-04-20 05:16:02.181", "ProcessGuid": "{7590a8e8-56c2-625f-4a68-000000003600}", "ProcessId": "9156", "Image": "C:\\Users\\Annie\\AppData\\Local\\Programs\\Microsoft VS Code\\Code.exe", "User": "MSI\\Annie", "Protocol": "tcp", "Initiated": "True", "SourceIsIpv6": "False", "SourceIp": "192.168.1.2", "SourceHostname": "MSI.lan", "SourcePort": "51923", "SourcePortName": "-", "DestinationIsIpv6": "False", "DestinationIp": "64.4.54.254", "DestinationHostname": "-", "DestinationPort": "443", "DestinationPortName": "https"}}
