{"Record": "1", "System": {"EventID": "1", "Version": "5", "Level": "4", "Task": "1", "Opcode": "0", "Keywords": "0x8000000000000000", "TimeCreated": {"SystemTime": "2022-04-20 08:08:59.182688"}, "EventRecordID": "878816", "Correlation": {"ActivityID": "", "RealatedActivityID": ""}, "Execution": {"ProcessID": "5992", "ThreadID": "8020"}, "Channel": "Microsoft-Windows-Sysmon/Operational", "Computer": "MSI", "Security": {"UserID": "S-1-5-18"}}, "Event Data": {"RuleName": "-", "UtcTime": "2022-04-20 08:08:59.181", "ProcessGuid": "{7590a8e8-bf9b-625f-a793-000000003600}", "ProcessId": "18444", "Image": "C:\\Windows\\System32\\WindowsPowerShell\\v1.0\\powershell.exe", "FileVersion": "10.0.19041.546 (WinBuild.160101.0800)", "Description": "Windows PowerShell", "Product": "Microsoft&#174; Windows&#174; Operating System", "Company": "Microsoft Corporation", "OriginalFileName": "PowerShell.EXE", "CommandLine": "powershell.exe \"C:\\Users\\Annie\\Desktop\\attackhost_v_1_0_2DEV\\powershell\\discovery\\Attack-Script-T1217_7.ps1 C:\\Users\\Annie\\Desktop\\attackhost_v_1_0_2DEV\\data\\output\\AttackResults\\Attack-T1217_7-1.out\"", "CurrentDirectory": "C:\\Users\\Annie\\Desktop\\attackhost_v_1_0_2DEV\\", "User": "MSI\\Annie", "LogonGuid": "{7590a8e8-5540-625f-cdb4-c80f00000000}", "LogonId": "0x000000000fc8b4cd", "TerminalSessionId": "5", "IntegrityLevel": "High", "Hashes": "MD5=04029E121A0CFA5991749937DD22A1D9,SHA256=9F914D42706FE215501044ACD85A32D58AAEF1419D404FDDFA5D3B48F66CCD9F,IMPHASH=7C955A0ABC747F57CCC4324480737EF7", "ParentProcessGuid": "{7590a8e8-bee4-625f-5b93-000000003600}", "ParentProcessId": "21164", "ParentImage": "C:\\Users\\Annie\\anaconda3\\python.exe", "ParentCommandLine": "C:\\Users\\Annie\\anaconda3\\python.exe c:\\Users\\Annie\\Desktop\\attackhost_v_1_0_2DEV\\app.py", "ParentUser": "MSI\\Annie"}}
{"Record": "2", "System": {"EventID": "11", "Version": "2", "Level": "4", "Task": "11", "Opcode": "0", "Keywords": "0x8000000000000000", "TimeCreated": {"SystemTime": "2022-04-20 08:08:59.255800"}, "EventRecordID": "878817", "Correlation": {"ActivityID": "", "RealatedActivityID": ""}, "Execution": {"ProcessID": "5992", "ThreadID": "8020"}, "Channel": "Microsoft-Windows-Sysmon/Operational", "Computer": "MSI", "Security": {"UserID": "S-1-5-18"}}, "Event Data": {"RuleName": "-", "UtcTime": "2022-04-20 08:08:59.254", "ProcessGuid": "{7590a8e8-bf9b-625f-a793-000000003600}", "ProcessId": "18444", "Image": "C:\\Windows\\System32\\WindowsPowerShell\\v1.0\\powershell.exe", "TargetFilename": "C:\\Users\\Annie\\AppData\\Local\\Temp\\__PSScriptPolicyTest_uzzbbh54.pgo.ps1", "CreationUtcTime": "2022-04-20 08:08:59.254", "User": "MSI\\Annie"}}
{"Record": "3", "System": {"EventID": "22", "Version": "5", "Level": "4", "Task": "22", "Opcode": "0", "Keywords": "0x8000000000000000", "TimeCreated": {"SystemTime": "2022-04-20 08:09:00.547907"}, "EventRecordID": "878818", "Correlation": {"ActivityID": "", "RealatedActivityID": ""}, "Execution": {"ProcessID": "5992", "ThreadID": "8084"}, "Channel": "Microsoft-Windows-Sysmon/Operational", "Computer": "MSI", "Security": {"UserID": "S-1-5-18"}}, "Event Data": {"RuleName": "-", "UtcTime": "2022-04-20 08:11:12.452", "ProcessGuid": "{7590a8e8-5a72-625f-a56b-000000003600}", "ProcessId": "1424", "QueryName": "2022-04-20 08:11:12.452", "QueryStatus": "{7590a8e8-5a72-625f-a56b-000000003600}", "QueryResults": "1424", "Image": "C:\\Program Files\\Google\\Chrome\\Application\\chrome.exe", "User": "MSI\\Annie"}}
{"Record": "4", "System": {"EventID": "1", "Version": "5", "Level": "4", "Task": "1", "Opcode": "0", "Keywords": "0x8000000000000000", "TimeCreated": {"SystemTime": "2022-04-20 08:09:01.591043"}, "EventRecordID": "878819", "Correlation": {"ActivityID": "", "RealatedActivityID": ""}, "Execution": {"ProcessID": "5992", "ThreadID": "8020"}, "Channel": "Microsoft-Windows-Sysmon/Operational", "Computer": "MSI", "Security": {"UserID": "S-1-5-18"}}, "Event Data": {"RuleName": "-", "UtcTime": "2022-04-20 08:09:01.586", "ProcessGuid": "{7590a8e8-bf9d-625f-a893-000000003600}", "ProcessId": "24964", "Image": "C:\\Program Files\\Git\\cmd\\git.exe", "FileVersion": "-", "Description": "Git for Windows", "Product": "Git", "Company": "The Git Development Community", "OriginalFileName": "git.exe", "CommandLine": "\"C:\\Program Files\\Git\\cmd\\git.exe\" status -z -u", "CurrentDirectory": "C:\\Users\\Annie\\Desktop\\attackhost_v_1_0_2DEV\\", "User": "MSI\\Annie", "LogonGuid": "{7590a8e8-5540-625f-cdb4-c80f00000000}", "LogonId": "0x000000000fc8b4cd", "TerminalSessionId": "5", "IntegrityLevel": "High", "Hashes": "MD5=3D4B3E854AC83AA892C3A7824355F814,SHA256=AE463CAD04C2B15FC91DE68AB096933EC08C44752E205AEBD7D64C3A482DF62D,IMPHASH=B5C28AB8B10670F75EB53AFFC23558E6", "ParentProcessGuid": "{7590a8e8-56c2-625f-4a68-000000003600}", "ParentProcessId": "9156", "ParentImage": "C:\\Users\\Annie\\AppData\\Local\\Programs\\Microsoft VS Code\\Code.exe", "ParentCommandLine": "\"C:\\Users\\Annie\\AppData\\Local\\Programs\\Microsoft VS Code\\Code.exe\" --ms-enable-electron-run-as-node --inspect-port=0 \"c:\\Users\\Annie\\AppData\\Local\\Programs\\Microsoft VS Code\\resources\\app\\out\\bootstrap-fork\" --type=extensionHost --skipWorkspaceStorageLock", "ParentUser": "MSI\\Annie"}}
{"Record": "5", "System": {"EventID": "1", "Version": "5", "Level": "4", "Task": "1", "Opcode": "0", "Keywords": "0x8000000000000000", "TimeCreated": {"SystemTime": "2022-04-20 08:09:01.693960"}, "EventRecordID": "878820", "Correlation": {"ActivityID": "", "RealatedActivityID": ""}, "Execution": {"ProcessID": "5992", "ThreadID": "8020"}, "Channel": "Microsoft-Windows-Sysmon/Operational", "Computer": "MSI", "Security": {"UserID": "S-1-5-18"}}, "Event Data": {"RuleName": "-", "UtcTime": "2022-04-20 08:09:01.690", "ProcessGuid": "{7590a8e8-bf9d-625f-aa93-000000003600}", "ProcessId": "33220", "Image": "C:\\Program Files\\Git\\mingw64\\bin\\git.exe", "FileVersion": "-", "Description": "Git for Windows", "Product": "Git", "Company": "The Git Development Community", "OriginalFileName": "git.exe", "CommandLine": "git.exe status -z -u", "CurrentDirectory": "C:\\Users\\Annie\\Desktop\\attackhost_v_1_0_2DEV\\", "User": "MSI\\Annie", "LogonGuid": "{7590a8e8-5540-625f-cdb4-c80f00000000}", "LogonId": "0x000000000fc8b4cd", "TerminalSessionId": "5", "IntegrityLevel": "High", "Hashes": "MD5=22C0A120BDA9ACBDDABAAE6924DE4193,SHA256=D8385BFFD3F8967F46DC79AF7155D8847EB09B95C8D97B60AC14E0970AF1B596,IMPHASH=E7CB32FC4DCDC36BEE46960CD7653FF9", "ParentProcessGuid": "{7590a8e8-bf9d-625f-a893-000000003600}", "ParentProcessId": "24964", "ParentImage": "C:\\Program Files\\Git\\cmd\\git.exe", "ParentCommandLine": "\"C:\\Program Files\\Git\\cmd\\git.exe\" status -z -u", "ParentUser": "MSI\\Annie"}}
{"Record": "6", "System": {"EventID": "1", "Version": "5", "Level": "4", "Task": "1", "Opcode": "0", "Keywords": "0x8000000000000000", "TimeCreated": {"SystemTime": "2022-04-20 08:09:01.808338"}, "EventRecordID": "878821", "Correlation": {"ActivityID": "", "RealatedActivityID": ""}, "Execution": {"ProcessID": "5992", "ThreadID": "8020"}, "Channel": "Microsoft-Windows-Sysmon/Operational", "Computer": "MSI", "Security": {"UserID": "S-1-5-18"}}, "Event Data": {"RuleName": "-", "UtcTime": "2022-04-20 08:09:01.801", "ProcessGuid": "{7590a8e8-bf9d-625f-ab93-000000003600}", "ProcessId": "21556", "Image": "C:\\Program Files\\Git\\cmd\\git.exe", "FileVersion": "-", "Description": "Git for Windows", "Product": "Git", "Company": "The Git Development Community", "OriginalFileName": "git.exe", "CommandLine": "\"C:\\Program Files\\Git\\cmd\\git.exe\" symbolic-ref --short HEAD", "CurrentDirectory": "C:\\Users\\Annie\\Desktop\\attackhost_v_1_0_2DEV\\", "User": "MSI\\Annie", "LogonGuid": "{7590a8e8-5540-625f-cdb4-c80f00000000}", "LogonId": "0x000000000fc8b4cd", "TerminalSessionId": "5", "IntegrityLevel": "High", "Hashes": "MD5=3D4B3E854AC83AA892C3A7824355F814,SHA256=AE463CAD04C2B15FC91DE68AB096933EC08C44752E205AEBD7D64C3A482DF62D,IMPHASH=B5C28AB8B10670F75EB53AFFC23558E6", "ParentProcessGuid": "{7590a8e8-56c2-625f-4a68-000000003600}", "ParentProcessId": "9156", "ParentImage": "C:\\Users\\Annie\\AppData\\Local\\Programs\\Microsoft VS Code\\Code.exe", "ParentCommandLine": "\"C:\\Users\\Annie\\AppData\\Local\\Programs\\Microsoft VS Code\\Code.exe\" --ms-enable-electron-run-as-node --inspect-port=0 \"c:\\Users\\Annie\\AppData\\Local\\Programs\\Microsoft VS Code\\resources\\app\\out\\bootstrap-fork\" --type=extensionHost --skipWorkspaceStorageLock", "ParentUser": "MSI\\Annie"}}
{"Record": "7", "System": {"EventID": "1", "Version": "5", "Level": "4", "Task": "1", "Opcode": "0", "Keywords": "0x8000000000000000", "TimeCreated": {"SystemTime": "2022-04-20 08:09:01.944963"}, "EventRecordID": "878822", "Correlation": {"ActivityID": "", "RealatedActivityID": ""}, "Execution": {"ProcessID": "5992", "ThreadID": "8020"}, "Channel": "Microsoft-Windows-Sysmon/Operational", "Computer": "MSI", "Security": {"UserID": "S-1-5-18"}}, "Event Data": {"RuleName": "-", "UtcTime": "2022-04-20 08:09:01.940", "ProcessGuid": "{7590a8e8-bf9d-625f-ad93-000000003600}", "ProcessId": "11996", "Image": "C:\\Program Files\\Git\\mingw64\\bin\\git.exe", "FileVersion": "-", "Description": "Git for Windows", "Product": "Git", "Company": "The Git Development Community", "OriginalFileName": "git.exe", "CommandLine": "git.exe symbolic-ref --short HEAD", "CurrentDirectory": "C:\\Users\\Annie\\Desktop\\attackhost_v_1_0_2DEV\\", "User": "MSI\\Annie", "LogonGuid": "{7590a8e8-5540-625f-cdb4-c80f00000000}", "LogonId": "0x000000000fc8b4cd", "TerminalSessionId": "5", "IntegrityLevel": "High", "Hashes": "MD5=22C0A120BDA9ACBDDABAAE6924DE4193,SHA256=D8385BFFD3F8967F46DC79AF7155D8847EB09B95C8D97B60AC14E0970AF1B596,IMPHASH=E7CB32FC4DCDC36BEE46960CD7653FF9", "ParentProcessGuid": "{7590a8e8-bf9d-625f-ab93-000000003600}", "ParentProcessId": "21556", "ParentImage": "C:\\Program Files\\Git\\cmd\\git.exe", "ParentCommandLine": "\"C:\\Program Files\\Git\\cmd\\git.exe\" symbolic-ref --short HEAD", "ParentUser": "MSI\\Annie"}}
{"Record": "8", "System": {"EventID": "1", "Version": "5", "Level": "4", "Task": "1", "Opcode": "0", "Keywords": "0x8000000000000000", "TimeCreated": {"SystemTime": "2022-04-20 08:09:01.988091"}, "EventRecordID": "878823", "Correlation": {"ActivityID": "", "RealatedActivityID": ""}, "Execution": {"ProcessID": "5992", "ThreadID": "8020"}, "Channel": "Microsoft-Windows-Sysmon/Operational", "Computer": "MSI", "Security": {"UserID": "S-1-5-18"}}, "Event Data": {"RuleName": "-", "UtcTime": "2022-04-20 08:09:01.984", "ProcessGuid": "{7590a8e8-bf9d-625f-ae93-000000003600}", "ProcessId": "29328", "Image": "C:\\Program Files\\Git\\cmd\\git.exe", "FileVersion": "-", "Description": "Git for Windows", "Product": "Git", "Company": "The Git Development Community", "OriginalFileName": "git.exe", "CommandLine": "\"C:\\Program Files\\Git\\cmd\\git.exe\" for-each-ref --format=%%(refname)%%00%%(upstream:short)%%00%%(objectname)%%00%%(upstream:track) refs/heads/master refs/remotes/master", "CurrentDirectory": "C:\\Users\\Annie\\Desktop\\attackhost_v_1_0_2DEV\\", "User": "MSI\\Annie", "LogonGuid": "{7590a8e8-5540-625f-cdb4-c80f00000000}", "LogonId": "0x000000000fc8b4cd", "TerminalSessionId": "5", "IntegrityLevel": "High", "Hashes": "MD5=3D4B3E854AC83AA892C3A7824355F814,SHA256=AE463CAD04C2B15FC91DE68AB096933EC08C44752E205AEBD7D64C3A482DF62D,IMPHASH=B5C28AB8B10670F75EB53AFFC23558E6", "ParentProcessGuid": "{7590a8e8-56c2-625f-4a68-000000003600}", "ParentProcessId": "9156", "ParentImage": "C:\\Users\\Annie\\AppData\\Local\\Programs\\Microsoft VS Code\\Code.exe", "ParentCommandLine": "\"C:\\Users\\Annie\\AppData\\Local\\Programs\\Microsoft VS Code\\Code.exe\" --ms-enable-electron-run-as-node --inspect-port=0 \"c:\\Users\\Annie\\AppData\\Local\\Programs\\Microsoft VS Code\\resources\\app\\out\\bootstrap-fork\" --type=extensionHost --skipWorkspaceStorageLock", "ParentUser": "MSI\\Annie"}}
{"Record": "9", "System": {"EventID": "1", "Version": "5", "Level": "4", "Task": "1", "Opcode": "0", "Keywords": "0x8000000000000000", "TimeCreated": {"SystemTime": "2022-04-20 08:09:02.052441"}, "EventRecordID": "878824", "Correlation": {"ActivityID": "", "RealatedActivityID": ""}, "Execution": {"ProcessID": "5992", "ThreadID": "8020"}, "Channel": "Microsoft-Windows-Sysmon/Operational", "Computer": "MSI", "Security": {"UserID": "S-1-5-18"}}, "Event Data": {"RuleName": "-", "UtcTime": "2022-04-20 08:09:02.048", "ProcessGuid": "{7590a8e8-bf9e-625f-b093-000000003600}", "ProcessId": "9612", "Image": "C:\\Program Files\\Git\\mingw64\\bin\\git.exe", "FileVersion": "-", "Description": "Git for Windows", "Product": "Git", "Company": "The Git Development Community", "OriginalFileName": "git.exe", "CommandLine": "git.exe for-each-ref --format=%%(refname)%%00%%(upstream:short)%%00%%(objectname)%%00%%(upstream:track) refs/heads/master refs/remotes/master", "CurrentDirectory": "C:\\Users\\Annie\\Desktop\\attackhost_v_1_0_2DEV\\", "User": "MSI\\Annie", "LogonGuid": "{7590a8e8-5540-625f-cdb4-c80f00000000}", "LogonId": "0x000000000fc8b4cd", "TerminalSessionId": "5", "IntegrityLevel": "High", "Hashes": "MD5=22C0A120BDA9ACBDDABAAE6924DE4193,SHA256=D8385BFFD3F8967F46DC79AF7155D8847EB09B95C8D97B60AC14E0970AF1B596,IMPHASH=E7CB32FC4DCDC36BEE46960CD7653FF9", "ParentProcessGuid": "{7590a8e8-bf9d-625f-ae93-000000003600}", "ParentProcessId": "29328", "ParentImage": "C:\\Program Files\\Git\\cmd\\git.exe", "ParentCommandLine": "\"C:\\Program Files\\Git\\cmd\\git.exe\" for-each-ref --format=%(refname)%00%(upstream:short)%00%(objectname)%00%(upstream:track) refs/heads/master refs/remotes/master", "ParentUser": "MSI\\Annie"}}
{"Record": "10", "System": {"EventID": "1", "Version": "5", "Level": "4", "Task": "1", "Opcode": "0", "Keywords": "0x8000000000000000", "TimeCreated": {"SystemTime": "2022-04-20 08:09:02.107615"}, "EventRecordID": "878825", "Correlation": {"ActivityID": "", "RealatedActivityID": ""}, "Execution": {"ProcessID": "5992", "ThreadID": "8020"}, "Channel": "Microsoft-Windows-Sysmon/Operational", "Computer": "MSI", "Security": {"UserID": "S-1-5-18"}}, "Event Data": {"RuleName": "-", "UtcTime": "2022-04-20 08:09:02.102", "ProcessGuid": "{7590a8e8-bf9e-625f-b193-000000003600}", "ProcessId": "15380", "Image": "C:\\Program Files\\Git\\cmd\\git.exe", "FileVersion": "-", "Description": "Git for Windows", "Product": "Git", "Company": "The Git Development Community", "OriginalFileName": "git.exe", "CommandLine": "\"C:\\Program Files\\Git\\cmd\\git.exe\" for-each-ref --sort -committerdate --format \"%%(refname) %%(objectname) %%(*objectname)\"", "CurrentDirectory": "C:\\Users\\Annie\\Desktop\\attackhost_v_1_0_2DEV\\", "User": "MSI\\Annie", "LogonGuid": "{7590a8e8-5540-625f-cdb4-c80f00000000}", "LogonId": "0x000000000fc8b4cd", "TerminalSessionId": "5", "IntegrityLevel": "High", "Hashes": "MD5=3D4B3E854AC83AA892C3A7824355F814,SHA256=AE463CAD04C2B15FC91DE68AB096933EC08C44752E205AEBD7D64C3A482DF62D,IMPHASH=B5C28AB8B10670F75EB53AFFC23558E6", "ParentProcessGuid": "{7590a8e8-56c2-625f-4a68-000000003600}", "ParentProcessId": "9156", "ParentImage": "C:\\Users\\Annie\\AppData\\Local\\Programs\\Microsoft VS Code\\Code.exe", "ParentCommandLine": "\"C:\\Users\\Annie\\AppData\\Local\\Programs\\Microsoft VS Code\\Code.exe\" --ms-enable-electron-run-as-node --inspect-port=0 \"c:\\Users\\Annie\\AppData\\Local\\Programs\\Microsoft VS Code\\resources\\app\\out\\bootstrap-fork\" --type=extensionHost --skipWorkspaceStorageLock", "ParentUser": "MSI\\Annie"}}
{"Record": "11", "System": {"EventID": "1", "Version": "5", "Level": "4", "Task": "1", "Opcode": "0", "Keywords": "0x8000000000000000", "TimeCreated": {"SystemTime": "2022-04-20 08:09:02.117727"}, "EventRecordID": "878826", "Correlation": {"ActivityID": "", "RealatedActivityID": ""}, "Execution": {"ProcessID": "5992", "ThreadID": "8020"}, "Channel": "Microsoft-Windows-Sysmon/Operational", "Computer": "MSI", "Security": {"UserID": "S-1-5-18"}}, "Event Data": {"RuleName": "-", "UtcTime": "2022-04-20 08:09:02.113", "ProcessGuid": "{7590a8e8-bf9e-625f-b293-000000003600}", "ProcessId": "7084", "Image": "C:\\Program Files\\Git\\cmd\\git.exe", "FileVersion": "-", "Description": "Git for Windows", "Product": "Git", "Company": "The Git Development Community", "OriginalFileName": "git.exe", "CommandLine": "\"C:\\Program Files\\Git\\cmd\\git.exe\" remote --verbose", "CurrentDirectory": "C:\\Users\\Annie\\Desktop\\attackhost_v_1_0_2DEV\\", "User": "MSI\\Annie", "LogonGuid": "{7590a8e8-5540-625f-cdb4-c80f00000000}", "LogonId": "0x000000000fc8b4cd", "TerminalSessionId": "5", "IntegrityLevel": "High", "Hashes": "MD5=3D4B3E854AC83AA892C3A7824355F814,SHA256=AE463CAD04C2B15FC91DE68AB096933EC08C44752E205AEBD7D64C3A482DF62D,IMPHASH=B5C28AB8B10670F75EB53AFFC23558E6", "ParentProcessGuid": "{7590a8e8-56c2-625f-4a68-000000003600}", "ParentProcessId": "9156", "ParentImage": "C:\\Users\\Annie\\AppData\\Local\\Programs\\Microsoft VS Code\\Code.exe", "ParentCommandLine": "\"C:\\Users\\Annie\\AppData\\Local\\Programs\\Microsoft VS Code\\Code.exe\" --ms-enable-electron-run-as-node --inspect-port=0 \"c:\\Users\\Annie\\AppData\\Local\\Programs\\Microsoft VS Code\\resources\\app\\out\\bootstrap-fork\" --type=extensionHost --skipWorkspaceStorageLock", "ParentUser": "MSI\\Annie"}}
{"Record": "12", "System": {"EventID": "1", "Version": "5", "Level": "4", "Task": "1", "Opcode": "0", "Keywords": "0x8000000000000000", "TimeCreated": {"SystemTime": "2022-04-20 08:09:02.194078"}, "EventRecordID": "878827", "Correlation": {"ActivityID": "", "RealatedActivityID": ""}, "Execution": {"ProcessID": "5992", "ThreadID": "8020"}, "Channel": "Microsoft-Windows-Sysmon/Operational", "Computer": "MSI", "Security": {"UserID": "S-1-5-18"}}, "Event Data": {"RuleName": "-", "UtcTime": "2022-04-20 08:09:02.191", "ProcessGuid": "{7590a8e8-bf9e-625f-b593-000000003600}", "ProcessId": "16372", "Image": "C:\\Program Files\\Git\\mingw64\\bin\\git.exe", "FileVersion": "-", "Description": "Git for Windows", "Product": "Git", "Company": "The Git Development Community", "OriginalFileName": "git.exe", "CommandLine": "git.exe for-each-ref --sort -committerdate --format \"%%(refname) %%(objectname) %%(*objectname)\"", "CurrentDirectory": "C:\\Users\\Annie\\Desktop\\attackhost_v_1_0_2DEV\\", "User": "MSI\\Annie", "LogonGuid": "{7590a8e8-5540-625f-cdb4-c80f00000000}", "LogonId": "0x000000000fc8b4cd", "TerminalSessionId": "5", "IntegrityLevel": "High", "Hashes": "MD5=22C0A120BDA9ACBDDABAAE6924DE4193,SHA256=D8385BFFD3F8967F46DC79AF7155D8847EB09B95C8D97B60AC14E0970AF1B596,IMPHASH=E7CB32FC4DCDC36BEE46960CD7653FF9", "ParentProcessGuid": "{7590a8e8-bf9e-625f-b193-000000003600}", "ParentProcessId": "15380", "ParentImage": "C:\\Program Files\\Git\\cmd\\git.exe", "ParentCommandLine": "\"C:\\Program Files\\Git\\cmd\\git.exe\" for-each-ref --sort -committerdate --format \"%(refname) %(objectname) %(*objectname)\"", "ParentUser": "MSI\\Annie"}}
{"Record": "13", "System": {"EventID": "1", "Version": "5", "Level": "4", "Task": "1", "Opcode": "0", "Keywords": "0x8000000000000000", "TimeCreated": {"SystemTime": "2022-04-20 08:09:02.197872"}, "EventRecordID": "878828", "Correlation": {"ActivityID": "", "RealatedActivityID": ""}, "Execution": {"ProcessID": "5992", "ThreadID": "8020"}, "Channel": "Microsoft-Windows-Sysmon/Operational", "Computer": "MSI", "Security": {"UserID": "S-1-5-18"}}, "Event Data": {"RuleName": "-", "UtcTime": "2022-04-20 08:09:02.194", "ProcessGuid": "{7590a8e8-bf9e-625f-b693-000000003600}", "ProcessId": "20468", "Image": "C:\\Program Files\\Git\\mingw64\\bin\\git.exe", "FileVersion": "-", "Description": "Git for Windows", "Product": "Git", "Company": "The Git Development Community", "OriginalFileName": "git.exe", "CommandLine": "git.exe remote --verbose", "CurrentDirectory": "C:\\Users\\Annie\\Desktop\\attackhost_v_1_0_2DEV\\", "User": "MSI\\Annie", "LogonGuid": "{7590a8e8-5540-625f-cdb4-c80f00000000}", "LogonId": "0x000000000fc8b4cd", "TerminalSessionId": "5", "IntegrityLevel": "High", "Hashes": "MD5=22C0A120BDA9ACBDDABAAE6924DE4193,SHA256=D8385BFFD3F8967F46DC79AF7155D8847EB09B95C8D97B60AC14E0970AF1B596,IMPHASH=E7CB32FC4DCDC36BEE46960CD7653FF9", "ParentProcessGuid": "{7590a8e8-bf9e-625f-b293-000000003600}", "ParentProcessId": "7084", "ParentImage": "C:\\Program Files\\Git\\cmd\\git.exe", "ParentCommandLine": "\"C:\\Program Files\\Git\\cmd\\git.exe\" remote --verbose", "ParentUser": "MSI\\Annie"}}
{"Record": "14", "System": {"EventID": "1", "Version": "5", "Level": "4", "Task": "1", "Opcode": "0", "Keywords": "0x8000000000000000", "TimeCreated": {"SystemTime": "2022-04-20 08:09:02.248844"}, "EventRecordID": "878829", "Correlation": {"ActivityID": "", "RealatedActivityID": ""}, "Execution": {"ProcessID": "5992", "ThreadID": "8020"}, "Channel": "Microsoft-Windows-Sysmon/Operational", "Computer": "MSI", "Security": {"UserID": "S-1-5-18"}}, "Event Data": {"RuleName": "-", "UtcTime": "2022-04-20 08:09:02.246", "ProcessGuid": "{7590a8e8-bf9e-625f-b793-000000003600}", "ProcessId": "22012", "Image": "C:\\Program Files\\Git\\cmd\\git.exe", "FileVersion": "-", "Description": "Git for Windows", "Product": "Git", "Company": "The Git Development Community", "OriginalFileName": "git.exe", "CommandLine": "\"C:\\Program Files\\Git\\cmd\\git.exe\" config --get commit.template", "CurrentDirectory": "C:\\Users\\Annie\\Desktop\\attackhost_v_1_0_2DEV\\", "User": "MSI\\Annie", "LogonGuid": "{7590a8e8-5540-625f-cdb4-c80f00000000}", "LogonId": "0x000000000fc8b4cd", "TerminalSessionId": "5", "IntegrityLevel": "High", "Hashes": "MD5=3D4B3E854AC83AA892C3A7824355F814,SHA256=AE463CAD04C2B15FC91DE68AB096933EC08C44752E205AEBD7D64C3A482DF62D,IMPHASH=B5C28AB8B10670F75EB53AFFC23558E6", "ParentProcessGuid": "{7590a8e8-56c2-625f-4a68-000000003600}", "ParentProcessId": "9156", "ParentImage": "C:\\Users\\Annie\\AppData\\Local\\Programs\\Microsoft VS Code\\Code.exe", "ParentCommandLine": "\"C:\\Users\\Annie\\AppData\\Local\\Programs\\Microsoft VS Code\\Code.exe\" --ms-enable-electron-run-as-node --inspect-port=0 \"c:\\Users\\Annie\\AppData\\Local\\Programs\\Microsoft VS Code\\resources\\app\\out\\bootstrap-fork\" --type=extensionHost --skipWorkspaceStorageLock", "ParentUser": "MSI\\Annie"}}
{"Record": "15", "System": {"EventID": "1", "Version": "5", "Level": "4", "Task": "1", "Opcode": "0", "Keywords": "0x8000000000000000", "TimeCreated": {"SystemTime": "2022-04-20 08:09:02.315424"}, "EventRecordID": "878830", "Correlation": {"ActivityID": "", "RealatedActivityID": ""}, "Execution": {"ProcessID": "5992", "ThreadID": "8020"}, "Channel": "Microsoft-Windows-Sysmon/Operational", "Computer": "MSI", "Security": {"UserID": "S-1-5-18"}}, "Event Data": {"RuleName": "-", "UtcTime": "2022-04-20 08:09:02.312", "ProcessGuid": "{7590a8e8-bf9e-625f-b993-000000003600}", "ProcessId": "31648", "Image": "C:\\Program Files\\Git\\mingw64\\bin\\git.exe", "FileVersion": "-", "Description": "Git for Windows", "Product": "Git", "Company": "The Git Development Community", "OriginalFileName": "git.exe", "CommandLine": "git.exe config --get commit.template", "CurrentDirectory": "C:\\Users\\Annie\\Desktop\\attackhost_v_1_0_2DEV\\", "User": "MSI\\Annie", "LogonGuid": "{7590a8e8-5540-625f-cdb4-c80f00000000}", "LogonId": "0x000000000fc8b4cd", "TerminalSessionId": "5", "IntegrityLevel": "High", "Hashes": "MD5=22C0A120BDA9ACBDDABAAE6924DE4193,SHA256=D8385BFFD3F8967F46DC79AF7155D8847EB09B95C8D97B60AC14E0970AF1B596,IMPHASH=E7CB32FC4DCDC36BEE46960CD7653FF9", "ParentProcessGuid": "{7590a8e8-bf9e-625f-b793-000000003600}", "ParentProcessId": "22012", "ParentImage": "C:\\Program Files\\Git\\cmd\\git.exe", "ParentCommandLine": "\"C:\\Program Files\\Git\\cmd\\git.exe\" config --get commit.template", "ParentUser": "MSI\\Annie"}}
{"Record": "16", "System": {"EventID": "1", "Version": "5", "Level": "4", "Task": "1", "Opcode": "0", "Keywords": "0x8000000000000000", "TimeCreated": {"SystemTime": "2022-04-20 08:09:05.036287"}, "EventRecordID": "878831", "Correlation": {"ActivityID": "", "RealatedActivityID": ""}, "Execution": {"ProcessID": "5992", "ThreadID": "8020"}, "Channel": "Microsoft-Windows-Sysmon/Operational", "Computer": "MSI", "Security": {"UserID": "S-1-5-18"}}, "Event Data": {"RuleName": "-", "UtcTime": "2022-04-20 08:09:05.034", "ProcessGuid": "{7590a8e8-bfa1-625f-ba93-000000003600}", "ProcessId": "27832", "Image": "C:\\Windows\\System32\\cmd.exe", "FileVersion": "10.0.19041.746 (WinBuild.160101.0800)", "Description": "Windows Command Processor", "Product": "Microsoft&#174; Windows&#174; Operating System", "Company": "Microsoft Corporation", "OriginalFileName": "Cmd.Exe", "CommandLine": "\"C:\\Windows\\system32\\cmd.exe\" /c \"dir /s /b %%USERPROFILE%%\\\\Favorites\"", "CurrentDirectory": "C:\\Users\\Annie\\Desktop\\attackhost_v_1_0_2DEV\\", "User": "MSI\\Annie", "LogonGuid": "{7590a8e8-5540-625f-cdb4-c80f00000000}", "LogonId": "0x000000000fc8b4cd", "TerminalSessionId": "5", "IntegrityLevel": "High", "Hashes": "MD5=8A2122E8162DBEF04694B9C3E0B6CDEE,SHA256=B99D61D874728EDC0918CA0EB10EAB93D381E7367E377406E65963366C874450,IMPHASH=272245E2988E1E430500B852C4FB5E18", "ParentProcessGuid": "{7590a8e8-bf9b-625f-a793-000000003600}", "ParentProcessId": "18444", "ParentImage": "C:\\Windows\\System32\\WindowsPowerShell\\v1.0\\powershell.exe", "ParentCommandLine": "powershell.exe \"C:\\Users\\Annie\\Desktop\\attackhost_v_1_0_2DEV\\powershell\\discovery\\Attack-Script-T1217_7.ps1 C:\\Users\\Annie\\Desktop\\attackhost_v_1_0_2DEV\\data\\output\\AttackResults\\Attack-T1217_7-1.out\"", "ParentUser": "MSI\\Annie"}}
