{"Record": "31", "System": {"EventID": "1", "Version": "5", "Level": "4", "Task": "1", "Opcode": "0", "Keywords": "0x8000000000000000", "TimeCreated": {"SystemTime": "2022-04-20 04:16:56.168406"}, "EventRecordID": "875949", "Correlation": {"ActivityID": "", "RealatedActivityID": ""}, "Execution": {"ProcessID": "5992", "ThreadID": "8020"}, "Channel": "Microsoft-Windows-Sysmon/Operational", "Computer": "MSI", "Security": {"UserID": "S-1-5-18"}}, "Event Data": {"RuleName": "-", "UtcTime": "2022-04-20 04:16:56.163", "ProcessGuid": "{7590a8e8-8938-625f-5885-000000003600}", "ProcessId": "19184", "Image": "C:\\Program Files\\Git\\cmd\\git.exe", "FileVersion": "-", "Description": "Git for Windows", "Product": "Git", "Company": "The Git Development Community", "OriginalFileName": "git.exe", "CommandLine": "\"C:\\Program Files\\Git\\cmd\\git.exe\" -c core.longpaths=true -c core.quotepath=false -c color.ui=false rev-parse --verify --end-of-options 364f35e2b86809e43df15bcde302e72081aa93aa^:./templates/windows-credential-access.html", "CurrentDirectory": "c:\\Users\\Annie\\Desktop\\attackhost_v_1_0_2DEV\\", "User": "MSI\\Annie", "LogonGuid": "{7590a8e8-5540-625f-cdb4-c80f00000000}", "LogonId": "0x000000000fc8b4cd", "TerminalSessionId": "5", "IntegrityLevel": "High", "Hashes": "MD5=3D4B3E854AC83AA892C3A7824355F814,SHA256=AE463CAD04C2B15FC91DE68AB096933EC08C44752E205AEBD7D64C3A482DF62D,IMPHASH=B5C28AB8B10670F75EB53AFFC23558E6", "ParentProcessGuid": "{7590a8e8-56c2-625f-4a68-000000003600}", "ParentProcessId": "9156", "ParentImage": "C:\\Users\\Annie\\AppData\\Local\\Programs\\Microsoft VS Code\\Code.exe", "ParentCommandLine": "\"C:\\Users\\Annie\\AppData\\Local\\Programs\\Microsoft VS Code\\Code.exe\" --ms-enable-electron-run-as-node --inspect-port=0 \"c:\\Users\\Annie\\AppData\\Local\\Programs\\Microsoft VS Code\\resources\\app\\out\\bootstrap-fork\" --type=extensionHost --skipWorkspaceStorageLock", "ParentUser": "MSI\\Annie"}}
{"Record": "32", "System": {"EventID": "1", "Version": "5", "Level": "4", "Task": "1", "Opcode": "0", "Keywords": "0x8000000000000000", "TimeCreated": {"SystemTime": "2022-04-20 04:16:56.223923"}, "EventRecordID": "875950", "Correlation": {"ActivityID": "", "RealatedActivityID": ""}, "Execution": {"ProcessID": "5992", "ThreadID": "8020"}, "Channel": "Microsoft-Windows-Sysmon/Operational", "Computer": "MSI", "Security": {"UserID": "S-1-5-18"}}, "Event Data": {"RuleName": "-", "UtcTime": "2022-04-20 04:16:56.219", "ProcessGuid": "{7590a8e8-8938-625f-5a85-000000003600}", "ProcessId": "1920", "Image": "C:\\Program Files\\Git\\mingw64\\bin\\git.exe", "FileVersion": "-", "Description": "Git for Windows", "Product": "Git", "Company": "The Git Development Community", "OriginalFileName": "git.exe", "CommandLine": "git.exe -c core.longpaths=true -c core.quotepath=false -c color.ui=false -c diff.renameLimit=0 -c log.showSignature=false log --name-status --format=%%x3c%%x2ff%%x3e%%n%%x3cr%%x3e%%x20%%H%%n%%x3ca%%x3e%%x20%%aN%%n%%x3ce%%x3e%%x20%%aE%%n%%x3cd%%x3e%%x20%%at%%n%%x3cn%%x3e%%x20%%cN%%n%%x3cm%%x3e%%x20%%cE%%n%%x3cc%%x3e%%x20%%ct%%n%%x3cp%%x3e%%x20%%P%%n%%x3cs%%x3e%%n%%B%%n%%x3c%%x2fs%%x3e%%n%%x3cf%%x3e --full-history -M -m -n3 364f35e2b86809e43df15bcde302e72081aa93aa --", "CurrentDirectory": "c:\\Users\\Annie\\Desktop\\attackhost_v_1_0_2DEV\\", "User": "MSI\\Annie", "LogonGuid": "{7590a8e8-5540-625f-cdb4-c80f00000000}", "LogonId": "0x000000000fc8b4cd", "TerminalSessionId": "5", "IntegrityLevel": "High", "Hashes": "MD5=22C0A120BDA9ACBDDABAAE6924DE4193,SHA256=D8385BFFD3F8967F46DC79AF7155D8847EB09B95C8D97B60AC14E0970AF1B596,IMPHASH=E7CB32FC4DCDC36BEE46960CD7653FF9", "ParentProcessGuid": "{7590a8e8-8938-625f-5685-000000003600}", "ParentProcessId": "5192", "ParentImage": "C:\\Program Files\\Git\\cmd\\git.exe", "ParentCommandLine": "\"C:\\Program Files\\Git\\cmd\\git.exe\" -c core.longpaths=true -c core.quotepath=false -c color.ui=false -c diff.renameLimit=0 -c log.showSignature=false log --name-status --format=%x3c%x2ff%x3e%n%x3cr%x3e%x20%H%n%x3ca%x3e%x20%aN%n%x3ce%x3e%x20%aE%n%x3cd%x3e%x20%at%n%x3cn%x3e%x20%cN%n%x3cm%x3e%x20%cE%n%x3cc%x3e%x20%ct%n%x3cp%x3e%x20%P%n%x3cs%x3e%n%B%n%x3c%x2fs%x3e%n%x3cf%x3e --full-history -M -m -n3 364f35e2b86809e43df15bcde302e72081aa93aa --", "ParentUser": "MSI\\Annie"}}
{"Record": "33", "System": {"EventID": "1", "Version": "5", "Level": "4", "Task": "1", "Opcode": "0", "Keywords": "0x8000000000000000", "TimeCreated": {"SystemTime": "2022-04-20 04:16:56.234421"}, "EventRecordID": "875951", "Correlation": {"ActivityID": "", "RealatedActivityID": ""}, "Execution": {"ProcessID": "5992", "ThreadID": "8020"}, "Channel": "Microsoft-Windows-Sysmon/Operational", "Computer": "MSI", "Security": {"UserID": "S-1-5-18"}}, "Event Data": {"RuleName": "-", "UtcTime": "2022-04-20 04:16:56.230", "ProcessGuid": "{7590a8e8-8938-625f-5b85-000000003600}", "ProcessId": "8720", "Image": "C:\\Program Files\\Git\\mingw64\\bin\\git.exe", "FileVersion": "-", "Description": "Git for Windows", "Product": "Git", "Company": "The Git Development Community", "OriginalFileName": "git.exe", "CommandLine": "git.exe -c core.longpaths=true -c core.quotepath=false -c color.ui=false rev-parse --verify --end-of-options 364f35e2b86809e43df15bcde302e72081aa93aa^:./templates/windows-credential-access.html", "CurrentDirectory": "c:\\Users\\Annie\\Desktop\\attackhost_v_1_0_2DEV\\", "User": "MSI\\Annie", "LogonGuid": "{7590a8e8-5540-625f-cdb4-c80f00000000}", "LogonId": "0x000000000fc8b4cd", "TerminalSessionId": "5", "IntegrityLevel": "High", "Hashes": "MD5=22C0A120BDA9ACBDDABAAE6924DE4193,SHA256=D8385BFFD3F8967F46DC79AF7155D8847EB09B95C8D97B60AC14E0970AF1B596,IMPHASH=E7CB32FC4DCDC36BEE46960CD7653FF9", "ParentProcessGuid": "{7590a8e8-8938-625f-5885-000000003600}", "ParentProcessId": "19184", "ParentImage": "C:\\Program Files\\Git\\cmd\\git.exe", "ParentCommandLine": "\"C:\\Program Files\\Git\\cmd\\git.exe\" -c core.longpaths=true -c core.quotepath=false -c color.ui=false rev-parse --verify --end-of-options 364f35e2b86809e43df15bcde302e72081aa93aa^:./templates/windows-credential-access.html", "ParentUser": "MSI\\Annie"}}
{"Record": "34", "System": {"EventID": "3", "Version": "5", "Level": "4", "Task": "3", "Opcode": "0", "Keywords": "0x8000000000000000", "TimeCreated": {"SystemTime": "2022-04-20 04:17:13.701019"}, "EventRecordID": "875952", "Correlation": {"ActivityID": "", "RealatedActivityID": ""}, "Execution": {"ProcessID": "5992", "ThreadID": "8060"}, "Channel": "Microsoft-Windows-Sysmon/Operational", "Computer": "MSI", "Security": {"UserID": "S-1-5-18"}}, "Event Data": {"RuleName": "Usermode", "UtcTime": "2022-04-20 04:19:22.651", "ProcessGuid": "{7590a8e8-56c0-625f-4768-000000003600}", "ProcessId": "19844", "Image": "C:\\Users\\Annie\\AppData\\Local\\Programs\\Microsoft VS Code\\Code.exe", "User": "MSI\\Annie", "Protocol": "tcp", "Initiated": "True", "SourceIsIpv6": "False", "SourceIp": "192.168.1.2", "SourceHostname": "MSI.lan", "SourcePort": "64859", "SourcePortName": "-", "DestinationIsIpv6": "False", "DestinationIp": "152.199.4.33", "DestinationHostname": "-", "DestinationPort": "443", "DestinationPortName": "https"}}
{"Record": "35", "System": {"EventID": "1", "Version": "5", "Level": "4", "Task": "1", "Opcode": "0", "Keywords": "0x8000000000000000", "TimeCreated": {"SystemTime": "2022-04-20 04:17:17.599651"}, "EventRecordID": "875953", "Correlation": {"ActivityID": "", "RealatedActivityID": ""}, "Execution": {"ProcessID": "5992", "ThreadID": "8020"}, "Channel": "Microsoft-Windows-Sysmon/Operational", "Computer": "MSI", "Security": {"UserID": "S-1-5-18"}}, "Event Data": {"RuleName": "-", "UtcTime": "2022-04-20 04:17:17.572", "ProcessGuid": "{7590a8e8-894d-625f-5c85-000000003600}", "ProcessId": "12368", "Image": "C:\\Program Files (x86)\\Common Files\\Adobe\\ARM\\1.0\\AdobeARM.exe", "FileVersion": "1.824.45.8876", "Description": "Adobe Reader and Acrobat Manager", "Product": "Adobe Reader and Acrobat Manager", "Company": "Adobe Inc.", "OriginalFileName": "AdobeARM.exe", "CommandLine": "\"C:\\Program Files (x86)\\Common Files\\Adobe\\ARM\\1.0\\AdobeARM.exe\"", "CurrentDirectory": "C:\\Windows\\system32\\", "User": "MSI\\Annie", "LogonGuid": "{7590a8e8-5540-625f-79b5-c80f00000000}", "LogonId": "0x000000000fc8b579", "TerminalSessionId": "5", "IntegrityLevel": "Medium", "Hashes": "MD5=94BDBDBE803CFB6D0AE5F2B5E79AF789,SHA256=ABEAD21839146DCBEF754135B536B0A71D35AC23FC327F0BD22785C1398D3C79,IMPHASH=3764D71236DD3FAA2A09F6DD43BFF76F", "ParentProcessGuid": "{7590a8e8-8a52-625b-2100-000000003600}", "ParentProcessId": "2044", "ParentImage": "C:\\Windows\\System32\\svchost.exe", "ParentCommandLine": "C:\\Windows\\system32\\svchost.exe -k netsvcs -p -s Schedule", "ParentUser": "NT AUTHORITY\\SYSTEM"}}
